[0.012s] Invoking command in '/home/humble/Desktop/Tasks/Vision_project/build/conveyorbelt_msgs': CMAKE_PREFIX_PATH=/opt/ros/humble /usr/bin/cmake --build /home/humble/Desktop/Tasks/Vision_project/build/conveyorbelt_msgs -- -j12 -l12
[0.052s] [35m[1mConsolidate compiler generated dependencies of target conveyorbelt_msgs__rosidl_generator_c[0m
[0.062s] [ 10%] Built target conveyorbelt_msgs__rosidl_generator_c
[0.062s] [ 12%] Built target conveyorbelt_msgs__cpp
[0.063s] [ 12%] Built target ament_cmake_python_symlink_conveyorbelt_msgs
[0.070s] [35m[1mConsolidate compiler generated dependencies of target conveyorbelt_msgs__rosidl_typesupport_introspection_cpp[0m
[0.071s] [35m[1mConsolidate compiler generated dependencies of target conveyorbelt_msgs__rosidl_typesupport_introspection_c[0m
[0.071s] [35m[1mConsolidate compiler generated dependencies of target conveyorbelt_msgs__rosidl_typesupport_c[0m
[0.071s] [35m[1mConsolidate compiler generated dependencies of target conveyorbelt_msgs__rosidl_typesupport_fastrtps_c[0m
[0.071s] [35m[1mConsolidate compiler generated dependencies of target conveyorbelt_msgs__rosidl_typesupport_cpp[0m
[0.072s] [35m[1mConsolidate compiler generated dependencies of target conveyorbelt_msgs__rosidl_typesupport_fastrtps_cpp[0m
[0.082s] [ 23%] Built target conveyorbelt_msgs__rosidl_typesupport_c
[0.083s] [ 33%] Built target conveyorbelt_msgs__rosidl_typesupport_introspection_c
[0.085s] [ 43%] Built target conveyorbelt_msgs__rosidl_typesupport_fastrtps_cpp
[0.085s] [ 53%] Built target conveyorbelt_msgs__rosidl_typesupport_fastrtps_c
[0.085s] [ 74%] Built target conveyorbelt_msgs__rosidl_typesupport_cpp
[0.085s] [ 74%] Built target conveyorbelt_msgs__rosidl_typesupport_introspection_cpp
[0.105s] [ 74%] Built target conveyorbelt_msgs
[0.131s] [ 76%] Built target conveyorbelt_msgs__py
[0.132s] [35m[1mConsolidate compiler generated dependencies of target conveyorbelt_msgs__rosidl_generator_py[0m
[0.144s] [ 84%] Built target conveyorbelt_msgs__rosidl_generator_py
[0.154s] [35m[1mConsolidate compiler generated dependencies of target conveyorbelt_msgs__rosidl_typesupport_fastrtps_c__pyext[0m
[0.154s] [35m[1mConsolidate compiler generated dependencies of target conveyorbelt_msgs__rosidl_typesupport_c__pyext[0m
[0.157s] [35m[1mConsolidate compiler generated dependencies of target conveyorbelt_msgs__rosidl_typesupport_introspection_c__pyext[0m
[0.164s] [ 89%] Built target conveyorbelt_msgs__rosidl_typesupport_fastrtps_c__pyext
[0.165s] [ 94%] Built target conveyorbelt_msgs__rosidl_typesupport_c__pyext
[0.169s] [100%] Built target conveyorbelt_msgs__rosidl_typesupport_introspection_c__pyext
[0.250s] running egg_info
[0.251s] writing conveyorbelt_msgs.egg-info/PKG-INFO
[0.251s] writing dependency_links to conveyorbelt_msgs.egg-info/dependency_links.txt
[0.251s] writing top-level names to conveyorbelt_msgs.egg-info/top_level.txt
[0.254s] reading manifest file 'conveyorbelt_msgs.egg-info/SOURCES.txt'
[0.255s] writing manifest file 'conveyorbelt_msgs.egg-info/SOURCES.txt'
[0.283s] [100%] Built target ament_cmake_python_build_conveyorbelt_msgs_egg
[0.293s] Invoked command in '/home/humble/Desktop/Tasks/Vision_project/build/conveyorbelt_msgs' returned '0': CMAKE_PREFIX_PATH=/opt/ros/humble /usr/bin/cmake --build /home/humble/Desktop/Tasks/Vision_project/build/conveyorbelt_msgs -- -j12 -l12
[0.295s] Invoking command in '/home/humble/Desktop/Tasks/Vision_project/build/conveyorbelt_msgs': CMAKE_PREFIX_PATH=/opt/ros/humble /usr/bin/cmake --install /home/humble/Desktop/Tasks/Vision_project/build/conveyorbelt_msgs
[0.304s] -- Install configuration: ""
[0.304s] -- Execute custom install script
[0.305s] -- Up-to-date symlink: /home/humble/Desktop/Tasks/Vision_project/install/conveyorbelt_msgs/share/conveyorbelt_msgs/msg/ConveyorBeltState.msg
[0.305s] -- Up-to-date symlink: /home/humble/Desktop/Tasks/Vision_project/install/conveyorbelt_msgs/share/conveyorbelt_msgs/srv/ConveyorBeltControl.srv
[0.305s] -- Up-to-date symlink: /home/humble/Desktop/Tasks/Vision_project/install/conveyorbelt_msgs/share/ament_index/resource_index/rosidl_interfaces/conveyorbelt_msgs
[0.306s] -- Up-to-date symlink: /home/humble/Desktop/Tasks/Vision_project/install/conveyorbelt_msgs/include/conveyorbelt_msgs/conveyorbelt_msgs/msg/conveyor_belt_state.h
[0.306s] -- Up-to-date symlink: /home/humble/Desktop/Tasks/Vision_project/install/conveyorbelt_msgs/include/conveyorbelt_msgs/conveyorbelt_msgs/msg/detail/conveyor_belt_state__functions.h
[0.306s] -- Up-to-date symlink: /home/humble/Desktop/Tasks/Vision_project/install/conveyorbelt_msgs/include/conveyorbelt_msgs/conveyorbelt_msgs/msg/detail/conveyor_belt_state__struct.h
[0.306s] -- Up-to-date symlink: /home/humble/Desktop/Tasks/Vision_project/install/conveyorbelt_msgs/include/conveyorbelt_msgs/conveyorbelt_msgs/msg/detail/conveyor_belt_state__type_support.h
[0.306s] -- Up-to-date symlink: /home/humble/Desktop/Tasks/Vision_project/install/conveyorbelt_msgs/include/conveyorbelt_msgs/conveyorbelt_msgs/msg/rosidl_generator_c__visibility_control.h
[0.306s] -- Up-to-date symlink: /home/humble/Desktop/Tasks/Vision_project/install/conveyorbelt_msgs/include/conveyorbelt_msgs/conveyorbelt_msgs/srv/conveyor_belt_control.h
[0.307s] -- Up-to-date symlink: /home/humble/Desktop/Tasks/Vision_project/install/conveyorbelt_msgs/include/conveyorbelt_msgs/conveyorbelt_msgs/srv/detail/conveyor_belt_control__functions.h
[0.307s] -- Up-to-date symlink: /home/humble/Desktop/Tasks/Vision_project/install/conveyorbelt_msgs/include/conveyorbelt_msgs/conveyorbelt_msgs/srv/detail/conveyor_belt_control__struct.h
[0.307s] -- Up-to-date symlink: /home/humble/Desktop/Tasks/Vision_project/install/conveyorbelt_msgs/include/conveyorbelt_msgs/conveyorbelt_msgs/srv/detail/conveyor_belt_control__type_support.h
[0.307s] -- Up-to-date symlink: /home/humble/Desktop/Tasks/Vision_project/install/conveyorbelt_msgs/share/conveyorbelt_msgs/environment/library_path.sh
[0.307s] -- Up-to-date symlink: /home/humble/Desktop/Tasks/Vision_project/install/conveyorbelt_msgs/share/conveyorbelt_msgs/environment/library_path.dsv
[0.308s] -- Up-to-date symlink: /home/humble/Desktop/Tasks/Vision_project/install/conveyorbelt_msgs/include/conveyorbelt_msgs/conveyorbelt_msgs/msg/detail/conveyor_belt_state__rosidl_typesupport_fastrtps_c.h
[0.308s] -- Up-to-date symlink: /home/humble/Desktop/Tasks/Vision_project/install/conveyorbelt_msgs/include/conveyorbelt_msgs/conveyorbelt_msgs/msg/rosidl_typesupport_fastrtps_c__visibility_control.h
[0.308s] -- Up-to-date symlink: /home/humble/Desktop/Tasks/Vision_project/install/conveyorbelt_msgs/include/conveyorbelt_msgs/conveyorbelt_msgs/srv/detail/conveyor_belt_control__rosidl_typesupport_fastrtps_c.h
[0.308s] -- Up-to-date symlink: /home/humble/Desktop/Tasks/Vision_project/install/conveyorbelt_msgs/include/conveyorbelt_msgs/conveyorbelt_msgs/msg/detail/conveyor_belt_state__rosidl_typesupport_introspection_c.h
[0.308s] -- Up-to-date symlink: /home/humble/Desktop/Tasks/Vision_project/install/conveyorbelt_msgs/include/conveyorbelt_msgs/conveyorbelt_msgs/msg/rosidl_typesupport_introspection_c__visibility_control.h
[0.308s] -- Up-to-date symlink: /home/humble/Desktop/Tasks/Vision_project/install/conveyorbelt_msgs/include/conveyorbelt_msgs/conveyorbelt_msgs/srv/detail/conveyor_belt_control__rosidl_typesupport_introspection_c.h
[0.309s] -- Up-to-date symlink: /home/humble/Desktop/Tasks/Vision_project/install/conveyorbelt_msgs/include/conveyorbelt_msgs/conveyorbelt_msgs/msg/conveyor_belt_state.hpp
[0.309s] -- Up-to-date symlink: /home/humble/Desktop/Tasks/Vision_project/install/conveyorbelt_msgs/include/conveyorbelt_msgs/conveyorbelt_msgs/msg/detail/conveyor_belt_state__builder.hpp
[0.309s] -- Up-to-date symlink: /home/humble/Desktop/Tasks/Vision_project/install/conveyorbelt_msgs/include/conveyorbelt_msgs/conveyorbelt_msgs/msg/detail/conveyor_belt_state__struct.hpp
[0.309s] -- Up-to-date symlink: /home/humble/Desktop/Tasks/Vision_project/install/conveyorbelt_msgs/include/conveyorbelt_msgs/conveyorbelt_msgs/msg/detail/conveyor_belt_state__traits.hpp
[0.309s] -- Up-to-date symlink: /home/humble/Desktop/Tasks/Vision_project/install/conveyorbelt_msgs/include/conveyorbelt_msgs/conveyorbelt_msgs/msg/detail/conveyor_belt_state__type_support.hpp
[0.309s] -- Up-to-date symlink: /home/humble/Desktop/Tasks/Vision_project/install/conveyorbelt_msgs/include/conveyorbelt_msgs/conveyorbelt_msgs/msg/rosidl_generator_cpp__visibility_control.hpp
[0.309s] -- Up-to-date symlink: /home/humble/Desktop/Tasks/Vision_project/install/conveyorbelt_msgs/include/conveyorbelt_msgs/conveyorbelt_msgs/srv/conveyor_belt_control.hpp
[0.309s] -- Up-to-date symlink: /home/humble/Desktop/Tasks/Vision_project/install/conveyorbelt_msgs/include/conveyorbelt_msgs/conveyorbelt_msgs/srv/detail/conveyor_belt_control__builder.hpp
[0.310s] -- Up-to-date symlink: /home/humble/Desktop/Tasks/Vision_project/install/conveyorbelt_msgs/include/conveyorbelt_msgs/conveyorbelt_msgs/srv/detail/conveyor_belt_control__struct.hpp
[0.310s] -- Up-to-date symlink: /home/humble/Desktop/Tasks/Vision_project/install/conveyorbelt_msgs/include/conveyorbelt_msgs/conveyorbelt_msgs/srv/detail/conveyor_belt_control__traits.hpp
[0.310s] -- Up-to-date symlink: /home/humble/Desktop/Tasks/Vision_project/install/conveyorbelt_msgs/include/conveyorbelt_msgs/conveyorbelt_msgs/srv/detail/conveyor_belt_control__type_support.hpp
[0.310s] -- Up-to-date symlink: /home/humble/Desktop/Tasks/Vision_project/install/conveyorbelt_msgs/include/conveyorbelt_msgs/conveyorbelt_msgs/msg/detail/conveyor_belt_state__rosidl_typesupport_fastrtps_cpp.hpp
[0.310s] -- Up-to-date symlink: /home/humble/Desktop/Tasks/Vision_project/install/conveyorbelt_msgs/include/conveyorbelt_msgs/conveyorbelt_msgs/msg/rosidl_typesupport_fastrtps_cpp__visibility_control.h
[0.310s] -- Up-to-date symlink: /home/humble/Desktop/Tasks/Vision_project/install/conveyorbelt_msgs/include/conveyorbelt_msgs/conveyorbelt_msgs/srv/detail/conveyor_belt_control__rosidl_typesupport_fastrtps_cpp.hpp
[0.311s] -- Up-to-date symlink: /home/humble/Desktop/Tasks/Vision_project/install/conveyorbelt_msgs/include/conveyorbelt_msgs/conveyorbelt_msgs/msg/detail/conveyor_belt_state__rosidl_typesupport_introspection_cpp.hpp
[0.311s] -- Up-to-date symlink: /home/humble/Desktop/Tasks/Vision_project/install/conveyorbelt_msgs/include/conveyorbelt_msgs/conveyorbelt_msgs/srv/detail/conveyor_belt_control__rosidl_typesupport_introspection_cpp.hpp
[0.311s] -- Up-to-date symlink: /home/humble/Desktop/Tasks/Vision_project/install/conveyorbelt_msgs/share/conveyorbelt_msgs/environment/pythonpath.sh
[0.311s] -- Up-to-date symlink: /home/humble/Desktop/Tasks/Vision_project/install/conveyorbelt_msgs/share/conveyorbelt_msgs/environment/pythonpath.dsv
[0.311s] -- Up-to-date symlink: /home/humble/Desktop/Tasks/Vision_project/install/conveyorbelt_msgs/local/lib/python3.10/dist-packages/conveyorbelt_msgs-0.0.0-py3.10.egg-info/PKG-INFO
[0.311s] -- Up-to-date symlink: /home/humble/Desktop/Tasks/Vision_project/install/conveyorbelt_msgs/local/lib/python3.10/dist-packages/conveyorbelt_msgs-0.0.0-py3.10.egg-info/SOURCES.txt
[0.311s] -- Up-to-date symlink: /home/humble/Desktop/Tasks/Vision_project/install/conveyorbelt_msgs/local/lib/python3.10/dist-packages/conveyorbelt_msgs-0.0.0-py3.10.egg-info/dependency_links.txt
[0.312s] -- Up-to-date symlink: /home/humble/Desktop/Tasks/Vision_project/install/conveyorbelt_msgs/local/lib/python3.10/dist-packages/conveyorbelt_msgs-0.0.0-py3.10.egg-info/top_level.txt
[0.312s] -- Up-to-date symlink: /home/humble/Desktop/Tasks/Vision_project/install/conveyorbelt_msgs/local/lib/python3.10/dist-packages/conveyorbelt_msgs/__init__.py
[0.312s] -- Up-to-date symlink: /home/humble/Desktop/Tasks/Vision_project/install/conveyorbelt_msgs/local/lib/python3.10/dist-packages/conveyorbelt_msgs/_conveyorbelt_msgs_s.ep.rosidl_typesupport_c.c
[0.312s] -- Up-to-date symlink: /home/humble/Desktop/Tasks/Vision_project/install/conveyorbelt_msgs/local/lib/python3.10/dist-packages/conveyorbelt_msgs/_conveyorbelt_msgs_s.ep.rosidl_typesupport_fastrtps_c.c
[0.312s] -- Up-to-date symlink: /home/humble/Desktop/Tasks/Vision_project/install/conveyorbelt_msgs/local/lib/python3.10/dist-packages/conveyorbelt_msgs/_conveyorbelt_msgs_s.ep.rosidl_typesupport_introspection_c.c
[0.312s] -- Up-to-date symlink: /home/humble/Desktop/Tasks/Vision_project/install/conveyorbelt_msgs/local/lib/python3.10/dist-packages/conveyorbelt_msgs/conveyorbelt_msgs_s__rosidl_typesupport_c.cpython-310-x86_64-linux-gnu.so
[0.312s] -- Up-to-date symlink: /home/humble/Desktop/Tasks/Vision_project/install/conveyorbelt_msgs/local/lib/python3.10/dist-packages/conveyorbelt_msgs/conveyorbelt_msgs_s__rosidl_typesupport_fastrtps_c.cpython-310-x86_64-linux-gnu.so
[0.312s] -- Up-to-date symlink: /home/humble/Desktop/Tasks/Vision_project/install/conveyorbelt_msgs/local/lib/python3.10/dist-packages/conveyorbelt_msgs/conveyorbelt_msgs_s__rosidl_typesupport_introspection_c.cpython-310-x86_64-linux-gnu.so
[0.313s] -- Up-to-date symlink: /home/humble/Desktop/Tasks/Vision_project/install/conveyorbelt_msgs/local/lib/python3.10/dist-packages/conveyorbelt_msgs/libconveyorbelt_msgs__rosidl_generator_py.so
[0.313s] -- Up-to-date symlink: /home/humble/Desktop/Tasks/Vision_project/install/conveyorbelt_msgs/local/lib/python3.10/dist-packages/conveyorbelt_msgs/msg/__init__.py
[0.313s] -- Up-to-date symlink: /home/humble/Desktop/Tasks/Vision_project/install/conveyorbelt_msgs/local/lib/python3.10/dist-packages/conveyorbelt_msgs/msg/_conveyor_belt_state.py
[0.313s] -- Up-to-date symlink: /home/humble/Desktop/Tasks/Vision_project/install/conveyorbelt_msgs/local/lib/python3.10/dist-packages/conveyorbelt_msgs/msg/_conveyor_belt_state_s.c
[0.313s] -- Up-to-date symlink: /home/humble/Desktop/Tasks/Vision_project/install/conveyorbelt_msgs/local/lib/python3.10/dist-packages/conveyorbelt_msgs/srv/__init__.py
[0.313s] -- Up-to-date symlink: /home/humble/Desktop/Tasks/Vision_project/install/conveyorbelt_msgs/local/lib/python3.10/dist-packages/conveyorbelt_msgs/srv/_conveyor_belt_control.py
[0.313s] -- Up-to-date symlink: /home/humble/Desktop/Tasks/Vision_project/install/conveyorbelt_msgs/local/lib/python3.10/dist-packages/conveyorbelt_msgs/srv/_conveyor_belt_control_s.c
[0.313s] -- Up-to-date symlink: /home/humble/Desktop/Tasks/Vision_project/install/conveyorbelt_msgs/local/lib/python3.10/dist-packages/conveyorbelt_msgs/conveyorbelt_msgs_s__rosidl_typesupport_fastrtps_c.cpython-310-x86_64-linux-gnu.so
[0.313s] -- Up-to-date symlink: /home/humble/Desktop/Tasks/Vision_project/install/conveyorbelt_msgs/local/lib/python3.10/dist-packages/conveyorbelt_msgs/conveyorbelt_msgs_s__rosidl_typesupport_introspection_c.cpython-310-x86_64-linux-gnu.so
[0.313s] -- Up-to-date symlink: /home/humble/Desktop/Tasks/Vision_project/install/conveyorbelt_msgs/local/lib/python3.10/dist-packages/conveyorbelt_msgs/conveyorbelt_msgs_s__rosidl_typesupport_c.cpython-310-x86_64-linux-gnu.so
[0.314s] -- Up-to-date symlink: /home/humble/Desktop/Tasks/Vision_project/install/conveyorbelt_msgs/share/conveyorbelt_msgs/msg/ConveyorBeltState.idl
[0.314s] -- Up-to-date symlink: /home/humble/Desktop/Tasks/Vision_project/install/conveyorbelt_msgs/share/conveyorbelt_msgs/srv/ConveyorBeltControl.idl
[0.314s] -- Up-to-date symlink: /home/humble/Desktop/Tasks/Vision_project/install/conveyorbelt_msgs/share/conveyorbelt_msgs/msg/ConveyorBeltState.msg
[0.314s] -- Up-to-date symlink: /home/humble/Desktop/Tasks/Vision_project/install/conveyorbelt_msgs/share/conveyorbelt_msgs/srv/ConveyorBeltControl.srv
[0.314s] -- Up-to-date symlink: /home/humble/Desktop/Tasks/Vision_project/install/conveyorbelt_msgs/share/conveyorbelt_msgs/srv/ConveyorBeltControl_Request.msg
[0.314s] -- Up-to-date symlink: /home/humble/Desktop/Tasks/Vision_project/install/conveyorbelt_msgs/share/conveyorbelt_msgs/srv/ConveyorBeltControl_Response.msg
[0.314s] -- Up-to-date symlink: /home/humble/Desktop/Tasks/Vision_project/install/conveyorbelt_msgs/share/ament_index/resource_index/package_run_dependencies/conveyorbelt_msgs
[0.314s] -- Up-to-date symlink: /home/humble/Desktop/Tasks/Vision_project/install/conveyorbelt_msgs/share/ament_index/resource_index/parent_prefix_path/conveyorbelt_msgs
[0.314s] -- Up-to-date symlink: /home/humble/Desktop/Tasks/Vision_project/install/conveyorbelt_msgs/share/conveyorbelt_msgs/environment/ament_prefix_path.sh
[0.314s] -- Up-to-date symlink: /home/humble/Desktop/Tasks/Vision_project/install/conveyorbelt_msgs/share/conveyorbelt_msgs/environment/ament_prefix_path.dsv
[0.314s] -- Up-to-date symlink: /home/humble/Desktop/Tasks/Vision_project/install/conveyorbelt_msgs/share/conveyorbelt_msgs/environment/path.sh
[0.315s] -- Up-to-date symlink: /home/humble/Desktop/Tasks/Vision_project/install/conveyorbelt_msgs/share/conveyorbelt_msgs/environment/path.dsv
[0.315s] -- Up-to-date symlink: /home/humble/Desktop/Tasks/Vision_project/install/conveyorbelt_msgs/share/conveyorbelt_msgs/local_setup.bash
[0.315s] -- Up-to-date symlink: /home/humble/Desktop/Tasks/Vision_project/install/conveyorbelt_msgs/share/conveyorbelt_msgs/local_setup.sh
[0.315s] -- Up-to-date symlink: /home/humble/Desktop/Tasks/Vision_project/install/conveyorbelt_msgs/share/conveyorbelt_msgs/local_setup.zsh
[0.315s] -- Up-to-date symlink: /home/humble/Desktop/Tasks/Vision_project/install/conveyorbelt_msgs/share/conveyorbelt_msgs/local_setup.dsv
[0.315s] -- Symlinking: /home/humble/Desktop/Tasks/Vision_project/install/conveyorbelt_msgs/share/conveyorbelt_msgs/package.dsv
[0.321s] -- Up-to-date symlink: /home/humble/Desktop/Tasks/Vision_project/install/conveyorbelt_msgs/share/ament_index/resource_index/packages/conveyorbelt_msgs
[0.321s] -- Up-to-date symlink: /home/humble/Desktop/Tasks/Vision_project/install/conveyorbelt_msgs/share/conveyorbelt_msgs/cmake/rosidl_cmake-extras.cmake
[0.321s] -- Up-to-date symlink: /home/humble/Desktop/Tasks/Vision_project/install/conveyorbelt_msgs/share/conveyorbelt_msgs/cmake/ament_cmake_export_include_directories-extras.cmake
[0.321s] -- Up-to-date symlink: /home/humble/Desktop/Tasks/Vision_project/install/conveyorbelt_msgs/share/conveyorbelt_msgs/cmake/ament_cmake_export_libraries-extras.cmake
[0.322s] -- Up-to-date symlink: /home/humble/Desktop/Tasks/Vision_project/install/conveyorbelt_msgs/share/conveyorbelt_msgs/cmake/ament_cmake_export_targets-extras.cmake
[0.322s] -- Up-to-date symlink: /home/humble/Desktop/Tasks/Vision_project/install/conveyorbelt_msgs/share/conveyorbelt_msgs/cmake/rosidl_cmake_export_typesupport_targets-extras.cmake
[0.322s] -- Up-to-date symlink: /home/humble/Desktop/Tasks/Vision_project/install/conveyorbelt_msgs/share/conveyorbelt_msgs/cmake/ament_cmake_export_dependencies-extras.cmake
[0.322s] -- Up-to-date symlink: /home/humble/Desktop/Tasks/Vision_project/install/conveyorbelt_msgs/share/conveyorbelt_msgs/cmake/rosidl_cmake_export_typesupport_libraries-extras.cmake
[0.322s] -- Up-to-date symlink: /home/humble/Desktop/Tasks/Vision_project/install/conveyorbelt_msgs/share/conveyorbelt_msgs/cmake/conveyorbelt_msgsConfig.cmake
[0.322s] -- Up-to-date symlink: /home/humble/Desktop/Tasks/Vision_project/install/conveyorbelt_msgs/share/conveyorbelt_msgs/cmake/conveyorbelt_msgsConfig-version.cmake
[0.322s] -- Up-to-date symlink: /home/humble/Desktop/Tasks/Vision_project/install/conveyorbelt_msgs/share/conveyorbelt_msgs/package.xml
[0.322s] -- Up-to-date: /home/humble/Desktop/Tasks/Vision_project/install/conveyorbelt_msgs/lib/libconveyorbelt_msgs__rosidl_generator_c.so
[0.323s] -- Up-to-date: /home/humble/Desktop/Tasks/Vision_project/install/conveyorbelt_msgs/lib/libconveyorbelt_msgs__rosidl_typesupport_fastrtps_c.so
[0.323s] -- Up-to-date: /home/humble/Desktop/Tasks/Vision_project/install/conveyorbelt_msgs/lib/libconveyorbelt_msgs__rosidl_typesupport_introspection_c.so
[0.323s] -- Up-to-date: /home/humble/Desktop/Tasks/Vision_project/install/conveyorbelt_msgs/lib/libconveyorbelt_msgs__rosidl_typesupport_c.so
[0.323s] -- Up-to-date: /home/humble/Desktop/Tasks/Vision_project/install/conveyorbelt_msgs/lib/libconveyorbelt_msgs__rosidl_typesupport_fastrtps_cpp.so
[0.323s] -- Up-to-date: /home/humble/Desktop/Tasks/Vision_project/install/conveyorbelt_msgs/lib/libconveyorbelt_msgs__rosidl_typesupport_introspection_cpp.so
[0.323s] -- Up-to-date: /home/humble/Desktop/Tasks/Vision_project/install/conveyorbelt_msgs/lib/libconveyorbelt_msgs__rosidl_typesupport_cpp.so
[0.344s] Listing '/home/humble/Desktop/Tasks/Vision_project/install/conveyorbelt_msgs/local/lib/python3.10/dist-packages/conveyorbelt_msgs'...
[0.345s] Listing '/home/humble/Desktop/Tasks/Vision_project/install/conveyorbelt_msgs/local/lib/python3.10/dist-packages/conveyorbelt_msgs/msg'...
[0.345s] Listing '/home/humble/Desktop/Tasks/Vision_project/install/conveyorbelt_msgs/local/lib/python3.10/dist-packages/conveyorbelt_msgs/srv'...
[0.347s] -- Up-to-date: /home/humble/Desktop/Tasks/Vision_project/install/conveyorbelt_msgs/lib/libconveyorbelt_msgs__rosidl_generator_py.so
[0.347s] -- Up-to-date: /home/humble/Desktop/Tasks/Vision_project/install/conveyorbelt_msgs/share/conveyorbelt_msgs/cmake/export_conveyorbelt_msgs__rosidl_generator_cExport.cmake
[0.347s] -- Up-to-date: /home/humble/Desktop/Tasks/Vision_project/install/conveyorbelt_msgs/share/conveyorbelt_msgs/cmake/export_conveyorbelt_msgs__rosidl_generator_cExport-noconfig.cmake
[0.347s] -- Up-to-date: /home/humble/Desktop/Tasks/Vision_project/install/conveyorbelt_msgs/share/conveyorbelt_msgs/cmake/export_conveyorbelt_msgs__rosidl_typesupport_fastrtps_cExport.cmake
[0.347s] -- Up-to-date: /home/humble/Desktop/Tasks/Vision_project/install/conveyorbelt_msgs/share/conveyorbelt_msgs/cmake/export_conveyorbelt_msgs__rosidl_typesupport_fastrtps_cExport-noconfig.cmake
[0.348s] -- Up-to-date: /home/humble/Desktop/Tasks/Vision_project/install/conveyorbelt_msgs/share/conveyorbelt_msgs/cmake/conveyorbelt_msgs__rosidl_typesupport_introspection_cExport.cmake
[0.348s] -- Up-to-date: /home/humble/Desktop/Tasks/Vision_project/install/conveyorbelt_msgs/share/conveyorbelt_msgs/cmake/conveyorbelt_msgs__rosidl_typesupport_introspection_cExport-noconfig.cmake
[0.348s] -- Up-to-date: /home/humble/Desktop/Tasks/Vision_project/install/conveyorbelt_msgs/share/conveyorbelt_msgs/cmake/conveyorbelt_msgs__rosidl_typesupport_cExport.cmake
[0.348s] -- Up-to-date: /home/humble/Desktop/Tasks/Vision_project/install/conveyorbelt_msgs/share/conveyorbelt_msgs/cmake/conveyorbelt_msgs__rosidl_typesupport_cExport-noconfig.cmake
[0.348s] -- Up-to-date: /home/humble/Desktop/Tasks/Vision_project/install/conveyorbelt_msgs/share/conveyorbelt_msgs/cmake/export_conveyorbelt_msgs__rosidl_generator_cppExport.cmake
[0.348s] -- Up-to-date: /home/humble/Desktop/Tasks/Vision_project/install/conveyorbelt_msgs/share/conveyorbelt_msgs/cmake/export_conveyorbelt_msgs__rosidl_typesupport_fastrtps_cppExport.cmake
[0.348s] -- Up-to-date: /home/humble/Desktop/Tasks/Vision_project/install/conveyorbelt_msgs/share/conveyorbelt_msgs/cmake/export_conveyorbelt_msgs__rosidl_typesupport_fastrtps_cppExport-noconfig.cmake
[0.348s] -- Up-to-date: /home/humble/Desktop/Tasks/Vision_project/install/conveyorbelt_msgs/share/conveyorbelt_msgs/cmake/conveyorbelt_msgs__rosidl_typesupport_introspection_cppExport.cmake
[0.348s] -- Up-to-date: /home/humble/Desktop/Tasks/Vision_project/install/conveyorbelt_msgs/share/conveyorbelt_msgs/cmake/conveyorbelt_msgs__rosidl_typesupport_introspection_cppExport-noconfig.cmake
[0.348s] -- Up-to-date: /home/humble/Desktop/Tasks/Vision_project/install/conveyorbelt_msgs/share/conveyorbelt_msgs/cmake/conveyorbelt_msgs__rosidl_typesupport_cppExport.cmake
[0.348s] -- Up-to-date: /home/humble/Desktop/Tasks/Vision_project/install/conveyorbelt_msgs/share/conveyorbelt_msgs/cmake/conveyorbelt_msgs__rosidl_typesupport_cppExport-noconfig.cmake
[0.348s] -- Up-to-date: /home/humble/Desktop/Tasks/Vision_project/install/conveyorbelt_msgs/share/conveyorbelt_msgs/cmake/export_conveyorbelt_msgs__rosidl_generator_pyExport.cmake
[0.348s] -- Up-to-date: /home/humble/Desktop/Tasks/Vision_project/install/conveyorbelt_msgs/share/conveyorbelt_msgs/cmake/export_conveyorbelt_msgs__rosidl_generator_pyExport-noconfig.cmake
[0.349s] Invoked command in '/home/humble/Desktop/Tasks/Vision_project/build/conveyorbelt_msgs' returned '0': CMAKE_PREFIX_PATH=/opt/ros/humble /usr/bin/cmake --install /home/humble/Desktop/Tasks/Vision_project/build/conveyorbelt_msgs
