[0.328s] Invoking command in '/home/humble/Desktop/Tasks/Vision_project/build/naviarm_bringup': CMAKE_PREFIX_PATH=${CMAKE_PREFIX_PATH}:/home/humble/Desktop/Tasks/Vision_project/install/bottle_detection:/home/humble/Desktop/Tasks/Vision_project/install/item_spawner:/home/humble/Desktop/Tasks/Vision_project/install/vision_box_detector:/opt/ros/humble /usr/bin/cmake --build /home/humble/Desktop/Tasks/Vision_project/build/naviarm_bringup -- -j12 -l12
[0.357s] Invoked command in '/home/humble/Desktop/Tasks/Vision_project/build/naviarm_bringup' returned '0': CMAKE_PREFIX_PATH=${CMAKE_PREFIX_PATH}:/home/humble/Desktop/Tasks/Vision_project/install/bottle_detection:/home/humble/Desktop/Tasks/Vision_project/install/item_spawner:/home/humble/Desktop/Tasks/Vision_project/install/vision_box_detector:/opt/ros/humble /usr/bin/cmake --build /home/humble/Desktop/Tasks/Vision_project/build/naviarm_bringup -- -j12 -l12
[0.359s] Invoking command in '/home/humble/Desktop/Tasks/Vision_project/build/naviarm_bringup': CMAKE_PREFIX_PATH=${CMAKE_PREFIX_PATH}:/home/humble/Desktop/Tasks/Vision_project/install/bottle_detection:/home/humble/Desktop/Tasks/Vision_project/install/item_spawner:/home/humble/Desktop/Tasks/Vision_project/install/vision_box_detector:/opt/ros/humble /usr/bin/cmake --install /home/humble/Desktop/Tasks/Vision_project/build/naviarm_bringup
[0.365s] -- Install configuration: ""
[0.365s] -- Execute custom install script
[0.365s] -- Up-to-date symlink: /home/humble/Desktop/Tasks/Vision_project/install/naviarm_bringup/share/naviarm_bringup/launch/alan.launch.py
[0.365s] -- Up-to-date symlink: /home/humble/Desktop/Tasks/Vision_project/install/naviarm_bringup/share/naviarm_bringup/launch/naviarm_bringup.launch.py
[0.366s] -- Up-to-date symlink: /home/humble/Desktop/Tasks/Vision_project/install/naviarm_bringup/share/naviarm_bringup/rviz/naviarm.rviz
[0.366s] -- Up-to-date symlink: /home/humble/Desktop/Tasks/Vision_project/install/naviarm_bringup/share/ament_index/resource_index/package_run_dependencies/naviarm_bringup
[0.366s] -- Up-to-date symlink: /home/humble/Desktop/Tasks/Vision_project/install/naviarm_bringup/share/ament_index/resource_index/parent_prefix_path/naviarm_bringup
[0.366s] -- Up-to-date symlink: /home/humble/Desktop/Tasks/Vision_project/install/naviarm_bringup/share/naviarm_bringup/environment/ament_prefix_path.sh
[0.366s] -- Up-to-date symlink: /home/humble/Desktop/Tasks/Vision_project/install/naviarm_bringup/share/naviarm_bringup/environment/ament_prefix_path.dsv
[0.366s] -- Up-to-date symlink: /home/humble/Desktop/Tasks/Vision_project/install/naviarm_bringup/share/naviarm_bringup/environment/path.sh
[0.366s] -- Up-to-date symlink: /home/humble/Desktop/Tasks/Vision_project/install/naviarm_bringup/share/naviarm_bringup/environment/path.dsv
[0.367s] -- Up-to-date symlink: /home/humble/Desktop/Tasks/Vision_project/install/naviarm_bringup/share/naviarm_bringup/local_setup.bash
[0.367s] -- Up-to-date symlink: /home/humble/Desktop/Tasks/Vision_project/install/naviarm_bringup/share/naviarm_bringup/local_setup.sh
[0.367s] -- Up-to-date symlink: /home/humble/Desktop/Tasks/Vision_project/install/naviarm_bringup/share/naviarm_bringup/local_setup.zsh
[0.367s] -- Up-to-date symlink: /home/humble/Desktop/Tasks/Vision_project/install/naviarm_bringup/share/naviarm_bringup/local_setup.dsv
[0.367s] -- Symlinking: /home/humble/Desktop/Tasks/Vision_project/install/naviarm_bringup/share/naviarm_bringup/package.dsv
[0.374s] -- Up-to-date symlink: /home/humble/Desktop/Tasks/Vision_project/install/naviarm_bringup/share/ament_index/resource_index/packages/naviarm_bringup
[0.374s] -- Up-to-date symlink: /home/humble/Desktop/Tasks/Vision_project/install/naviarm_bringup/share/naviarm_bringup/cmake/naviarm_bringupConfig.cmake
[0.374s] -- Up-to-date symlink: /home/humble/Desktop/Tasks/Vision_project/install/naviarm_bringup/share/naviarm_bringup/cmake/naviarm_bringupConfig-version.cmake
[0.374s] -- Up-to-date symlink: /home/humble/Desktop/Tasks/Vision_project/install/naviarm_bringup/share/naviarm_bringup/package.xml
[0.376s] Invoked command in '/home/humble/Desktop/Tasks/Vision_project/build/naviarm_bringup' returned '0': CMAKE_PREFIX_PATH=${CMAKE_PREFIX_PATH}:/home/humble/Desktop/Tasks/Vision_project/install/bottle_detection:/home/humble/Desktop/Tasks/Vision_project/install/item_spawner:/home/humble/Desktop/Tasks/Vision_project/install/vision_box_detector:/opt/ros/humble /usr/bin/cmake --install /home/humble/Desktop/Tasks/Vision_project/build/naviarm_bringup
