[0.100s] [34mcolcon[0m [1;30mDEBUG[0m [32mCommand line arguments: ['/usr/bin/colcon', 'build', '--packages-select', 'bottle_detection'][0m
[0.100s] [34mcolcon[0m [1;30mDEBUG[0m [32mParsed command line arguments: Namespace(log_base=None, log_level=None, verb_name='build', build_base='build', install_base='install', merge_install=False, symlink_install=False, test_result_base=None, continue_on_error=False, executor='parallel', parallel_workers=16, event_handlers=None, ignore_user_meta=False, metas=['./colcon.meta'], base_paths=['.'], packages_ignore=None, packages_ignore_regex=None, paths=None, packages_up_to=None, packages_up_to_regex=None, packages_above=None, packages_above_and_dependencies=None, packages_above_depth=None, packages_select_by_dep=None, packages_skip_by_dep=None, packages_skip_up_to=None, packages_select_build_failed=False, packages_skip_build_finished=False, packages_select_test_failures=False, packages_skip_test_passed=False, packages_select=['bottle_detection'], packages_skip=None, packages_select_regex=None, packages_skip_regex=None, packages_start=None, packages_end=None, allow_overriding=[], cmake_args=None, cmake_target=None, cmake_target_skip_unavailable=False, cmake_clean_cache=False, cmake_clean_first=False, cmake_force_configure=False, ament_cmake_args=None, catkin_cmake_args=None, catkin_skip_building_tests=False, mixin_files=None, mixin=None, verb_parser=<colcon_mixin.mixin.mixin_argument.MixinArgumentDecorator object at 0x7ec3d54c0100>, verb_extension=<colcon_core.verb.build.BuildVerb object at 0x7ec3d548b640>, main=<bound method BuildVerb.main of <colcon_core.verb.build.BuildVerb object at 0x7ec3d548b640>>, mixin_verb=('build',))[0m
[0.129s] [34mcolcon.colcon_core.package_discovery[0m [1;30mLevel 1[0m discover_packages(colcon_meta) check parameters
[0.129s] [34mcolcon.colcon_core.package_discovery[0m [1;30mLevel 1[0m discover_packages(recursive) check parameters
[0.129s] [34mcolcon.colcon_core.package_discovery[0m [1;30mLevel 1[0m discover_packages(ignore) check parameters
[0.129s] [34mcolcon.colcon_core.package_discovery[0m [1;30mLevel 1[0m discover_packages(path) check parameters
[0.129s] [34mcolcon.colcon_core.package_discovery[0m [1;30mLevel 1[0m discover_packages(colcon_meta) discover
[0.129s] [34mcolcon.colcon_core.package_discovery[0m [1;30mLevel 1[0m discover_packages(recursive) discover
[0.129s] [34mcolcon.colcon_core.package_discovery[0m [1;30mINFO[0m Crawling recursively for packages in '/home/rupendra/Desktop/Tasks/Vision_project'
[0.129s] [34mcolcon.colcon_core.package_identification[0m [1;30mLevel 1[0m _identify(.) by extensions ['ignore', 'ignore_ament_install']
[0.129s] [34mcolcon.colcon_core.package_identification[0m [1;30mLevel 1[0m _identify(.) by extension 'ignore'
[0.129s] [34mcolcon.colcon_core.package_identification[0m [1;30mLevel 1[0m _identify(.) by extension 'ignore_ament_install'
[0.129s] [34mcolcon.colcon_core.package_identification[0m [1;30mLevel 1[0m _identify(.) by extensions ['colcon_pkg']
[0.129s] [34mcolcon.colcon_core.package_identification[0m [1;30mLevel 1[0m _identify(.) by extension 'colcon_pkg'
[0.129s] [34mcolcon.colcon_core.package_identification[0m [1;30mLevel 1[0m _identify(.) by extensions ['colcon_meta']
[0.129s] [34mcolcon.colcon_core.package_identification[0m [1;30mLevel 1[0m _identify(.) by extension 'colcon_meta'
[0.129s] [34mcolcon.colcon_core.package_identification[0m [1;30mLevel 1[0m _identify(.) by extensions ['ros']
[0.130s] [34mcolcon.colcon_core.package_identification[0m [1;30mLevel 1[0m _identify(.) by extension 'ros'
[0.148s] [34mcolcon.colcon_core.package_identification[0m [1;30mLevel 1[0m _identify(.) by extensions ['cmake', 'python']
[0.149s] [34mcolcon.colcon_core.package_identification[0m [1;30mLevel 1[0m _identify(.) by extension 'cmake'
[0.149s] [34mcolcon.colcon_core.package_identification[0m [1;30mLevel 1[0m _identify(.) by extension 'python'
[0.149s] [34mcolcon.colcon_core.package_identification[0m [1;30mLevel 1[0m _identify(.) by extensions ['python_setup_py']
[0.149s] [34mcolcon.colcon_core.package_identification[0m [1;30mLevel 1[0m _identify(.) by extension 'python_setup_py'
[0.149s] [34mcolcon.colcon_core.package_identification[0m [1;30mLevel 1[0m _identify(build) by extensions ['ignore', 'ignore_ament_install']
[0.149s] [34mcolcon.colcon_core.package_identification[0m [1;30mLevel 1[0m _identify(build) by extension 'ignore'
[0.149s] [34mcolcon.colcon_core.package_identification[0m [1;30mLevel 1[0m _identify(build) ignored
[0.149s] [34mcolcon.colcon_core.package_identification[0m [1;30mLevel 1[0m _identify(install) by extensions ['ignore', 'ignore_ament_install']
[0.149s] [34mcolcon.colcon_core.package_identification[0m [1;30mLevel 1[0m _identify(install) by extension 'ignore'
[0.149s] [34mcolcon.colcon_core.package_identification[0m [1;30mLevel 1[0m _identify(install) ignored
[0.149s] [34mcolcon.colcon_core.package_identification[0m [1;30mLevel 1[0m _identify(log) by extensions ['ignore', 'ignore_ament_install']
[0.149s] [34mcolcon.colcon_core.package_identification[0m [1;30mLevel 1[0m _identify(log) by extension 'ignore'
[0.149s] [34mcolcon.colcon_core.package_identification[0m [1;30mLevel 1[0m _identify(log) ignored
[0.149s] [34mcolcon.colcon_core.package_identification[0m [1;30mLevel 1[0m _identify(src) by extensions ['ignore', 'ignore_ament_install']
[0.149s] [34mcolcon.colcon_core.package_identification[0m [1;30mLevel 1[0m _identify(src) by extension 'ignore'
[0.149s] [34mcolcon.colcon_core.package_identification[0m [1;30mLevel 1[0m _identify(src) by extension 'ignore_ament_install'
[0.149s] [34mcolcon.colcon_core.package_identification[0m [1;30mLevel 1[0m _identify(src) by extensions ['colcon_pkg']
[0.150s] [34mcolcon.colcon_core.package_identification[0m [1;30mLevel 1[0m _identify(src) by extension 'colcon_pkg'
[0.150s] [34mcolcon.colcon_core.package_identification[0m [1;30mLevel 1[0m _identify(src) by extensions ['colcon_meta']
[0.150s] [34mcolcon.colcon_core.package_identification[0m [1;30mLevel 1[0m _identify(src) by extension 'colcon_meta'
[0.150s] [34mcolcon.colcon_core.package_identification[0m [1;30mLevel 1[0m _identify(src) by extensions ['ros']
[0.150s] [34mcolcon.colcon_core.package_identification[0m [1;30mLevel 1[0m _identify(src) by extension 'ros'
[0.150s] [34mcolcon.colcon_core.package_identification[0m [1;30mLevel 1[0m _identify(src) by extensions ['cmake', 'python']
[0.150s] [34mcolcon.colcon_core.package_identification[0m [1;30mLevel 1[0m _identify(src) by extension 'cmake'
[0.150s] [34mcolcon.colcon_core.package_identification[0m [1;30mLevel 1[0m _identify(src) by extension 'python'
[0.150s] [34mcolcon.colcon_core.package_identification[0m [1;30mLevel 1[0m _identify(src) by extensions ['python_setup_py']
[0.150s] [34mcolcon.colcon_core.package_identification[0m [1;30mLevel 1[0m _identify(src) by extension 'python_setup_py'
[0.150s] [34mcolcon.colcon_core.package_identification[0m [1;30mLevel 1[0m _identify(src/bottle_detection) by extensions ['ignore', 'ignore_ament_install']
[0.150s] [34mcolcon.colcon_core.package_identification[0m [1;30mLevel 1[0m _identify(src/bottle_detection) by extension 'ignore'
[0.150s] [34mcolcon.colcon_core.package_identification[0m [1;30mLevel 1[0m _identify(src/bottle_detection) by extension 'ignore_ament_install'
[0.150s] [34mcolcon.colcon_core.package_identification[0m [1;30mLevel 1[0m _identify(src/bottle_detection) by extensions ['colcon_pkg']
[0.150s] [34mcolcon.colcon_core.package_identification[0m [1;30mLevel 1[0m _identify(src/bottle_detection) by extension 'colcon_pkg'
[0.150s] [34mcolcon.colcon_core.package_identification[0m [1;30mLevel 1[0m _identify(src/bottle_detection) by extensions ['colcon_meta']
[0.150s] [34mcolcon.colcon_core.package_identification[0m [1;30mLevel 1[0m _identify(src/bottle_detection) by extension 'colcon_meta'
[0.150s] [34mcolcon.colcon_core.package_identification[0m [1;30mLevel 1[0m _identify(src/bottle_detection) by extensions ['ros']
[0.150s] [34mcolcon.colcon_core.package_identification[0m [1;30mLevel 1[0m _identify(src/bottle_detection) by extension 'ros'
[0.152s] [34mcolcon.colcon_core.package_identification[0m [1;30mDEBUG[0m [32mPackage 'src/bottle_detection' with type 'ros.ament_python' and name 'bottle_detection'[0m
[0.152s] [34mcolcon.colcon_core.package_identification[0m [1;30mLevel 1[0m _identify(src/item_spawner) by extensions ['ignore', 'ignore_ament_install']
[0.152s] [34mcolcon.colcon_core.package_identification[0m [1;30mLevel 1[0m _identify(src/item_spawner) by extension 'ignore'
[0.152s] [34mcolcon.colcon_core.package_identification[0m [1;30mLevel 1[0m _identify(src/item_spawner) ignored
[0.152s] [34mcolcon.colcon_core.package_identification[0m [1;30mLevel 1[0m _identify(src/naviarm_bringup) by extensions ['ignore', 'ignore_ament_install']
[0.152s] [34mcolcon.colcon_core.package_identification[0m [1;30mLevel 1[0m _identify(src/naviarm_bringup) by extension 'ignore'
[0.152s] [34mcolcon.colcon_core.package_identification[0m [1;30mLevel 1[0m _identify(src/naviarm_bringup) by extension 'ignore_ament_install'
[0.153s] [34mcolcon.colcon_core.package_identification[0m [1;30mLevel 1[0m _identify(src/naviarm_bringup) by extensions ['colcon_pkg']
[0.153s] [34mcolcon.colcon_core.package_identification[0m [1;30mLevel 1[0m _identify(src/naviarm_bringup) by extension 'colcon_pkg'
[0.153s] [34mcolcon.colcon_core.package_identification[0m [1;30mLevel 1[0m _identify(src/naviarm_bringup) by extensions ['colcon_meta']
[0.153s] [34mcolcon.colcon_core.package_identification[0m [1;30mLevel 1[0m _identify(src/naviarm_bringup) by extension 'colcon_meta'
[0.153s] [34mcolcon.colcon_core.package_identification[0m [1;30mLevel 1[0m _identify(src/naviarm_bringup) by extensions ['ros']
[0.153s] [34mcolcon.colcon_core.package_identification[0m [1;30mLevel 1[0m _identify(src/naviarm_bringup) by extension 'ros'
[0.153s] [34mcolcon.colcon_core.package_identification[0m [1;30mDEBUG[0m [32mPackage 'src/naviarm_bringup' with type 'ros.ament_cmake' and name 'naviarm_bringup'[0m
[0.153s] [34mcolcon.colcon_core.package_identification[0m [1;30mLevel 1[0m _identify(src/naviarm_gazebo) by extensions ['ignore', 'ignore_ament_install']
[0.153s] [34mcolcon.colcon_core.package_identification[0m [1;30mLevel 1[0m _identify(src/naviarm_gazebo) by extension 'ignore'
[0.153s] [34mcolcon.colcon_core.package_identification[0m [1;30mLevel 1[0m _identify(src/naviarm_gazebo) by extension 'ignore_ament_install'
[0.153s] [34mcolcon.colcon_core.package_identification[0m [1;30mLevel 1[0m _identify(src/naviarm_gazebo) by extensions ['colcon_pkg']
[0.153s] [34mcolcon.colcon_core.package_identification[0m [1;30mLevel 1[0m _identify(src/naviarm_gazebo) by extension 'colcon_pkg'
[0.153s] [34mcolcon.colcon_core.package_identification[0m [1;30mLevel 1[0m _identify(src/naviarm_gazebo) by extensions ['colcon_meta']
[0.153s] [34mcolcon.colcon_core.package_identification[0m [1;30mLevel 1[0m _identify(src/naviarm_gazebo) by extension 'colcon_meta'
[0.153s] [34mcolcon.colcon_core.package_identification[0m [1;30mLevel 1[0m _identify(src/naviarm_gazebo) by extensions ['ros']
[0.153s] [34mcolcon.colcon_core.package_identification[0m [1;30mLevel 1[0m _identify(src/naviarm_gazebo) by extension 'ros'
[0.154s] [34mcolcon.colcon_core.package_identification[0m [1;30mDEBUG[0m [32mPackage 'src/naviarm_gazebo' with type 'ros.ament_cmake' and name 'naviarm_gazebo'[0m
[0.154s] [34mcolcon.colcon_core.package_identification[0m [1;30mLevel 1[0m _identify(src/utils) by extensions ['ignore', 'ignore_ament_install']
[0.154s] [34mcolcon.colcon_core.package_identification[0m [1;30mLevel 1[0m _identify(src/utils) by extension 'ignore'
[0.154s] [34mcolcon.colcon_core.package_identification[0m [1;30mLevel 1[0m _identify(src/utils) by extension 'ignore_ament_install'
[0.154s] [34mcolcon.colcon_core.package_identification[0m [1;30mLevel 1[0m _identify(src/utils) by extensions ['colcon_pkg']
[0.154s] [34mcolcon.colcon_core.package_identification[0m [1;30mLevel 1[0m _identify(src/utils) by extension 'colcon_pkg'
[0.154s] [34mcolcon.colcon_core.package_identification[0m [1;30mLevel 1[0m _identify(src/utils) by extensions ['colcon_meta']
[0.154s] [34mcolcon.colcon_core.package_identification[0m [1;30mLevel 1[0m _identify(src/utils) by extension 'colcon_meta'
[0.154s] [34mcolcon.colcon_core.package_identification[0m [1;30mLevel 1[0m _identify(src/utils) by extensions ['ros']
[0.154s] [34mcolcon.colcon_core.package_identification[0m [1;30mLevel 1[0m _identify(src/utils) by extension 'ros'
[0.154s] [34mcolcon.colcon_core.package_identification[0m [1;30mLevel 1[0m _identify(src/utils) by extensions ['cmake', 'python']
[0.154s] [34mcolcon.colcon_core.package_identification[0m [1;30mLevel 1[0m _identify(src/utils) by extension 'cmake'
[0.154s] [34mcolcon.colcon_core.package_identification[0m [1;30mLevel 1[0m _identify(src/utils) by extension 'python'
[0.154s] [34mcolcon.colcon_core.package_identification[0m [1;30mLevel 1[0m _identify(src/utils) by extensions ['python_setup_py']
[0.154s] [34mcolcon.colcon_core.package_identification[0m [1;30mLevel 1[0m _identify(src/utils) by extension 'python_setup_py'
[0.154s] [34mcolcon.colcon_core.package_identification[0m [1;30mLevel 1[0m _identify(src/utils/conveyorbelt_msgs) by extensions ['ignore', 'ignore_ament_install']
[0.154s] [34mcolcon.colcon_core.package_identification[0m [1;30mLevel 1[0m _identify(src/utils/conveyorbelt_msgs) by extension 'ignore'
[0.154s] [34mcolcon.colcon_core.package_identification[0m [1;30mLevel 1[0m _identify(src/utils/conveyorbelt_msgs) by extension 'ignore_ament_install'
[0.154s] [34mcolcon.colcon_core.package_identification[0m [1;30mLevel 1[0m _identify(src/utils/conveyorbelt_msgs) by extensions ['colcon_pkg']
[0.154s] [34mcolcon.colcon_core.package_identification[0m [1;30mLevel 1[0m _identify(src/utils/conveyorbelt_msgs) by extension 'colcon_pkg'
[0.154s] [34mcolcon.colcon_core.package_identification[0m [1;30mLevel 1[0m _identify(src/utils/conveyorbelt_msgs) by extensions ['colcon_meta']
[0.154s] [34mcolcon.colcon_core.package_identification[0m [1;30mLevel 1[0m _identify(src/utils/conveyorbelt_msgs) by extension 'colcon_meta'
[0.155s] [34mcolcon.colcon_core.package_identification[0m [1;30mLevel 1[0m _identify(src/utils/conveyorbelt_msgs) by extensions ['ros']
[0.155s] [34mcolcon.colcon_core.package_identification[0m [1;30mLevel 1[0m _identify(src/utils/conveyorbelt_msgs) by extension 'ros'
[0.155s] [34mcolcon.colcon_core.package_identification[0m [1;30mDEBUG[0m [32mPackage 'src/utils/conveyorbelt_msgs' with type 'ros.ament_cmake' and name 'conveyorbelt_msgs'[0m
[0.155s] [34mcolcon.colcon_core.package_identification[0m [1;30mLevel 1[0m _identify(src/vision_box_detector) by extensions ['ignore', 'ignore_ament_install']
[0.155s] [34mcolcon.colcon_core.package_identification[0m [1;30mLevel 1[0m _identify(src/vision_box_detector) by extension 'ignore'
[0.155s] [34mcolcon.colcon_core.package_identification[0m [1;30mLevel 1[0m _identify(src/vision_box_detector) ignored
[0.155s] [34mcolcon.colcon_core.package_discovery[0m [1;30mLevel 1[0m discover_packages(recursive) using defaults
[0.155s] [34mcolcon.colcon_core.package_discovery[0m [1;30mLevel 1[0m discover_packages(ignore) discover
[0.155s] [34mcolcon.colcon_core.package_discovery[0m [1;30mLevel 1[0m discover_packages(ignore) using defaults
[0.155s] [34mcolcon.colcon_core.package_discovery[0m [1;30mLevel 1[0m discover_packages(path) discover
[0.155s] [34mcolcon.colcon_core.package_discovery[0m [1;30mLevel 1[0m discover_packages(path) using defaults
[0.167s] [34mcolcon.colcon_core.package_selection[0m [1;30mINFO[0m Skipping not selected package 'conveyorbelt_msgs' in 'src/utils/conveyorbelt_msgs'
[0.167s] [34mcolcon.colcon_core.package_selection[0m [1;30mINFO[0m Skipping not selected package 'naviarm_bringup' in 'src/naviarm_bringup'
[0.167s] [34mcolcon.colcon_core.package_selection[0m [1;30mINFO[0m Skipping not selected package 'naviarm_gazebo' in 'src/naviarm_gazebo'
[0.167s] [34mcolcon.colcon_core.package_discovery[0m [1;30mLevel 1[0m discover_packages(prefix_path) check parameters
[0.167s] [34mcolcon.colcon_core.package_discovery[0m [1;30mLevel 1[0m discover_packages(prefix_path) discover
[0.168s] [34mcolcon.colcon_ros.prefix_path.ament[0m [1;30mWARNING[0m [33mThe path '/home/rupendra/Desktop/Tasks/Vision_project/install/bottle_detection' in the environment variable AMENT_PREFIX_PATH doesn't exist[0m
[0.169s] [34mcolcon.colcon_installed_package_information.package_discovery[0m [1;30mDEBUG[0m [32mFound 3 installed packages in /home/rupendra/Desktop/Tasks/Vision_project/install[0m
[0.170s] [34mcolcon.colcon_installed_package_information.package_discovery[0m [1;30mDEBUG[0m [32mFound 281 installed packages in /opt/ros/humble[0m
[0.171s] [34mcolcon.colcon_core.package_discovery[0m [1;30mLevel 1[0m discover_packages(prefix_path) using defaults
[0.209s] [34mcolcon.colcon_core.verb[0m [1;30mLevel 5[0m set package 'bottle_detection' build argument 'cmake_args' from command line to 'None'
[0.209s] [34mcolcon.colcon_core.verb[0m [1;30mLevel 5[0m set package 'bottle_detection' build argument 'cmake_target' from command line to 'None'
[0.209s] [34mcolcon.colcon_core.verb[0m [1;30mLevel 5[0m set package 'bottle_detection' build argument 'cmake_target_skip_unavailable' from command line to 'False'
[0.209s] [34mcolcon.colcon_core.verb[0m [1;30mLevel 5[0m set package 'bottle_detection' build argument 'cmake_clean_cache' from command line to 'False'
[0.209s] [34mcolcon.colcon_core.verb[0m [1;30mLevel 5[0m set package 'bottle_detection' build argument 'cmake_clean_first' from command line to 'False'
[0.209s] [34mcolcon.colcon_core.verb[0m [1;30mLevel 5[0m set package 'bottle_detection' build argument 'cmake_force_configure' from command line to 'False'
[0.209s] [34mcolcon.colcon_core.verb[0m [1;30mLevel 5[0m set package 'bottle_detection' build argument 'ament_cmake_args' from command line to 'None'
[0.209s] [34mcolcon.colcon_core.verb[0m [1;30mLevel 5[0m set package 'bottle_detection' build argument 'catkin_cmake_args' from command line to 'None'
[0.209s] [34mcolcon.colcon_core.verb[0m [1;30mLevel 5[0m set package 'bottle_detection' build argument 'catkin_skip_building_tests' from command line to 'False'
[0.209s] [34mcolcon.colcon_core.verb[0m [1;30mDEBUG[0m [32mBuilding package 'bottle_detection' with the following arguments: {'ament_cmake_args': None, 'build_base': '/home/rupendra/Desktop/Tasks/Vision_project/build/bottle_detection', 'catkin_cmake_args': None, 'catkin_skip_building_tests': False, 'cmake_args': None, 'cmake_clean_cache': False, 'cmake_clean_first': False, 'cmake_force_configure': False, 'cmake_target': None, 'cmake_target_skip_unavailable': False, 'install_base': '/home/rupendra/Desktop/Tasks/Vision_project/install/bottle_detection', 'merge_install': False, 'path': '/home/rupendra/Desktop/Tasks/Vision_project/src/bottle_detection', 'symlink_install': False, 'test_result_base': None}[0m
[0.209s] [34mcolcon.colcon_core.executor[0m [1;30mINFO[0m Executing jobs using 'parallel' executor
[0.210s] [34mcolcon.colcon_parallel_executor.executor.parallel[0m [1;30mDEBUG[0m [32mrun_until_complete[0m
[0.210s] [34mcolcon.colcon_ros.task.ament_python.build[0m [1;30mINFO[0m Building ROS package in '/home/rupendra/Desktop/Tasks/Vision_project/src/bottle_detection' with build type 'ament_python'
[0.210s] [34mcolcon.colcon_core.shell[0m [1;30mLevel 1[0m create_environment_hook('bottle_detection', 'ament_prefix_path')
[0.212s] [34mcolcon.colcon_core.plugin_system[0m [1;30mINFO[0m Skipping extension 'colcon_core.shell.bat': Not used on non-Windows systems
[0.212s] [34mcolcon.colcon_core.shell[0m [1;30mINFO[0m Creating environment hook '/home/rupendra/Desktop/Tasks/Vision_project/install/bottle_detection/share/bottle_detection/hook/ament_prefix_path.ps1'
[0.213s] [34mcolcon.colcon_core.shell[0m [1;30mINFO[0m Creating environment descriptor '/home/rupendra/Desktop/Tasks/Vision_project/install/bottle_detection/share/bottle_detection/hook/ament_prefix_path.dsv'
[0.213s] [34mcolcon.colcon_core.shell[0m [1;30mINFO[0m Creating environment hook '/home/rupendra/Desktop/Tasks/Vision_project/install/bottle_detection/share/bottle_detection/hook/ament_prefix_path.sh'
[0.214s] [34mcolcon.colcon_core.shell[0m [1;30mINFO[0m Skip shell extension 'powershell' for command environment: Not usable outside of PowerShell
[0.214s] [34mcolcon.colcon_core.shell[0m [1;30mDEBUG[0m [32mSkip shell extension 'dsv' for command environment[0m
[0.432s] [34mcolcon.colcon_core.task.python.build[0m [1;30mINFO[0m Building Python package in '/home/rupendra/Desktop/Tasks/Vision_project/src/bottle_detection'
[0.433s] [34mcolcon.colcon_core.shell[0m [1;30mINFO[0m Skip shell extension 'powershell' for command environment: Not usable outside of PowerShell
[0.433s] [34mcolcon.colcon_core.shell[0m [1;30mDEBUG[0m [32mSkip shell extension 'dsv' for command environment[0m
[0.943s] [34mcolcon.colcon_core.event_handler.log_command[0m [1;30mDEBUG[0m [32mInvoking command in '/home/rupendra/Desktop/Tasks/Vision_project/src/bottle_detection': PYTHONPATH=/home/rupendra/Desktop/Tasks/Vision_project/build/bottle_detection/prefix_override:/usr/lib/python3/dist-packages/colcon_core/task/python/colcon_distutils_commands:/home/rupendra/Desktop/Tasks/Vision_project/install/bottle_detection/lib/python3.10/site-packages:${PYTHONPATH} /usr/bin/python3 -W ignore:setup.py install is deprecated -W ignore:easy_install command is deprecated setup.py egg_info --egg-base ../../build/bottle_detection build --build-base /home/rupendra/Desktop/Tasks/Vision_project/build/bottle_detection/build install --record /home/rupendra/Desktop/Tasks/Vision_project/build/bottle_detection/install.log --single-version-externally-managed install_data[0m
[1.696s] [34mcolcon.colcon_core.event_handler.log_command[0m [1;30mDEBUG[0m [32mInvoked command in '/home/rupendra/Desktop/Tasks/Vision_project/src/bottle_detection' returned '0': PYTHONPATH=/home/rupendra/Desktop/Tasks/Vision_project/build/bottle_detection/prefix_override:/usr/lib/python3/dist-packages/colcon_core/task/python/colcon_distutils_commands:/home/rupendra/Desktop/Tasks/Vision_project/install/bottle_detection/lib/python3.10/site-packages:${PYTHONPATH} /usr/bin/python3 -W ignore:setup.py install is deprecated -W ignore:easy_install command is deprecated setup.py egg_info --egg-base ../../build/bottle_detection build --build-base /home/rupendra/Desktop/Tasks/Vision_project/build/bottle_detection/build install --record /home/rupendra/Desktop/Tasks/Vision_project/build/bottle_detection/install.log --single-version-externally-managed install_data[0m
[1.697s] [34mcolcon.colcon_core.environment[0m [1;30mLevel 1[0m checking '/home/rupendra/Desktop/Tasks/Vision_project/install/bottle_detection' for CMake module files
[1.698s] [34mcolcon.colcon_core.environment[0m [1;30mLevel 1[0m checking '/home/rupendra/Desktop/Tasks/Vision_project/install/bottle_detection' for CMake config files
[1.698s] [34mcolcon.colcon_core.environment[0m [1;30mLevel 1[0m checking '/home/rupendra/Desktop/Tasks/Vision_project/install/bottle_detection/lib'
[1.698s] [34mcolcon.colcon_core.environment[0m [1;30mLevel 1[0m checking '/home/rupendra/Desktop/Tasks/Vision_project/install/bottle_detection/bin'
[1.698s] [34mcolcon.colcon_core.environment[0m [1;30mLevel 1[0m checking '/home/rupendra/Desktop/Tasks/Vision_project/install/bottle_detection/lib/pkgconfig/bottle_detection.pc'
[1.699s] [34mcolcon.colcon_core.environment[0m [1;30mLevel 1[0m checking '/home/rupendra/Desktop/Tasks/Vision_project/install/bottle_detection/lib/python3.10/site-packages'
[1.699s] [34mcolcon.colcon_core.shell[0m [1;30mLevel 1[0m create_environment_hook('bottle_detection', 'pythonpath')
[1.699s] [34mcolcon.colcon_core.shell[0m [1;30mINFO[0m Creating environment hook '/home/rupendra/Desktop/Tasks/Vision_project/install/bottle_detection/share/bottle_detection/hook/pythonpath.ps1'
[1.699s] [34mcolcon.colcon_core.shell[0m [1;30mINFO[0m Creating environment descriptor '/home/rupendra/Desktop/Tasks/Vision_project/install/bottle_detection/share/bottle_detection/hook/pythonpath.dsv'
[1.700s] [34mcolcon.colcon_core.shell[0m [1;30mINFO[0m Creating environment hook '/home/rupendra/Desktop/Tasks/Vision_project/install/bottle_detection/share/bottle_detection/hook/pythonpath.sh'
[1.700s] [34mcolcon.colcon_core.environment[0m [1;30mLevel 1[0m checking '/home/rupendra/Desktop/Tasks/Vision_project/install/bottle_detection/bin'
[1.700s] [34mcolcon.colcon_core.environment[0m [1;30mLevel 1[0m create_environment_scripts_only(bottle_detection)
[1.700s] [34mcolcon.colcon_core.shell[0m [1;30mINFO[0m Creating package script '/home/rupendra/Desktop/Tasks/Vision_project/install/bottle_detection/share/bottle_detection/package.ps1'
[1.701s] [34mcolcon.colcon_core.shell[0m [1;30mINFO[0m Creating package descriptor '/home/rupendra/Desktop/Tasks/Vision_project/install/bottle_detection/share/bottle_detection/package.dsv'
[1.701s] [34mcolcon.colcon_core.shell[0m [1;30mINFO[0m Creating package script '/home/rupendra/Desktop/Tasks/Vision_project/install/bottle_detection/share/bottle_detection/package.sh'
[1.702s] [34mcolcon.colcon_core.shell[0m [1;30mINFO[0m Creating package script '/home/rupendra/Desktop/Tasks/Vision_project/install/bottle_detection/share/bottle_detection/package.bash'
[1.702s] [34mcolcon.colcon_core.shell[0m [1;30mINFO[0m Creating package script '/home/rupendra/Desktop/Tasks/Vision_project/install/bottle_detection/share/bottle_detection/package.zsh'
[1.702s] [34mcolcon.colcon_core.environment[0m [1;30mLevel 1[0m create_file_with_runtime_dependencies(/home/rupendra/Desktop/Tasks/Vision_project/install/bottle_detection/share/colcon-core/packages/bottle_detection)
[1.703s] [34mcolcon.colcon_parallel_executor.executor.parallel[0m [1;30mDEBUG[0m [32mclosing loop[0m
[1.703s] [34mcolcon.colcon_parallel_executor.executor.parallel[0m [1;30mDEBUG[0m [32mloop closed[0m
[1.703s] [34mcolcon.colcon_parallel_executor.executor.parallel[0m [1;30mDEBUG[0m [32mrun_until_complete finished with '0'[0m
[1.703s] [34mcolcon.colcon_core.event_reactor[0m [1;30mDEBUG[0m [32mjoining thread[0m
[1.708s] [34mcolcon.colcon_core.plugin_system[0m [1;30mINFO[0m Skipping extension 'colcon_notification.desktop_notification.terminal_notifier': Not used on non-Darwin systems
[1.708s] [34mcolcon.colcon_core.plugin_system[0m [1;30mINFO[0m Skipping extension 'colcon_notification.desktop_notification.win32': Not used on non-Windows systems
[1.708s] [34mcolcon.colcon_notification.desktop_notification[0m [1;30mINFO[0m Sending desktop notification using 'notify2'
[1.719s] [34mcolcon.colcon_core.event_reactor[0m [1;30mDEBUG[0m [32mjoined thread[0m
[1.719s] [34mcolcon.colcon_core.shell[0m [1;30mINFO[0m Creating prefix script '/home/rupendra/Desktop/Tasks/Vision_project/install/local_setup.ps1'
[1.720s] [34mcolcon.colcon_core.shell[0m [1;30mINFO[0m Creating prefix util module '/home/rupendra/Desktop/Tasks/Vision_project/install/_local_setup_util_ps1.py'
[1.721s] [34mcolcon.colcon_core.shell[0m [1;30mINFO[0m Creating prefix chain script '/home/rupendra/Desktop/Tasks/Vision_project/install/setup.ps1'
[1.722s] [34mcolcon.colcon_core.shell[0m [1;30mINFO[0m Creating prefix script '/home/rupendra/Desktop/Tasks/Vision_project/install/local_setup.sh'
[1.722s] [34mcolcon.colcon_core.shell[0m [1;30mINFO[0m Creating prefix util module '/home/rupendra/Desktop/Tasks/Vision_project/install/_local_setup_util_sh.py'
[1.723s] [34mcolcon.colcon_core.shell[0m [1;30mINFO[0m Creating prefix chain script '/home/rupendra/Desktop/Tasks/Vision_project/install/setup.sh'
[1.724s] [34mcolcon.colcon_core.shell[0m [1;30mINFO[0m Creating prefix script '/home/rupendra/Desktop/Tasks/Vision_project/install/local_setup.bash'
[1.724s] [34mcolcon.colcon_core.shell[0m [1;30mINFO[0m Creating prefix chain script '/home/rupendra/Desktop/Tasks/Vision_project/install/setup.bash'
[1.725s] [34mcolcon.colcon_core.shell[0m [1;30mINFO[0m Creating prefix script '/home/rupendra/Desktop/Tasks/Vision_project/install/local_setup.zsh'
[1.725s] [34mcolcon.colcon_core.shell[0m [1;30mINFO[0m Creating prefix chain script '/home/rupendra/Desktop/Tasks/Vision_project/install/setup.zsh'
