[0.841s] Invoking command in '/home/rupendra/Desktop/Tasks/Vision_project/src/bottle_detection': PYTHONPATH=/home/rupendra/Desktop/Tasks/Vision_project/build/bottle_detection/prefix_override:/usr/lib/python3/dist-packages/colcon_core/task/python/colcon_distutils_commands:/home/rupendra/Desktop/Tasks/Vision_project/install/bottle_detection/lib/python3.10/site-packages:${PYTHONPATH} /usr/bin/python3 -W ignore:setup.py install is deprecated -W ignore:easy_install command is deprecated setup.py egg_info --egg-base ../../build/bottle_detection build --build-base /home/rupendra/Desktop/Tasks/Vision_project/build/bottle_detection/build install --record /home/rupendra/Desktop/Tasks/Vision_project/build/bottle_detection/install.log --single-version-externally-managed install_data
[1.163s] running egg_info
[1.188s] writing ../../build/bottle_detection/bottle_detection.egg-info/PKG-INFO
[1.188s] writing dependency_links to ../../build/bottle_detection/bottle_detection.egg-info/dependency_links.txt
[1.188s] writing entry points to ../../build/bottle_detection/bottle_detection.egg-info/entry_points.txt
[1.188s] writing requirements to ../../build/bottle_detection/bottle_detection.egg-info/requires.txt
[1.188s] writing top-level names to ../../build/bottle_detection/bottle_detection.egg-info/top_level.txt
[1.243s] reading manifest file '../../build/bottle_detection/bottle_detection.egg-info/SOURCES.txt'
[1.244s] writing manifest file '../../build/bottle_detection/bottle_detection.egg-info/SOURCES.txt'
[1.244s] running build
[1.244s] running build_py
[1.244s] copying bottle_detection/database.py -> /home/rupendra/Desktop/Tasks/Vision_project/build/bottle_detection/build/lib/bottle_detection
[1.244s] copying bottle_detection/onnx_inference.py -> /home/rupendra/Desktop/Tasks/Vision_project/build/bottle_detection/build/lib/bottle_detection
[1.245s] copying bottle_detection/__init__.py -> /home/rupendra/Desktop/Tasks/Vision_project/build/bottle_detection/build/lib/bottle_detection
[1.245s] copying bottle_detection/bottle_detector.py -> /home/rupendra/Desktop/Tasks/Vision_project/build/bottle_detection/build/lib/bottle_detection
[1.245s] copying bottle_detection/yolov8n.onnx -> /home/rupendra/Desktop/Tasks/Vision_project/build/bottle_detection/build/lib/bottle_detection
[1.259s] copying bottle_detection/yolov8m.onnx -> /home/rupendra/Desktop/Tasks/Vision_project/build/bottle_detection/build/lib/bottle_detection
[1.366s] running install
[1.369s] running install_lib
[1.395s] copying /home/rupendra/Desktop/Tasks/Vision_project/build/bottle_detection/build/lib/bottle_detection/onnx_inference.py -> /home/rupendra/Desktop/Tasks/Vision_project/install/bottle_detection/lib/python3.10/site-packages/bottle_detection
[1.396s] copying /home/rupendra/Desktop/Tasks/Vision_project/build/bottle_detection/build/lib/bottle_detection/bottle_detector.py -> /home/rupendra/Desktop/Tasks/Vision_project/install/bottle_detection/lib/python3.10/site-packages/bottle_detection
[1.401s] byte-compiling /home/rupendra/Desktop/Tasks/Vision_project/install/bottle_detection/lib/python3.10/site-packages/bottle_detection/onnx_inference.py to onnx_inference.cpython-310.pyc
[1.403s] byte-compiling /home/rupendra/Desktop/Tasks/Vision_project/install/bottle_detection/lib/python3.10/site-packages/bottle_detection/bottle_detector.py to bottle_detector.cpython-310.pyc
[1.404s] running install_data
[1.404s] copying resource/bottle_detection -> /home/rupendra/Desktop/Tasks/Vision_project/install/bottle_detection/share/ament_index/resource_index/packages
[1.405s] copying package.xml -> /home/rupendra/Desktop/Tasks/Vision_project/install/bottle_detection/share/bottle_detection
[1.405s] copying bottle_detection/yolov8n.onnx -> /home/rupendra/Desktop/Tasks/Vision_project/install/bottle_detection/lib/bottle_detection
[1.420s] copying bottle_detection/yolov8m.onnx -> /home/rupendra/Desktop/Tasks/Vision_project/install/bottle_detection/lib/bottle_detection
[1.527s] running install_egg_info
[1.551s] removing '/home/rupendra/Desktop/Tasks/Vision_project/install/bottle_detection/lib/python3.10/site-packages/bottle_detection-0.0.0-py3.10.egg-info' (and everything under it)
[1.551s] Copying ../../build/bottle_detection/bottle_detection.egg-info to /home/rupendra/Desktop/Tasks/Vision_project/install/bottle_detection/lib/python3.10/site-packages/bottle_detection-0.0.0-py3.10.egg-info
[1.552s] running install_scripts
[1.599s] Installing bottle_detector script to /home/rupendra/Desktop/Tasks/Vision_project/install/bottle_detection/lib/bottle_detection
[1.599s] writing list of installed files to '/home/rupendra/Desktop/Tasks/Vision_project/build/bottle_detection/install.log'
[1.625s] Invoked command in '/home/rupendra/Desktop/Tasks/Vision_project/src/bottle_detection' returned '0': PYTHONPATH=/home/rupendra/Desktop/Tasks/Vision_project/build/bottle_detection/prefix_override:/usr/lib/python3/dist-packages/colcon_core/task/python/colcon_distutils_commands:/home/rupendra/Desktop/Tasks/Vision_project/install/bottle_detection/lib/python3.10/site-packages:${PYTHONPATH} /usr/bin/python3 -W ignore:setup.py install is deprecated -W ignore:easy_install command is deprecated setup.py egg_info --egg-base ../../build/bottle_detection build --build-base /home/rupendra/Desktop/Tasks/Vision_project/build/bottle_detection/build install --record /home/rupendra/Desktop/Tasks/Vision_project/build/bottle_detection/install.log --single-version-externally-managed install_data
