[0.229s] Invoking command in '/home/rupendra/Desktop/Tasks/Vision_project/build/naviarm_bringup': CMAKE_PREFIX_PATH=${CMAKE_PREFIX_PATH}:/home/rupendra/Desktop/Tasks/Vision_project/install/bottle_detection:/opt/ros/humble /usr/bin/cmake /home/rupendra/Desktop/Tasks/Vision_project/src/naviarm_bringup -DAMENT_CMAKE_SYMLINK_INSTALL=1 -DCMAKE_INSTALL_PREFIX=/home/rupendra/Desktop/Tasks/Vision_project/install/naviarm_bringup
[0.238s] -- Found ament_cmake: 1.3.12 (/opt/ros/humble/share/ament_cmake/cmake)
[0.362s] -- Override CMake install command with custom implementation using symlinks instead of copying resources
[0.368s] -- Found ament_lint_auto: 0.12.14 (/opt/ros/humble/share/ament_lint_auto/cmake)
[0.449s] -- Added test 'flake8' to check Python code syntax and style conventions
[0.449s] -- Added test 'lint_cmake' to check CMake code style
[0.449s] -- Added test 'pep257' to check Python code against some of the docstring style conventions in PEP 257
[0.450s] -- Added test 'xmllint' to check XML markup files
[0.451s] -- Configuring done
[0.453s] -- Generating done
[0.455s] -- Build files have been written to: /home/rupendra/Desktop/Tasks/Vision_project/build/naviarm_bringup
[0.458s] Invoked command in '/home/rupendra/Desktop/Tasks/Vision_project/build/naviarm_bringup' returned '0': CMAKE_PREFIX_PATH=${CMAKE_PREFIX_PATH}:/home/rupendra/Desktop/Tasks/Vision_project/install/bottle_detection:/opt/ros/humble /usr/bin/cmake /home/rupendra/Desktop/Tasks/Vision_project/src/naviarm_bringup -DAMENT_CMAKE_SYMLINK_INSTALL=1 -DCMAKE_INSTALL_PREFIX=/home/rupendra/Desktop/Tasks/Vision_project/install/naviarm_bringup
[0.460s] Invoking command in '/home/rupendra/Desktop/Tasks/Vision_project/build/naviarm_bringup': CMAKE_PREFIX_PATH=${CMAKE_PREFIX_PATH}:/home/rupendra/Desktop/Tasks/Vision_project/install/bottle_detection:/opt/ros/humble /usr/bin/cmake --build /home/rupendra/Desktop/Tasks/Vision_project/build/naviarm_bringup -- -j16 -l16
[0.501s] Invoked command in '/home/rupendra/Desktop/Tasks/Vision_project/build/naviarm_bringup' returned '0': CMAKE_PREFIX_PATH=${CMAKE_PREFIX_PATH}:/home/rupendra/Desktop/Tasks/Vision_project/install/bottle_detection:/opt/ros/humble /usr/bin/cmake --build /home/rupendra/Desktop/Tasks/Vision_project/build/naviarm_bringup -- -j16 -l16
[0.511s] Invoking command in '/home/rupendra/Desktop/Tasks/Vision_project/build/naviarm_bringup': CMAKE_PREFIX_PATH=${CMAKE_PREFIX_PATH}:/home/rupendra/Desktop/Tasks/Vision_project/install/bottle_detection:/opt/ros/humble /usr/bin/cmake --install /home/rupendra/Desktop/Tasks/Vision_project/build/naviarm_bringup
[0.518s] -- Install configuration: ""
[0.519s] -- Execute custom install script
[0.519s] -- Up-to-date symlink: /home/rupendra/Desktop/Tasks/Vision_project/install/naviarm_bringup/share/naviarm_bringup/launch/alan.launch.py
[0.519s] -- Up-to-date symlink: /home/rupendra/Desktop/Tasks/Vision_project/install/naviarm_bringup/share/naviarm_bringup/launch/naviarm_bringup.launch.py
[0.519s] -- Up-to-date symlink: /home/rupendra/Desktop/Tasks/Vision_project/install/naviarm_bringup/share/naviarm_bringup/rviz/naviarm.rviz
[0.520s] -- Up-to-date symlink: /home/rupendra/Desktop/Tasks/Vision_project/install/naviarm_bringup/share/ament_index/resource_index/package_run_dependencies/naviarm_bringup
[0.520s] -- Up-to-date symlink: /home/rupendra/Desktop/Tasks/Vision_project/install/naviarm_bringup/share/ament_index/resource_index/parent_prefix_path/naviarm_bringup
[0.520s] -- Up-to-date symlink: /home/rupendra/Desktop/Tasks/Vision_project/install/naviarm_bringup/share/naviarm_bringup/environment/ament_prefix_path.sh
[0.520s] -- Up-to-date symlink: /home/rupendra/Desktop/Tasks/Vision_project/install/naviarm_bringup/share/naviarm_bringup/environment/ament_prefix_path.dsv
[0.520s] -- Up-to-date symlink: /home/rupendra/Desktop/Tasks/Vision_project/install/naviarm_bringup/share/naviarm_bringup/environment/path.sh
[0.521s] -- Up-to-date symlink: /home/rupendra/Desktop/Tasks/Vision_project/install/naviarm_bringup/share/naviarm_bringup/environment/path.dsv
[0.521s] -- Up-to-date symlink: /home/rupendra/Desktop/Tasks/Vision_project/install/naviarm_bringup/share/naviarm_bringup/local_setup.bash
[0.521s] -- Up-to-date symlink: /home/rupendra/Desktop/Tasks/Vision_project/install/naviarm_bringup/share/naviarm_bringup/local_setup.sh
[0.521s] -- Up-to-date symlink: /home/rupendra/Desktop/Tasks/Vision_project/install/naviarm_bringup/share/naviarm_bringup/local_setup.zsh
[0.521s] -- Up-to-date symlink: /home/rupendra/Desktop/Tasks/Vision_project/install/naviarm_bringup/share/naviarm_bringup/local_setup.dsv
[0.521s] -- Symlinking: /home/rupendra/Desktop/Tasks/Vision_project/install/naviarm_bringup/share/naviarm_bringup/package.dsv
[0.531s] -- Up-to-date symlink: /home/rupendra/Desktop/Tasks/Vision_project/install/naviarm_bringup/share/ament_index/resource_index/packages/naviarm_bringup
[0.531s] -- Up-to-date symlink: /home/rupendra/Desktop/Tasks/Vision_project/install/naviarm_bringup/share/naviarm_bringup/cmake/naviarm_bringupConfig.cmake
[0.531s] -- Up-to-date symlink: /home/rupendra/Desktop/Tasks/Vision_project/install/naviarm_bringup/share/naviarm_bringup/cmake/naviarm_bringupConfig-version.cmake
[0.531s] -- Up-to-date symlink: /home/rupendra/Desktop/Tasks/Vision_project/install/naviarm_bringup/share/naviarm_bringup/package.xml
[0.533s] Invoked command in '/home/rupendra/Desktop/Tasks/Vision_project/build/naviarm_bringup' returned '0': CMAKE_PREFIX_PATH=${CMAKE_PREFIX_PATH}:/home/rupendra/Desktop/Tasks/Vision_project/install/bottle_detection:/opt/ros/humble /usr/bin/cmake --install /home/rupendra/Desktop/Tasks/Vision_project/build/naviarm_bringup
