[0.526s] Invoking command in '/home/humble/Desktop/Tasks/Vision_project/build/item_spawner': PYTHONPATH=/home/humble/Desktop/Tasks/Vision_project/build/item_spawner/prefix_override:/usr/lib/python3/dist-packages/colcon_core/task/python/colcon_distutils_commands:/home/humble/Desktop/Tasks/Vision_project/install/item_spawner/lib/python3.10/site-packages:${PYTHONPATH} /usr/bin/python3 -W ignore:setup.py install is deprecated -W ignore:easy_install command is deprecated setup.py develop --editable --build-directory /home/humble/Desktop/Tasks/Vision_project/build/item_spawner/build --no-deps symlink_data
[0.675s] running develop
[0.760s] running egg_info
[0.760s] creating item_spawner.egg-info
[0.760s] writing item_spawner.egg-info/PKG-INFO
[0.760s] writing dependency_links to item_spawner.egg-info/dependency_links.txt
[0.761s] writing entry points to item_spawner.egg-info/entry_points.txt
[0.761s] writing requirements to item_spawner.egg-info/requires.txt
[0.761s] writing top-level names to item_spawner.egg-info/top_level.txt
[0.761s] writing manifest file 'item_spawner.egg-info/SOURCES.txt'
[0.762s] reading manifest file 'item_spawner.egg-info/SOURCES.txt'
[0.762s] writing manifest file 'item_spawner.egg-info/SOURCES.txt'
[0.763s] running build_ext
[0.763s] Creating /home/humble/Desktop/Tasks/Vision_project/install/item_spawner/lib/python3.10/site-packages/item-spawner.egg-link (link to .)
[0.764s] Installing spawner_node script to /home/humble/Desktop/Tasks/Vision_project/install/item_spawner/lib/item_spawner
[0.764s] 
[0.764s] Installed /home/humble/Desktop/Tasks/Vision_project/build/item_spawner
[0.764s] running symlink_data
[0.764s] creating /home/humble/Desktop/Tasks/Vision_project/install/item_spawner/share/ament_index
[0.764s] creating /home/humble/Desktop/Tasks/Vision_project/install/item_spawner/share/ament_index/resource_index
[0.764s] creating /home/humble/Desktop/Tasks/Vision_project/install/item_spawner/share/ament_index/resource_index/packages
[0.764s] symbolically linking /home/humble/Desktop/Tasks/Vision_project/build/item_spawner/resource/item_spawner -> /home/humble/Desktop/Tasks/Vision_project/install/item_spawner/share/ament_index/resource_index/packages
[0.764s] symbolically linking /home/humble/Desktop/Tasks/Vision_project/build/item_spawner/package.xml -> /home/humble/Desktop/Tasks/Vision_project/install/item_spawner/share/item_spawner
[0.784s] Invoked command in '/home/humble/Desktop/Tasks/Vision_project/build/item_spawner' returned '0': PYTHONPATH=/home/humble/Desktop/Tasks/Vision_project/build/item_spawner/prefix_override:/usr/lib/python3/dist-packages/colcon_core/task/python/colcon_distutils_commands:/home/humble/Desktop/Tasks/Vision_project/install/item_spawner/lib/python3.10/site-packages:${PYTHONPATH} /usr/bin/python3 -W ignore:setup.py install is deprecated -W ignore:easy_install command is deprecated setup.py develop --editable --build-directory /home/humble/Desktop/Tasks/Vision_project/build/item_spawner/build --no-deps symlink_data
