[0.013s] Invoking command in '/home/rupendra/Desktop/Tasks/Vision_project/build/naviarm_bringup': CMAKE_PREFIX_PATH=${CMAKE_PREFIX_PATH}:/opt/ros/humble /usr/bin/cmake /home/rupendra/Desktop/Tasks/Vision_project/src/naviarm_bringup -DAMENT_CMAKE_SYMLINK_INSTALL=1 -DCMAKE_INSTALL_PREFIX=/home/rupendra/Desktop/Tasks/Vision_project/install/naviarm_bringup
[0.059s] -- The C compiler identification is GNU 11.4.0
[0.114s] -- The CXX compiler identification is GNU 11.4.0
[0.121s] -- Detecting C compiler ABI info
[0.185s] -- Detecting C compiler ABI info - done
[0.190s] -- Check for working C compiler: /usr/bin/cc - skipped
[0.191s] -- Detecting C compile features
[0.191s] -- Detecting C compile features - done
[0.193s] -- Detecting CXX compiler ABI info
[0.265s] -- Detecting CXX compiler ABI info - done
[0.271s] -- Check for working CXX compiler: /usr/bin/c++ - skipped
[0.271s] -- Detecting CXX compile features
[0.271s] -- Detecting CXX compile features - done
[0.274s] -- Found ament_cmake: 1.3.12 (/opt/ros/humble/share/ament_cmake/cmake)
[0.656s] -- Found Python3: /usr/bin/python3 (found version "3.10.12") found components: Interpreter 
[0.714s] -- Override CMake install command with custom implementation using symlinks instead of copying resources
[0.735s] -- Found ament_lint_auto: 0.12.14 (/opt/ros/humble/share/ament_lint_auto/cmake)
[0.825s] -- Added test 'flake8' to check Python code syntax and style conventions
[0.825s] -- Added test 'lint_cmake' to check CMake code style
[0.825s] -- Added test 'pep257' to check Python code against some of the docstring style conventions in PEP 257
[0.826s] -- Added test 'xmllint' to check XML markup files
[0.828s] -- Configuring done
[0.831s] -- Generating done
[0.832s] -- Build files have been written to: /home/rupendra/Desktop/Tasks/Vision_project/build/naviarm_bringup
[0.836s] Invoked command in '/home/rupendra/Desktop/Tasks/Vision_project/build/naviarm_bringup' returned '0': CMAKE_PREFIX_PATH=${CMAKE_PREFIX_PATH}:/opt/ros/humble /usr/bin/cmake /home/rupendra/Desktop/Tasks/Vision_project/src/naviarm_bringup -DAMENT_CMAKE_SYMLINK_INSTALL=1 -DCMAKE_INSTALL_PREFIX=/home/rupendra/Desktop/Tasks/Vision_project/install/naviarm_bringup
[0.838s] Invoking command in '/home/rupendra/Desktop/Tasks/Vision_project/build/naviarm_bringup': CMAKE_PREFIX_PATH=${CMAKE_PREFIX_PATH}:/opt/ros/humble /usr/bin/cmake --build /home/rupendra/Desktop/Tasks/Vision_project/build/naviarm_bringup -- -j16 -l16
[0.878s] Invoked command in '/home/rupendra/Desktop/Tasks/Vision_project/build/naviarm_bringup' returned '0': CMAKE_PREFIX_PATH=${CMAKE_PREFIX_PATH}:/opt/ros/humble /usr/bin/cmake --build /home/rupendra/Desktop/Tasks/Vision_project/build/naviarm_bringup -- -j16 -l16
[0.889s] Invoking command in '/home/rupendra/Desktop/Tasks/Vision_project/build/naviarm_bringup': CMAKE_PREFIX_PATH=${CMAKE_PREFIX_PATH}:/opt/ros/humble /usr/bin/cmake --install /home/rupendra/Desktop/Tasks/Vision_project/build/naviarm_bringup
[0.896s] -- Install configuration: ""
[0.897s] -- Execute custom install script
[0.897s] -- Symlinking: /home/rupendra/Desktop/Tasks/Vision_project/install/naviarm_bringup/share/naviarm_bringup/launch/alan.launch.py
[0.907s] -- Symlinking: /home/rupendra/Desktop/Tasks/Vision_project/install/naviarm_bringup/share/naviarm_bringup/launch/naviarm_bringup.launch.py
[0.916s] -- Symlinking: /home/rupendra/Desktop/Tasks/Vision_project/install/naviarm_bringup/share/naviarm_bringup/rviz/naviarm.rviz
[0.926s] -- Symlinking: /home/rupendra/Desktop/Tasks/Vision_project/install/naviarm_bringup/share/ament_index/resource_index/package_run_dependencies/naviarm_bringup
[0.935s] -- Symlinking: /home/rupendra/Desktop/Tasks/Vision_project/install/naviarm_bringup/share/ament_index/resource_index/parent_prefix_path/naviarm_bringup
[0.945s] -- Symlinking: /home/rupendra/Desktop/Tasks/Vision_project/install/naviarm_bringup/share/naviarm_bringup/environment/ament_prefix_path.sh
[0.954s] -- Symlinking: /home/rupendra/Desktop/Tasks/Vision_project/install/naviarm_bringup/share/naviarm_bringup/environment/ament_prefix_path.dsv
[0.963s] -- Symlinking: /home/rupendra/Desktop/Tasks/Vision_project/install/naviarm_bringup/share/naviarm_bringup/environment/path.sh
[0.971s] -- Symlinking: /home/rupendra/Desktop/Tasks/Vision_project/install/naviarm_bringup/share/naviarm_bringup/environment/path.dsv
[0.980s] -- Symlinking: /home/rupendra/Desktop/Tasks/Vision_project/install/naviarm_bringup/share/naviarm_bringup/local_setup.bash
[0.989s] -- Symlinking: /home/rupendra/Desktop/Tasks/Vision_project/install/naviarm_bringup/share/naviarm_bringup/local_setup.sh
[0.997s] -- Symlinking: /home/rupendra/Desktop/Tasks/Vision_project/install/naviarm_bringup/share/naviarm_bringup/local_setup.zsh
[1.006s] -- Symlinking: /home/rupendra/Desktop/Tasks/Vision_project/install/naviarm_bringup/share/naviarm_bringup/local_setup.dsv
[1.017s] -- Symlinking: /home/rupendra/Desktop/Tasks/Vision_project/install/naviarm_bringup/share/naviarm_bringup/package.dsv
[1.027s] -- Symlinking: /home/rupendra/Desktop/Tasks/Vision_project/install/naviarm_bringup/share/ament_index/resource_index/packages/naviarm_bringup
[1.035s] -- Symlinking: /home/rupendra/Desktop/Tasks/Vision_project/install/naviarm_bringup/share/naviarm_bringup/cmake/naviarm_bringupConfig.cmake
[1.044s] -- Symlinking: /home/rupendra/Desktop/Tasks/Vision_project/install/naviarm_bringup/share/naviarm_bringup/cmake/naviarm_bringupConfig-version.cmake
[1.053s] -- Symlinking: /home/rupendra/Desktop/Tasks/Vision_project/install/naviarm_bringup/share/naviarm_bringup/package.xml
[1.064s] Invoked command in '/home/rupendra/Desktop/Tasks/Vision_project/build/naviarm_bringup' returned '0': CMAKE_PREFIX_PATH=${CMAKE_PREFIX_PATH}:/opt/ros/humble /usr/bin/cmake --install /home/rupendra/Desktop/Tasks/Vision_project/build/naviarm_bringup
