-- Install configuration: ""
-- Execute custom install script
-- Symlinking: /home/rupendra/Desktop/Tasks/Vision_project/install/naviarm_bringup/share/naviarm_bringup/launch/alan.launch.py
-- Symlinking: /home/rupendra/Desktop/Tasks/Vision_project/install/naviarm_bringup/share/naviarm_bringup/launch/naviarm_bringup.launch.py
-- Symlinking: /home/rupendra/Desktop/Tasks/Vision_project/install/naviarm_bringup/share/naviarm_bringup/rviz/naviarm.rviz
-- Symlinking: /home/rupendra/Desktop/Tasks/Vision_project/install/naviarm_bringup/share/ament_index/resource_index/package_run_dependencies/naviarm_bringup
-- Symlinking: /home/rupendra/Desktop/Tasks/Vision_project/install/naviarm_bringup/share/ament_index/resource_index/parent_prefix_path/naviarm_bringup
-- Symlinking: /home/rupendra/Desktop/Tasks/Vision_project/install/naviarm_bringup/share/naviarm_bringup/environment/ament_prefix_path.sh
-- Symlinking: /home/rupendra/Desktop/Tasks/Vision_project/install/naviarm_bringup/share/naviarm_bringup/environment/ament_prefix_path.dsv
-- Symlinking: /home/rupendra/Desktop/Tasks/Vision_project/install/naviarm_bringup/share/naviarm_bringup/environment/path.sh
-- Symlinking: /home/rupendra/Desktop/Tasks/Vision_project/install/naviarm_bringup/share/naviarm_bringup/environment/path.dsv
-- Symlinking: /home/rupendra/Desktop/Tasks/Vision_project/install/naviarm_bringup/share/naviarm_bringup/local_setup.bash
-- Symlinking: /home/rupendra/Desktop/Tasks/Vision_project/install/naviarm_bringup/share/naviarm_bringup/local_setup.sh
-- Symlinking: /home/rupendra/Desktop/Tasks/Vision_project/install/naviarm_bringup/share/naviarm_bringup/local_setup.zsh
-- Symlinking: /home/rupendra/Desktop/Tasks/Vision_project/install/naviarm_bringup/share/naviarm_bringup/local_setup.dsv
-- Symlinking: /home/rupendra/Desktop/Tasks/Vision_project/install/naviarm_bringup/share/naviarm_bringup/package.dsv
-- Symlinking: /home/rupendra/Desktop/Tasks/Vision_project/install/naviarm_bringup/share/ament_index/resource_index/packages/naviarm_bringup
-- Symlinking: /home/rupendra/Desktop/Tasks/Vision_project/install/naviarm_bringup/share/naviarm_bringup/cmake/naviarm_bringupConfig.cmake
-- Symlinking: /home/rupendra/Desktop/Tasks/Vision_project/install/naviarm_bringup/share/naviarm_bringup/cmake/naviarm_bringupConfig-version.cmake
-- Symlinking: /home/rupendra/Desktop/Tasks/Vision_project/install/naviarm_bringup/share/naviarm_bringup/package.xml
