-- Install configuration: ""
-- Execute custom install script
-- Up-to-date symlink: /home/rupendra/Desktop/Tasks/Vision_project/install/naviarm_gazebo/share/naviarm_gazebo/launch/gazebo.launch.py
-- Up-to-date symlink: /home/rupendra/Desktop/Tasks/Vision_project/install/naviarm_gazebo/share/naviarm_gazebo/worlds/_.world
-- Up-to-date symlink: /home/rupendra/Desktop/Tasks/Vision_project/install/naviarm_gazebo/share/naviarm_gazebo/worlds/alan_warehouse.world
-- Up-to-date symlink: /home/rupendra/Desktop/Tasks/Vision_project/install/naviarm_gazebo/share/naviarm_gazebo/worlds/alan_warehouse_2.world
-- Up-to-date symlink: /home/rupendra/Desktop/Tasks/Vision_project/install/naviarm_gazebo/share/naviarm_gazebo/worlds/cafe.world
-- Up-to-date symlink: /home/rupendra/Desktop/Tasks/Vision_project/install/naviarm_gazebo/share/naviarm_gazebo/worlds/cafe_warehouse.world
-- Up-to-date symlink: /home/rupendra/Desktop/Tasks/Vision_project/install/naviarm_gazebo/share/naviarm_gazebo/worlds/empty.world
-- Up-to-date symlink: /home/rupendra/Desktop/Tasks/Vision_project/install/naviarm_gazebo/share/naviarm_gazebo/worlds/gazebo_world.world
-- Up-to-date symlink: /home/rupendra/Desktop/Tasks/Vision_project/install/naviarm_gazebo/share/naviarm_gazebo/worlds/seat.world
-- Up-to-date symlink: /home/rupendra/Desktop/Tasks/Vision_project/install/naviarm_gazebo/share/naviarm_gazebo/worlds/seat_row.world
-- Up-to-date symlink: /home/rupendra/Desktop/Tasks/Vision_project/install/naviarm_gazebo/share/naviarm_gazebo/worlds/tejas.world
-- Up-to-date symlink: /home/rupendra/Desktop/Tasks/Vision_project/install/naviarm_gazebo/share/naviarm_gazebo/worlds/tejas_1.world
-- Up-to-date symlink: /home/rupendra/Desktop/Tasks/Vision_project/install/naviarm_gazebo/share/naviarm_gazebo/worlds/train.world
-- Up-to-date symlink: /home/rupendra/Desktop/Tasks/Vision_project/install/naviarm_gazebo/share/naviarm_gazebo/worlds/train2.world
-- Up-to-date symlink: /home/rupendra/Desktop/Tasks/Vision_project/install/naviarm_gazebo/share/naviarm_gazebo/worlds/train3.world
-- Up-to-date symlink: /home/rupendra/Desktop/Tasks/Vision_project/install/naviarm_gazebo/share/naviarm_gazebo/worlds/train_final.world
-- Up-to-date symlink: /home/rupendra/Desktop/Tasks/Vision_project/install/naviarm_gazebo/share/naviarm_gazebo/worlds/w_warehouse.world
-- Up-to-date symlink: /home/rupendra/Desktop/Tasks/Vision_project/install/naviarm_gazebo/share/naviarm_gazebo/worlds/warehouse.world
-- Up-to-date symlink: /home/rupendra/Desktop/Tasks/Vision_project/install/naviarm_gazebo/share/ament_index/resource_index/package_run_dependencies/naviarm_gazebo
-- Up-to-date symlink: /home/rupendra/Desktop/Tasks/Vision_project/install/naviarm_gazebo/share/ament_index/resource_index/parent_prefix_path/naviarm_gazebo
-- Up-to-date symlink: /home/rupendra/Desktop/Tasks/Vision_project/install/naviarm_gazebo/share/naviarm_gazebo/environment/ament_prefix_path.sh
-- Up-to-date symlink: /home/rupendra/Desktop/Tasks/Vision_project/install/naviarm_gazebo/share/naviarm_gazebo/environment/ament_prefix_path.dsv
-- Up-to-date symlink: /home/rupendra/Desktop/Tasks/Vision_project/install/naviarm_gazebo/share/naviarm_gazebo/environment/path.sh
-- Up-to-date symlink: /home/rupendra/Desktop/Tasks/Vision_project/install/naviarm_gazebo/share/naviarm_gazebo/environment/path.dsv
-- Up-to-date symlink: /home/rupendra/Desktop/Tasks/Vision_project/install/naviarm_gazebo/share/naviarm_gazebo/local_setup.bash
-- Up-to-date symlink: /home/rupendra/Desktop/Tasks/Vision_project/install/naviarm_gazebo/share/naviarm_gazebo/local_setup.sh
-- Up-to-date symlink: /home/rupendra/Desktop/Tasks/Vision_project/install/naviarm_gazebo/share/naviarm_gazebo/local_setup.zsh
-- Up-to-date symlink: /home/rupendra/Desktop/Tasks/Vision_project/install/naviarm_gazebo/share/naviarm_gazebo/local_setup.dsv
-- Symlinking: /home/rupendra/Desktop/Tasks/Vision_project/install/naviarm_gazebo/share/naviarm_gazebo/package.dsv
-- Up-to-date symlink: /home/rupendra/Desktop/Tasks/Vision_project/install/naviarm_gazebo/share/ament_index/resource_index/packages/naviarm_gazebo
-- Up-to-date symlink: /home/rupendra/Desktop/Tasks/Vision_project/install/naviarm_gazebo/share/naviarm_gazebo/cmake/naviarm_gazeboConfig.cmake
-- Up-to-date symlink: /home/rupendra/Desktop/Tasks/Vision_project/install/naviarm_gazebo/share/naviarm_gazebo/cmake/naviarm_gazeboConfig-version.cmake
-- Up-to-date symlink: /home/rupendra/Desktop/Tasks/Vision_project/install/naviarm_gazebo/share/naviarm_gazebo/package.xml
