[0.016s] Invoking command in '/home/rupendra/Desktop/Tasks/Vision_project/build/naviarm_bringup': CMAKE_PREFIX_PATH=${CMAKE_PREFIX_PATH}:/opt/ros/humble /usr/bin/cmake /home/rupendra/Desktop/Tasks/Vision_project/src/naviarm_bringup -DAMENT_CMAKE_SYMLINK_INSTALL=1 -DCMAKE_INSTALL_PREFIX=/home/rupendra/Desktop/Tasks/Vision_project/install/naviarm_bringup
[0.074s] -- The C compiler identification is GNU 11.4.0
[0.126s] -- The CXX compiler identification is GNU 11.4.0
[0.133s] -- Detecting C compiler ABI info
[0.197s] -- Detecting C compiler ABI info - done
[0.203s] -- Check for working C compiler: /usr/bin/cc - skipped
[0.203s] -- Detecting C compile features
[0.203s] -- Detecting C compile features - done
[0.206s] -- Detecting CXX compiler ABI info
[0.283s] -- Detecting CXX compiler ABI info - done
[0.288s] -- Check for working CXX compiler: /usr/bin/c++ - skipped
[0.289s] -- Detecting CXX compile features
[0.289s] -- Detecting CXX compile features - done
[0.291s] -- Found ament_cmake: 1.3.12 (/opt/ros/humble/share/ament_cmake/cmake)
[0.674s] -- Found Python3: /usr/bin/python3 (found version "3.10.12") found components: Interpreter 
[0.737s] -- Override CMake install command with custom implementation using symlinks instead of copying resources
[0.759s] -- Found ament_lint_auto: 0.12.14 (/opt/ros/humble/share/ament_lint_auto/cmake)
[0.850s] -- Added test 'flake8' to check Python code syntax and style conventions
[0.850s] -- Added test 'lint_cmake' to check CMake code style
[0.851s] -- Added test 'pep257' to check Python code against some of the docstring style conventions in PEP 257
[0.852s] -- Added test 'xmllint' to check XML markup files
[0.853s] -- Configuring done
[0.856s] -- Generating done
[0.857s] -- Build files have been written to: /home/rupendra/Desktop/Tasks/Vision_project/build/naviarm_bringup
[0.861s] Invoked command in '/home/rupendra/Desktop/Tasks/Vision_project/build/naviarm_bringup' returned '0': CMAKE_PREFIX_PATH=${CMAKE_PREFIX_PATH}:/opt/ros/humble /usr/bin/cmake /home/rupendra/Desktop/Tasks/Vision_project/src/naviarm_bringup -DAMENT_CMAKE_SYMLINK_INSTALL=1 -DCMAKE_INSTALL_PREFIX=/home/rupendra/Desktop/Tasks/Vision_project/install/naviarm_bringup
[0.863s] Invoking command in '/home/rupendra/Desktop/Tasks/Vision_project/build/naviarm_bringup': CMAKE_PREFIX_PATH=${CMAKE_PREFIX_PATH}:/opt/ros/humble /usr/bin/cmake --build /home/rupendra/Desktop/Tasks/Vision_project/build/naviarm_bringup -- -j16 -l16
[0.901s] Invoked command in '/home/rupendra/Desktop/Tasks/Vision_project/build/naviarm_bringup' returned '0': CMAKE_PREFIX_PATH=${CMAKE_PREFIX_PATH}:/opt/ros/humble /usr/bin/cmake --build /home/rupendra/Desktop/Tasks/Vision_project/build/naviarm_bringup -- -j16 -l16
[0.910s] Invoking command in '/home/rupendra/Desktop/Tasks/Vision_project/build/naviarm_bringup': CMAKE_PREFIX_PATH=${CMAKE_PREFIX_PATH}:/opt/ros/humble /usr/bin/cmake --install /home/rupendra/Desktop/Tasks/Vision_project/build/naviarm_bringup
[0.918s] -- Install configuration: ""
[0.918s] -- Execute custom install script
[0.919s] -- Symlinking: /home/rupendra/Desktop/Tasks/Vision_project/install/naviarm_bringup/share/naviarm_bringup/launch/alan.launch.py
[0.928s] -- Symlinking: /home/rupendra/Desktop/Tasks/Vision_project/install/naviarm_bringup/share/naviarm_bringup/launch/naviarm_bringup.launch.py
[0.937s] -- Symlinking: /home/rupendra/Desktop/Tasks/Vision_project/install/naviarm_bringup/share/naviarm_bringup/rviz/naviarm.rviz
[0.946s] -- Symlinking: /home/rupendra/Desktop/Tasks/Vision_project/install/naviarm_bringup/share/ament_index/resource_index/package_run_dependencies/naviarm_bringup
[0.955s] -- Symlinking: /home/rupendra/Desktop/Tasks/Vision_project/install/naviarm_bringup/share/ament_index/resource_index/parent_prefix_path/naviarm_bringup
[0.965s] -- Symlinking: /home/rupendra/Desktop/Tasks/Vision_project/install/naviarm_bringup/share/naviarm_bringup/environment/ament_prefix_path.sh
[0.975s] -- Symlinking: /home/rupendra/Desktop/Tasks/Vision_project/install/naviarm_bringup/share/naviarm_bringup/environment/ament_prefix_path.dsv
[0.985s] -- Symlinking: /home/rupendra/Desktop/Tasks/Vision_project/install/naviarm_bringup/share/naviarm_bringup/environment/path.sh
[0.995s] -- Symlinking: /home/rupendra/Desktop/Tasks/Vision_project/install/naviarm_bringup/share/naviarm_bringup/environment/path.dsv
[1.004s] -- Symlinking: /home/rupendra/Desktop/Tasks/Vision_project/install/naviarm_bringup/share/naviarm_bringup/local_setup.bash
[1.013s] -- Symlinking: /home/rupendra/Desktop/Tasks/Vision_project/install/naviarm_bringup/share/naviarm_bringup/local_setup.sh
[1.022s] -- Symlinking: /home/rupendra/Desktop/Tasks/Vision_project/install/naviarm_bringup/share/naviarm_bringup/local_setup.zsh
[1.031s] -- Symlinking: /home/rupendra/Desktop/Tasks/Vision_project/install/naviarm_bringup/share/naviarm_bringup/local_setup.dsv
[1.040s] -- Symlinking: /home/rupendra/Desktop/Tasks/Vision_project/install/naviarm_bringup/share/naviarm_bringup/package.dsv
[1.052s] -- Symlinking: /home/rupendra/Desktop/Tasks/Vision_project/install/naviarm_bringup/share/ament_index/resource_index/packages/naviarm_bringup
[1.064s] -- Symlinking: /home/rupendra/Desktop/Tasks/Vision_project/install/naviarm_bringup/share/naviarm_bringup/cmake/naviarm_bringupConfig.cmake
[1.074s] -- Symlinking: /home/rupendra/Desktop/Tasks/Vision_project/install/naviarm_bringup/share/naviarm_bringup/cmake/naviarm_bringupConfig-version.cmake
[1.085s] -- Symlinking: /home/rupendra/Desktop/Tasks/Vision_project/install/naviarm_bringup/share/naviarm_bringup/package.xml
[1.097s] Invoked command in '/home/rupendra/Desktop/Tasks/Vision_project/build/naviarm_bringup' returned '0': CMAKE_PREFIX_PATH=${CMAKE_PREFIX_PATH}:/opt/ros/humble /usr/bin/cmake --install /home/rupendra/Desktop/Tasks/Vision_project/build/naviarm_bringup
