[35m[1mConsolidate compiler generated dependencies of target conveyorbelt_msgs__rosidl_generator_c[0m
[  2%] Built target conveyorbelt_msgs__cpp
[ 12%] Built target conveyorbelt_msgs__rosidl_generator_c
[ 12%] Built target ament_cmake_python_symlink_conveyorbelt_msgs
[35m[1mConsolidate compiler generated dependencies of target conveyorbelt_msgs__rosidl_typesupport_cpp[0m
[35m[1mConsolidate compiler generated dependencies of target conveyorbelt_msgs__rosidl_typesupport_introspection_cpp[0m
[35m[1mConsolidate compiler generated dependencies of target conveyorbelt_msgs__rosidl_typesupport_fastrtps_cpp[0m
[35m[1mConsolidate compiler generated dependencies of target conveyorbelt_msgs__rosidl_typesupport_c[0m
[35m[1mConsolidate compiler generated dependencies of target conveyorbelt_msgs__rosidl_typesupport_introspection_c[0m
[35m[1mConsolidate compiler generated dependencies of target conveyorbelt_msgs__rosidl_typesupport_fastrtps_c[0m
[ 33%] Built target conveyorbelt_msgs__rosidl_typesupport_c
[ 33%] Built target conveyorbelt_msgs__rosidl_typesupport_cpp
[ 43%] Built target conveyorbelt_msgs__rosidl_typesupport_introspection_c
[ 53%] Built target conveyorbelt_msgs__rosidl_typesupport_introspection_cpp
[ 64%] Built target conveyorbelt_msgs__rosidl_typesupport_fastrtps_cpp
[ 74%] Built target conveyorbelt_msgs__rosidl_typesupport_fastrtps_c
[ 74%] Built target conveyorbelt_msgs
[ 76%] Built target conveyorbelt_msgs__py
[35m[1mConsolidate compiler generated dependencies of target conveyorbelt_msgs__rosidl_generator_py[0m
[ 84%] Built target conveyorbelt_msgs__rosidl_generator_py
[35m[1mConsolidate compiler generated dependencies of target conveyorbelt_msgs__rosidl_typesupport_fastrtps_c__pyext[0m
[35m[1mConsolidate compiler generated dependencies of target conveyorbelt_msgs__rosidl_typesupport_introspection_c__pyext[0m
[35m[1mConsolidate compiler generated dependencies of target conveyorbelt_msgs__rosidl_typesupport_c__pyext[0m
[100%] Built target conveyorbelt_msgs__rosidl_typesupport_introspection_c__pyext
[100%] Built target conveyorbelt_msgs__rosidl_typesupport_c__pyext
[100%] Built target conveyorbelt_msgs__rosidl_typesupport_fastrtps_c__pyext
running egg_info
writing conveyorbelt_msgs.egg-info/PKG-INFO
writing dependency_links to conveyorbelt_msgs.egg-info/dependency_links.txt
writing top-level names to conveyorbelt_msgs.egg-info/top_level.txt
reading manifest file 'conveyorbelt_msgs.egg-info/SOURCES.txt'
writing manifest file 'conveyorbelt_msgs.egg-info/SOURCES.txt'
[100%] Built target ament_cmake_python_build_conveyorbelt_msgs_egg
