[0.022s] Invoking command in '/home/rupendra/Desktop/Tasks/Vision_project/build/conveyorbelt_msgs': CMAKE_PREFIX_PATH=${CMAKE_PREFIX_PATH}:/opt/ros/humble /usr/bin/cmake --build /home/rupendra/Desktop/Tasks/Vision_project/build/conveyorbelt_msgs -- -j16 -l16
[0.262s] [35m[1mConsolidate compiler generated dependencies of target conveyorbelt_msgs__rosidl_generator_c[0m
[0.262s] [  2%] Built target conveyorbelt_msgs__cpp
[0.263s] [ 12%] Built target conveyorbelt_msgs__rosidl_generator_c
[0.263s] [ 12%] Built target ament_cmake_python_symlink_conveyorbelt_msgs
[0.263s] [35m[1mConsolidate compiler generated dependencies of target conveyorbelt_msgs__rosidl_typesupport_cpp[0m
[0.263s] [35m[1mConsolidate compiler generated dependencies of target conveyorbelt_msgs__rosidl_typesupport_introspection_cpp[0m
[0.263s] [35m[1mConsolidate compiler generated dependencies of target conveyorbelt_msgs__rosidl_typesupport_fastrtps_cpp[0m
[0.263s] [35m[1mConsolidate compiler generated dependencies of target conveyorbelt_msgs__rosidl_typesupport_c[0m
[0.264s] [35m[1mConsolidate compiler generated dependencies of target conveyorbelt_msgs__rosidl_typesupport_introspection_c[0m
[0.265s] [35m[1mConsolidate compiler generated dependencies of target conveyorbelt_msgs__rosidl_typesupport_fastrtps_c[0m
[0.265s] [ 33%] Built target conveyorbelt_msgs__rosidl_typesupport_c
[0.265s] [ 33%] Built target conveyorbelt_msgs__rosidl_typesupport_cpp
[0.265s] [ 43%] Built target conveyorbelt_msgs__rosidl_typesupport_introspection_c
[0.266s] [ 53%] Built target conveyorbelt_msgs__rosidl_typesupport_introspection_cpp
[0.266s] [ 64%] Built target conveyorbelt_msgs__rosidl_typesupport_fastrtps_cpp
[0.266s] [ 74%] Built target conveyorbelt_msgs__rosidl_typesupport_fastrtps_c
[0.266s] [ 74%] Built target conveyorbelt_msgs
[0.266s] [ 76%] Built target conveyorbelt_msgs__py
[0.266s] [35m[1mConsolidate compiler generated dependencies of target conveyorbelt_msgs__rosidl_generator_py[0m
[0.266s] [ 84%] Built target conveyorbelt_msgs__rosidl_generator_py
[0.266s] [35m[1mConsolidate compiler generated dependencies of target conveyorbelt_msgs__rosidl_typesupport_fastrtps_c__pyext[0m
[0.266s] [35m[1mConsolidate compiler generated dependencies of target conveyorbelt_msgs__rosidl_typesupport_introspection_c__pyext[0m
[0.266s] [35m[1mConsolidate compiler generated dependencies of target conveyorbelt_msgs__rosidl_typesupport_c__pyext[0m
[0.266s] [100%] Built target conveyorbelt_msgs__rosidl_typesupport_introspection_c__pyext
[0.267s] [100%] Built target conveyorbelt_msgs__rosidl_typesupport_c__pyext
[0.267s] [100%] Built target conveyorbelt_msgs__rosidl_typesupport_fastrtps_c__pyext
[0.344s] running egg_info
[0.373s] writing conveyorbelt_msgs.egg-info/PKG-INFO
[0.373s] writing dependency_links to conveyorbelt_msgs.egg-info/dependency_links.txt
[0.374s] writing top-level names to conveyorbelt_msgs.egg-info/top_level.txt
[0.457s] reading manifest file 'conveyorbelt_msgs.egg-info/SOURCES.txt'
[0.459s] writing manifest file 'conveyorbelt_msgs.egg-info/SOURCES.txt'
[0.494s] [100%] Built target ament_cmake_python_build_conveyorbelt_msgs_egg
