[0.066s] DEBUG:colcon:Command line arguments: ['/usr/bin/colcon', 'build', '--symlink-install']
[0.066s] DEBUG:colcon:Parsed command line arguments: Namespace(log_base=None, log_level=None, verb_name='build', build_base='build', install_base='install', merge_install=False, symlink_install=True, test_result_base=None, continue_on_error=False, executor='parallel', parallel_workers=12, event_handlers=None, ignore_user_meta=False, metas=['./colcon.meta'], base_paths=['.'], packages_ignore=None, packages_ignore_regex=None, paths=None, packages_up_to=None, packages_up_to_regex=None, packages_above=None, packages_above_and_dependencies=None, packages_above_depth=None, packages_select_by_dep=None, packages_skip_by_dep=None, packages_skip_up_to=None, packages_select_build_failed=False, packages_skip_build_finished=False, packages_select_test_failures=False, packages_skip_test_passed=False, packages_select=None, packages_skip=None, packages_select_regex=None, packages_skip_regex=None, packages_start=None, packages_end=None, allow_overriding=[], cmake_args=None, cmake_target=None, cmake_target_skip_unavailable=False, cmake_clean_cache=False, cmake_clean_first=False, cmake_force_configure=False, ament_cmake_args=None, catkin_cmake_args=None, catkin_skip_building_tests=False, mixin_files=None, mixin=None, verb_parser=<colcon_mixin.mixin.mixin_argument.MixinArgumentDecorator object at 0x7813abd63a30>, verb_extension=<colcon_core.verb.build.BuildVerb object at 0x7813abeac910>, main=<bound method BuildVerb.main of <colcon_core.verb.build.BuildVerb object at 0x7813abeac910>>, mixin_verb=('build',))
[0.157s] Level 1:colcon.colcon_core.package_discovery:discover_packages(colcon_meta) check parameters
[0.158s] Level 1:colcon.colcon_core.package_discovery:discover_packages(recursive) check parameters
[0.158s] Level 1:colcon.colcon_core.package_discovery:discover_packages(ignore) check parameters
[0.158s] Level 1:colcon.colcon_core.package_discovery:discover_packages(path) check parameters
[0.158s] Level 1:colcon.colcon_core.package_discovery:discover_packages(colcon_meta) discover
[0.158s] Level 1:colcon.colcon_core.package_discovery:discover_packages(recursive) discover
[0.158s] INFO:colcon.colcon_core.package_discovery:Crawling recursively for packages in '/home/humble/Desktop/Tasks/Vision_project'
[0.158s] Level 1:colcon.colcon_core.package_identification:_identify(.) by extensions ['ignore', 'ignore_ament_install']
[0.158s] Level 1:colcon.colcon_core.package_identification:_identify(.) by extension 'ignore'
[0.158s] Level 1:colcon.colcon_core.package_identification:_identify(.) by extension 'ignore_ament_install'
[0.158s] Level 1:colcon.colcon_core.package_identification:_identify(.) by extensions ['colcon_pkg']
[0.158s] Level 1:colcon.colcon_core.package_identification:_identify(.) by extension 'colcon_pkg'
[0.158s] Level 1:colcon.colcon_core.package_identification:_identify(.) by extensions ['colcon_meta']
[0.158s] Level 1:colcon.colcon_core.package_identification:_identify(.) by extension 'colcon_meta'
[0.158s] Level 1:colcon.colcon_core.package_identification:_identify(.) by extensions ['ros']
[0.158s] Level 1:colcon.colcon_core.package_identification:_identify(.) by extension 'ros'
[0.165s] Level 1:colcon.colcon_core.package_identification:_identify(.) by extensions ['cmake', 'python']
[0.165s] Level 1:colcon.colcon_core.package_identification:_identify(.) by extension 'cmake'
[0.165s] Level 1:colcon.colcon_core.package_identification:_identify(.) by extension 'python'
[0.165s] Level 1:colcon.colcon_core.package_identification:_identify(.) by extensions ['python_setup_py']
[0.165s] Level 1:colcon.colcon_core.package_identification:_identify(.) by extension 'python_setup_py'
[0.165s] Level 1:colcon.colcon_core.package_identification:_identify(build) by extensions ['ignore', 'ignore_ament_install']
[0.165s] Level 1:colcon.colcon_core.package_identification:_identify(build) by extension 'ignore'
[0.165s] Level 1:colcon.colcon_core.package_identification:_identify(build) ignored
[0.165s] Level 1:colcon.colcon_core.package_identification:_identify(install) by extensions ['ignore', 'ignore_ament_install']
[0.165s] Level 1:colcon.colcon_core.package_identification:_identify(install) by extension 'ignore'
[0.165s] Level 1:colcon.colcon_core.package_identification:_identify(install) ignored
[0.165s] Level 1:colcon.colcon_core.package_identification:_identify(log) by extensions ['ignore', 'ignore_ament_install']
[0.165s] Level 1:colcon.colcon_core.package_identification:_identify(log) by extension 'ignore'
[0.165s] Level 1:colcon.colcon_core.package_identification:_identify(log) ignored
[0.166s] Level 1:colcon.colcon_core.package_identification:_identify(src) by extensions ['ignore', 'ignore_ament_install']
[0.166s] Level 1:colcon.colcon_core.package_identification:_identify(src) by extension 'ignore'
[0.166s] Level 1:colcon.colcon_core.package_identification:_identify(src) by extension 'ignore_ament_install'
[0.166s] Level 1:colcon.colcon_core.package_identification:_identify(src) by extensions ['colcon_pkg']
[0.166s] Level 1:colcon.colcon_core.package_identification:_identify(src) by extension 'colcon_pkg'
[0.166s] Level 1:colcon.colcon_core.package_identification:_identify(src) by extensions ['colcon_meta']
[0.166s] Level 1:colcon.colcon_core.package_identification:_identify(src) by extension 'colcon_meta'
[0.166s] Level 1:colcon.colcon_core.package_identification:_identify(src) by extensions ['ros']
[0.166s] Level 1:colcon.colcon_core.package_identification:_identify(src) by extension 'ros'
[0.166s] Level 1:colcon.colcon_core.package_identification:_identify(src) by extensions ['cmake', 'python']
[0.166s] Level 1:colcon.colcon_core.package_identification:_identify(src) by extension 'cmake'
[0.166s] Level 1:colcon.colcon_core.package_identification:_identify(src) by extension 'python'
[0.166s] Level 1:colcon.colcon_core.package_identification:_identify(src) by extensions ['python_setup_py']
[0.166s] Level 1:colcon.colcon_core.package_identification:_identify(src) by extension 'python_setup_py'
[0.166s] Level 1:colcon.colcon_core.package_identification:_identify(src/bottle_detection) by extensions ['ignore', 'ignore_ament_install']
[0.166s] Level 1:colcon.colcon_core.package_identification:_identify(src/bottle_detection) by extension 'ignore'
[0.166s] Level 1:colcon.colcon_core.package_identification:_identify(src/bottle_detection) by extension 'ignore_ament_install'
[0.166s] Level 1:colcon.colcon_core.package_identification:_identify(src/bottle_detection) by extensions ['colcon_pkg']
[0.166s] Level 1:colcon.colcon_core.package_identification:_identify(src/bottle_detection) by extension 'colcon_pkg'
[0.166s] Level 1:colcon.colcon_core.package_identification:_identify(src/bottle_detection) by extensions ['colcon_meta']
[0.166s] Level 1:colcon.colcon_core.package_identification:_identify(src/bottle_detection) by extension 'colcon_meta'
[0.166s] Level 1:colcon.colcon_core.package_identification:_identify(src/bottle_detection) by extensions ['ros']
[0.166s] Level 1:colcon.colcon_core.package_identification:_identify(src/bottle_detection) by extension 'ros'
[0.168s] DEBUG:colcon.colcon_core.package_identification:Package 'src/bottle_detection' with type 'ros.ament_python' and name 'bottle_detection'
[0.168s] Level 1:colcon.colcon_core.package_identification:_identify(src/item_spawner) by extensions ['ignore', 'ignore_ament_install']
[0.168s] Level 1:colcon.colcon_core.package_identification:_identify(src/item_spawner) by extension 'ignore'
[0.168s] Level 1:colcon.colcon_core.package_identification:_identify(src/item_spawner) by extension 'ignore_ament_install'
[0.168s] Level 1:colcon.colcon_core.package_identification:_identify(src/item_spawner) by extensions ['colcon_pkg']
[0.168s] Level 1:colcon.colcon_core.package_identification:_identify(src/item_spawner) by extension 'colcon_pkg'
[0.168s] Level 1:colcon.colcon_core.package_identification:_identify(src/item_spawner) by extensions ['colcon_meta']
[0.168s] Level 1:colcon.colcon_core.package_identification:_identify(src/item_spawner) by extension 'colcon_meta'
[0.168s] Level 1:colcon.colcon_core.package_identification:_identify(src/item_spawner) by extensions ['ros']
[0.168s] Level 1:colcon.colcon_core.package_identification:_identify(src/item_spawner) by extension 'ros'
[0.169s] DEBUG:colcon.colcon_core.package_identification:Package 'src/item_spawner' with type 'ros.ament_python' and name 'item_spawner'
[0.169s] Level 1:colcon.colcon_core.package_identification:_identify(src/naviarm_bringup) by extensions ['ignore', 'ignore_ament_install']
[0.169s] Level 1:colcon.colcon_core.package_identification:_identify(src/naviarm_bringup) by extension 'ignore'
[0.169s] Level 1:colcon.colcon_core.package_identification:_identify(src/naviarm_bringup) by extension 'ignore_ament_install'
[0.169s] Level 1:colcon.colcon_core.package_identification:_identify(src/naviarm_bringup) by extensions ['colcon_pkg']
[0.169s] Level 1:colcon.colcon_core.package_identification:_identify(src/naviarm_bringup) by extension 'colcon_pkg'
[0.169s] Level 1:colcon.colcon_core.package_identification:_identify(src/naviarm_bringup) by extensions ['colcon_meta']
[0.169s] Level 1:colcon.colcon_core.package_identification:_identify(src/naviarm_bringup) by extension 'colcon_meta'
[0.169s] Level 1:colcon.colcon_core.package_identification:_identify(src/naviarm_bringup) by extensions ['ros']
[0.169s] Level 1:colcon.colcon_core.package_identification:_identify(src/naviarm_bringup) by extension 'ros'
[0.169s] DEBUG:colcon.colcon_core.package_identification:Package 'src/naviarm_bringup' with type 'ros.ament_cmake' and name 'naviarm_bringup'
[0.169s] Level 1:colcon.colcon_core.package_identification:_identify(src/naviarm_gazebo) by extensions ['ignore', 'ignore_ament_install']
[0.169s] Level 1:colcon.colcon_core.package_identification:_identify(src/naviarm_gazebo) by extension 'ignore'
[0.169s] Level 1:colcon.colcon_core.package_identification:_identify(src/naviarm_gazebo) by extension 'ignore_ament_install'
[0.169s] Level 1:colcon.colcon_core.package_identification:_identify(src/naviarm_gazebo) by extensions ['colcon_pkg']
[0.169s] Level 1:colcon.colcon_core.package_identification:_identify(src/naviarm_gazebo) by extension 'colcon_pkg'
[0.169s] Level 1:colcon.colcon_core.package_identification:_identify(src/naviarm_gazebo) by extensions ['colcon_meta']
[0.169s] Level 1:colcon.colcon_core.package_identification:_identify(src/naviarm_gazebo) by extension 'colcon_meta'
[0.169s] Level 1:colcon.colcon_core.package_identification:_identify(src/naviarm_gazebo) by extensions ['ros']
[0.169s] Level 1:colcon.colcon_core.package_identification:_identify(src/naviarm_gazebo) by extension 'ros'
[0.170s] DEBUG:colcon.colcon_core.package_identification:Package 'src/naviarm_gazebo' with type 'ros.ament_cmake' and name 'naviarm_gazebo'
[0.170s] Level 1:colcon.colcon_core.package_identification:_identify(src/utils) by extensions ['ignore', 'ignore_ament_install']
[0.170s] Level 1:colcon.colcon_core.package_identification:_identify(src/utils) by extension 'ignore'
[0.170s] Level 1:colcon.colcon_core.package_identification:_identify(src/utils) by extension 'ignore_ament_install'
[0.170s] Level 1:colcon.colcon_core.package_identification:_identify(src/utils) by extensions ['colcon_pkg']
[0.170s] Level 1:colcon.colcon_core.package_identification:_identify(src/utils) by extension 'colcon_pkg'
[0.170s] Level 1:colcon.colcon_core.package_identification:_identify(src/utils) by extensions ['colcon_meta']
[0.170s] Level 1:colcon.colcon_core.package_identification:_identify(src/utils) by extension 'colcon_meta'
[0.170s] Level 1:colcon.colcon_core.package_identification:_identify(src/utils) by extensions ['ros']
[0.170s] Level 1:colcon.colcon_core.package_identification:_identify(src/utils) by extension 'ros'
[0.170s] Level 1:colcon.colcon_core.package_identification:_identify(src/utils) by extensions ['cmake', 'python']
[0.170s] Level 1:colcon.colcon_core.package_identification:_identify(src/utils) by extension 'cmake'
[0.170s] Level 1:colcon.colcon_core.package_identification:_identify(src/utils) by extension 'python'
[0.170s] Level 1:colcon.colcon_core.package_identification:_identify(src/utils) by extensions ['python_setup_py']
[0.170s] Level 1:colcon.colcon_core.package_identification:_identify(src/utils) by extension 'python_setup_py'
[0.170s] Level 1:colcon.colcon_core.package_identification:_identify(src/utils/conveyorbelt_msgs) by extensions ['ignore', 'ignore_ament_install']
[0.170s] Level 1:colcon.colcon_core.package_identification:_identify(src/utils/conveyorbelt_msgs) by extension 'ignore'
[0.170s] Level 1:colcon.colcon_core.package_identification:_identify(src/utils/conveyorbelt_msgs) by extension 'ignore_ament_install'
[0.170s] Level 1:colcon.colcon_core.package_identification:_identify(src/utils/conveyorbelt_msgs) by extensions ['colcon_pkg']
[0.170s] Level 1:colcon.colcon_core.package_identification:_identify(src/utils/conveyorbelt_msgs) by extension 'colcon_pkg'
[0.170s] Level 1:colcon.colcon_core.package_identification:_identify(src/utils/conveyorbelt_msgs) by extensions ['colcon_meta']
[0.170s] Level 1:colcon.colcon_core.package_identification:_identify(src/utils/conveyorbelt_msgs) by extension 'colcon_meta'
[0.170s] Level 1:colcon.colcon_core.package_identification:_identify(src/utils/conveyorbelt_msgs) by extensions ['ros']
[0.170s] Level 1:colcon.colcon_core.package_identification:_identify(src/utils/conveyorbelt_msgs) by extension 'ros'
[0.170s] DEBUG:colcon.colcon_core.package_identification:Package 'src/utils/conveyorbelt_msgs' with type 'ros.ament_cmake' and name 'conveyorbelt_msgs'
[0.170s] Level 1:colcon.colcon_core.package_identification:_identify(src/vision_box_detector) by extensions ['ignore', 'ignore_ament_install']
[0.171s] Level 1:colcon.colcon_core.package_identification:_identify(src/vision_box_detector) by extension 'ignore'
[0.171s] Level 1:colcon.colcon_core.package_identification:_identify(src/vision_box_detector) by extension 'ignore_ament_install'
[0.171s] Level 1:colcon.colcon_core.package_identification:_identify(src/vision_box_detector) by extensions ['colcon_pkg']
[0.171s] Level 1:colcon.colcon_core.package_identification:_identify(src/vision_box_detector) by extension 'colcon_pkg'
[0.171s] Level 1:colcon.colcon_core.package_identification:_identify(src/vision_box_detector) by extensions ['colcon_meta']
[0.171s] Level 1:colcon.colcon_core.package_identification:_identify(src/vision_box_detector) by extension 'colcon_meta'
[0.171s] Level 1:colcon.colcon_core.package_identification:_identify(src/vision_box_detector) by extensions ['ros']
[0.171s] Level 1:colcon.colcon_core.package_identification:_identify(src/vision_box_detector) by extension 'ros'
[0.171s] DEBUG:colcon.colcon_core.package_identification:Package 'src/vision_box_detector' with type 'ros.ament_python' and name 'vision_box_detector'
[0.171s] Level 1:colcon.colcon_core.package_discovery:discover_packages(recursive) using defaults
[0.171s] Level 1:colcon.colcon_core.package_discovery:discover_packages(ignore) discover
[0.171s] Level 1:colcon.colcon_core.package_discovery:discover_packages(ignore) using defaults
[0.171s] Level 1:colcon.colcon_core.package_discovery:discover_packages(path) discover
[0.171s] Level 1:colcon.colcon_core.package_discovery:discover_packages(path) using defaults
[0.190s] Level 1:colcon.colcon_core.package_discovery:discover_packages(prefix_path) check parameters
[0.190s] Level 1:colcon.colcon_core.package_discovery:discover_packages(prefix_path) discover
[0.191s] DEBUG:colcon.colcon_installed_package_information.package_discovery:Found 6 installed packages in /home/humble/Desktop/Tasks/Vision_project/install
[0.192s] DEBUG:colcon.colcon_installed_package_information.package_discovery:Found 318 installed packages in /opt/ros/humble
[0.193s] Level 1:colcon.colcon_core.package_discovery:discover_packages(prefix_path) using defaults
[0.214s] Level 5:colcon.colcon_core.verb:set package 'bottle_detection' build argument 'cmake_args' from command line to 'None'
[0.214s] Level 5:colcon.colcon_core.verb:set package 'bottle_detection' build argument 'cmake_target' from command line to 'None'
[0.214s] Level 5:colcon.colcon_core.verb:set package 'bottle_detection' build argument 'cmake_target_skip_unavailable' from command line to 'False'
[0.214s] Level 5:colcon.colcon_core.verb:set package 'bottle_detection' build argument 'cmake_clean_cache' from command line to 'False'
[0.214s] Level 5:colcon.colcon_core.verb:set package 'bottle_detection' build argument 'cmake_clean_first' from command line to 'False'
[0.214s] Level 5:colcon.colcon_core.verb:set package 'bottle_detection' build argument 'cmake_force_configure' from command line to 'False'
[0.214s] Level 5:colcon.colcon_core.verb:set package 'bottle_detection' build argument 'ament_cmake_args' from command line to 'None'
[0.214s] Level 5:colcon.colcon_core.verb:set package 'bottle_detection' build argument 'catkin_cmake_args' from command line to 'None'
[0.214s] Level 5:colcon.colcon_core.verb:set package 'bottle_detection' build argument 'catkin_skip_building_tests' from command line to 'False'
[0.214s] DEBUG:colcon.colcon_core.verb:Building package 'bottle_detection' with the following arguments: {'ament_cmake_args': None, 'build_base': '/home/humble/Desktop/Tasks/Vision_project/build/bottle_detection', 'catkin_cmake_args': None, 'catkin_skip_building_tests': False, 'cmake_args': None, 'cmake_clean_cache': False, 'cmake_clean_first': False, 'cmake_force_configure': False, 'cmake_target': None, 'cmake_target_skip_unavailable': False, 'install_base': '/home/humble/Desktop/Tasks/Vision_project/install/bottle_detection', 'merge_install': False, 'path': '/home/humble/Desktop/Tasks/Vision_project/src/bottle_detection', 'symlink_install': True, 'test_result_base': None}
[0.214s] Level 5:colcon.colcon_core.verb:set package 'conveyorbelt_msgs' build argument 'cmake_args' from command line to 'None'
[0.214s] Level 5:colcon.colcon_core.verb:set package 'conveyorbelt_msgs' build argument 'cmake_target' from command line to 'None'
[0.214s] Level 5:colcon.colcon_core.verb:set package 'conveyorbelt_msgs' build argument 'cmake_target_skip_unavailable' from command line to 'False'
[0.214s] Level 5:colcon.colcon_core.verb:set package 'conveyorbelt_msgs' build argument 'cmake_clean_cache' from command line to 'False'
[0.214s] Level 5:colcon.colcon_core.verb:set package 'conveyorbelt_msgs' build argument 'cmake_clean_first' from command line to 'False'
[0.214s] Level 5:colcon.colcon_core.verb:set package 'conveyorbelt_msgs' build argument 'cmake_force_configure' from command line to 'False'
[0.214s] Level 5:colcon.colcon_core.verb:set package 'conveyorbelt_msgs' build argument 'ament_cmake_args' from command line to 'None'
[0.214s] Level 5:colcon.colcon_core.verb:set package 'conveyorbelt_msgs' build argument 'catkin_cmake_args' from command line to 'None'
[0.214s] Level 5:colcon.colcon_core.verb:set package 'conveyorbelt_msgs' build argument 'catkin_skip_building_tests' from command line to 'False'
[0.214s] DEBUG:colcon.colcon_core.verb:Building package 'conveyorbelt_msgs' with the following arguments: {'ament_cmake_args': None, 'build_base': '/home/humble/Desktop/Tasks/Vision_project/build/conveyorbelt_msgs', 'catkin_cmake_args': None, 'catkin_skip_building_tests': False, 'cmake_args': None, 'cmake_clean_cache': False, 'cmake_clean_first': False, 'cmake_force_configure': False, 'cmake_target': None, 'cmake_target_skip_unavailable': False, 'install_base': '/home/humble/Desktop/Tasks/Vision_project/install/conveyorbelt_msgs', 'merge_install': False, 'path': '/home/humble/Desktop/Tasks/Vision_project/src/utils/conveyorbelt_msgs', 'symlink_install': True, 'test_result_base': None}
[0.215s] Level 5:colcon.colcon_core.verb:set package 'item_spawner' build argument 'cmake_args' from command line to 'None'
[0.215s] Level 5:colcon.colcon_core.verb:set package 'item_spawner' build argument 'cmake_target' from command line to 'None'
[0.215s] Level 5:colcon.colcon_core.verb:set package 'item_spawner' build argument 'cmake_target_skip_unavailable' from command line to 'False'
[0.215s] Level 5:colcon.colcon_core.verb:set package 'item_spawner' build argument 'cmake_clean_cache' from command line to 'False'
[0.215s] Level 5:colcon.colcon_core.verb:set package 'item_spawner' build argument 'cmake_clean_first' from command line to 'False'
[0.215s] Level 5:colcon.colcon_core.verb:set package 'item_spawner' build argument 'cmake_force_configure' from command line to 'False'
[0.215s] Level 5:colcon.colcon_core.verb:set package 'item_spawner' build argument 'ament_cmake_args' from command line to 'None'
[0.215s] Level 5:colcon.colcon_core.verb:set package 'item_spawner' build argument 'catkin_cmake_args' from command line to 'None'
[0.215s] Level 5:colcon.colcon_core.verb:set package 'item_spawner' build argument 'catkin_skip_building_tests' from command line to 'False'
[0.215s] DEBUG:colcon.colcon_core.verb:Building package 'item_spawner' with the following arguments: {'ament_cmake_args': None, 'build_base': '/home/humble/Desktop/Tasks/Vision_project/build/item_spawner', 'catkin_cmake_args': None, 'catkin_skip_building_tests': False, 'cmake_args': None, 'cmake_clean_cache': False, 'cmake_clean_first': False, 'cmake_force_configure': False, 'cmake_target': None, 'cmake_target_skip_unavailable': False, 'install_base': '/home/humble/Desktop/Tasks/Vision_project/install/item_spawner', 'merge_install': False, 'path': '/home/humble/Desktop/Tasks/Vision_project/src/item_spawner', 'symlink_install': True, 'test_result_base': None}
[0.215s] Level 5:colcon.colcon_core.verb:set package 'naviarm_bringup' build argument 'cmake_args' from command line to 'None'
[0.215s] Level 5:colcon.colcon_core.verb:set package 'naviarm_bringup' build argument 'cmake_target' from command line to 'None'
[0.215s] Level 5:colcon.colcon_core.verb:set package 'naviarm_bringup' build argument 'cmake_target_skip_unavailable' from command line to 'False'
[0.215s] Level 5:colcon.colcon_core.verb:set package 'naviarm_bringup' build argument 'cmake_clean_cache' from command line to 'False'
[0.215s] Level 5:colcon.colcon_core.verb:set package 'naviarm_bringup' build argument 'cmake_clean_first' from command line to 'False'
[0.215s] Level 5:colcon.colcon_core.verb:set package 'naviarm_bringup' build argument 'cmake_force_configure' from command line to 'False'
[0.215s] Level 5:colcon.colcon_core.verb:set package 'naviarm_bringup' build argument 'ament_cmake_args' from command line to 'None'
[0.215s] Level 5:colcon.colcon_core.verb:set package 'naviarm_bringup' build argument 'catkin_cmake_args' from command line to 'None'
[0.215s] Level 5:colcon.colcon_core.verb:set package 'naviarm_bringup' build argument 'catkin_skip_building_tests' from command line to 'False'
[0.215s] DEBUG:colcon.colcon_core.verb:Building package 'naviarm_bringup' with the following arguments: {'ament_cmake_args': None, 'build_base': '/home/humble/Desktop/Tasks/Vision_project/build/naviarm_bringup', 'catkin_cmake_args': None, 'catkin_skip_building_tests': False, 'cmake_args': None, 'cmake_clean_cache': False, 'cmake_clean_first': False, 'cmake_force_configure': False, 'cmake_target': None, 'cmake_target_skip_unavailable': False, 'install_base': '/home/humble/Desktop/Tasks/Vision_project/install/naviarm_bringup', 'merge_install': False, 'path': '/home/humble/Desktop/Tasks/Vision_project/src/naviarm_bringup', 'symlink_install': True, 'test_result_base': None}
[0.215s] Level 5:colcon.colcon_core.verb:set package 'naviarm_gazebo' build argument 'cmake_args' from command line to 'None'
[0.215s] Level 5:colcon.colcon_core.verb:set package 'naviarm_gazebo' build argument 'cmake_target' from command line to 'None'
[0.215s] Level 5:colcon.colcon_core.verb:set package 'naviarm_gazebo' build argument 'cmake_target_skip_unavailable' from command line to 'False'
[0.215s] Level 5:colcon.colcon_core.verb:set package 'naviarm_gazebo' build argument 'cmake_clean_cache' from command line to 'False'
[0.215s] Level 5:colcon.colcon_core.verb:set package 'naviarm_gazebo' build argument 'cmake_clean_first' from command line to 'False'
[0.215s] Level 5:colcon.colcon_core.verb:set package 'naviarm_gazebo' build argument 'cmake_force_configure' from command line to 'False'
[0.215s] Level 5:colcon.colcon_core.verb:set package 'naviarm_gazebo' build argument 'ament_cmake_args' from command line to 'None'
[0.215s] Level 5:colcon.colcon_core.verb:set package 'naviarm_gazebo' build argument 'catkin_cmake_args' from command line to 'None'
[0.215s] Level 5:colcon.colcon_core.verb:set package 'naviarm_gazebo' build argument 'catkin_skip_building_tests' from command line to 'False'
[0.215s] DEBUG:colcon.colcon_core.verb:Building package 'naviarm_gazebo' with the following arguments: {'ament_cmake_args': None, 'build_base': '/home/humble/Desktop/Tasks/Vision_project/build/naviarm_gazebo', 'catkin_cmake_args': None, 'catkin_skip_building_tests': False, 'cmake_args': None, 'cmake_clean_cache': False, 'cmake_clean_first': False, 'cmake_force_configure': False, 'cmake_target': None, 'cmake_target_skip_unavailable': False, 'install_base': '/home/humble/Desktop/Tasks/Vision_project/install/naviarm_gazebo', 'merge_install': False, 'path': '/home/humble/Desktop/Tasks/Vision_project/src/naviarm_gazebo', 'symlink_install': True, 'test_result_base': None}
[0.215s] Level 5:colcon.colcon_core.verb:set package 'vision_box_detector' build argument 'cmake_args' from command line to 'None'
[0.215s] Level 5:colcon.colcon_core.verb:set package 'vision_box_detector' build argument 'cmake_target' from command line to 'None'
[0.215s] Level 5:colcon.colcon_core.verb:set package 'vision_box_detector' build argument 'cmake_target_skip_unavailable' from command line to 'False'
[0.215s] Level 5:colcon.colcon_core.verb:set package 'vision_box_detector' build argument 'cmake_clean_cache' from command line to 'False'
[0.215s] Level 5:colcon.colcon_core.verb:set package 'vision_box_detector' build argument 'cmake_clean_first' from command line to 'False'
[0.215s] Level 5:colcon.colcon_core.verb:set package 'vision_box_detector' build argument 'cmake_force_configure' from command line to 'False'
[0.216s] Level 5:colcon.colcon_core.verb:set package 'vision_box_detector' build argument 'ament_cmake_args' from command line to 'None'
[0.216s] Level 5:colcon.colcon_core.verb:set package 'vision_box_detector' build argument 'catkin_cmake_args' from command line to 'None'
[0.216s] Level 5:colcon.colcon_core.verb:set package 'vision_box_detector' build argument 'catkin_skip_building_tests' from command line to 'False'
[0.216s] DEBUG:colcon.colcon_core.verb:Building package 'vision_box_detector' with the following arguments: {'ament_cmake_args': None, 'build_base': '/home/humble/Desktop/Tasks/Vision_project/build/vision_box_detector', 'catkin_cmake_args': None, 'catkin_skip_building_tests': False, 'cmake_args': None, 'cmake_clean_cache': False, 'cmake_clean_first': False, 'cmake_force_configure': False, 'cmake_target': None, 'cmake_target_skip_unavailable': False, 'install_base': '/home/humble/Desktop/Tasks/Vision_project/install/vision_box_detector', 'merge_install': False, 'path': '/home/humble/Desktop/Tasks/Vision_project/src/vision_box_detector', 'symlink_install': True, 'test_result_base': None}
[0.216s] INFO:colcon.colcon_core.executor:Executing jobs using 'parallel' executor
[0.216s] DEBUG:colcon.colcon_parallel_executor.executor.parallel:run_until_complete
[0.217s] INFO:colcon.colcon_ros.task.ament_cmake.build:Building ROS package in '/home/humble/Desktop/Tasks/Vision_project/src/utils/conveyorbelt_msgs' with build type 'ament_cmake'
[0.217s] INFO:colcon.colcon_cmake.task.cmake.build:Building CMake package in '/home/humble/Desktop/Tasks/Vision_project/src/utils/conveyorbelt_msgs'
[0.218s] INFO:colcon.colcon_core.plugin_system:Skipping extension 'colcon_core.shell.bat': Not used on non-Windows systems
[0.218s] INFO:colcon.colcon_core.shell:Skip shell extension 'powershell' for command environment: Not usable outside of PowerShell
[0.218s] DEBUG:colcon.colcon_core.shell:Skip shell extension 'dsv' for command environment
[0.220s] INFO:colcon.colcon_ros.task.ament_python.build:Building ROS package in '/home/humble/Desktop/Tasks/Vision_project/src/bottle_detection' with build type 'ament_python'
[0.220s] Level 1:colcon.colcon_core.shell:create_environment_hook('bottle_detection', 'ament_prefix_path')
[0.220s] INFO:colcon.colcon_core.shell:Creating environment hook '/home/humble/Desktop/Tasks/Vision_project/install/bottle_detection/share/bottle_detection/hook/ament_prefix_path.ps1'
[0.221s] INFO:colcon.colcon_core.shell:Creating environment descriptor '/home/humble/Desktop/Tasks/Vision_project/install/bottle_detection/share/bottle_detection/hook/ament_prefix_path.dsv'
[0.221s] INFO:colcon.colcon_core.shell:Creating environment hook '/home/humble/Desktop/Tasks/Vision_project/install/bottle_detection/share/bottle_detection/hook/ament_prefix_path.sh'
[0.221s] INFO:colcon.colcon_core.shell:Skip shell extension 'powershell' for command environment: Not usable outside of PowerShell
[0.221s] DEBUG:colcon.colcon_core.shell:Skip shell extension 'dsv' for command environment
[0.223s] INFO:colcon.colcon_ros.task.ament_python.build:Building ROS package in '/home/humble/Desktop/Tasks/Vision_project/src/item_spawner' with build type 'ament_python'
[0.223s] Level 1:colcon.colcon_core.shell:create_environment_hook('item_spawner', 'ament_prefix_path')
[0.223s] INFO:colcon.colcon_core.shell:Creating environment hook '/home/humble/Desktop/Tasks/Vision_project/install/item_spawner/share/item_spawner/hook/ament_prefix_path.ps1'
[0.224s] INFO:colcon.colcon_core.shell:Creating environment descriptor '/home/humble/Desktop/Tasks/Vision_project/install/item_spawner/share/item_spawner/hook/ament_prefix_path.dsv'
[0.224s] INFO:colcon.colcon_core.shell:Creating environment hook '/home/humble/Desktop/Tasks/Vision_project/install/item_spawner/share/item_spawner/hook/ament_prefix_path.sh'
[0.224s] INFO:colcon.colcon_core.shell:Skip shell extension 'powershell' for command environment: Not usable outside of PowerShell
[0.224s] DEBUG:colcon.colcon_core.shell:Skip shell extension 'dsv' for command environment
[0.229s] INFO:colcon.colcon_ros.task.ament_cmake.build:Building ROS package in '/home/humble/Desktop/Tasks/Vision_project/src/naviarm_bringup' with build type 'ament_cmake'
[0.229s] INFO:colcon.colcon_cmake.task.cmake.build:Building CMake package in '/home/humble/Desktop/Tasks/Vision_project/src/naviarm_bringup'
[0.229s] INFO:colcon.colcon_core.shell:Skip shell extension 'powershell' for command environment: Not usable outside of PowerShell
[0.229s] DEBUG:colcon.colcon_core.shell:Skip shell extension 'dsv' for command environment
[0.231s] INFO:colcon.colcon_ros.task.ament_cmake.build:Building ROS package in '/home/humble/Desktop/Tasks/Vision_project/src/naviarm_gazebo' with build type 'ament_cmake'
[0.232s] INFO:colcon.colcon_cmake.task.cmake.build:Building CMake package in '/home/humble/Desktop/Tasks/Vision_project/src/naviarm_gazebo'
[0.232s] INFO:colcon.colcon_core.shell:Skip shell extension 'powershell' for command environment: Not usable outside of PowerShell
[0.232s] DEBUG:colcon.colcon_core.shell:Skip shell extension 'dsv' for command environment
[0.238s] DEBUG:colcon.colcon_core.event_handler.log_command:Invoking command in '/home/humble/Desktop/Tasks/Vision_project/build/conveyorbelt_msgs': CMAKE_PREFIX_PATH=${CMAKE_PREFIX_PATH}:/home/humble/Desktop/Tasks/Vision_project/install/bottle_detection:/home/humble/Desktop/Tasks/Vision_project/install/item_spawner:/home/humble/Desktop/Tasks/Vision_project/install/vision_box_detector:/opt/ros/humble /usr/bin/cmake --build /home/humble/Desktop/Tasks/Vision_project/build/conveyorbelt_msgs -- -j12 -l12
[0.406s] INFO:colcon.colcon_core.task.python.build:Building Python package in '/home/humble/Desktop/Tasks/Vision_project/src/bottle_detection'
[0.406s] INFO:colcon.colcon_core.shell:Skip shell extension 'powershell' for command environment: Not usable outside of PowerShell
[0.406s] DEBUG:colcon.colcon_core.shell:Skip shell extension 'dsv' for command environment
[0.564s] INFO:colcon.colcon_core.task.python.build:Building Python package in '/home/humble/Desktop/Tasks/Vision_project/src/item_spawner'
[0.564s] INFO:colcon.colcon_core.shell:Skip shell extension 'powershell' for command environment: Not usable outside of PowerShell
[0.564s] DEBUG:colcon.colcon_core.shell:Skip shell extension 'dsv' for command environment
[0.568s] DEBUG:colcon.colcon_core.event_handler.log_command:Invoking command in '/home/humble/Desktop/Tasks/Vision_project/build/naviarm_bringup': CMAKE_PREFIX_PATH=${CMAKE_PREFIX_PATH}:/home/humble/Desktop/Tasks/Vision_project/install/bottle_detection:/home/humble/Desktop/Tasks/Vision_project/install/item_spawner:/home/humble/Desktop/Tasks/Vision_project/install/vision_box_detector:/opt/ros/humble /usr/bin/cmake --build /home/humble/Desktop/Tasks/Vision_project/build/naviarm_bringup -- -j12 -l12
[0.572s] DEBUG:colcon.colcon_core.event_handler.log_command:Invoking command in '/home/humble/Desktop/Tasks/Vision_project/build/naviarm_gazebo': CMAKE_PREFIX_PATH=${CMAKE_PREFIX_PATH}:/home/humble/Desktop/Tasks/Vision_project/install/bottle_detection:/home/humble/Desktop/Tasks/Vision_project/install/item_spawner:/home/humble/Desktop/Tasks/Vision_project/install/vision_box_detector:/opt/ros/humble /usr/bin/cmake --build /home/humble/Desktop/Tasks/Vision_project/build/naviarm_gazebo -- -j12 -l12
[0.572s] DEBUG:colcon.colcon_core.event_handler.log_command:Invoked command in '/home/humble/Desktop/Tasks/Vision_project/build/conveyorbelt_msgs' returned '0': CMAKE_PREFIX_PATH=${CMAKE_PREFIX_PATH}:/home/humble/Desktop/Tasks/Vision_project/install/bottle_detection:/home/humble/Desktop/Tasks/Vision_project/install/item_spawner:/home/humble/Desktop/Tasks/Vision_project/install/vision_box_detector:/opt/ros/humble /usr/bin/cmake --build /home/humble/Desktop/Tasks/Vision_project/build/conveyorbelt_msgs -- -j12 -l12
[0.580s] DEBUG:colcon.colcon_core.event_handler.log_command:Invoking command in '/home/humble/Desktop/Tasks/Vision_project/build/conveyorbelt_msgs': CMAKE_PREFIX_PATH=${CMAKE_PREFIX_PATH}:/home/humble/Desktop/Tasks/Vision_project/install/bottle_detection:/home/humble/Desktop/Tasks/Vision_project/install/item_spawner:/home/humble/Desktop/Tasks/Vision_project/install/vision_box_detector:/opt/ros/humble /usr/bin/cmake --install /home/humble/Desktop/Tasks/Vision_project/build/conveyorbelt_msgs
[0.595s] DEBUG:colcon.colcon_core.event_handler.log_command:Invoked command in '/home/humble/Desktop/Tasks/Vision_project/build/naviarm_gazebo' returned '0': CMAKE_PREFIX_PATH=${CMAKE_PREFIX_PATH}:/home/humble/Desktop/Tasks/Vision_project/install/bottle_detection:/home/humble/Desktop/Tasks/Vision_project/install/item_spawner:/home/humble/Desktop/Tasks/Vision_project/install/vision_box_detector:/opt/ros/humble /usr/bin/cmake --build /home/humble/Desktop/Tasks/Vision_project/build/naviarm_gazebo -- -j12 -l12
[0.596s] DEBUG:colcon.colcon_core.event_handler.log_command:Invoking command in '/home/humble/Desktop/Tasks/Vision_project/build/naviarm_gazebo': CMAKE_PREFIX_PATH=${CMAKE_PREFIX_PATH}:/home/humble/Desktop/Tasks/Vision_project/install/bottle_detection:/home/humble/Desktop/Tasks/Vision_project/install/item_spawner:/home/humble/Desktop/Tasks/Vision_project/install/vision_box_detector:/opt/ros/humble /usr/bin/cmake --install /home/humble/Desktop/Tasks/Vision_project/build/naviarm_gazebo
[0.598s] DEBUG:colcon.colcon_core.event_handler.log_command:Invoked command in '/home/humble/Desktop/Tasks/Vision_project/build/naviarm_bringup' returned '0': CMAKE_PREFIX_PATH=${CMAKE_PREFIX_PATH}:/home/humble/Desktop/Tasks/Vision_project/install/bottle_detection:/home/humble/Desktop/Tasks/Vision_project/install/item_spawner:/home/humble/Desktop/Tasks/Vision_project/install/vision_box_detector:/opt/ros/humble /usr/bin/cmake --build /home/humble/Desktop/Tasks/Vision_project/build/naviarm_bringup -- -j12 -l12
[0.600s] DEBUG:colcon.colcon_core.event_handler.log_command:Invoking command in '/home/humble/Desktop/Tasks/Vision_project/build/naviarm_bringup': CMAKE_PREFIX_PATH=${CMAKE_PREFIX_PATH}:/home/humble/Desktop/Tasks/Vision_project/install/bottle_detection:/home/humble/Desktop/Tasks/Vision_project/install/item_spawner:/home/humble/Desktop/Tasks/Vision_project/install/vision_box_detector:/opt/ros/humble /usr/bin/cmake --install /home/humble/Desktop/Tasks/Vision_project/build/naviarm_bringup
[0.620s] Level 1:colcon.colcon_core.environment:create_environment_scripts_only(naviarm_bringup)
[0.622s] DEBUG:colcon.colcon_core.event_handler.log_command:Invoked command in '/home/humble/Desktop/Tasks/Vision_project/build/naviarm_bringup' returned '0': CMAKE_PREFIX_PATH=${CMAKE_PREFIX_PATH}:/home/humble/Desktop/Tasks/Vision_project/install/bottle_detection:/home/humble/Desktop/Tasks/Vision_project/install/item_spawner:/home/humble/Desktop/Tasks/Vision_project/install/vision_box_detector:/opt/ros/humble /usr/bin/cmake --install /home/humble/Desktop/Tasks/Vision_project/build/naviarm_bringup
[0.637s] Level 1:colcon.colcon_core.environment:checking '/home/humble/Desktop/Tasks/Vision_project/install/naviarm_bringup' for CMake module files
[0.639s] Level 1:colcon.colcon_core.environment:checking '/home/humble/Desktop/Tasks/Vision_project/install/naviarm_bringup' for CMake config files
[0.640s] Level 1:colcon.colcon_core.shell:create_environment_hook('naviarm_bringup', 'cmake_prefix_path')
[0.640s] INFO:colcon.colcon_core.shell:Creating environment hook '/home/humble/Desktop/Tasks/Vision_project/install/naviarm_bringup/share/naviarm_bringup/hook/cmake_prefix_path.ps1'
[0.641s] INFO:colcon.colcon_core.shell:Creating environment descriptor '/home/humble/Desktop/Tasks/Vision_project/install/naviarm_bringup/share/naviarm_bringup/hook/cmake_prefix_path.dsv'
[0.641s] INFO:colcon.colcon_core.shell:Creating environment hook '/home/humble/Desktop/Tasks/Vision_project/install/naviarm_bringup/share/naviarm_bringup/hook/cmake_prefix_path.sh'
[0.642s] Level 1:colcon.colcon_core.environment:checking '/home/humble/Desktop/Tasks/Vision_project/install/naviarm_bringup/bin'
[0.642s] Level 1:colcon.colcon_core.environment:checking '/home/humble/Desktop/Tasks/Vision_project/install/naviarm_bringup/lib/pkgconfig/naviarm_bringup.pc'
[0.642s] Level 1:colcon.colcon_core.environment:checking '/home/humble/Desktop/Tasks/Vision_project/install/naviarm_bringup/lib/python3.10/site-packages'
[0.642s] Level 1:colcon.colcon_core.environment:checking '/home/humble/Desktop/Tasks/Vision_project/install/naviarm_bringup/bin'
[0.643s] INFO:colcon.colcon_core.shell:Creating package script '/home/humble/Desktop/Tasks/Vision_project/install/naviarm_bringup/share/naviarm_bringup/package.ps1'
[0.644s] INFO:colcon.colcon_core.shell:Creating package descriptor '/home/humble/Desktop/Tasks/Vision_project/install/naviarm_bringup/share/naviarm_bringup/package.dsv'
[0.645s] INFO:colcon.colcon_core.shell:Creating package script '/home/humble/Desktop/Tasks/Vision_project/install/naviarm_bringup/share/naviarm_bringup/package.sh'
[0.645s] INFO:colcon.colcon_core.shell:Creating package script '/home/humble/Desktop/Tasks/Vision_project/install/naviarm_bringup/share/naviarm_bringup/package.bash'
[0.646s] INFO:colcon.colcon_core.shell:Creating package script '/home/humble/Desktop/Tasks/Vision_project/install/naviarm_bringup/share/naviarm_bringup/package.zsh'
[0.647s] Level 1:colcon.colcon_core.environment:create_file_with_runtime_dependencies(/home/humble/Desktop/Tasks/Vision_project/install/naviarm_bringup/share/colcon-core/packages/naviarm_bringup)
[0.647s] Level 1:colcon.colcon_core.environment:create_environment_scripts_only(naviarm_bringup)
[0.648s] Level 1:colcon.colcon_core.environment:checking '/home/humble/Desktop/Tasks/Vision_project/install/naviarm_bringup' for CMake module files
[0.648s] Level 1:colcon.colcon_core.environment:checking '/home/humble/Desktop/Tasks/Vision_project/install/naviarm_bringup' for CMake config files
[0.648s] Level 1:colcon.colcon_core.shell:create_environment_hook('naviarm_bringup', 'cmake_prefix_path')
[0.648s] INFO:colcon.colcon_core.shell:Creating environment hook '/home/humble/Desktop/Tasks/Vision_project/install/naviarm_bringup/share/naviarm_bringup/hook/cmake_prefix_path.ps1'
[0.649s] INFO:colcon.colcon_core.shell:Creating environment descriptor '/home/humble/Desktop/Tasks/Vision_project/install/naviarm_bringup/share/naviarm_bringup/hook/cmake_prefix_path.dsv'
[0.649s] INFO:colcon.colcon_core.shell:Creating environment hook '/home/humble/Desktop/Tasks/Vision_project/install/naviarm_bringup/share/naviarm_bringup/hook/cmake_prefix_path.sh'
[0.649s] Level 1:colcon.colcon_core.environment:checking '/home/humble/Desktop/Tasks/Vision_project/install/naviarm_bringup/bin'
[0.649s] Level 1:colcon.colcon_core.environment:checking '/home/humble/Desktop/Tasks/Vision_project/install/naviarm_bringup/lib/pkgconfig/naviarm_bringup.pc'
[0.649s] Level 1:colcon.colcon_core.environment:checking '/home/humble/Desktop/Tasks/Vision_project/install/naviarm_bringup/lib/python3.10/site-packages'
[0.650s] Level 1:colcon.colcon_core.environment:checking '/home/humble/Desktop/Tasks/Vision_project/install/naviarm_bringup/bin'
[0.650s] INFO:colcon.colcon_core.shell:Creating package script '/home/humble/Desktop/Tasks/Vision_project/install/naviarm_bringup/share/naviarm_bringup/package.ps1'
[0.650s] INFO:colcon.colcon_core.shell:Creating package descriptor '/home/humble/Desktop/Tasks/Vision_project/install/naviarm_bringup/share/naviarm_bringup/package.dsv'
[0.650s] INFO:colcon.colcon_core.shell:Creating package script '/home/humble/Desktop/Tasks/Vision_project/install/naviarm_bringup/share/naviarm_bringup/package.sh'
[0.650s] INFO:colcon.colcon_core.shell:Creating package script '/home/humble/Desktop/Tasks/Vision_project/install/naviarm_bringup/share/naviarm_bringup/package.bash'
[0.651s] INFO:colcon.colcon_core.shell:Creating package script '/home/humble/Desktop/Tasks/Vision_project/install/naviarm_bringup/share/naviarm_bringup/package.zsh'
[0.651s] Level 1:colcon.colcon_core.environment:create_file_with_runtime_dependencies(/home/humble/Desktop/Tasks/Vision_project/install/naviarm_bringup/share/colcon-core/packages/naviarm_bringup)
[0.652s] Level 1:colcon.colcon_core.environment:create_environment_scripts_only(conveyorbelt_msgs)
[0.652s] Level 1:colcon.colcon_core.environment:checking '/home/humble/Desktop/Tasks/Vision_project/install/conveyorbelt_msgs' for CMake module files
[0.652s] DEBUG:colcon.colcon_core.event_handler.log_command:Invoked command in '/home/humble/Desktop/Tasks/Vision_project/build/conveyorbelt_msgs' returned '0': CMAKE_PREFIX_PATH=${CMAKE_PREFIX_PATH}:/home/humble/Desktop/Tasks/Vision_project/install/bottle_detection:/home/humble/Desktop/Tasks/Vision_project/install/item_spawner:/home/humble/Desktop/Tasks/Vision_project/install/vision_box_detector:/opt/ros/humble /usr/bin/cmake --install /home/humble/Desktop/Tasks/Vision_project/build/conveyorbelt_msgs
[0.653s] Level 1:colcon.colcon_core.environment:checking '/home/humble/Desktop/Tasks/Vision_project/install/conveyorbelt_msgs' for CMake config files
[0.654s] Level 1:colcon.colcon_core.shell:create_environment_hook('conveyorbelt_msgs', 'cmake_prefix_path')
[0.654s] INFO:colcon.colcon_core.shell:Creating environment hook '/home/humble/Desktop/Tasks/Vision_project/install/conveyorbelt_msgs/share/conveyorbelt_msgs/hook/cmake_prefix_path.ps1'
[0.655s] INFO:colcon.colcon_core.shell:Creating environment descriptor '/home/humble/Desktop/Tasks/Vision_project/install/conveyorbelt_msgs/share/conveyorbelt_msgs/hook/cmake_prefix_path.dsv'
[0.655s] INFO:colcon.colcon_core.shell:Creating environment hook '/home/humble/Desktop/Tasks/Vision_project/install/conveyorbelt_msgs/share/conveyorbelt_msgs/hook/cmake_prefix_path.sh'
[0.656s] Level 1:colcon.colcon_core.environment:checking '/home/humble/Desktop/Tasks/Vision_project/install/conveyorbelt_msgs/lib'
[0.656s] Level 1:colcon.colcon_core.shell:create_environment_hook('conveyorbelt_msgs', 'ld_library_path_lib')
[0.656s] INFO:colcon.colcon_core.shell:Creating environment hook '/home/humble/Desktop/Tasks/Vision_project/install/conveyorbelt_msgs/share/conveyorbelt_msgs/hook/ld_library_path_lib.ps1'
[0.657s] INFO:colcon.colcon_core.shell:Creating environment descriptor '/home/humble/Desktop/Tasks/Vision_project/install/conveyorbelt_msgs/share/conveyorbelt_msgs/hook/ld_library_path_lib.dsv'
[0.657s] INFO:colcon.colcon_core.shell:Creating environment hook '/home/humble/Desktop/Tasks/Vision_project/install/conveyorbelt_msgs/share/conveyorbelt_msgs/hook/ld_library_path_lib.sh'
[0.657s] Level 1:colcon.colcon_core.environment:checking '/home/humble/Desktop/Tasks/Vision_project/install/conveyorbelt_msgs/bin'
[0.658s] Level 1:colcon.colcon_core.environment:checking '/home/humble/Desktop/Tasks/Vision_project/install/conveyorbelt_msgs/lib/pkgconfig/conveyorbelt_msgs.pc'
[0.658s] Level 1:colcon.colcon_core.environment:checking '/home/humble/Desktop/Tasks/Vision_project/install/conveyorbelt_msgs/lib/python3.10/site-packages'
[0.658s] Level 1:colcon.colcon_core.environment:checking '/home/humble/Desktop/Tasks/Vision_project/install/conveyorbelt_msgs/bin'
[0.658s] INFO:colcon.colcon_core.shell:Creating package script '/home/humble/Desktop/Tasks/Vision_project/install/conveyorbelt_msgs/share/conveyorbelt_msgs/package.ps1'
[0.659s] INFO:colcon.colcon_core.shell:Creating package descriptor '/home/humble/Desktop/Tasks/Vision_project/install/conveyorbelt_msgs/share/conveyorbelt_msgs/package.dsv'
[0.659s] INFO:colcon.colcon_core.shell:Creating package script '/home/humble/Desktop/Tasks/Vision_project/install/conveyorbelt_msgs/share/conveyorbelt_msgs/package.sh'
[0.660s] INFO:colcon.colcon_core.shell:Creating package script '/home/humble/Desktop/Tasks/Vision_project/install/conveyorbelt_msgs/share/conveyorbelt_msgs/package.bash'
[0.660s] INFO:colcon.colcon_core.shell:Creating package script '/home/humble/Desktop/Tasks/Vision_project/install/conveyorbelt_msgs/share/conveyorbelt_msgs/package.zsh'
[0.661s] Level 1:colcon.colcon_core.environment:create_file_with_runtime_dependencies(/home/humble/Desktop/Tasks/Vision_project/install/conveyorbelt_msgs/share/colcon-core/packages/conveyorbelt_msgs)
[0.661s] Level 1:colcon.colcon_core.environment:create_environment_scripts_only(conveyorbelt_msgs)
[0.662s] Level 1:colcon.colcon_core.environment:checking '/home/humble/Desktop/Tasks/Vision_project/install/conveyorbelt_msgs' for CMake module files
[0.662s] Level 1:colcon.colcon_core.environment:checking '/home/humble/Desktop/Tasks/Vision_project/install/conveyorbelt_msgs' for CMake config files
[0.663s] Level 1:colcon.colcon_core.shell:create_environment_hook('conveyorbelt_msgs', 'cmake_prefix_path')
[0.664s] INFO:colcon.colcon_core.shell:Creating environment hook '/home/humble/Desktop/Tasks/Vision_project/install/conveyorbelt_msgs/share/conveyorbelt_msgs/hook/cmake_prefix_path.ps1'
[0.664s] INFO:colcon.colcon_core.shell:Creating environment descriptor '/home/humble/Desktop/Tasks/Vision_project/install/conveyorbelt_msgs/share/conveyorbelt_msgs/hook/cmake_prefix_path.dsv'
[0.664s] INFO:colcon.colcon_core.shell:Creating environment hook '/home/humble/Desktop/Tasks/Vision_project/install/conveyorbelt_msgs/share/conveyorbelt_msgs/hook/cmake_prefix_path.sh'
[0.665s] Level 1:colcon.colcon_core.environment:checking '/home/humble/Desktop/Tasks/Vision_project/install/conveyorbelt_msgs/lib'
[0.665s] Level 1:colcon.colcon_core.shell:create_environment_hook('conveyorbelt_msgs', 'ld_library_path_lib')
[0.665s] INFO:colcon.colcon_core.shell:Creating environment hook '/home/humble/Desktop/Tasks/Vision_project/install/conveyorbelt_msgs/share/conveyorbelt_msgs/hook/ld_library_path_lib.ps1'
[0.666s] INFO:colcon.colcon_core.shell:Creating environment descriptor '/home/humble/Desktop/Tasks/Vision_project/install/conveyorbelt_msgs/share/conveyorbelt_msgs/hook/ld_library_path_lib.dsv'
[0.666s] INFO:colcon.colcon_core.shell:Creating environment hook '/home/humble/Desktop/Tasks/Vision_project/install/conveyorbelt_msgs/share/conveyorbelt_msgs/hook/ld_library_path_lib.sh'
[0.667s] Level 1:colcon.colcon_core.environment:checking '/home/humble/Desktop/Tasks/Vision_project/install/conveyorbelt_msgs/bin'
[0.667s] Level 1:colcon.colcon_core.environment:checking '/home/humble/Desktop/Tasks/Vision_project/install/conveyorbelt_msgs/lib/pkgconfig/conveyorbelt_msgs.pc'
[0.667s] Level 1:colcon.colcon_core.environment:checking '/home/humble/Desktop/Tasks/Vision_project/install/conveyorbelt_msgs/lib/python3.10/site-packages'
[0.667s] Level 1:colcon.colcon_core.environment:checking '/home/humble/Desktop/Tasks/Vision_project/install/conveyorbelt_msgs/bin'
[0.667s] INFO:colcon.colcon_core.shell:Creating package script '/home/humble/Desktop/Tasks/Vision_project/install/conveyorbelt_msgs/share/conveyorbelt_msgs/package.ps1'
[0.668s] INFO:colcon.colcon_core.shell:Creating package descriptor '/home/humble/Desktop/Tasks/Vision_project/install/conveyorbelt_msgs/share/conveyorbelt_msgs/package.dsv'
[0.669s] INFO:colcon.colcon_core.shell:Creating package script '/home/humble/Desktop/Tasks/Vision_project/install/conveyorbelt_msgs/share/conveyorbelt_msgs/package.sh'
[0.669s] INFO:colcon.colcon_core.shell:Creating package script '/home/humble/Desktop/Tasks/Vision_project/install/conveyorbelt_msgs/share/conveyorbelt_msgs/package.bash'
[0.670s] INFO:colcon.colcon_core.shell:Creating package script '/home/humble/Desktop/Tasks/Vision_project/install/conveyorbelt_msgs/share/conveyorbelt_msgs/package.zsh'
[0.670s] Level 1:colcon.colcon_core.environment:create_file_with_runtime_dependencies(/home/humble/Desktop/Tasks/Vision_project/install/conveyorbelt_msgs/share/colcon-core/packages/conveyorbelt_msgs)
[0.670s] Level 1:colcon.colcon_core.environment:create_environment_scripts_only(naviarm_gazebo)
[0.671s] Level 1:colcon.colcon_core.environment:checking '/home/humble/Desktop/Tasks/Vision_project/install/naviarm_gazebo' for CMake module files
[0.671s] Level 1:colcon.colcon_core.environment:checking '/home/humble/Desktop/Tasks/Vision_project/install/naviarm_gazebo' for CMake config files
[0.671s] Level 1:colcon.colcon_core.shell:create_environment_hook('naviarm_gazebo', 'cmake_prefix_path')
[0.672s] INFO:colcon.colcon_core.shell:Creating environment hook '/home/humble/Desktop/Tasks/Vision_project/install/naviarm_gazebo/share/naviarm_gazebo/hook/cmake_prefix_path.ps1'
[0.672s] INFO:colcon.colcon_core.shell:Creating environment descriptor '/home/humble/Desktop/Tasks/Vision_project/install/naviarm_gazebo/share/naviarm_gazebo/hook/cmake_prefix_path.dsv'
[0.673s] DEBUG:colcon.colcon_core.event_handler.log_command:Invoked command in '/home/humble/Desktop/Tasks/Vision_project/build/naviarm_gazebo' returned '0': CMAKE_PREFIX_PATH=${CMAKE_PREFIX_PATH}:/home/humble/Desktop/Tasks/Vision_project/install/bottle_detection:/home/humble/Desktop/Tasks/Vision_project/install/item_spawner:/home/humble/Desktop/Tasks/Vision_project/install/vision_box_detector:/opt/ros/humble /usr/bin/cmake --install /home/humble/Desktop/Tasks/Vision_project/build/naviarm_gazebo
[0.673s] INFO:colcon.colcon_core.shell:Creating environment hook '/home/humble/Desktop/Tasks/Vision_project/install/naviarm_gazebo/share/naviarm_gazebo/hook/cmake_prefix_path.sh'
[0.674s] Level 1:colcon.colcon_core.environment:checking '/home/humble/Desktop/Tasks/Vision_project/install/naviarm_gazebo/bin'
[0.674s] Level 1:colcon.colcon_core.environment:checking '/home/humble/Desktop/Tasks/Vision_project/install/naviarm_gazebo/lib/pkgconfig/naviarm_gazebo.pc'
[0.674s] Level 1:colcon.colcon_core.environment:checking '/home/humble/Desktop/Tasks/Vision_project/install/naviarm_gazebo/lib/python3.10/site-packages'
[0.675s] Level 1:colcon.colcon_core.environment:checking '/home/humble/Desktop/Tasks/Vision_project/install/naviarm_gazebo/bin'
[0.675s] INFO:colcon.colcon_core.shell:Creating package script '/home/humble/Desktop/Tasks/Vision_project/install/naviarm_gazebo/share/naviarm_gazebo/package.ps1'
[0.675s] INFO:colcon.colcon_core.shell:Creating package descriptor '/home/humble/Desktop/Tasks/Vision_project/install/naviarm_gazebo/share/naviarm_gazebo/package.dsv'
[0.676s] INFO:colcon.colcon_core.shell:Creating package script '/home/humble/Desktop/Tasks/Vision_project/install/naviarm_gazebo/share/naviarm_gazebo/package.sh'
[0.676s] INFO:colcon.colcon_core.shell:Creating package script '/home/humble/Desktop/Tasks/Vision_project/install/naviarm_gazebo/share/naviarm_gazebo/package.bash'
[0.676s] INFO:colcon.colcon_core.shell:Creating package script '/home/humble/Desktop/Tasks/Vision_project/install/naviarm_gazebo/share/naviarm_gazebo/package.zsh'
[0.677s] Level 1:colcon.colcon_core.environment:create_file_with_runtime_dependencies(/home/humble/Desktop/Tasks/Vision_project/install/naviarm_gazebo/share/colcon-core/packages/naviarm_gazebo)
[0.677s] Level 1:colcon.colcon_core.environment:create_environment_scripts_only(naviarm_gazebo)
[0.678s] Level 1:colcon.colcon_core.environment:checking '/home/humble/Desktop/Tasks/Vision_project/install/naviarm_gazebo' for CMake module files
[0.678s] Level 1:colcon.colcon_core.environment:checking '/home/humble/Desktop/Tasks/Vision_project/install/naviarm_gazebo' for CMake config files
[0.678s] Level 1:colcon.colcon_core.shell:create_environment_hook('naviarm_gazebo', 'cmake_prefix_path')
[0.679s] INFO:colcon.colcon_core.shell:Creating environment hook '/home/humble/Desktop/Tasks/Vision_project/install/naviarm_gazebo/share/naviarm_gazebo/hook/cmake_prefix_path.ps1'
[0.679s] INFO:colcon.colcon_core.shell:Creating environment descriptor '/home/humble/Desktop/Tasks/Vision_project/install/naviarm_gazebo/share/naviarm_gazebo/hook/cmake_prefix_path.dsv'
[0.679s] INFO:colcon.colcon_core.shell:Creating environment hook '/home/humble/Desktop/Tasks/Vision_project/install/naviarm_gazebo/share/naviarm_gazebo/hook/cmake_prefix_path.sh'
[0.680s] Level 1:colcon.colcon_core.environment:checking '/home/humble/Desktop/Tasks/Vision_project/install/naviarm_gazebo/bin'
[0.680s] Level 1:colcon.colcon_core.environment:checking '/home/humble/Desktop/Tasks/Vision_project/install/naviarm_gazebo/lib/pkgconfig/naviarm_gazebo.pc'
[0.680s] Level 1:colcon.colcon_core.environment:checking '/home/humble/Desktop/Tasks/Vision_project/install/naviarm_gazebo/lib/python3.10/site-packages'
[0.681s] Level 1:colcon.colcon_core.environment:checking '/home/humble/Desktop/Tasks/Vision_project/install/naviarm_gazebo/bin'
[0.681s] INFO:colcon.colcon_core.shell:Creating package script '/home/humble/Desktop/Tasks/Vision_project/install/naviarm_gazebo/share/naviarm_gazebo/package.ps1'
[0.681s] INFO:colcon.colcon_core.shell:Creating package descriptor '/home/humble/Desktop/Tasks/Vision_project/install/naviarm_gazebo/share/naviarm_gazebo/package.dsv'
[0.682s] INFO:colcon.colcon_core.shell:Creating package script '/home/humble/Desktop/Tasks/Vision_project/install/naviarm_gazebo/share/naviarm_gazebo/package.sh'
[0.682s] INFO:colcon.colcon_core.shell:Creating package script '/home/humble/Desktop/Tasks/Vision_project/install/naviarm_gazebo/share/naviarm_gazebo/package.bash'
[0.683s] INFO:colcon.colcon_core.shell:Creating package script '/home/humble/Desktop/Tasks/Vision_project/install/naviarm_gazebo/share/naviarm_gazebo/package.zsh'
[0.683s] Level 1:colcon.colcon_core.environment:create_file_with_runtime_dependencies(/home/humble/Desktop/Tasks/Vision_project/install/naviarm_gazebo/share/colcon-core/packages/naviarm_gazebo)
[0.683s] INFO:colcon.colcon_ros.task.ament_python.build:Building ROS package in '/home/humble/Desktop/Tasks/Vision_project/src/vision_box_detector' with build type 'ament_python'
[0.684s] Level 1:colcon.colcon_core.shell:create_environment_hook('vision_box_detector', 'ament_prefix_path')
[0.684s] INFO:colcon.colcon_core.shell:Creating environment hook '/home/humble/Desktop/Tasks/Vision_project/install/vision_box_detector/share/vision_box_detector/hook/ament_prefix_path.ps1'
[0.684s] INFO:colcon.colcon_core.shell:Creating environment descriptor '/home/humble/Desktop/Tasks/Vision_project/install/vision_box_detector/share/vision_box_detector/hook/ament_prefix_path.dsv'
[0.685s] INFO:colcon.colcon_core.shell:Creating environment hook '/home/humble/Desktop/Tasks/Vision_project/install/vision_box_detector/share/vision_box_detector/hook/ament_prefix_path.sh'
[0.685s] INFO:colcon.colcon_core.shell:Skip shell extension 'powershell' for command environment: Not usable outside of PowerShell
[0.685s] DEBUG:colcon.colcon_core.shell:Skip shell extension 'dsv' for command environment
[0.880s] INFO:colcon.colcon_core.task.python.build:Building Python package in '/home/humble/Desktop/Tasks/Vision_project/src/vision_box_detector'
[0.880s] INFO:colcon.colcon_core.shell:Skip shell extension 'powershell' for command environment: Not usable outside of PowerShell
[0.880s] DEBUG:colcon.colcon_core.shell:Skip shell extension 'dsv' for command environment
[0.884s] DEBUG:colcon.colcon_core.event_handler.log_command:Invoking command in '/home/humble/Desktop/Tasks/Vision_project/build/item_spawner': PYTHONPATH=/home/humble/Desktop/Tasks/Vision_project/build/item_spawner/prefix_override:/usr/lib/python3/dist-packages/colcon_core/task/python/colcon_distutils_commands:/home/humble/Desktop/Tasks/Vision_project/install/item_spawner/lib/python3.10/site-packages:${PYTHONPATH} /usr/bin/python3 -W ignore:setup.py install is deprecated -W ignore:easy_install command is deprecated setup.py develop --editable --build-directory /home/humble/Desktop/Tasks/Vision_project/build/item_spawner/build --no-deps symlink_data
[0.886s] DEBUG:colcon.colcon_core.event_handler.log_command:Invoking command in '/home/humble/Desktop/Tasks/Vision_project/build/bottle_detection': PYTHONPATH=/home/humble/Desktop/Tasks/Vision_project/build/bottle_detection/prefix_override:/usr/lib/python3/dist-packages/colcon_core/task/python/colcon_distutils_commands:/home/humble/Desktop/Tasks/Vision_project/install/bottle_detection/lib/python3.10/site-packages:${PYTHONPATH} /usr/bin/python3 -W ignore:setup.py install is deprecated -W ignore:easy_install command is deprecated setup.py develop --editable --build-directory /home/humble/Desktop/Tasks/Vision_project/build/bottle_detection/build --no-deps symlink_data
[1.112s] DEBUG:colcon.colcon_core.event_handler.log_command:Invoking command in '/home/humble/Desktop/Tasks/Vision_project/build/vision_box_detector': CMAKE_PREFIX_PATH=/home/humble/Desktop/Tasks/Vision_project/install/conveyorbelt_msgs:/home/humble/Desktop/Tasks/Vision_project/install/naviarm_gazebo:/home/humble/Desktop/Tasks/Vision_project/install/naviarm_bringup LD_LIBRARY_PATH=/home/humble/Desktop/Tasks/Vision_project/install/conveyorbelt_msgs/lib:/usr/lib/x86_64-linux-gnu/gazebo-11/plugins:/opt/ros/humble/opt/rviz_ogre_vendor/lib:/opt/ros/humble/lib/x86_64-linux-gnu:/opt/ros/humble/lib:/usr/lib/x86_64-linux-gnu/gazebo-11/plugins:/usr/lib/x86_64-linux-gnu/gazebo-11/plugins:/usr/lib/x86_64-linux-gnu/gazebo-11/plugins PYTHONPATH=/home/humble/Desktop/Tasks/Vision_project/build/vision_box_detector/prefix_override:/usr/lib/python3/dist-packages/colcon_core/task/python/colcon_distutils_commands:/home/humble/Desktop/Tasks/Vision_project/install/vision_box_detector/lib/python3.10/site-packages:${PYTHONPATH} /usr/bin/python3 -W ignore:setup.py install is deprecated -W ignore:easy_install command is deprecated setup.py develop --editable --build-directory /home/humble/Desktop/Tasks/Vision_project/build/vision_box_detector/build --no-deps symlink_data
[1.166s] Level 1:colcon.colcon_core.shell:create_environment_hook('bottle_detection', 'pythonpath_develop')
[1.166s] DEBUG:colcon.colcon_core.event_handler.log_command:Invoked command in '/home/humble/Desktop/Tasks/Vision_project/build/bottle_detection' returned '0': PYTHONPATH=/home/humble/Desktop/Tasks/Vision_project/build/bottle_detection/prefix_override:/usr/lib/python3/dist-packages/colcon_core/task/python/colcon_distutils_commands:/home/humble/Desktop/Tasks/Vision_project/install/bottle_detection/lib/python3.10/site-packages:${PYTHONPATH} /usr/bin/python3 -W ignore:setup.py install is deprecated -W ignore:easy_install command is deprecated setup.py develop --editable --build-directory /home/humble/Desktop/Tasks/Vision_project/build/bottle_detection/build --no-deps symlink_data
[1.167s] INFO:colcon.colcon_core.shell:Creating environment hook '/home/humble/Desktop/Tasks/Vision_project/build/bottle_detection/share/bottle_detection/hook/pythonpath_develop.ps1'
[1.167s] INFO:colcon.colcon_core.shell:Creating environment descriptor '/home/humble/Desktop/Tasks/Vision_project/build/bottle_detection/share/bottle_detection/hook/pythonpath_develop.dsv'
[1.168s] INFO:colcon.colcon_core.shell:Creating environment hook '/home/humble/Desktop/Tasks/Vision_project/build/bottle_detection/share/bottle_detection/hook/pythonpath_develop.sh'
[1.168s] Level 1:colcon.colcon_core.environment:checking '/home/humble/Desktop/Tasks/Vision_project/install/bottle_detection' for CMake module files
[1.169s] Level 1:colcon.colcon_core.environment:checking '/home/humble/Desktop/Tasks/Vision_project/install/bottle_detection' for CMake config files
[1.169s] Level 1:colcon.colcon_core.environment:checking '/home/humble/Desktop/Tasks/Vision_project/install/bottle_detection/lib'
[1.169s] Level 1:colcon.colcon_core.environment:checking '/home/humble/Desktop/Tasks/Vision_project/install/bottle_detection/bin'
[1.169s] Level 1:colcon.colcon_core.environment:checking '/home/humble/Desktop/Tasks/Vision_project/install/bottle_detection/lib/pkgconfig/bottle_detection.pc'
[1.169s] Level 1:colcon.colcon_core.environment:checking '/home/humble/Desktop/Tasks/Vision_project/install/bottle_detection/lib/python3.10/site-packages'
[1.169s] Level 1:colcon.colcon_core.shell:create_environment_hook('bottle_detection', 'pythonpath')
[1.169s] INFO:colcon.colcon_core.shell:Creating environment hook '/home/humble/Desktop/Tasks/Vision_project/install/bottle_detection/share/bottle_detection/hook/pythonpath.ps1'
[1.170s] INFO:colcon.colcon_core.shell:Creating environment descriptor '/home/humble/Desktop/Tasks/Vision_project/install/bottle_detection/share/bottle_detection/hook/pythonpath.dsv'
[1.170s] INFO:colcon.colcon_core.shell:Creating environment hook '/home/humble/Desktop/Tasks/Vision_project/install/bottle_detection/share/bottle_detection/hook/pythonpath.sh'
[1.170s] Level 1:colcon.colcon_core.environment:checking '/home/humble/Desktop/Tasks/Vision_project/install/bottle_detection/bin'
[1.170s] Level 1:colcon.colcon_core.environment:create_environment_scripts_only(bottle_detection)
[1.170s] INFO:colcon.colcon_core.shell:Creating package script '/home/humble/Desktop/Tasks/Vision_project/install/bottle_detection/share/bottle_detection/package.ps1'
[1.171s] INFO:colcon.colcon_core.shell:Creating package descriptor '/home/humble/Desktop/Tasks/Vision_project/install/bottle_detection/share/bottle_detection/package.dsv'
[1.171s] INFO:colcon.colcon_core.shell:Creating package script '/home/humble/Desktop/Tasks/Vision_project/install/bottle_detection/share/bottle_detection/package.sh'
[1.171s] INFO:colcon.colcon_core.shell:Creating package script '/home/humble/Desktop/Tasks/Vision_project/install/bottle_detection/share/bottle_detection/package.bash'
[1.171s] INFO:colcon.colcon_core.shell:Creating package script '/home/humble/Desktop/Tasks/Vision_project/install/bottle_detection/share/bottle_detection/package.zsh'
[1.172s] Level 1:colcon.colcon_core.environment:create_file_with_runtime_dependencies(/home/humble/Desktop/Tasks/Vision_project/install/bottle_detection/share/colcon-core/packages/bottle_detection)
[1.172s] Level 1:colcon.colcon_core.shell:create_environment_hook('item_spawner', 'pythonpath_develop')
[1.173s] INFO:colcon.colcon_core.shell:Creating environment hook '/home/humble/Desktop/Tasks/Vision_project/build/item_spawner/share/item_spawner/hook/pythonpath_develop.ps1'
[1.173s] DEBUG:colcon.colcon_core.event_handler.log_command:Invoked command in '/home/humble/Desktop/Tasks/Vision_project/build/item_spawner' returned '0': PYTHONPATH=/home/humble/Desktop/Tasks/Vision_project/build/item_spawner/prefix_override:/usr/lib/python3/dist-packages/colcon_core/task/python/colcon_distutils_commands:/home/humble/Desktop/Tasks/Vision_project/install/item_spawner/lib/python3.10/site-packages:${PYTHONPATH} /usr/bin/python3 -W ignore:setup.py install is deprecated -W ignore:easy_install command is deprecated setup.py develop --editable --build-directory /home/humble/Desktop/Tasks/Vision_project/build/item_spawner/build --no-deps symlink_data
[1.173s] INFO:colcon.colcon_core.shell:Creating environment descriptor '/home/humble/Desktop/Tasks/Vision_project/build/item_spawner/share/item_spawner/hook/pythonpath_develop.dsv'
[1.173s] INFO:colcon.colcon_core.shell:Creating environment hook '/home/humble/Desktop/Tasks/Vision_project/build/item_spawner/share/item_spawner/hook/pythonpath_develop.sh'
[1.174s] Level 1:colcon.colcon_core.environment:checking '/home/humble/Desktop/Tasks/Vision_project/install/item_spawner' for CMake module files
[1.174s] Level 1:colcon.colcon_core.environment:checking '/home/humble/Desktop/Tasks/Vision_project/install/item_spawner' for CMake config files
[1.174s] Level 1:colcon.colcon_core.environment:checking '/home/humble/Desktop/Tasks/Vision_project/install/item_spawner/lib'
[1.174s] Level 1:colcon.colcon_core.environment:checking '/home/humble/Desktop/Tasks/Vision_project/install/item_spawner/bin'
[1.174s] Level 1:colcon.colcon_core.environment:checking '/home/humble/Desktop/Tasks/Vision_project/install/item_spawner/lib/pkgconfig/item_spawner.pc'
[1.174s] Level 1:colcon.colcon_core.environment:checking '/home/humble/Desktop/Tasks/Vision_project/install/item_spawner/lib/python3.10/site-packages'
[1.174s] Level 1:colcon.colcon_core.shell:create_environment_hook('item_spawner', 'pythonpath')
[1.175s] INFO:colcon.colcon_core.shell:Creating environment hook '/home/humble/Desktop/Tasks/Vision_project/install/item_spawner/share/item_spawner/hook/pythonpath.ps1'
[1.175s] INFO:colcon.colcon_core.shell:Creating environment descriptor '/home/humble/Desktop/Tasks/Vision_project/install/item_spawner/share/item_spawner/hook/pythonpath.dsv'
[1.176s] INFO:colcon.colcon_core.shell:Creating environment hook '/home/humble/Desktop/Tasks/Vision_project/install/item_spawner/share/item_spawner/hook/pythonpath.sh'
[1.176s] Level 1:colcon.colcon_core.environment:checking '/home/humble/Desktop/Tasks/Vision_project/install/item_spawner/bin'
[1.176s] Level 1:colcon.colcon_core.environment:create_environment_scripts_only(item_spawner)
[1.177s] INFO:colcon.colcon_core.shell:Creating package script '/home/humble/Desktop/Tasks/Vision_project/install/item_spawner/share/item_spawner/package.ps1'
[1.177s] INFO:colcon.colcon_core.shell:Creating package descriptor '/home/humble/Desktop/Tasks/Vision_project/install/item_spawner/share/item_spawner/package.dsv'
[1.178s] INFO:colcon.colcon_core.shell:Creating package script '/home/humble/Desktop/Tasks/Vision_project/install/item_spawner/share/item_spawner/package.sh'
[1.178s] INFO:colcon.colcon_core.shell:Creating package script '/home/humble/Desktop/Tasks/Vision_project/install/item_spawner/share/item_spawner/package.bash'
[1.179s] INFO:colcon.colcon_core.shell:Creating package script '/home/humble/Desktop/Tasks/Vision_project/install/item_spawner/share/item_spawner/package.zsh'
[1.179s] Level 1:colcon.colcon_core.environment:create_file_with_runtime_dependencies(/home/humble/Desktop/Tasks/Vision_project/install/item_spawner/share/colcon-core/packages/item_spawner)
[1.390s] Level 1:colcon.colcon_core.shell:create_environment_hook('vision_box_detector', 'pythonpath_develop')
[1.390s] INFO:colcon.colcon_core.shell:Creating environment hook '/home/humble/Desktop/Tasks/Vision_project/build/vision_box_detector/share/vision_box_detector/hook/pythonpath_develop.ps1'
[1.391s] DEBUG:colcon.colcon_core.event_handler.log_command:Invoked command in '/home/humble/Desktop/Tasks/Vision_project/build/vision_box_detector' returned '0': CMAKE_PREFIX_PATH=/home/humble/Desktop/Tasks/Vision_project/install/conveyorbelt_msgs:/home/humble/Desktop/Tasks/Vision_project/install/naviarm_gazebo:/home/humble/Desktop/Tasks/Vision_project/install/naviarm_bringup LD_LIBRARY_PATH=/home/humble/Desktop/Tasks/Vision_project/install/conveyorbelt_msgs/lib:/usr/lib/x86_64-linux-gnu/gazebo-11/plugins:/opt/ros/humble/opt/rviz_ogre_vendor/lib:/opt/ros/humble/lib/x86_64-linux-gnu:/opt/ros/humble/lib:/usr/lib/x86_64-linux-gnu/gazebo-11/plugins:/usr/lib/x86_64-linux-gnu/gazebo-11/plugins:/usr/lib/x86_64-linux-gnu/gazebo-11/plugins PYTHONPATH=/home/humble/Desktop/Tasks/Vision_project/build/vision_box_detector/prefix_override:/usr/lib/python3/dist-packages/colcon_core/task/python/colcon_distutils_commands:/home/humble/Desktop/Tasks/Vision_project/install/vision_box_detector/lib/python3.10/site-packages:${PYTHONPATH} /usr/bin/python3 -W ignore:setup.py install is deprecated -W ignore:easy_install command is deprecated setup.py develop --editable --build-directory /home/humble/Desktop/Tasks/Vision_project/build/vision_box_detector/build --no-deps symlink_data
[1.391s] INFO:colcon.colcon_core.shell:Creating environment descriptor '/home/humble/Desktop/Tasks/Vision_project/build/vision_box_detector/share/vision_box_detector/hook/pythonpath_develop.dsv'
[1.391s] INFO:colcon.colcon_core.shell:Creating environment hook '/home/humble/Desktop/Tasks/Vision_project/build/vision_box_detector/share/vision_box_detector/hook/pythonpath_develop.sh'
[1.391s] Level 1:colcon.colcon_core.environment:checking '/home/humble/Desktop/Tasks/Vision_project/install/vision_box_detector' for CMake module files
[1.392s] Level 1:colcon.colcon_core.environment:checking '/home/humble/Desktop/Tasks/Vision_project/install/vision_box_detector' for CMake config files
[1.392s] Level 1:colcon.colcon_core.environment:checking '/home/humble/Desktop/Tasks/Vision_project/install/vision_box_detector/lib'
[1.392s] Level 1:colcon.colcon_core.environment:checking '/home/humble/Desktop/Tasks/Vision_project/install/vision_box_detector/bin'
[1.392s] Level 1:colcon.colcon_core.environment:checking '/home/humble/Desktop/Tasks/Vision_project/install/vision_box_detector/lib/pkgconfig/vision_box_detector.pc'
[1.392s] Level 1:colcon.colcon_core.environment:checking '/home/humble/Desktop/Tasks/Vision_project/install/vision_box_detector/lib/python3.10/site-packages'
[1.392s] Level 1:colcon.colcon_core.shell:create_environment_hook('vision_box_detector', 'pythonpath')
[1.392s] INFO:colcon.colcon_core.shell:Creating environment hook '/home/humble/Desktop/Tasks/Vision_project/install/vision_box_detector/share/vision_box_detector/hook/pythonpath.ps1'
[1.393s] INFO:colcon.colcon_core.shell:Creating environment descriptor '/home/humble/Desktop/Tasks/Vision_project/install/vision_box_detector/share/vision_box_detector/hook/pythonpath.dsv'
[1.393s] INFO:colcon.colcon_core.shell:Creating environment hook '/home/humble/Desktop/Tasks/Vision_project/install/vision_box_detector/share/vision_box_detector/hook/pythonpath.sh'
[1.393s] Level 1:colcon.colcon_core.environment:checking '/home/humble/Desktop/Tasks/Vision_project/install/vision_box_detector/bin'
[1.393s] Level 1:colcon.colcon_core.environment:create_environment_scripts_only(vision_box_detector)
[1.393s] INFO:colcon.colcon_core.shell:Creating package script '/home/humble/Desktop/Tasks/Vision_project/install/vision_box_detector/share/vision_box_detector/package.ps1'
[1.394s] INFO:colcon.colcon_core.shell:Creating package descriptor '/home/humble/Desktop/Tasks/Vision_project/install/vision_box_detector/share/vision_box_detector/package.dsv'
[1.394s] INFO:colcon.colcon_core.shell:Creating package script '/home/humble/Desktop/Tasks/Vision_project/install/vision_box_detector/share/vision_box_detector/package.sh'
[1.394s] INFO:colcon.colcon_core.shell:Creating package script '/home/humble/Desktop/Tasks/Vision_project/install/vision_box_detector/share/vision_box_detector/package.bash'
[1.394s] INFO:colcon.colcon_core.shell:Creating package script '/home/humble/Desktop/Tasks/Vision_project/install/vision_box_detector/share/vision_box_detector/package.zsh'
[1.394s] Level 1:colcon.colcon_core.environment:create_file_with_runtime_dependencies(/home/humble/Desktop/Tasks/Vision_project/install/vision_box_detector/share/colcon-core/packages/vision_box_detector)
[1.395s] DEBUG:colcon.colcon_parallel_executor.executor.parallel:closing loop
[1.395s] DEBUG:colcon.colcon_parallel_executor.executor.parallel:loop closed
[1.395s] DEBUG:colcon.colcon_parallel_executor.executor.parallel:run_until_complete finished with '0'
[1.395s] DEBUG:colcon.colcon_core.event_reactor:joining thread
[1.399s] INFO:colcon.colcon_core.plugin_system:Skipping extension 'colcon_notification.desktop_notification.terminal_notifier': Not used on non-Darwin systems
[1.399s] INFO:colcon.colcon_core.plugin_system:Skipping extension 'colcon_notification.desktop_notification.win32': Not used on non-Windows systems
[1.399s] INFO:colcon.colcon_notification.desktop_notification:Sending desktop notification using 'notify2'
[1.410s] DEBUG:colcon.colcon_core.event_reactor:joined thread
[1.411s] INFO:colcon.colcon_core.shell:Creating prefix script '/home/humble/Desktop/Tasks/Vision_project/install/local_setup.ps1'
[1.412s] INFO:colcon.colcon_core.shell:Creating prefix util module '/home/humble/Desktop/Tasks/Vision_project/install/_local_setup_util_ps1.py'
[1.413s] INFO:colcon.colcon_core.shell:Creating prefix chain script '/home/humble/Desktop/Tasks/Vision_project/install/setup.ps1'
[1.415s] INFO:colcon.colcon_core.shell:Creating prefix script '/home/humble/Desktop/Tasks/Vision_project/install/local_setup.sh'
[1.416s] INFO:colcon.colcon_core.shell:Creating prefix util module '/home/humble/Desktop/Tasks/Vision_project/install/_local_setup_util_sh.py'
[1.416s] INFO:colcon.colcon_core.shell:Creating prefix chain script '/home/humble/Desktop/Tasks/Vision_project/install/setup.sh'
[1.418s] INFO:colcon.colcon_core.shell:Creating prefix script '/home/humble/Desktop/Tasks/Vision_project/install/local_setup.bash'
[1.418s] INFO:colcon.colcon_core.shell:Creating prefix chain script '/home/humble/Desktop/Tasks/Vision_project/install/setup.bash'
[1.419s] INFO:colcon.colcon_core.shell:Creating prefix script '/home/humble/Desktop/Tasks/Vision_project/install/local_setup.zsh'
[1.419s] INFO:colcon.colcon_core.shell:Creating prefix chain script '/home/humble/Desktop/Tasks/Vision_project/install/setup.zsh'
