running egg_info
creating ../../build/bottle_detection/bottle_detection.egg-info
writing ../../build/bottle_detection/bottle_detection.egg-info/PKG-INFO
writing dependency_links to ../../build/bottle_detection/bottle_detection.egg-info/dependency_links.txt
writing entry points to ../../build/bottle_detection/bottle_detection.egg-info/entry_points.txt
writing requirements to ../../build/bottle_detection/bottle_detection.egg-info/requires.txt
writing top-level names to ../../build/bottle_detection/bottle_detection.egg-info/top_level.txt
writing manifest file '../../build/bottle_detection/bottle_detection.egg-info/SOURCES.txt'
reading manifest file '../../build/bottle_detection/bottle_detection.egg-info/SOURCES.txt'
writing manifest file '../../build/bottle_detection/bottle_detection.egg-info/SOURCES.txt'
running build
running build_py
creating /home/rupendra/Desktop/Tasks/Vision_project/build/bottle_detection/build/lib/bottle_detection
copying bottle_detection/database.py -> /home/rupendra/Desktop/Tasks/Vision_project/build/bottle_detection/build/lib/bottle_detection
copying bottle_detection/__init__.py -> /home/rupendra/Desktop/Tasks/Vision_project/build/bottle_detection/build/lib/bottle_detection
copying bottle_detection/bottle_detector.py -> /home/rupendra/Desktop/Tasks/Vision_project/build/bottle_detection/build/lib/bottle_detection
running install
running install_lib
creating /home/rupendra/Desktop/Tasks/Vision_project/install/bottle_detection/lib/python3.10/site-packages/bottle_detection
copying /home/rupendra/Desktop/Tasks/Vision_project/build/bottle_detection/build/lib/bottle_detection/database.py -> /home/rupendra/Desktop/Tasks/Vision_project/install/bottle_detection/lib/python3.10/site-packages/bottle_detection
copying /home/rupendra/Desktop/Tasks/Vision_project/build/bottle_detection/build/lib/bottle_detection/__init__.py -> /home/rupendra/Desktop/Tasks/Vision_project/install/bottle_detection/lib/python3.10/site-packages/bottle_detection
copying /home/rupendra/Desktop/Tasks/Vision_project/build/bottle_detection/build/lib/bottle_detection/bottle_detector.py -> /home/rupendra/Desktop/Tasks/Vision_project/install/bottle_detection/lib/python3.10/site-packages/bottle_detection
byte-compiling /home/rupendra/Desktop/Tasks/Vision_project/install/bottle_detection/lib/python3.10/site-packages/bottle_detection/database.py to database.cpython-310.pyc
byte-compiling /home/rupendra/Desktop/Tasks/Vision_project/install/bottle_detection/lib/python3.10/site-packages/bottle_detection/__init__.py to __init__.cpython-310.pyc
byte-compiling /home/rupendra/Desktop/Tasks/Vision_project/install/bottle_detection/lib/python3.10/site-packages/bottle_detection/bottle_detector.py to bottle_detector.cpython-310.pyc
running install_data
creating /home/rupendra/Desktop/Tasks/Vision_project/install/bottle_detection/share/ament_index/resource_index/packages
copying resource/bottle_detection -> /home/rupendra/Desktop/Tasks/Vision_project/install/bottle_detection/share/ament_index/resource_index/packages
copying package.xml -> /home/rupendra/Desktop/Tasks/Vision_project/install/bottle_detection/share/bottle_detection
running install_egg_info
Copying ../../build/bottle_detection/bottle_detection.egg-info to /home/rupendra/Desktop/Tasks/Vision_project/install/bottle_detection/lib/python3.10/site-packages/bottle_detection-0.0.0-py3.10.egg-info
running install_scripts
Installing bottle_detector script to /home/rupendra/Desktop/Tasks/Vision_project/install/bottle_detection/lib/bottle_detection
writing list of installed files to '/home/rupendra/Desktop/Tasks/Vision_project/build/bottle_detection/install.log'
