running develop
running egg_info
creating bottle_detection.egg-info
writing bottle_detection.egg-info/PKG-INFO
writing dependency_links to bottle_detection.egg-info/dependency_links.txt
writing entry points to bottle_detection.egg-info/entry_points.txt
writing requirements to bottle_detection.egg-info/requires.txt
writing top-level names to bottle_detection.egg-info/top_level.txt
writing manifest file 'bottle_detection.egg-info/SOURCES.txt'
reading manifest file 'bottle_detection.egg-info/SOURCES.txt'
writing manifest file 'bottle_detection.egg-info/SOURCES.txt'
running build_ext
Creating /home/humble/Desktop/Tasks/Vision_project/install/bottle_detection/lib/python3.10/site-packages/bottle-detection.egg-link (link to .)
Installing bottle_detector script to /home/humble/Desktop/Tasks/Vision_project/install/bottle_detection/lib/bottle_detection

Installed /home/humble/Desktop/Tasks/Vision_project/build/bottle_detection
running symlink_data
creating /home/humble/Desktop/Tasks/Vision_project/install/bottle_detection/share/ament_index
creating /home/humble/Desktop/Tasks/Vision_project/install/bottle_detection/share/ament_index/resource_index
creating /home/humble/Desktop/Tasks/Vision_project/install/bottle_detection/share/ament_index/resource_index/packages
symbolically linking /home/humble/Desktop/Tasks/Vision_project/build/bottle_detection/resource/bottle_detection -> /home/humble/Desktop/Tasks/Vision_project/install/bottle_detection/share/ament_index/resource_index/packages
symbolically linking /home/humble/Desktop/Tasks/Vision_project/build/bottle_detection/package.xml -> /home/humble/Desktop/Tasks/Vision_project/install/bottle_detection/share/bottle_detection
