[0.620s] Invoking command in '/home/humble/Desktop/Tasks/Vision_project/build/bottle_detection': PYTHONPATH=/home/humble/Desktop/Tasks/Vision_project/build/bottle_detection/prefix_override:/usr/lib/python3/dist-packages/colcon_core/task/python/colcon_distutils_commands:/home/humble/Desktop/Tasks/Vision_project/install/bottle_detection/lib/python3.10/site-packages:${PYTHONPATH} /usr/bin/python3 -W ignore:setup.py install is deprecated -W ignore:easy_install command is deprecated setup.py develop --editable --build-directory /home/humble/Desktop/Tasks/Vision_project/build/bottle_detection/build --no-deps symlink_data
[0.790s] running develop
[0.879s] running egg_info
[0.879s] creating bottle_detection.egg-info
[0.879s] writing bottle_detection.egg-info/PKG-INFO
[0.880s] writing dependency_links to bottle_detection.egg-info/dependency_links.txt
[0.880s] writing entry points to bottle_detection.egg-info/entry_points.txt
[0.880s] writing requirements to bottle_detection.egg-info/requires.txt
[0.880s] writing top-level names to bottle_detection.egg-info/top_level.txt
[0.880s] writing manifest file 'bottle_detection.egg-info/SOURCES.txt'
[0.881s] reading manifest file 'bottle_detection.egg-info/SOURCES.txt'
[0.881s] writing manifest file 'bottle_detection.egg-info/SOURCES.txt'
[0.882s] running build_ext
[0.882s] Creating /home/humble/Desktop/Tasks/Vision_project/install/bottle_detection/lib/python3.10/site-packages/bottle-detection.egg-link (link to .)
[0.883s] Installing bottle_detector script to /home/humble/Desktop/Tasks/Vision_project/install/bottle_detection/lib/bottle_detection
[0.883s] 
[0.883s] Installed /home/humble/Desktop/Tasks/Vision_project/build/bottle_detection
[0.883s] running symlink_data
[0.883s] creating /home/humble/Desktop/Tasks/Vision_project/install/bottle_detection/share/ament_index
[0.883s] creating /home/humble/Desktop/Tasks/Vision_project/install/bottle_detection/share/ament_index/resource_index
[0.883s] creating /home/humble/Desktop/Tasks/Vision_project/install/bottle_detection/share/ament_index/resource_index/packages
[0.883s] symbolically linking /home/humble/Desktop/Tasks/Vision_project/build/bottle_detection/resource/bottle_detection -> /home/humble/Desktop/Tasks/Vision_project/install/bottle_detection/share/ament_index/resource_index/packages
[0.883s] symbolically linking /home/humble/Desktop/Tasks/Vision_project/build/bottle_detection/package.xml -> /home/humble/Desktop/Tasks/Vision_project/install/bottle_detection/share/bottle_detection
[0.908s] Invoked command in '/home/humble/Desktop/Tasks/Vision_project/build/bottle_detection' returned '0': PYTHONPATH=/home/humble/Desktop/Tasks/Vision_project/build/bottle_detection/prefix_override:/usr/lib/python3/dist-packages/colcon_core/task/python/colcon_distutils_commands:/home/humble/Desktop/Tasks/Vision_project/install/bottle_detection/lib/python3.10/site-packages:${PYTHONPATH} /usr/bin/python3 -W ignore:setup.py install is deprecated -W ignore:easy_install command is deprecated setup.py develop --editable --build-directory /home/humble/Desktop/Tasks/Vision_project/build/bottle_detection/build --no-deps symlink_data
