[0.226s] Invoking command in '/home/rupendra/Desktop/Tasks/Vision_project/build/naviarm_gazebo': CMAKE_PREFIX_PATH=${CMAKE_PREFIX_PATH}:/opt/ros/humble /usr/bin/cmake /home/rupendra/Desktop/Tasks/Vision_project/src/naviarm_gazebo -DAMENT_CMAKE_SYMLINK_INSTALL=1 -DCMAKE_INSTALL_PREFIX=/home/rupendra/Desktop/Tasks/Vision_project/install/naviarm_gazebo
[0.271s] -- The C compiler identification is GNU 11.4.0
[0.321s] -- The CXX compiler identification is GNU 11.4.0
[0.327s] -- Detecting C compiler ABI info
[0.390s] -- Detecting C compiler ABI info - done
[0.396s] -- Check for working C compiler: /usr/bin/cc - skipped
[0.396s] -- Detecting C compile features
[0.397s] -- Detecting C compile features - done
[0.399s] -- Detecting CXX compiler ABI info
[0.473s] -- Detecting CXX compiler ABI info - done
[0.479s] -- Check for working CXX compiler: /usr/bin/c++ - skipped
[0.479s] -- Detecting CXX compile features
[0.479s] -- Detecting CXX compile features - done
[0.481s] -- Found ament_cmake: 1.3.12 (/opt/ros/humble/share/ament_cmake/cmake)
[0.861s] -- Found Python3: /usr/bin/python3 (found version "3.10.12") found components: Interpreter 
[0.923s] -- Override CMake install command with custom implementation using symlinks instead of copying resources
[0.943s] -- Found ament_lint_auto: 0.12.14 (/opt/ros/humble/share/ament_lint_auto/cmake)
[1.077s] -- Added test 'flake8' to check Python code syntax and style conventions
[1.088s] -- Added test 'lint_cmake' to check CMake code style
[1.093s] -- Added test 'pep257' to check Python code against some of the docstring style conventions in PEP 257
[1.136s] -- Added test 'xmllint' to check XML markup files
[1.137s] -- Configuring done
[1.140s] -- Generating done
[1.141s] -- Build files have been written to: /home/rupendra/Desktop/Tasks/Vision_project/build/naviarm_gazebo
