running develop
running egg_info
creating vision_box_detector.egg-info
writing vision_box_detector.egg-info/PKG-INFO
writing dependency_links to vision_box_detector.egg-info/dependency_links.txt
writing entry points to vision_box_detector.egg-info/entry_points.txt
writing requirements to vision_box_detector.egg-info/requires.txt
writing top-level names to vision_box_detector.egg-info/top_level.txt
writing manifest file 'vision_box_detector.egg-info/SOURCES.txt'
reading manifest file 'vision_box_detector.egg-info/SOURCES.txt'
writing manifest file 'vision_box_detector.egg-info/SOURCES.txt'
running build_ext
Creating /home/humble/Desktop/Tasks/Vision_project/install/vision_box_detector/lib/python3.10/site-packages/vision-box-detector.egg-link (link to .)
Installing box_detector script to /home/humble/Desktop/Tasks/Vision_project/install/vision_box_detector/lib/vision_box_detector

Installed /home/humble/Desktop/Tasks/Vision_project/build/vision_box_detector
running symlink_data
creating /home/humble/Desktop/Tasks/Vision_project/install/vision_box_detector/share/ament_index
creating /home/humble/Desktop/Tasks/Vision_project/install/vision_box_detector/share/ament_index/resource_index
creating /home/humble/Desktop/Tasks/Vision_project/install/vision_box_detector/share/ament_index/resource_index/packages
symbolically linking /home/humble/Desktop/Tasks/Vision_project/build/vision_box_detector/resource/vision_box_detector -> /home/humble/Desktop/Tasks/Vision_project/install/vision_box_detector/share/ament_index/resource_index/packages
symbolically linking /home/humble/Desktop/Tasks/Vision_project/build/vision_box_detector/package.xml -> /home/humble/Desktop/Tasks/Vision_project/install/vision_box_detector/share/vision_box_detector
