[0.422s] Invoking command in '/home/humble/Desktop/Tasks/Vision_project/build/vision_box_detector': AMENT_PREFIX_PATH=/home/humble/Desktop/Tasks/Vision_project/install/conveyorbelt_msgs:${AMENT_PREFIX_PATH} CMAKE_PREFIX_PATH=/home/humble/Desktop/Tasks/Vision_project/install/conveyorbelt_msgs LD_LIBRARY_PATH=/home/humble/Desktop/Tasks/Vision_project/install/conveyorbelt_msgs/lib:${LD_LIBRARY_PATH} PYTHONPATH=/home/humble/Desktop/Tasks/Vision_project/build/vision_box_detector/prefix_override:/usr/lib/python3/dist-packages/colcon_core/task/python/colcon_distutils_commands:/home/humble/Desktop/Tasks/Vision_project/install/vision_box_detector/lib/python3.10/site-packages:/home/humble/Desktop/Tasks/Vision_project/install/conveyorbelt_msgs/local/lib/python3.10/dist-packages:${PYTHONPATH} /usr/bin/python3 -W ignore:setup.py install is deprecated -W ignore:easy_install command is deprecated setup.py develop --editable --build-directory /home/humble/Desktop/Tasks/Vision_project/build/vision_box_detector/build --no-deps symlink_data
[0.580s] running develop
[0.659s] running egg_info
[0.659s] creating vision_box_detector.egg-info
[0.659s] writing vision_box_detector.egg-info/PKG-INFO
[0.659s] writing dependency_links to vision_box_detector.egg-info/dependency_links.txt
[0.659s] writing entry points to vision_box_detector.egg-info/entry_points.txt
[0.659s] writing requirements to vision_box_detector.egg-info/requires.txt
[0.659s] writing top-level names to vision_box_detector.egg-info/top_level.txt
[0.659s] writing manifest file 'vision_box_detector.egg-info/SOURCES.txt'
[0.660s] reading manifest file 'vision_box_detector.egg-info/SOURCES.txt'
[0.660s] writing manifest file 'vision_box_detector.egg-info/SOURCES.txt'
[0.661s] running build_ext
[0.661s] Creating /home/humble/Desktop/Tasks/Vision_project/install/vision_box_detector/lib/python3.10/site-packages/vision-box-detector.egg-link (link to .)
[0.662s] Installing box_detector script to /home/humble/Desktop/Tasks/Vision_project/install/vision_box_detector/lib/vision_box_detector
[0.662s] 
[0.662s] Installed /home/humble/Desktop/Tasks/Vision_project/build/vision_box_detector
[0.662s] running symlink_data
[0.662s] creating /home/humble/Desktop/Tasks/Vision_project/install/vision_box_detector/share/ament_index
[0.662s] creating /home/humble/Desktop/Tasks/Vision_project/install/vision_box_detector/share/ament_index/resource_index
[0.662s] creating /home/humble/Desktop/Tasks/Vision_project/install/vision_box_detector/share/ament_index/resource_index/packages
[0.662s] symbolically linking /home/humble/Desktop/Tasks/Vision_project/build/vision_box_detector/resource/vision_box_detector -> /home/humble/Desktop/Tasks/Vision_project/install/vision_box_detector/share/ament_index/resource_index/packages
[0.663s] symbolically linking /home/humble/Desktop/Tasks/Vision_project/build/vision_box_detector/package.xml -> /home/humble/Desktop/Tasks/Vision_project/install/vision_box_detector/share/vision_box_detector
[0.681s] Invoked command in '/home/humble/Desktop/Tasks/Vision_project/build/vision_box_detector' returned '0': AMENT_PREFIX_PATH=/home/humble/Desktop/Tasks/Vision_project/install/conveyorbelt_msgs:${AMENT_PREFIX_PATH} CMAKE_PREFIX_PATH=/home/humble/Desktop/Tasks/Vision_project/install/conveyorbelt_msgs LD_LIBRARY_PATH=/home/humble/Desktop/Tasks/Vision_project/install/conveyorbelt_msgs/lib:${LD_LIBRARY_PATH} PYTHONPATH=/home/humble/Desktop/Tasks/Vision_project/build/vision_box_detector/prefix_override:/usr/lib/python3/dist-packages/colcon_core/task/python/colcon_distutils_commands:/home/humble/Desktop/Tasks/Vision_project/install/vision_box_detector/lib/python3.10/site-packages:/home/humble/Desktop/Tasks/Vision_project/install/conveyorbelt_msgs/local/lib/python3.10/dist-packages:${PYTHONPATH} /usr/bin/python3 -W ignore:setup.py install is deprecated -W ignore:easy_install command is deprecated setup.py develop --editable --build-directory /home/humble/Desktop/Tasks/Vision_project/build/vision_box_detector/build --no-deps symlink_data
