[0.812s] Invoking command in '/home/rupendra/Desktop/Tasks/Vision_project/src/bottle_detection': PYTHONPATH=/home/rupendra/Desktop/Tasks/Vision_project/build/bottle_detection/prefix_override:/usr/lib/python3/dist-packages/colcon_core/task/python/colcon_distutils_commands:/home/rupendra/Desktop/Tasks/Vision_project/install/bottle_detection/lib/python3.10/site-packages:${PYTHONPATH} /usr/bin/python3 -W ignore:setup.py install is deprecated -W ignore:easy_install command is deprecated setup.py egg_info --egg-base ../../build/bottle_detection build --build-base /home/rupendra/Desktop/Tasks/Vision_project/build/bottle_detection/build install --record /home/rupendra/Desktop/Tasks/Vision_project/build/bottle_detection/install.log --single-version-externally-managed install_data
[1.124s] running egg_info
[1.152s] creating ../../build/bottle_detection/bottle_detection.egg-info
[1.152s] writing ../../build/bottle_detection/bottle_detection.egg-info/PKG-INFO
[1.152s] writing dependency_links to ../../build/bottle_detection/bottle_detection.egg-info/dependency_links.txt
[1.152s] writing entry points to ../../build/bottle_detection/bottle_detection.egg-info/entry_points.txt
[1.152s] writing requirements to ../../build/bottle_detection/bottle_detection.egg-info/requires.txt
[1.153s] writing top-level names to ../../build/bottle_detection/bottle_detection.egg-info/top_level.txt
[1.153s] writing manifest file '../../build/bottle_detection/bottle_detection.egg-info/SOURCES.txt'
[1.202s] reading manifest file '../../build/bottle_detection/bottle_detection.egg-info/SOURCES.txt'
[1.203s] writing manifest file '../../build/bottle_detection/bottle_detection.egg-info/SOURCES.txt'
[1.203s] running build
[1.203s] running build_py
[1.203s] creating /home/rupendra/Desktop/Tasks/Vision_project/build/bottle_detection/build/lib/bottle_detection
[1.203s] copying bottle_detection/database.py -> /home/rupendra/Desktop/Tasks/Vision_project/build/bottle_detection/build/lib/bottle_detection
[1.204s] copying bottle_detection/__init__.py -> /home/rupendra/Desktop/Tasks/Vision_project/build/bottle_detection/build/lib/bottle_detection
[1.204s] copying bottle_detection/bottle_detector.py -> /home/rupendra/Desktop/Tasks/Vision_project/build/bottle_detection/build/lib/bottle_detection
[1.204s] running install
[1.208s] running install_lib
[1.233s] creating /home/rupendra/Desktop/Tasks/Vision_project/install/bottle_detection/lib/python3.10/site-packages/bottle_detection
[1.233s] copying /home/rupendra/Desktop/Tasks/Vision_project/build/bottle_detection/build/lib/bottle_detection/database.py -> /home/rupendra/Desktop/Tasks/Vision_project/install/bottle_detection/lib/python3.10/site-packages/bottle_detection
[1.233s] copying /home/rupendra/Desktop/Tasks/Vision_project/build/bottle_detection/build/lib/bottle_detection/__init__.py -> /home/rupendra/Desktop/Tasks/Vision_project/install/bottle_detection/lib/python3.10/site-packages/bottle_detection
[1.233s] copying /home/rupendra/Desktop/Tasks/Vision_project/build/bottle_detection/build/lib/bottle_detection/bottle_detector.py -> /home/rupendra/Desktop/Tasks/Vision_project/install/bottle_detection/lib/python3.10/site-packages/bottle_detection
[1.234s] byte-compiling /home/rupendra/Desktop/Tasks/Vision_project/install/bottle_detection/lib/python3.10/site-packages/bottle_detection/database.py to database.cpython-310.pyc
[1.235s] byte-compiling /home/rupendra/Desktop/Tasks/Vision_project/install/bottle_detection/lib/python3.10/site-packages/bottle_detection/__init__.py to __init__.cpython-310.pyc
[1.235s] byte-compiling /home/rupendra/Desktop/Tasks/Vision_project/install/bottle_detection/lib/python3.10/site-packages/bottle_detection/bottle_detector.py to bottle_detector.cpython-310.pyc
[1.236s] running install_data
[1.236s] creating /home/rupendra/Desktop/Tasks/Vision_project/install/bottle_detection/share/ament_index/resource_index/packages
[1.237s] copying resource/bottle_detection -> /home/rupendra/Desktop/Tasks/Vision_project/install/bottle_detection/share/ament_index/resource_index/packages
[1.237s] copying package.xml -> /home/rupendra/Desktop/Tasks/Vision_project/install/bottle_detection/share/bottle_detection
[1.237s] running install_egg_info
[1.263s] Copying ../../build/bottle_detection/bottle_detection.egg-info to /home/rupendra/Desktop/Tasks/Vision_project/install/bottle_detection/lib/python3.10/site-packages/bottle_detection-0.0.0-py3.10.egg-info
[1.264s] running install_scripts
[1.318s] Installing bottle_detector script to /home/rupendra/Desktop/Tasks/Vision_project/install/bottle_detection/lib/bottle_detection
[1.318s] writing list of installed files to '/home/rupendra/Desktop/Tasks/Vision_project/build/bottle_detection/install.log'
[1.351s] Invoked command in '/home/rupendra/Desktop/Tasks/Vision_project/src/bottle_detection' returned '0': PYTHONPATH=/home/rupendra/Desktop/Tasks/Vision_project/build/bottle_detection/prefix_override:/usr/lib/python3/dist-packages/colcon_core/task/python/colcon_distutils_commands:/home/rupendra/Desktop/Tasks/Vision_project/install/bottle_detection/lib/python3.10/site-packages:${PYTHONPATH} /usr/bin/python3 -W ignore:setup.py install is deprecated -W ignore:easy_install command is deprecated setup.py egg_info --egg-base ../../build/bottle_detection build --build-base /home/rupendra/Desktop/Tasks/Vision_project/build/bottle_detection/build install --record /home/rupendra/Desktop/Tasks/Vision_project/build/bottle_detection/install.log --single-version-externally-managed install_data
