[0.061s] DEBUG:colcon:Command line arguments: ['/usr/bin/colcon', 'build', '--symlink-install']
[0.061s] DEBUG:colcon:Parsed command line arguments: Namespace(log_base=None, log_level=None, verb_name='build', build_base='build', install_base='install', merge_install=False, symlink_install=True, test_result_base=None, continue_on_error=False, executor='parallel', parallel_workers=12, event_handlers=None, ignore_user_meta=False, metas=['./colcon.meta'], base_paths=['.'], packages_ignore=None, packages_ignore_regex=None, paths=None, packages_up_to=None, packages_up_to_regex=None, packages_above=None, packages_above_and_dependencies=None, packages_above_depth=None, packages_select_by_dep=None, packages_skip_by_dep=None, packages_skip_up_to=None, packages_select_build_failed=False, packages_skip_build_finished=False, packages_select_test_failures=False, packages_skip_test_passed=False, packages_select=None, packages_skip=None, packages_select_regex=None, packages_skip_regex=None, packages_start=None, packages_end=None, allow_overriding=[], cmake_args=None, cmake_target=None, cmake_target_skip_unavailable=False, cmake_clean_cache=False, cmake_clean_first=False, cmake_force_configure=False, ament_cmake_args=None, catkin_cmake_args=None, catkin_skip_building_tests=False, mixin_files=None, mixin=None, verb_parser=<colcon_mixin.mixin.mixin_argument.MixinArgumentDecorator object at 0x75dccfa21690>, verb_extension=<colcon_core.verb.build.BuildVerb object at 0x75dccfb2e5c0>, main=<bound method BuildVerb.main of <colcon_core.verb.build.BuildVerb object at 0x75dccfb2e5c0>>, mixin_verb=('build',))
[0.141s] Level 1:colcon.colcon_core.package_discovery:discover_packages(colcon_meta) check parameters
[0.142s] Level 1:colcon.colcon_core.package_discovery:discover_packages(recursive) check parameters
[0.142s] Level 1:colcon.colcon_core.package_discovery:discover_packages(ignore) check parameters
[0.142s] Level 1:colcon.colcon_core.package_discovery:discover_packages(path) check parameters
[0.142s] Level 1:colcon.colcon_core.package_discovery:discover_packages(colcon_meta) discover
[0.142s] Level 1:colcon.colcon_core.package_discovery:discover_packages(recursive) discover
[0.142s] INFO:colcon.colcon_core.package_discovery:Crawling recursively for packages in '/home/humble/Desktop/Tasks/Vision_project'
[0.142s] Level 1:colcon.colcon_core.package_identification:_identify(.) by extensions ['ignore', 'ignore_ament_install']
[0.142s] Level 1:colcon.colcon_core.package_identification:_identify(.) by extension 'ignore'
[0.142s] Level 1:colcon.colcon_core.package_identification:_identify(.) by extension 'ignore_ament_install'
[0.142s] Level 1:colcon.colcon_core.package_identification:_identify(.) by extensions ['colcon_pkg']
[0.142s] Level 1:colcon.colcon_core.package_identification:_identify(.) by extension 'colcon_pkg'
[0.142s] Level 1:colcon.colcon_core.package_identification:_identify(.) by extensions ['colcon_meta']
[0.142s] Level 1:colcon.colcon_core.package_identification:_identify(.) by extension 'colcon_meta'
[0.142s] Level 1:colcon.colcon_core.package_identification:_identify(.) by extensions ['ros']
[0.142s] Level 1:colcon.colcon_core.package_identification:_identify(.) by extension 'ros'
[0.148s] Level 1:colcon.colcon_core.package_identification:_identify(.) by extensions ['cmake', 'python']
[0.148s] Level 1:colcon.colcon_core.package_identification:_identify(.) by extension 'cmake'
[0.148s] Level 1:colcon.colcon_core.package_identification:_identify(.) by extension 'python'
[0.148s] Level 1:colcon.colcon_core.package_identification:_identify(.) by extensions ['python_setup_py']
[0.148s] Level 1:colcon.colcon_core.package_identification:_identify(.) by extension 'python_setup_py'
[0.148s] Level 1:colcon.colcon_core.package_identification:_identify(build) by extensions ['ignore', 'ignore_ament_install']
[0.148s] Level 1:colcon.colcon_core.package_identification:_identify(build) by extension 'ignore'
[0.148s] Level 1:colcon.colcon_core.package_identification:_identify(build) ignored
[0.148s] Level 1:colcon.colcon_core.package_identification:_identify(install) by extensions ['ignore', 'ignore_ament_install']
[0.148s] Level 1:colcon.colcon_core.package_identification:_identify(install) by extension 'ignore'
[0.148s] Level 1:colcon.colcon_core.package_identification:_identify(install) ignored
[0.148s] Level 1:colcon.colcon_core.package_identification:_identify(log) by extensions ['ignore', 'ignore_ament_install']
[0.149s] Level 1:colcon.colcon_core.package_identification:_identify(log) by extension 'ignore'
[0.149s] Level 1:colcon.colcon_core.package_identification:_identify(log) ignored
[0.149s] Level 1:colcon.colcon_core.package_identification:_identify(src) by extensions ['ignore', 'ignore_ament_install']
[0.149s] Level 1:colcon.colcon_core.package_identification:_identify(src) by extension 'ignore'
[0.149s] Level 1:colcon.colcon_core.package_identification:_identify(src) by extension 'ignore_ament_install'
[0.149s] Level 1:colcon.colcon_core.package_identification:_identify(src) by extensions ['colcon_pkg']
[0.149s] Level 1:colcon.colcon_core.package_identification:_identify(src) by extension 'colcon_pkg'
[0.149s] Level 1:colcon.colcon_core.package_identification:_identify(src) by extensions ['colcon_meta']
[0.149s] Level 1:colcon.colcon_core.package_identification:_identify(src) by extension 'colcon_meta'
[0.149s] Level 1:colcon.colcon_core.package_identification:_identify(src) by extensions ['ros']
[0.149s] Level 1:colcon.colcon_core.package_identification:_identify(src) by extension 'ros'
[0.149s] Level 1:colcon.colcon_core.package_identification:_identify(src) by extensions ['cmake', 'python']
[0.149s] Level 1:colcon.colcon_core.package_identification:_identify(src) by extension 'cmake'
[0.149s] Level 1:colcon.colcon_core.package_identification:_identify(src) by extension 'python'
[0.149s] Level 1:colcon.colcon_core.package_identification:_identify(src) by extensions ['python_setup_py']
[0.149s] Level 1:colcon.colcon_core.package_identification:_identify(src) by extension 'python_setup_py'
[0.149s] Level 1:colcon.colcon_core.package_identification:_identify(src/naviarm_bringup) by extensions ['ignore', 'ignore_ament_install']
[0.149s] Level 1:colcon.colcon_core.package_identification:_identify(src/naviarm_bringup) by extension 'ignore'
[0.149s] Level 1:colcon.colcon_core.package_identification:_identify(src/naviarm_bringup) by extension 'ignore_ament_install'
[0.149s] Level 1:colcon.colcon_core.package_identification:_identify(src/naviarm_bringup) by extensions ['colcon_pkg']
[0.149s] Level 1:colcon.colcon_core.package_identification:_identify(src/naviarm_bringup) by extension 'colcon_pkg'
[0.149s] Level 1:colcon.colcon_core.package_identification:_identify(src/naviarm_bringup) by extensions ['colcon_meta']
[0.149s] Level 1:colcon.colcon_core.package_identification:_identify(src/naviarm_bringup) by extension 'colcon_meta'
[0.149s] Level 1:colcon.colcon_core.package_identification:_identify(src/naviarm_bringup) by extensions ['ros']
[0.149s] Level 1:colcon.colcon_core.package_identification:_identify(src/naviarm_bringup) by extension 'ros'
[0.150s] DEBUG:colcon.colcon_core.package_identification:Package 'src/naviarm_bringup' with type 'ros.ament_cmake' and name 'naviarm_bringup'
[0.150s] Level 1:colcon.colcon_core.package_identification:_identify(src/naviarm_gazebo) by extensions ['ignore', 'ignore_ament_install']
[0.150s] Level 1:colcon.colcon_core.package_identification:_identify(src/naviarm_gazebo) by extension 'ignore'
[0.151s] Level 1:colcon.colcon_core.package_identification:_identify(src/naviarm_gazebo) by extension 'ignore_ament_install'
[0.151s] Level 1:colcon.colcon_core.package_identification:_identify(src/naviarm_gazebo) by extensions ['colcon_pkg']
[0.151s] Level 1:colcon.colcon_core.package_identification:_identify(src/naviarm_gazebo) by extension 'colcon_pkg'
[0.151s] Level 1:colcon.colcon_core.package_identification:_identify(src/naviarm_gazebo) by extensions ['colcon_meta']
[0.151s] Level 1:colcon.colcon_core.package_identification:_identify(src/naviarm_gazebo) by extension 'colcon_meta'
[0.151s] Level 1:colcon.colcon_core.package_identification:_identify(src/naviarm_gazebo) by extensions ['ros']
[0.151s] Level 1:colcon.colcon_core.package_identification:_identify(src/naviarm_gazebo) by extension 'ros'
[0.151s] DEBUG:colcon.colcon_core.package_identification:Package 'src/naviarm_gazebo' with type 'ros.ament_cmake' and name 'naviarm_gazebo'
[0.151s] Level 1:colcon.colcon_core.package_identification:_identify(src/utils) by extensions ['ignore', 'ignore_ament_install']
[0.151s] Level 1:colcon.colcon_core.package_identification:_identify(src/utils) by extension 'ignore'
[0.151s] Level 1:colcon.colcon_core.package_identification:_identify(src/utils) by extension 'ignore_ament_install'
[0.151s] Level 1:colcon.colcon_core.package_identification:_identify(src/utils) by extensions ['colcon_pkg']
[0.151s] Level 1:colcon.colcon_core.package_identification:_identify(src/utils) by extension 'colcon_pkg'
[0.151s] Level 1:colcon.colcon_core.package_identification:_identify(src/utils) by extensions ['colcon_meta']
[0.151s] Level 1:colcon.colcon_core.package_identification:_identify(src/utils) by extension 'colcon_meta'
[0.151s] Level 1:colcon.colcon_core.package_identification:_identify(src/utils) by extensions ['ros']
[0.151s] Level 1:colcon.colcon_core.package_identification:_identify(src/utils) by extension 'ros'
[0.151s] Level 1:colcon.colcon_core.package_identification:_identify(src/utils) by extensions ['cmake', 'python']
[0.151s] Level 1:colcon.colcon_core.package_identification:_identify(src/utils) by extension 'cmake'
[0.151s] Level 1:colcon.colcon_core.package_identification:_identify(src/utils) by extension 'python'
[0.151s] Level 1:colcon.colcon_core.package_identification:_identify(src/utils) by extensions ['python_setup_py']
[0.151s] Level 1:colcon.colcon_core.package_identification:_identify(src/utils) by extension 'python_setup_py'
[0.151s] Level 1:colcon.colcon_core.package_identification:_identify(src/utils/conveyorbelt_msgs) by extensions ['ignore', 'ignore_ament_install']
[0.151s] Level 1:colcon.colcon_core.package_identification:_identify(src/utils/conveyorbelt_msgs) by extension 'ignore'
[0.151s] Level 1:colcon.colcon_core.package_identification:_identify(src/utils/conveyorbelt_msgs) by extension 'ignore_ament_install'
[0.151s] Level 1:colcon.colcon_core.package_identification:_identify(src/utils/conveyorbelt_msgs) by extensions ['colcon_pkg']
[0.151s] Level 1:colcon.colcon_core.package_identification:_identify(src/utils/conveyorbelt_msgs) by extension 'colcon_pkg'
[0.151s] Level 1:colcon.colcon_core.package_identification:_identify(src/utils/conveyorbelt_msgs) by extensions ['colcon_meta']
[0.151s] Level 1:colcon.colcon_core.package_identification:_identify(src/utils/conveyorbelt_msgs) by extension 'colcon_meta'
[0.151s] Level 1:colcon.colcon_core.package_identification:_identify(src/utils/conveyorbelt_msgs) by extensions ['ros']
[0.152s] Level 1:colcon.colcon_core.package_identification:_identify(src/utils/conveyorbelt_msgs) by extension 'ros'
[0.152s] DEBUG:colcon.colcon_core.package_identification:Package 'src/utils/conveyorbelt_msgs' with type 'ros.ament_cmake' and name 'conveyorbelt_msgs'
[0.152s] Level 1:colcon.colcon_core.package_identification:_identify(src/vision_box_detector) by extensions ['ignore', 'ignore_ament_install']
[0.152s] Level 1:colcon.colcon_core.package_identification:_identify(src/vision_box_detector) by extension 'ignore'
[0.152s] Level 1:colcon.colcon_core.package_identification:_identify(src/vision_box_detector) by extension 'ignore_ament_install'
[0.152s] Level 1:colcon.colcon_core.package_identification:_identify(src/vision_box_detector) by extensions ['colcon_pkg']
[0.152s] Level 1:colcon.colcon_core.package_identification:_identify(src/vision_box_detector) by extension 'colcon_pkg'
[0.152s] Level 1:colcon.colcon_core.package_identification:_identify(src/vision_box_detector) by extensions ['colcon_meta']
[0.152s] Level 1:colcon.colcon_core.package_identification:_identify(src/vision_box_detector) by extension 'colcon_meta'
[0.152s] Level 1:colcon.colcon_core.package_identification:_identify(src/vision_box_detector) by extensions ['ros']
[0.152s] Level 1:colcon.colcon_core.package_identification:_identify(src/vision_box_detector) by extension 'ros'
[0.152s] DEBUG:colcon.colcon_core.package_identification:Package 'src/vision_box_detector' with type 'ros.ament_python' and name 'vision_box_detector'
[0.152s] Level 1:colcon.colcon_core.package_discovery:discover_packages(recursive) using defaults
[0.152s] Level 1:colcon.colcon_core.package_discovery:discover_packages(ignore) discover
[0.152s] Level 1:colcon.colcon_core.package_discovery:discover_packages(ignore) using defaults
[0.152s] Level 1:colcon.colcon_core.package_discovery:discover_packages(path) discover
[0.152s] Level 1:colcon.colcon_core.package_discovery:discover_packages(path) using defaults
[0.170s] Level 1:colcon.colcon_core.package_discovery:discover_packages(prefix_path) check parameters
[0.170s] Level 1:colcon.colcon_core.package_discovery:discover_packages(prefix_path) discover
[0.171s] DEBUG:colcon.colcon_installed_package_information.package_discovery:Found 317 installed packages in /opt/ros/humble
[0.172s] Level 1:colcon.colcon_core.package_discovery:discover_packages(prefix_path) using defaults
[0.192s] Level 5:colcon.colcon_core.verb:set package 'conveyorbelt_msgs' build argument 'cmake_args' from command line to 'None'
[0.192s] Level 5:colcon.colcon_core.verb:set package 'conveyorbelt_msgs' build argument 'cmake_target' from command line to 'None'
[0.192s] Level 5:colcon.colcon_core.verb:set package 'conveyorbelt_msgs' build argument 'cmake_target_skip_unavailable' from command line to 'False'
[0.192s] Level 5:colcon.colcon_core.verb:set package 'conveyorbelt_msgs' build argument 'cmake_clean_cache' from command line to 'False'
[0.192s] Level 5:colcon.colcon_core.verb:set package 'conveyorbelt_msgs' build argument 'cmake_clean_first' from command line to 'False'
[0.192s] Level 5:colcon.colcon_core.verb:set package 'conveyorbelt_msgs' build argument 'cmake_force_configure' from command line to 'False'
[0.192s] Level 5:colcon.colcon_core.verb:set package 'conveyorbelt_msgs' build argument 'ament_cmake_args' from command line to 'None'
[0.192s] Level 5:colcon.colcon_core.verb:set package 'conveyorbelt_msgs' build argument 'catkin_cmake_args' from command line to 'None'
[0.192s] Level 5:colcon.colcon_core.verb:set package 'conveyorbelt_msgs' build argument 'catkin_skip_building_tests' from command line to 'False'
[0.192s] DEBUG:colcon.colcon_core.verb:Building package 'conveyorbelt_msgs' with the following arguments: {'ament_cmake_args': None, 'build_base': '/home/humble/Desktop/Tasks/Vision_project/build/conveyorbelt_msgs', 'catkin_cmake_args': None, 'catkin_skip_building_tests': False, 'cmake_args': None, 'cmake_clean_cache': False, 'cmake_clean_first': False, 'cmake_force_configure': False, 'cmake_target': None, 'cmake_target_skip_unavailable': False, 'install_base': '/home/humble/Desktop/Tasks/Vision_project/install/conveyorbelt_msgs', 'merge_install': False, 'path': '/home/humble/Desktop/Tasks/Vision_project/src/utils/conveyorbelt_msgs', 'symlink_install': True, 'test_result_base': None}
[0.192s] Level 5:colcon.colcon_core.verb:set package 'naviarm_bringup' build argument 'cmake_args' from command line to 'None'
[0.192s] Level 5:colcon.colcon_core.verb:set package 'naviarm_bringup' build argument 'cmake_target' from command line to 'None'
[0.192s] Level 5:colcon.colcon_core.verb:set package 'naviarm_bringup' build argument 'cmake_target_skip_unavailable' from command line to 'False'
[0.192s] Level 5:colcon.colcon_core.verb:set package 'naviarm_bringup' build argument 'cmake_clean_cache' from command line to 'False'
[0.192s] Level 5:colcon.colcon_core.verb:set package 'naviarm_bringup' build argument 'cmake_clean_first' from command line to 'False'
[0.192s] Level 5:colcon.colcon_core.verb:set package 'naviarm_bringup' build argument 'cmake_force_configure' from command line to 'False'
[0.192s] Level 5:colcon.colcon_core.verb:set package 'naviarm_bringup' build argument 'ament_cmake_args' from command line to 'None'
[0.192s] Level 5:colcon.colcon_core.verb:set package 'naviarm_bringup' build argument 'catkin_cmake_args' from command line to 'None'
[0.192s] Level 5:colcon.colcon_core.verb:set package 'naviarm_bringup' build argument 'catkin_skip_building_tests' from command line to 'False'
[0.192s] DEBUG:colcon.colcon_core.verb:Building package 'naviarm_bringup' with the following arguments: {'ament_cmake_args': None, 'build_base': '/home/humble/Desktop/Tasks/Vision_project/build/naviarm_bringup', 'catkin_cmake_args': None, 'catkin_skip_building_tests': False, 'cmake_args': None, 'cmake_clean_cache': False, 'cmake_clean_first': False, 'cmake_force_configure': False, 'cmake_target': None, 'cmake_target_skip_unavailable': False, 'install_base': '/home/humble/Desktop/Tasks/Vision_project/install/naviarm_bringup', 'merge_install': False, 'path': '/home/humble/Desktop/Tasks/Vision_project/src/naviarm_bringup', 'symlink_install': True, 'test_result_base': None}
[0.192s] Level 5:colcon.colcon_core.verb:set package 'naviarm_gazebo' build argument 'cmake_args' from command line to 'None'
[0.192s] Level 5:colcon.colcon_core.verb:set package 'naviarm_gazebo' build argument 'cmake_target' from command line to 'None'
[0.192s] Level 5:colcon.colcon_core.verb:set package 'naviarm_gazebo' build argument 'cmake_target_skip_unavailable' from command line to 'False'
[0.192s] Level 5:colcon.colcon_core.verb:set package 'naviarm_gazebo' build argument 'cmake_clean_cache' from command line to 'False'
[0.192s] Level 5:colcon.colcon_core.verb:set package 'naviarm_gazebo' build argument 'cmake_clean_first' from command line to 'False'
[0.192s] Level 5:colcon.colcon_core.verb:set package 'naviarm_gazebo' build argument 'cmake_force_configure' from command line to 'False'
[0.192s] Level 5:colcon.colcon_core.verb:set package 'naviarm_gazebo' build argument 'ament_cmake_args' from command line to 'None'
[0.192s] Level 5:colcon.colcon_core.verb:set package 'naviarm_gazebo' build argument 'catkin_cmake_args' from command line to 'None'
[0.192s] Level 5:colcon.colcon_core.verb:set package 'naviarm_gazebo' build argument 'catkin_skip_building_tests' from command line to 'False'
[0.192s] DEBUG:colcon.colcon_core.verb:Building package 'naviarm_gazebo' with the following arguments: {'ament_cmake_args': None, 'build_base': '/home/humble/Desktop/Tasks/Vision_project/build/naviarm_gazebo', 'catkin_cmake_args': None, 'catkin_skip_building_tests': False, 'cmake_args': None, 'cmake_clean_cache': False, 'cmake_clean_first': False, 'cmake_force_configure': False, 'cmake_target': None, 'cmake_target_skip_unavailable': False, 'install_base': '/home/humble/Desktop/Tasks/Vision_project/install/naviarm_gazebo', 'merge_install': False, 'path': '/home/humble/Desktop/Tasks/Vision_project/src/naviarm_gazebo', 'symlink_install': True, 'test_result_base': None}
[0.192s] Level 5:colcon.colcon_core.verb:set package 'vision_box_detector' build argument 'cmake_args' from command line to 'None'
[0.192s] Level 5:colcon.colcon_core.verb:set package 'vision_box_detector' build argument 'cmake_target' from command line to 'None'
[0.192s] Level 5:colcon.colcon_core.verb:set package 'vision_box_detector' build argument 'cmake_target_skip_unavailable' from command line to 'False'
[0.192s] Level 5:colcon.colcon_core.verb:set package 'vision_box_detector' build argument 'cmake_clean_cache' from command line to 'False'
[0.192s] Level 5:colcon.colcon_core.verb:set package 'vision_box_detector' build argument 'cmake_clean_first' from command line to 'False'
[0.193s] Level 5:colcon.colcon_core.verb:set package 'vision_box_detector' build argument 'cmake_force_configure' from command line to 'False'
[0.193s] Level 5:colcon.colcon_core.verb:set package 'vision_box_detector' build argument 'ament_cmake_args' from command line to 'None'
[0.193s] Level 5:colcon.colcon_core.verb:set package 'vision_box_detector' build argument 'catkin_cmake_args' from command line to 'None'
[0.193s] Level 5:colcon.colcon_core.verb:set package 'vision_box_detector' build argument 'catkin_skip_building_tests' from command line to 'False'
[0.193s] DEBUG:colcon.colcon_core.verb:Building package 'vision_box_detector' with the following arguments: {'ament_cmake_args': None, 'build_base': '/home/humble/Desktop/Tasks/Vision_project/build/vision_box_detector', 'catkin_cmake_args': None, 'catkin_skip_building_tests': False, 'cmake_args': None, 'cmake_clean_cache': False, 'cmake_clean_first': False, 'cmake_force_configure': False, 'cmake_target': None, 'cmake_target_skip_unavailable': False, 'install_base': '/home/humble/Desktop/Tasks/Vision_project/install/vision_box_detector', 'merge_install': False, 'path': '/home/humble/Desktop/Tasks/Vision_project/src/vision_box_detector', 'symlink_install': True, 'test_result_base': None}
[0.193s] INFO:colcon.colcon_core.executor:Executing jobs using 'parallel' executor
[0.193s] DEBUG:colcon.colcon_parallel_executor.executor.parallel:run_until_complete
[0.194s] INFO:colcon.colcon_ros.task.ament_cmake.build:Building ROS package in '/home/humble/Desktop/Tasks/Vision_project/src/utils/conveyorbelt_msgs' with build type 'ament_cmake'
[0.194s] INFO:colcon.colcon_cmake.task.cmake.build:Building CMake package in '/home/humble/Desktop/Tasks/Vision_project/src/utils/conveyorbelt_msgs'
[0.195s] INFO:colcon.colcon_core.plugin_system:Skipping extension 'colcon_core.shell.bat': Not used on non-Windows systems
[0.195s] INFO:colcon.colcon_core.shell:Skip shell extension 'powershell' for command environment: Not usable outside of PowerShell
[0.195s] DEBUG:colcon.colcon_core.shell:Skip shell extension 'dsv' for command environment
[0.196s] INFO:colcon.colcon_ros.task.ament_cmake.build:Building ROS package in '/home/humble/Desktop/Tasks/Vision_project/src/naviarm_bringup' with build type 'ament_cmake'
[0.197s] INFO:colcon.colcon_cmake.task.cmake.build:Building CMake package in '/home/humble/Desktop/Tasks/Vision_project/src/naviarm_bringup'
[0.197s] INFO:colcon.colcon_core.shell:Skip shell extension 'powershell' for command environment: Not usable outside of PowerShell
[0.197s] DEBUG:colcon.colcon_core.shell:Skip shell extension 'dsv' for command environment
[0.198s] INFO:colcon.colcon_ros.task.ament_cmake.build:Building ROS package in '/home/humble/Desktop/Tasks/Vision_project/src/naviarm_gazebo' with build type 'ament_cmake'
[0.198s] INFO:colcon.colcon_cmake.task.cmake.build:Building CMake package in '/home/humble/Desktop/Tasks/Vision_project/src/naviarm_gazebo'
[0.198s] INFO:colcon.colcon_core.shell:Skip shell extension 'powershell' for command environment: Not usable outside of PowerShell
[0.198s] DEBUG:colcon.colcon_core.shell:Skip shell extension 'dsv' for command environment
[0.202s] DEBUG:colcon.colcon_core.event_handler.log_command:Invoking command in '/home/humble/Desktop/Tasks/Vision_project/build/conveyorbelt_msgs': CMAKE_PREFIX_PATH=/opt/ros/humble /usr/bin/cmake /home/humble/Desktop/Tasks/Vision_project/src/utils/conveyorbelt_msgs -DAMENT_CMAKE_SYMLINK_INSTALL=1 -DCMAKE_INSTALL_PREFIX=/home/humble/Desktop/Tasks/Vision_project/install/conveyorbelt_msgs
[0.205s] DEBUG:colcon.colcon_core.event_handler.log_command:Invoking command in '/home/humble/Desktop/Tasks/Vision_project/build/naviarm_bringup': CMAKE_PREFIX_PATH=/opt/ros/humble /usr/bin/cmake /home/humble/Desktop/Tasks/Vision_project/src/naviarm_bringup -DAMENT_CMAKE_SYMLINK_INSTALL=1 -DCMAKE_INSTALL_PREFIX=/home/humble/Desktop/Tasks/Vision_project/install/naviarm_bringup
[0.208s] DEBUG:colcon.colcon_core.event_handler.log_command:Invoking command in '/home/humble/Desktop/Tasks/Vision_project/build/naviarm_gazebo': CMAKE_PREFIX_PATH=/opt/ros/humble /usr/bin/cmake /home/humble/Desktop/Tasks/Vision_project/src/naviarm_gazebo -DAMENT_CMAKE_SYMLINK_INSTALL=1 -DCMAKE_INSTALL_PREFIX=/home/humble/Desktop/Tasks/Vision_project/install/naviarm_gazebo
[0.628s] DEBUG:colcon.colcon_core.event_handler.log_command:Invoked command in '/home/humble/Desktop/Tasks/Vision_project/build/naviarm_bringup' returned '0': CMAKE_PREFIX_PATH=/opt/ros/humble /usr/bin/cmake /home/humble/Desktop/Tasks/Vision_project/src/naviarm_bringup -DAMENT_CMAKE_SYMLINK_INSTALL=1 -DCMAKE_INSTALL_PREFIX=/home/humble/Desktop/Tasks/Vision_project/install/naviarm_bringup
[0.629s] DEBUG:colcon.colcon_core.event_handler.log_command:Invoking command in '/home/humble/Desktop/Tasks/Vision_project/build/naviarm_bringup': CMAKE_PREFIX_PATH=/opt/ros/humble /usr/bin/cmake --build /home/humble/Desktop/Tasks/Vision_project/build/naviarm_bringup -- -j12 -l12
[0.659s] DEBUG:colcon.colcon_core.event_handler.log_command:Invoked command in '/home/humble/Desktop/Tasks/Vision_project/build/naviarm_bringup' returned '0': CMAKE_PREFIX_PATH=/opt/ros/humble /usr/bin/cmake --build /home/humble/Desktop/Tasks/Vision_project/build/naviarm_bringup -- -j12 -l12
[0.666s] DEBUG:colcon.colcon_core.event_handler.log_command:Invoking command in '/home/humble/Desktop/Tasks/Vision_project/build/naviarm_bringup': CMAKE_PREFIX_PATH=/opt/ros/humble /usr/bin/cmake --install /home/humble/Desktop/Tasks/Vision_project/build/naviarm_bringup
[0.678s] DEBUG:colcon.colcon_core.event_handler.log_command:Invoked command in '/home/humble/Desktop/Tasks/Vision_project/build/naviarm_gazebo' returned '0': CMAKE_PREFIX_PATH=/opt/ros/humble /usr/bin/cmake /home/humble/Desktop/Tasks/Vision_project/src/naviarm_gazebo -DAMENT_CMAKE_SYMLINK_INSTALL=1 -DCMAKE_INSTALL_PREFIX=/home/humble/Desktop/Tasks/Vision_project/install/naviarm_gazebo
[0.680s] DEBUG:colcon.colcon_core.event_handler.log_command:Invoking command in '/home/humble/Desktop/Tasks/Vision_project/build/naviarm_gazebo': CMAKE_PREFIX_PATH=/opt/ros/humble /usr/bin/cmake --build /home/humble/Desktop/Tasks/Vision_project/build/naviarm_gazebo -- -j12 -l12
[0.707s] DEBUG:colcon.colcon_core.event_handler.log_command:Invoked command in '/home/humble/Desktop/Tasks/Vision_project/build/naviarm_gazebo' returned '0': CMAKE_PREFIX_PATH=/opt/ros/humble /usr/bin/cmake --build /home/humble/Desktop/Tasks/Vision_project/build/naviarm_gazebo -- -j12 -l12
[0.708s] DEBUG:colcon.colcon_core.event_handler.log_command:Invoking command in '/home/humble/Desktop/Tasks/Vision_project/build/naviarm_gazebo': CMAKE_PREFIX_PATH=/opt/ros/humble /usr/bin/cmake --install /home/humble/Desktop/Tasks/Vision_project/build/naviarm_gazebo
[0.784s] Level 1:colcon.colcon_core.environment:create_environment_scripts_only(naviarm_bringup)
[0.785s] DEBUG:colcon.colcon_core.event_handler.log_command:Invoked command in '/home/humble/Desktop/Tasks/Vision_project/build/naviarm_bringup' returned '0': CMAKE_PREFIX_PATH=/opt/ros/humble /usr/bin/cmake --install /home/humble/Desktop/Tasks/Vision_project/build/naviarm_bringup
[0.787s] Level 1:colcon.colcon_core.environment:checking '/home/humble/Desktop/Tasks/Vision_project/install/naviarm_bringup' for CMake module files
[0.787s] Level 1:colcon.colcon_core.environment:checking '/home/humble/Desktop/Tasks/Vision_project/install/naviarm_bringup' for CMake config files
[0.787s] Level 1:colcon.colcon_core.shell:create_environment_hook('naviarm_bringup', 'cmake_prefix_path')
[0.787s] INFO:colcon.colcon_core.shell:Creating environment hook '/home/humble/Desktop/Tasks/Vision_project/install/naviarm_bringup/share/naviarm_bringup/hook/cmake_prefix_path.ps1'
[0.796s] INFO:colcon.colcon_core.shell:Creating environment descriptor '/home/humble/Desktop/Tasks/Vision_project/install/naviarm_bringup/share/naviarm_bringup/hook/cmake_prefix_path.dsv'
[0.797s] INFO:colcon.colcon_core.shell:Creating environment hook '/home/humble/Desktop/Tasks/Vision_project/install/naviarm_bringup/share/naviarm_bringup/hook/cmake_prefix_path.sh'
[0.797s] Level 1:colcon.colcon_core.environment:checking '/home/humble/Desktop/Tasks/Vision_project/install/naviarm_bringup/bin'
[0.797s] Level 1:colcon.colcon_core.environment:checking '/home/humble/Desktop/Tasks/Vision_project/install/naviarm_bringup/lib/pkgconfig/naviarm_bringup.pc'
[0.797s] Level 1:colcon.colcon_core.environment:checking '/home/humble/Desktop/Tasks/Vision_project/install/naviarm_bringup/lib/python3.10/site-packages'
[0.797s] Level 1:colcon.colcon_core.environment:checking '/home/humble/Desktop/Tasks/Vision_project/install/naviarm_bringup/bin'
[0.798s] INFO:colcon.colcon_core.shell:Creating package script '/home/humble/Desktop/Tasks/Vision_project/install/naviarm_bringup/share/naviarm_bringup/package.ps1'
[0.798s] INFO:colcon.colcon_core.shell:Creating package descriptor '/home/humble/Desktop/Tasks/Vision_project/install/naviarm_bringup/share/naviarm_bringup/package.dsv'
[0.798s] INFO:colcon.colcon_core.shell:Creating package script '/home/humble/Desktop/Tasks/Vision_project/install/naviarm_bringup/share/naviarm_bringup/package.sh'
[0.799s] INFO:colcon.colcon_core.shell:Creating package script '/home/humble/Desktop/Tasks/Vision_project/install/naviarm_bringup/share/naviarm_bringup/package.bash'
[0.799s] INFO:colcon.colcon_core.shell:Creating package script '/home/humble/Desktop/Tasks/Vision_project/install/naviarm_bringup/share/naviarm_bringup/package.zsh'
[0.799s] Level 1:colcon.colcon_core.environment:create_file_with_runtime_dependencies(/home/humble/Desktop/Tasks/Vision_project/install/naviarm_bringup/share/colcon-core/packages/naviarm_bringup)
[0.800s] Level 1:colcon.colcon_core.environment:create_environment_scripts_only(naviarm_bringup)
[0.800s] Level 1:colcon.colcon_core.environment:checking '/home/humble/Desktop/Tasks/Vision_project/install/naviarm_bringup' for CMake module files
[0.800s] Level 1:colcon.colcon_core.environment:checking '/home/humble/Desktop/Tasks/Vision_project/install/naviarm_bringup' for CMake config files
[0.801s] Level 1:colcon.colcon_core.shell:create_environment_hook('naviarm_bringup', 'cmake_prefix_path')
[0.801s] INFO:colcon.colcon_core.shell:Creating environment hook '/home/humble/Desktop/Tasks/Vision_project/install/naviarm_bringup/share/naviarm_bringup/hook/cmake_prefix_path.ps1'
[0.801s] INFO:colcon.colcon_core.shell:Creating environment descriptor '/home/humble/Desktop/Tasks/Vision_project/install/naviarm_bringup/share/naviarm_bringup/hook/cmake_prefix_path.dsv'
[0.801s] INFO:colcon.colcon_core.shell:Creating environment hook '/home/humble/Desktop/Tasks/Vision_project/install/naviarm_bringup/share/naviarm_bringup/hook/cmake_prefix_path.sh'
[0.802s] Level 1:colcon.colcon_core.environment:checking '/home/humble/Desktop/Tasks/Vision_project/install/naviarm_bringup/bin'
[0.802s] Level 1:colcon.colcon_core.environment:checking '/home/humble/Desktop/Tasks/Vision_project/install/naviarm_bringup/lib/pkgconfig/naviarm_bringup.pc'
[0.802s] Level 1:colcon.colcon_core.environment:checking '/home/humble/Desktop/Tasks/Vision_project/install/naviarm_bringup/lib/python3.10/site-packages'
[0.802s] Level 1:colcon.colcon_core.environment:checking '/home/humble/Desktop/Tasks/Vision_project/install/naviarm_bringup/bin'
[0.802s] INFO:colcon.colcon_core.shell:Creating package script '/home/humble/Desktop/Tasks/Vision_project/install/naviarm_bringup/share/naviarm_bringup/package.ps1'
[0.803s] INFO:colcon.colcon_core.shell:Creating package descriptor '/home/humble/Desktop/Tasks/Vision_project/install/naviarm_bringup/share/naviarm_bringup/package.dsv'
[0.803s] INFO:colcon.colcon_core.shell:Creating package script '/home/humble/Desktop/Tasks/Vision_project/install/naviarm_bringup/share/naviarm_bringup/package.sh'
[0.803s] INFO:colcon.colcon_core.shell:Creating package script '/home/humble/Desktop/Tasks/Vision_project/install/naviarm_bringup/share/naviarm_bringup/package.bash'
[0.804s] INFO:colcon.colcon_core.shell:Creating package script '/home/humble/Desktop/Tasks/Vision_project/install/naviarm_bringup/share/naviarm_bringup/package.zsh'
[0.804s] Level 1:colcon.colcon_core.environment:create_file_with_runtime_dependencies(/home/humble/Desktop/Tasks/Vision_project/install/naviarm_bringup/share/colcon-core/packages/naviarm_bringup)
[1.199s] DEBUG:colcon.colcon_core.event_handler.log_command:Invoked command in '/home/humble/Desktop/Tasks/Vision_project/build/conveyorbelt_msgs' returned '0': CMAKE_PREFIX_PATH=/opt/ros/humble /usr/bin/cmake /home/humble/Desktop/Tasks/Vision_project/src/utils/conveyorbelt_msgs -DAMENT_CMAKE_SYMLINK_INSTALL=1 -DCMAKE_INSTALL_PREFIX=/home/humble/Desktop/Tasks/Vision_project/install/conveyorbelt_msgs
[1.200s] DEBUG:colcon.colcon_core.event_handler.log_command:Invoking command in '/home/humble/Desktop/Tasks/Vision_project/build/conveyorbelt_msgs': CMAKE_PREFIX_PATH=/opt/ros/humble /usr/bin/cmake --build /home/humble/Desktop/Tasks/Vision_project/build/conveyorbelt_msgs -- -j12 -l12
[2.826s] DEBUG:colcon.colcon_core.event_handler.log_command:Invoked command in '/home/humble/Desktop/Tasks/Vision_project/build/conveyorbelt_msgs' returned '0': CMAKE_PREFIX_PATH=/opt/ros/humble /usr/bin/cmake --build /home/humble/Desktop/Tasks/Vision_project/build/conveyorbelt_msgs -- -j12 -l12
[2.828s] DEBUG:colcon.colcon_core.event_handler.log_command:Invoking command in '/home/humble/Desktop/Tasks/Vision_project/build/conveyorbelt_msgs': CMAKE_PREFIX_PATH=/opt/ros/humble /usr/bin/cmake --install /home/humble/Desktop/Tasks/Vision_project/build/conveyorbelt_msgs
[3.362s] Level 1:colcon.colcon_core.environment:create_environment_scripts_only(conveyorbelt_msgs)
[3.362s] Level 1:colcon.colcon_core.environment:checking '/home/humble/Desktop/Tasks/Vision_project/install/conveyorbelt_msgs' for CMake module files
[3.362s] DEBUG:colcon.colcon_core.event_handler.log_command:Invoked command in '/home/humble/Desktop/Tasks/Vision_project/build/conveyorbelt_msgs' returned '0': CMAKE_PREFIX_PATH=/opt/ros/humble /usr/bin/cmake --install /home/humble/Desktop/Tasks/Vision_project/build/conveyorbelt_msgs
[3.363s] Level 1:colcon.colcon_core.environment:checking '/home/humble/Desktop/Tasks/Vision_project/install/conveyorbelt_msgs' for CMake config files
[3.364s] Level 1:colcon.colcon_core.shell:create_environment_hook('conveyorbelt_msgs', 'cmake_prefix_path')
[3.364s] INFO:colcon.colcon_core.shell:Creating environment hook '/home/humble/Desktop/Tasks/Vision_project/install/conveyorbelt_msgs/share/conveyorbelt_msgs/hook/cmake_prefix_path.ps1'
[3.365s] INFO:colcon.colcon_core.shell:Creating environment descriptor '/home/humble/Desktop/Tasks/Vision_project/install/conveyorbelt_msgs/share/conveyorbelt_msgs/hook/cmake_prefix_path.dsv'
[3.365s] INFO:colcon.colcon_core.shell:Creating environment hook '/home/humble/Desktop/Tasks/Vision_project/install/conveyorbelt_msgs/share/conveyorbelt_msgs/hook/cmake_prefix_path.sh'
[3.365s] Level 1:colcon.colcon_core.environment:checking '/home/humble/Desktop/Tasks/Vision_project/install/conveyorbelt_msgs/lib'
[3.365s] Level 1:colcon.colcon_core.shell:create_environment_hook('conveyorbelt_msgs', 'ld_library_path_lib')
[3.365s] INFO:colcon.colcon_core.shell:Creating environment hook '/home/humble/Desktop/Tasks/Vision_project/install/conveyorbelt_msgs/share/conveyorbelt_msgs/hook/ld_library_path_lib.ps1'
[3.365s] INFO:colcon.colcon_core.shell:Creating environment descriptor '/home/humble/Desktop/Tasks/Vision_project/install/conveyorbelt_msgs/share/conveyorbelt_msgs/hook/ld_library_path_lib.dsv'
[3.366s] INFO:colcon.colcon_core.shell:Creating environment hook '/home/humble/Desktop/Tasks/Vision_project/install/conveyorbelt_msgs/share/conveyorbelt_msgs/hook/ld_library_path_lib.sh'
[3.366s] Level 1:colcon.colcon_core.environment:checking '/home/humble/Desktop/Tasks/Vision_project/install/conveyorbelt_msgs/bin'
[3.366s] Level 1:colcon.colcon_core.environment:checking '/home/humble/Desktop/Tasks/Vision_project/install/conveyorbelt_msgs/lib/pkgconfig/conveyorbelt_msgs.pc'
[3.366s] Level 1:colcon.colcon_core.environment:checking '/home/humble/Desktop/Tasks/Vision_project/install/conveyorbelt_msgs/lib/python3.10/site-packages'
[3.366s] Level 1:colcon.colcon_core.environment:checking '/home/humble/Desktop/Tasks/Vision_project/install/conveyorbelt_msgs/bin'
[3.366s] INFO:colcon.colcon_core.shell:Creating package script '/home/humble/Desktop/Tasks/Vision_project/install/conveyorbelt_msgs/share/conveyorbelt_msgs/package.ps1'
[3.366s] INFO:colcon.colcon_core.shell:Creating package descriptor '/home/humble/Desktop/Tasks/Vision_project/install/conveyorbelt_msgs/share/conveyorbelt_msgs/package.dsv'
[3.367s] INFO:colcon.colcon_core.shell:Creating package script '/home/humble/Desktop/Tasks/Vision_project/install/conveyorbelt_msgs/share/conveyorbelt_msgs/package.sh'
[3.367s] INFO:colcon.colcon_core.shell:Creating package script '/home/humble/Desktop/Tasks/Vision_project/install/conveyorbelt_msgs/share/conveyorbelt_msgs/package.bash'
[3.367s] INFO:colcon.colcon_core.shell:Creating package script '/home/humble/Desktop/Tasks/Vision_project/install/conveyorbelt_msgs/share/conveyorbelt_msgs/package.zsh'
[3.367s] Level 1:colcon.colcon_core.environment:create_file_with_runtime_dependencies(/home/humble/Desktop/Tasks/Vision_project/install/conveyorbelt_msgs/share/colcon-core/packages/conveyorbelt_msgs)
[3.368s] Level 1:colcon.colcon_core.environment:create_environment_scripts_only(conveyorbelt_msgs)
[3.368s] Level 1:colcon.colcon_core.environment:checking '/home/humble/Desktop/Tasks/Vision_project/install/conveyorbelt_msgs' for CMake module files
[3.368s] Level 1:colcon.colcon_core.environment:checking '/home/humble/Desktop/Tasks/Vision_project/install/conveyorbelt_msgs' for CMake config files
[3.369s] Level 1:colcon.colcon_core.shell:create_environment_hook('conveyorbelt_msgs', 'cmake_prefix_path')
[3.369s] INFO:colcon.colcon_core.shell:Creating environment hook '/home/humble/Desktop/Tasks/Vision_project/install/conveyorbelt_msgs/share/conveyorbelt_msgs/hook/cmake_prefix_path.ps1'
[3.369s] INFO:colcon.colcon_core.shell:Creating environment descriptor '/home/humble/Desktop/Tasks/Vision_project/install/conveyorbelt_msgs/share/conveyorbelt_msgs/hook/cmake_prefix_path.dsv'
[3.369s] INFO:colcon.colcon_core.shell:Creating environment hook '/home/humble/Desktop/Tasks/Vision_project/install/conveyorbelt_msgs/share/conveyorbelt_msgs/hook/cmake_prefix_path.sh'
[3.369s] Level 1:colcon.colcon_core.environment:checking '/home/humble/Desktop/Tasks/Vision_project/install/conveyorbelt_msgs/lib'
[3.369s] Level 1:colcon.colcon_core.shell:create_environment_hook('conveyorbelt_msgs', 'ld_library_path_lib')
[3.370s] INFO:colcon.colcon_core.shell:Creating environment hook '/home/humble/Desktop/Tasks/Vision_project/install/conveyorbelt_msgs/share/conveyorbelt_msgs/hook/ld_library_path_lib.ps1'
[3.370s] INFO:colcon.colcon_core.shell:Creating environment descriptor '/home/humble/Desktop/Tasks/Vision_project/install/conveyorbelt_msgs/share/conveyorbelt_msgs/hook/ld_library_path_lib.dsv'
[3.370s] INFO:colcon.colcon_core.shell:Creating environment hook '/home/humble/Desktop/Tasks/Vision_project/install/conveyorbelt_msgs/share/conveyorbelt_msgs/hook/ld_library_path_lib.sh'
[3.370s] Level 1:colcon.colcon_core.environment:checking '/home/humble/Desktop/Tasks/Vision_project/install/conveyorbelt_msgs/bin'
[3.370s] Level 1:colcon.colcon_core.environment:checking '/home/humble/Desktop/Tasks/Vision_project/install/conveyorbelt_msgs/lib/pkgconfig/conveyorbelt_msgs.pc'
[3.371s] Level 1:colcon.colcon_core.environment:checking '/home/humble/Desktop/Tasks/Vision_project/install/conveyorbelt_msgs/lib/python3.10/site-packages'
[3.371s] Level 1:colcon.colcon_core.environment:checking '/home/humble/Desktop/Tasks/Vision_project/install/conveyorbelt_msgs/bin'
[3.371s] INFO:colcon.colcon_core.shell:Creating package script '/home/humble/Desktop/Tasks/Vision_project/install/conveyorbelt_msgs/share/conveyorbelt_msgs/package.ps1'
[3.371s] INFO:colcon.colcon_core.shell:Creating package descriptor '/home/humble/Desktop/Tasks/Vision_project/install/conveyorbelt_msgs/share/conveyorbelt_msgs/package.dsv'
[3.371s] INFO:colcon.colcon_core.shell:Creating package script '/home/humble/Desktop/Tasks/Vision_project/install/conveyorbelt_msgs/share/conveyorbelt_msgs/package.sh'
[3.372s] INFO:colcon.colcon_core.shell:Creating package script '/home/humble/Desktop/Tasks/Vision_project/install/conveyorbelt_msgs/share/conveyorbelt_msgs/package.bash'
[3.372s] INFO:colcon.colcon_core.shell:Creating package script '/home/humble/Desktop/Tasks/Vision_project/install/conveyorbelt_msgs/share/conveyorbelt_msgs/package.zsh'
[3.372s] Level 1:colcon.colcon_core.environment:create_file_with_runtime_dependencies(/home/humble/Desktop/Tasks/Vision_project/install/conveyorbelt_msgs/share/colcon-core/packages/conveyorbelt_msgs)
[3.372s] INFO:colcon.colcon_ros.task.ament_python.build:Building ROS package in '/home/humble/Desktop/Tasks/Vision_project/src/vision_box_detector' with build type 'ament_python'
[3.372s] Level 1:colcon.colcon_core.shell:create_environment_hook('vision_box_detector', 'ament_prefix_path')
[3.373s] INFO:colcon.colcon_core.shell:Creating environment hook '/home/humble/Desktop/Tasks/Vision_project/install/vision_box_detector/share/vision_box_detector/hook/ament_prefix_path.ps1'
[3.373s] INFO:colcon.colcon_core.shell:Creating environment descriptor '/home/humble/Desktop/Tasks/Vision_project/install/vision_box_detector/share/vision_box_detector/hook/ament_prefix_path.dsv'
[3.373s] INFO:colcon.colcon_core.shell:Creating environment hook '/home/humble/Desktop/Tasks/Vision_project/install/vision_box_detector/share/vision_box_detector/hook/ament_prefix_path.sh'
[3.373s] INFO:colcon.colcon_core.shell:Skip shell extension 'powershell' for command environment: Not usable outside of PowerShell
[3.373s] DEBUG:colcon.colcon_core.shell:Skip shell extension 'dsv' for command environment
[3.534s] INFO:colcon.colcon_core.task.python.build:Building Python package in '/home/humble/Desktop/Tasks/Vision_project/src/vision_box_detector'
[3.534s] INFO:colcon.colcon_core.shell:Skip shell extension 'powershell' for command environment: Not usable outside of PowerShell
[3.534s] DEBUG:colcon.colcon_core.shell:Skip shell extension 'dsv' for command environment
[3.795s] DEBUG:colcon.colcon_core.event_handler.log_command:Invoking command in '/home/humble/Desktop/Tasks/Vision_project/build/vision_box_detector': AMENT_PREFIX_PATH=/home/humble/Desktop/Tasks/Vision_project/install/conveyorbelt_msgs:${AMENT_PREFIX_PATH} CMAKE_PREFIX_PATH=/home/humble/Desktop/Tasks/Vision_project/install/conveyorbelt_msgs LD_LIBRARY_PATH=/home/humble/Desktop/Tasks/Vision_project/install/conveyorbelt_msgs/lib:${LD_LIBRARY_PATH} PYTHONPATH=/home/humble/Desktop/Tasks/Vision_project/build/vision_box_detector/prefix_override:/usr/lib/python3/dist-packages/colcon_core/task/python/colcon_distutils_commands:/home/humble/Desktop/Tasks/Vision_project/install/vision_box_detector/lib/python3.10/site-packages:/home/humble/Desktop/Tasks/Vision_project/install/conveyorbelt_msgs/local/lib/python3.10/dist-packages:${PYTHONPATH} /usr/bin/python3 -W ignore:setup.py install is deprecated -W ignore:easy_install command is deprecated setup.py develop --editable --build-directory /home/humble/Desktop/Tasks/Vision_project/build/vision_box_detector/build --no-deps symlink_data
[4.054s] Level 1:colcon.colcon_core.shell:create_environment_hook('vision_box_detector', 'pythonpath_develop')
[4.054s] INFO:colcon.colcon_core.shell:Creating environment hook '/home/humble/Desktop/Tasks/Vision_project/build/vision_box_detector/share/vision_box_detector/hook/pythonpath_develop.ps1'
[4.055s] DEBUG:colcon.colcon_core.event_handler.log_command:Invoked command in '/home/humble/Desktop/Tasks/Vision_project/build/vision_box_detector' returned '0': AMENT_PREFIX_PATH=/home/humble/Desktop/Tasks/Vision_project/install/conveyorbelt_msgs:${AMENT_PREFIX_PATH} CMAKE_PREFIX_PATH=/home/humble/Desktop/Tasks/Vision_project/install/conveyorbelt_msgs LD_LIBRARY_PATH=/home/humble/Desktop/Tasks/Vision_project/install/conveyorbelt_msgs/lib:${LD_LIBRARY_PATH} PYTHONPATH=/home/humble/Desktop/Tasks/Vision_project/build/vision_box_detector/prefix_override:/usr/lib/python3/dist-packages/colcon_core/task/python/colcon_distutils_commands:/home/humble/Desktop/Tasks/Vision_project/install/vision_box_detector/lib/python3.10/site-packages:/home/humble/Desktop/Tasks/Vision_project/install/conveyorbelt_msgs/local/lib/python3.10/dist-packages:${PYTHONPATH} /usr/bin/python3 -W ignore:setup.py install is deprecated -W ignore:easy_install command is deprecated setup.py develop --editable --build-directory /home/humble/Desktop/Tasks/Vision_project/build/vision_box_detector/build --no-deps symlink_data
[4.055s] INFO:colcon.colcon_core.shell:Creating environment descriptor '/home/humble/Desktop/Tasks/Vision_project/build/vision_box_detector/share/vision_box_detector/hook/pythonpath_develop.dsv'
[4.055s] INFO:colcon.colcon_core.shell:Creating environment hook '/home/humble/Desktop/Tasks/Vision_project/build/vision_box_detector/share/vision_box_detector/hook/pythonpath_develop.sh'
[4.056s] Level 1:colcon.colcon_core.environment:checking '/home/humble/Desktop/Tasks/Vision_project/install/vision_box_detector' for CMake module files
[4.056s] Level 1:colcon.colcon_core.environment:checking '/home/humble/Desktop/Tasks/Vision_project/install/vision_box_detector' for CMake config files
[4.056s] Level 1:colcon.colcon_core.environment:checking '/home/humble/Desktop/Tasks/Vision_project/install/vision_box_detector/lib'
[4.056s] Level 1:colcon.colcon_core.environment:checking '/home/humble/Desktop/Tasks/Vision_project/install/vision_box_detector/bin'
[4.056s] Level 1:colcon.colcon_core.environment:checking '/home/humble/Desktop/Tasks/Vision_project/install/vision_box_detector/lib/pkgconfig/vision_box_detector.pc'
[4.056s] Level 1:colcon.colcon_core.environment:checking '/home/humble/Desktop/Tasks/Vision_project/install/vision_box_detector/lib/python3.10/site-packages'
[4.056s] Level 1:colcon.colcon_core.shell:create_environment_hook('vision_box_detector', 'pythonpath')
[4.056s] INFO:colcon.colcon_core.shell:Creating environment hook '/home/humble/Desktop/Tasks/Vision_project/install/vision_box_detector/share/vision_box_detector/hook/pythonpath.ps1'
[4.057s] INFO:colcon.colcon_core.shell:Creating environment descriptor '/home/humble/Desktop/Tasks/Vision_project/install/vision_box_detector/share/vision_box_detector/hook/pythonpath.dsv'
[4.057s] INFO:colcon.colcon_core.shell:Creating environment hook '/home/humble/Desktop/Tasks/Vision_project/install/vision_box_detector/share/vision_box_detector/hook/pythonpath.sh'
[4.057s] Level 1:colcon.colcon_core.environment:checking '/home/humble/Desktop/Tasks/Vision_project/install/vision_box_detector/bin'
[4.057s] Level 1:colcon.colcon_core.environment:create_environment_scripts_only(vision_box_detector)
[4.057s] INFO:colcon.colcon_core.shell:Creating package script '/home/humble/Desktop/Tasks/Vision_project/install/vision_box_detector/share/vision_box_detector/package.ps1'
[4.058s] INFO:colcon.colcon_core.shell:Creating package descriptor '/home/humble/Desktop/Tasks/Vision_project/install/vision_box_detector/share/vision_box_detector/package.dsv'
[4.058s] INFO:colcon.colcon_core.shell:Creating package script '/home/humble/Desktop/Tasks/Vision_project/install/vision_box_detector/share/vision_box_detector/package.sh'
[4.058s] INFO:colcon.colcon_core.shell:Creating package script '/home/humble/Desktop/Tasks/Vision_project/install/vision_box_detector/share/vision_box_detector/package.bash'
[4.058s] INFO:colcon.colcon_core.shell:Creating package script '/home/humble/Desktop/Tasks/Vision_project/install/vision_box_detector/share/vision_box_detector/package.zsh'
[4.058s] Level 1:colcon.colcon_core.environment:create_file_with_runtime_dependencies(/home/humble/Desktop/Tasks/Vision_project/install/vision_box_detector/share/colcon-core/packages/vision_box_detector)
[4.425s] Level 1:colcon.colcon_core.environment:create_environment_scripts_only(naviarm_gazebo)
[4.425s] Level 1:colcon.colcon_core.environment:checking '/home/humble/Desktop/Tasks/Vision_project/install/naviarm_gazebo' for CMake module files
[4.425s] DEBUG:colcon.colcon_core.event_handler.log_command:Invoked command in '/home/humble/Desktop/Tasks/Vision_project/build/naviarm_gazebo' returned '0': CMAKE_PREFIX_PATH=/opt/ros/humble /usr/bin/cmake --install /home/humble/Desktop/Tasks/Vision_project/build/naviarm_gazebo
[4.426s] Level 1:colcon.colcon_core.environment:checking '/home/humble/Desktop/Tasks/Vision_project/install/naviarm_gazebo' for CMake config files
[4.426s] Level 1:colcon.colcon_core.shell:create_environment_hook('naviarm_gazebo', 'cmake_prefix_path')
[4.426s] INFO:colcon.colcon_core.shell:Creating environment hook '/home/humble/Desktop/Tasks/Vision_project/install/naviarm_gazebo/share/naviarm_gazebo/hook/cmake_prefix_path.ps1'
[4.426s] INFO:colcon.colcon_core.shell:Creating environment descriptor '/home/humble/Desktop/Tasks/Vision_project/install/naviarm_gazebo/share/naviarm_gazebo/hook/cmake_prefix_path.dsv'
[4.426s] INFO:colcon.colcon_core.shell:Creating environment hook '/home/humble/Desktop/Tasks/Vision_project/install/naviarm_gazebo/share/naviarm_gazebo/hook/cmake_prefix_path.sh'
[4.427s] Level 1:colcon.colcon_core.environment:checking '/home/humble/Desktop/Tasks/Vision_project/install/naviarm_gazebo/bin'
[4.427s] Level 1:colcon.colcon_core.environment:checking '/home/humble/Desktop/Tasks/Vision_project/install/naviarm_gazebo/lib/pkgconfig/naviarm_gazebo.pc'
[4.427s] Level 1:colcon.colcon_core.environment:checking '/home/humble/Desktop/Tasks/Vision_project/install/naviarm_gazebo/lib/python3.10/site-packages'
[4.427s] Level 1:colcon.colcon_core.environment:checking '/home/humble/Desktop/Tasks/Vision_project/install/naviarm_gazebo/bin'
[4.427s] INFO:colcon.colcon_core.shell:Creating package script '/home/humble/Desktop/Tasks/Vision_project/install/naviarm_gazebo/share/naviarm_gazebo/package.ps1'
[4.428s] INFO:colcon.colcon_core.shell:Creating package descriptor '/home/humble/Desktop/Tasks/Vision_project/install/naviarm_gazebo/share/naviarm_gazebo/package.dsv'
[4.428s] INFO:colcon.colcon_core.shell:Creating package script '/home/humble/Desktop/Tasks/Vision_project/install/naviarm_gazebo/share/naviarm_gazebo/package.sh'
[4.428s] INFO:colcon.colcon_core.shell:Creating package script '/home/humble/Desktop/Tasks/Vision_project/install/naviarm_gazebo/share/naviarm_gazebo/package.bash'
[4.428s] INFO:colcon.colcon_core.shell:Creating package script '/home/humble/Desktop/Tasks/Vision_project/install/naviarm_gazebo/share/naviarm_gazebo/package.zsh'
[4.429s] Level 1:colcon.colcon_core.environment:create_file_with_runtime_dependencies(/home/humble/Desktop/Tasks/Vision_project/install/naviarm_gazebo/share/colcon-core/packages/naviarm_gazebo)
[4.429s] Level 1:colcon.colcon_core.environment:create_environment_scripts_only(naviarm_gazebo)
[4.429s] Level 1:colcon.colcon_core.environment:checking '/home/humble/Desktop/Tasks/Vision_project/install/naviarm_gazebo' for CMake module files
[4.429s] Level 1:colcon.colcon_core.environment:checking '/home/humble/Desktop/Tasks/Vision_project/install/naviarm_gazebo' for CMake config files
[4.430s] Level 1:colcon.colcon_core.shell:create_environment_hook('naviarm_gazebo', 'cmake_prefix_path')
[4.430s] INFO:colcon.colcon_core.shell:Creating environment hook '/home/humble/Desktop/Tasks/Vision_project/install/naviarm_gazebo/share/naviarm_gazebo/hook/cmake_prefix_path.ps1'
[4.430s] INFO:colcon.colcon_core.shell:Creating environment descriptor '/home/humble/Desktop/Tasks/Vision_project/install/naviarm_gazebo/share/naviarm_gazebo/hook/cmake_prefix_path.dsv'
[4.430s] INFO:colcon.colcon_core.shell:Creating environment hook '/home/humble/Desktop/Tasks/Vision_project/install/naviarm_gazebo/share/naviarm_gazebo/hook/cmake_prefix_path.sh'
[4.431s] Level 1:colcon.colcon_core.environment:checking '/home/humble/Desktop/Tasks/Vision_project/install/naviarm_gazebo/bin'
[4.431s] Level 1:colcon.colcon_core.environment:checking '/home/humble/Desktop/Tasks/Vision_project/install/naviarm_gazebo/lib/pkgconfig/naviarm_gazebo.pc'
[4.431s] Level 1:colcon.colcon_core.environment:checking '/home/humble/Desktop/Tasks/Vision_project/install/naviarm_gazebo/lib/python3.10/site-packages'
[4.431s] Level 1:colcon.colcon_core.environment:checking '/home/humble/Desktop/Tasks/Vision_project/install/naviarm_gazebo/bin'
[4.431s] INFO:colcon.colcon_core.shell:Creating package script '/home/humble/Desktop/Tasks/Vision_project/install/naviarm_gazebo/share/naviarm_gazebo/package.ps1'
[4.431s] INFO:colcon.colcon_core.shell:Creating package descriptor '/home/humble/Desktop/Tasks/Vision_project/install/naviarm_gazebo/share/naviarm_gazebo/package.dsv'
[4.432s] INFO:colcon.colcon_core.shell:Creating package script '/home/humble/Desktop/Tasks/Vision_project/install/naviarm_gazebo/share/naviarm_gazebo/package.sh'
[4.432s] INFO:colcon.colcon_core.shell:Creating package script '/home/humble/Desktop/Tasks/Vision_project/install/naviarm_gazebo/share/naviarm_gazebo/package.bash'
[4.432s] INFO:colcon.colcon_core.shell:Creating package script '/home/humble/Desktop/Tasks/Vision_project/install/naviarm_gazebo/share/naviarm_gazebo/package.zsh'
[4.432s] Level 1:colcon.colcon_core.environment:create_file_with_runtime_dependencies(/home/humble/Desktop/Tasks/Vision_project/install/naviarm_gazebo/share/colcon-core/packages/naviarm_gazebo)
[4.432s] DEBUG:colcon.colcon_parallel_executor.executor.parallel:closing loop
[4.433s] DEBUG:colcon.colcon_parallel_executor.executor.parallel:loop closed
[4.433s] DEBUG:colcon.colcon_parallel_executor.executor.parallel:run_until_complete finished with '0'
[4.433s] DEBUG:colcon.colcon_core.event_reactor:joining thread
[4.436s] INFO:colcon.colcon_core.plugin_system:Skipping extension 'colcon_notification.desktop_notification.terminal_notifier': Not used on non-Darwin systems
[4.436s] INFO:colcon.colcon_core.plugin_system:Skipping extension 'colcon_notification.desktop_notification.win32': Not used on non-Windows systems
[4.436s] INFO:colcon.colcon_notification.desktop_notification:Sending desktop notification using 'notify2'
[4.443s] DEBUG:colcon.colcon_core.event_reactor:joined thread
[4.444s] INFO:colcon.colcon_core.shell:Creating prefix script '/home/humble/Desktop/Tasks/Vision_project/install/local_setup.ps1'
[4.445s] INFO:colcon.colcon_core.shell:Creating prefix util module '/home/humble/Desktop/Tasks/Vision_project/install/_local_setup_util_ps1.py'
[4.447s] INFO:colcon.colcon_core.shell:Creating prefix chain script '/home/humble/Desktop/Tasks/Vision_project/install/setup.ps1'
[4.447s] INFO:colcon.colcon_core.shell:Creating prefix script '/home/humble/Desktop/Tasks/Vision_project/install/local_setup.sh'
[4.448s] INFO:colcon.colcon_core.shell:Creating prefix util module '/home/humble/Desktop/Tasks/Vision_project/install/_local_setup_util_sh.py'
[4.448s] INFO:colcon.colcon_core.shell:Creating prefix chain script '/home/humble/Desktop/Tasks/Vision_project/install/setup.sh'
[4.448s] INFO:colcon.colcon_core.shell:Creating prefix script '/home/humble/Desktop/Tasks/Vision_project/install/local_setup.bash'
[4.449s] INFO:colcon.colcon_core.shell:Creating prefix chain script '/home/humble/Desktop/Tasks/Vision_project/install/setup.bash'
[4.449s] INFO:colcon.colcon_core.shell:Creating prefix script '/home/humble/Desktop/Tasks/Vision_project/install/local_setup.zsh'
[4.449s] INFO:colcon.colcon_core.shell:Creating prefix chain script '/home/humble/Desktop/Tasks/Vision_project/install/setup.zsh'
