[0.012s] Invoking command in '/home/rupendra/Desktop/Tasks/Vision_project/build/conveyorbelt_msgs': CMAKE_PREFIX_PATH=${CMAKE_PREFIX_PATH}:/home/rupendra/Desktop/Tasks/Vision_project/install/bottle_detection:/opt/ros/humble /usr/bin/cmake /home/rupendra/Desktop/Tasks/Vision_project/src/utils/conveyorbelt_msgs -DAMENT_CMAKE_SYMLINK_INSTALL=1 -DCMAKE_INSTALL_PREFIX=/home/rupendra/Desktop/Tasks/Vision_project/install/conveyorbelt_msgs
[0.061s] -- The C compiler identification is GNU 11.4.0
[0.112s] -- The CXX compiler identification is GNU 11.4.0
[0.118s] -- Detecting C compiler ABI info
[0.183s] -- Detecting C compiler ABI info - done
[0.188s] -- Check for working C compiler: /usr/bin/cc - skipped
[0.188s] -- Detecting C compile features
[0.188s] -- Detecting C compile features - done
[0.191s] -- Detecting CXX compiler ABI info
[0.264s] -- Detecting CXX compiler ABI info - done
[0.269s] -- Check for working CXX compiler: /usr/bin/c++ - skipped
[0.269s] -- Detecting CXX compile features
[0.270s] -- Detecting CXX compile features - done
[0.272s] -- Found ament_cmake: 1.3.12 (/opt/ros/humble/share/ament_cmake/cmake)
[0.632s] -- Found Python3: /usr/bin/python3 (found version "3.10.12") found components: Interpreter 
[0.689s] -- Override CMake install command with custom implementation using symlinks instead of copying resources
[0.710s] -- Found ament_lint_auto: 0.12.14 (/opt/ros/humble/share/ament_lint_auto/cmake)
[0.792s] -- Found rosidl_default_generators: 1.2.0 (/opt/ros/humble/share/rosidl_default_generators/cmake)
[0.794s] -- Using all available rosidl_typesupport_c: rosidl_typesupport_fastrtps_c;rosidl_typesupport_introspection_c
[0.799s] -- Found rosidl_adapter: 3.1.7 (/opt/ros/humble/share/rosidl_adapter/cmake)
[0.831s] -- Using all available rosidl_typesupport_cpp: rosidl_typesupport_fastrtps_cpp;rosidl_typesupport_introspection_cpp
[1.058s] -- Found ament_cmake_ros: 0.10.0 (/opt/ros/humble/share/ament_cmake_ros/cmake)
[1.252s] -- Using all available rosidl_typesupport_c: rosidl_typesupport_fastrtps_c;rosidl_typesupport_introspection_c
[1.511s] -- Using all available rosidl_typesupport_cpp: rosidl_typesupport_fastrtps_cpp;rosidl_typesupport_introspection_cpp
[1.540s] -- Found PythonInterp: /usr/bin/python3 (found suitable version "3.10.12", minimum required is "3.6") 
[1.541s] -- Found python_cmake_module: 0.10.0 (/opt/ros/humble/share/python_cmake_module/cmake)
[1.571s] -- Found PythonLibs: /usr/lib/x86_64-linux-gnu/libpython3.10.so (found suitable version "3.10.12", minimum required is "3.5") 
[1.571s] -- Using PYTHON_EXECUTABLE: /usr/bin/python3
[1.571s] -- Using PYTHON_INCLUDE_DIRS: /usr/include/python3.10
[1.571s] -- Using PYTHON_LIBRARIES: /usr/lib/x86_64-linux-gnu/libpython3.10.so
[1.598s] -- Found PythonExtra: .so  
[1.637s] -- Added test 'copyright' to check source files copyright and LICENSE
[1.639s] -- Added test 'lint_cmake' to check CMake code style
[1.640s] -- Added test 'xmllint' to check XML markup files
[1.645s] -- Configuring done
[1.671s] -- Generating done
[1.679s] -- Build files have been written to: /home/rupendra/Desktop/Tasks/Vision_project/build/conveyorbelt_msgs
[1.687s] Invoked command in '/home/rupendra/Desktop/Tasks/Vision_project/build/conveyorbelt_msgs' returned '0': CMAKE_PREFIX_PATH=${CMAKE_PREFIX_PATH}:/home/rupendra/Desktop/Tasks/Vision_project/install/bottle_detection:/opt/ros/humble /usr/bin/cmake /home/rupendra/Desktop/Tasks/Vision_project/src/utils/conveyorbelt_msgs -DAMENT_CMAKE_SYMLINK_INSTALL=1 -DCMAKE_INSTALL_PREFIX=/home/rupendra/Desktop/Tasks/Vision_project/install/conveyorbelt_msgs
[1.688s] Invoking command in '/home/rupendra/Desktop/Tasks/Vision_project/build/conveyorbelt_msgs': CMAKE_PREFIX_PATH=${CMAKE_PREFIX_PATH}:/home/rupendra/Desktop/Tasks/Vision_project/install/bottle_detection:/opt/ros/humble /usr/bin/cmake --build /home/rupendra/Desktop/Tasks/Vision_project/build/conveyorbelt_msgs -- -j16 -l16
[1.726s] [  2%] [34m[1mGenerating C code for ROS interfaces[0m
[1.735s] [  5%] [34m[1mGenerating C++ code for ROS interfaces[0m
[1.740s] [  5%] Built target ament_cmake_python_symlink_conveyorbelt_msgs
[2.012s] running egg_info
[2.038s] creating conveyorbelt_msgs.egg-info
[2.039s] writing conveyorbelt_msgs.egg-info/PKG-INFO
[2.039s] writing dependency_links to conveyorbelt_msgs.egg-info/dependency_links.txt
[2.039s] writing top-level names to conveyorbelt_msgs.egg-info/top_level.txt
[2.039s] writing manifest file 'conveyorbelt_msgs.egg-info/SOURCES.txt'
[2.112s] reading manifest file 'conveyorbelt_msgs.egg-info/SOURCES.txt'
[2.113s] writing manifest file 'conveyorbelt_msgs.egg-info/SOURCES.txt'
[2.157s] [  5%] Built target ament_cmake_python_build_conveyorbelt_msgs_egg
[2.173s] [  5%] Built target conveyorbelt_msgs__cpp
[2.177s] [ 10%] [32mBuilding C object CMakeFiles/conveyorbelt_msgs__rosidl_generator_c.dir/rosidl_generator_c/conveyorbelt_msgs/srv/detail/conveyor_belt_control__functions.c.o[0m
[2.177s] [ 10%] [32mBuilding C object CMakeFiles/conveyorbelt_msgs__rosidl_generator_c.dir/rosidl_generator_c/conveyorbelt_msgs/msg/detail/conveyor_belt_state__functions.c.o[0m
[2.181s] [ 15%] [34m[1mGenerating C++ type support for eProsima Fast-RTPS[0m
[2.181s] [ 15%] [34m[1mGenerating C++ introspection for ROS interfaces[0m
[2.182s] [ 17%] [34m[1mGenerating C++ type support dispatch for ROS interfaces[0m
[2.230s] [ 20%] [32m[1mLinking C shared library libconveyorbelt_msgs__rosidl_generator_c.so[0m
[2.265s] [ 20%] Built target conveyorbelt_msgs__rosidl_generator_c
[2.275s] [ 25%] [34m[1mGenerating C introspection for ROS interfaces[0m
[2.275s] [ 25%] [34m[1mGenerating C type support dispatch for ROS interfaces[0m
[2.275s] [ 28%] [34m[1mGenerating C type support for eProsima Fast-RTPS[0m
[2.578s] [ 30%] [32mBuilding CXX object CMakeFiles/conveyorbelt_msgs__rosidl_typesupport_cpp.dir/rosidl_typesupport_cpp/conveyorbelt_msgs/srv/conveyor_belt_control__type_support.cpp.o[0m
[2.579s] [ 33%] [32mBuilding CXX object CMakeFiles/conveyorbelt_msgs__rosidl_typesupport_cpp.dir/rosidl_typesupport_cpp/conveyorbelt_msgs/msg/conveyor_belt_state__type_support.cpp.o[0m
[2.599s] [ 35%] [32mBuilding CXX object CMakeFiles/conveyorbelt_msgs__rosidl_typesupport_introspection_cpp.dir/rosidl_typesupport_introspection_cpp/conveyorbelt_msgs/msg/detail/conveyor_belt_state__type_support.cpp.o[0m
[2.600s] [ 38%] [32mBuilding CXX object CMakeFiles/conveyorbelt_msgs__rosidl_typesupport_introspection_cpp.dir/rosidl_typesupport_introspection_cpp/conveyorbelt_msgs/srv/detail/conveyor_belt_control__type_support.cpp.o[0m
[2.623s] [ 41%] [32mBuilding CXX object CMakeFiles/conveyorbelt_msgs__rosidl_typesupport_fastrtps_cpp.dir/rosidl_typesupport_fastrtps_cpp/conveyorbelt_msgs/msg/detail/dds_fastrtps/conveyor_belt_state__type_support.cpp.o[0m
[2.626s] [ 43%] [32mBuilding CXX object CMakeFiles/conveyorbelt_msgs__rosidl_typesupport_fastrtps_cpp.dir/rosidl_typesupport_fastrtps_cpp/conveyorbelt_msgs/srv/detail/dds_fastrtps/conveyor_belt_control__type_support.cpp.o[0m
[2.690s] [ 48%] [32mBuilding CXX object CMakeFiles/conveyorbelt_msgs__rosidl_typesupport_c.dir/rosidl_typesupport_c/conveyorbelt_msgs/srv/conveyor_belt_control__type_support.cpp.o[0m
[2.690s] [ 48%] [32mBuilding CXX object CMakeFiles/conveyorbelt_msgs__rosidl_typesupport_c.dir/rosidl_typesupport_c/conveyorbelt_msgs/msg/conveyor_belt_state__type_support.cpp.o[0m
[2.731s] [ 51%] [32mBuilding C object CMakeFiles/conveyorbelt_msgs__rosidl_typesupport_introspection_c.dir/rosidl_typesupport_introspection_c/conveyorbelt_msgs/msg/detail/conveyor_belt_state__type_support.c.o[0m
[2.734s] [ 56%] [32m[1mLinking CXX shared library libconveyorbelt_msgs__rosidl_typesupport_c.so[0m
[2.734s] [ 56%] [32mBuilding C object CMakeFiles/conveyorbelt_msgs__rosidl_typesupport_introspection_c.dir/rosidl_typesupport_introspection_c/conveyorbelt_msgs/srv/detail/conveyor_belt_control__type_support.c.o[0m
[2.743s] [ 58%] [32mBuilding CXX object CMakeFiles/conveyorbelt_msgs__rosidl_typesupport_fastrtps_c.dir/rosidl_typesupport_fastrtps_c/conveyorbelt_msgs/msg/detail/conveyor_belt_state__type_support_c.cpp.o[0m
[2.745s] [ 61%] [32mBuilding CXX object CMakeFiles/conveyorbelt_msgs__rosidl_typesupport_fastrtps_c.dir/rosidl_typesupport_fastrtps_c/conveyorbelt_msgs/srv/detail/conveyor_belt_control__type_support_c.cpp.o[0m
[2.778s] [ 64%] [32m[1mLinking C shared library libconveyorbelt_msgs__rosidl_typesupport_introspection_c.so[0m
[2.796s] [ 64%] Built target conveyorbelt_msgs__rosidl_typesupport_c
[2.817s] [ 64%] Built target conveyorbelt_msgs__rosidl_typesupport_introspection_c
[2.920s] [ 66%] [32m[1mLinking CXX shared library libconveyorbelt_msgs__rosidl_typesupport_cpp.so[0m
[2.963s] [ 66%] Built target conveyorbelt_msgs__rosidl_typesupport_cpp
[2.995s] [ 69%] [32m[1mLinking CXX shared library libconveyorbelt_msgs__rosidl_typesupport_introspection_cpp.so[0m
[3.038s] [ 69%] Built target conveyorbelt_msgs__rosidl_typesupport_introspection_cpp
[3.072s] [ 71%] [32m[1mLinking CXX shared library libconveyorbelt_msgs__rosidl_typesupport_fastrtps_c.so[0m
[3.081s] [ 74%] [32m[1mLinking CXX shared library libconveyorbelt_msgs__rosidl_typesupport_fastrtps_cpp.so[0m
[3.158s] [ 74%] Built target conveyorbelt_msgs__rosidl_typesupport_fastrtps_c
[3.165s] [ 74%] Built target conveyorbelt_msgs__rosidl_typesupport_fastrtps_cpp
[3.183s] [ 74%] Built target conveyorbelt_msgs
[3.200s] [ 76%] [34m[1mGenerating Python code for ROS interfaces[0m
[3.701s] [ 76%] Built target conveyorbelt_msgs__py
[3.722s] [ 82%] [32mBuilding C object CMakeFiles/conveyorbelt_msgs__rosidl_generator_py.dir/rosidl_generator_py/conveyorbelt_msgs/msg/_conveyor_belt_state_s.c.o[0m
[3.722s] [ 82%] [32mBuilding C object CMakeFiles/conveyorbelt_msgs__rosidl_generator_py.dir/rosidl_generator_py/conveyorbelt_msgs/srv/_conveyor_belt_control_s.c.o[0m
[3.804s] [ 84%] [32m[1mLinking C shared library rosidl_generator_py/conveyorbelt_msgs/libconveyorbelt_msgs__rosidl_generator_py.so[0m
[3.844s] [ 84%] Built target conveyorbelt_msgs__rosidl_generator_py
[3.863s] [ 89%] [32mBuilding C object CMakeFiles/conveyorbelt_msgs__rosidl_typesupport_introspection_c__pyext.dir/rosidl_generator_py/conveyorbelt_msgs/_conveyorbelt_msgs_s.ep.rosidl_typesupport_introspection_c.c.o[0m
[3.863s] [ 89%] [32mBuilding C object CMakeFiles/conveyorbelt_msgs__rosidl_typesupport_c__pyext.dir/rosidl_generator_py/conveyorbelt_msgs/_conveyorbelt_msgs_s.ep.rosidl_typesupport_c.c.o[0m
[3.863s] [ 92%] [32mBuilding C object CMakeFiles/conveyorbelt_msgs__rosidl_typesupport_fastrtps_c__pyext.dir/rosidl_generator_py/conveyorbelt_msgs/_conveyorbelt_msgs_s.ep.rosidl_typesupport_fastrtps_c.c.o[0m
[3.942s] [ 97%] [32m[1mLinking C shared library rosidl_generator_py/conveyorbelt_msgs/conveyorbelt_msgs_s__rosidl_typesupport_c.cpython-310-x86_64-linux-gnu.so[0m
[3.942s] [ 97%] [32m[1mLinking C shared library rosidl_generator_py/conveyorbelt_msgs/conveyorbelt_msgs_s__rosidl_typesupport_introspection_c.cpython-310-x86_64-linux-gnu.so[0m
[3.949s] [100%] [32m[1mLinking C shared library rosidl_generator_py/conveyorbelt_msgs/conveyorbelt_msgs_s__rosidl_typesupport_fastrtps_c.cpython-310-x86_64-linux-gnu.so[0m
[3.974s] [100%] Built target conveyorbelt_msgs__rosidl_typesupport_c__pyext
[3.974s] [100%] Built target conveyorbelt_msgs__rosidl_typesupport_introspection_c__pyext
[3.982s] [100%] Built target conveyorbelt_msgs__rosidl_typesupport_fastrtps_c__pyext
[3.993s] Invoked command in '/home/rupendra/Desktop/Tasks/Vision_project/build/conveyorbelt_msgs' returned '0': CMAKE_PREFIX_PATH=${CMAKE_PREFIX_PATH}:/home/rupendra/Desktop/Tasks/Vision_project/install/bottle_detection:/opt/ros/humble /usr/bin/cmake --build /home/rupendra/Desktop/Tasks/Vision_project/build/conveyorbelt_msgs -- -j16 -l16
[3.994s] Invoking command in '/home/rupendra/Desktop/Tasks/Vision_project/build/conveyorbelt_msgs': CMAKE_PREFIX_PATH=${CMAKE_PREFIX_PATH}:/home/rupendra/Desktop/Tasks/Vision_project/install/bottle_detection:/opt/ros/humble /usr/bin/cmake --install /home/rupendra/Desktop/Tasks/Vision_project/build/conveyorbelt_msgs
[4.000s] -- Install configuration: ""
[4.001s] -- Execute custom install script
[4.001s] -- Symlinking: /home/rupendra/Desktop/Tasks/Vision_project/install/conveyorbelt_msgs/share/conveyorbelt_msgs/msg/ConveyorBeltState.msg
[4.011s] -- Symlinking: /home/rupendra/Desktop/Tasks/Vision_project/install/conveyorbelt_msgs/share/conveyorbelt_msgs/srv/ConveyorBeltControl.srv
[4.020s] -- Symlinking: /home/rupendra/Desktop/Tasks/Vision_project/install/conveyorbelt_msgs/share/ament_index/resource_index/rosidl_interfaces/conveyorbelt_msgs
[4.029s] -- Symlinking: /home/rupendra/Desktop/Tasks/Vision_project/install/conveyorbelt_msgs/include/conveyorbelt_msgs/conveyorbelt_msgs/msg/conveyor_belt_state.h
[4.037s] -- Symlinking: /home/rupendra/Desktop/Tasks/Vision_project/install/conveyorbelt_msgs/include/conveyorbelt_msgs/conveyorbelt_msgs/msg/detail/conveyor_belt_state__functions.h
[4.046s] -- Symlinking: /home/rupendra/Desktop/Tasks/Vision_project/install/conveyorbelt_msgs/include/conveyorbelt_msgs/conveyorbelt_msgs/msg/detail/conveyor_belt_state__struct.h
[4.055s] -- Symlinking: /home/rupendra/Desktop/Tasks/Vision_project/install/conveyorbelt_msgs/include/conveyorbelt_msgs/conveyorbelt_msgs/msg/detail/conveyor_belt_state__type_support.h
[4.063s] -- Symlinking: /home/rupendra/Desktop/Tasks/Vision_project/install/conveyorbelt_msgs/include/conveyorbelt_msgs/conveyorbelt_msgs/msg/rosidl_generator_c__visibility_control.h
[4.070s] -- Symlinking: /home/rupendra/Desktop/Tasks/Vision_project/install/conveyorbelt_msgs/include/conveyorbelt_msgs/conveyorbelt_msgs/srv/conveyor_belt_control.h
[4.078s] -- Symlinking: /home/rupendra/Desktop/Tasks/Vision_project/install/conveyorbelt_msgs/include/conveyorbelt_msgs/conveyorbelt_msgs/srv/detail/conveyor_belt_control__functions.h
[4.086s] -- Symlinking: /home/rupendra/Desktop/Tasks/Vision_project/install/conveyorbelt_msgs/include/conveyorbelt_msgs/conveyorbelt_msgs/srv/detail/conveyor_belt_control__struct.h
[4.094s] -- Symlinking: /home/rupendra/Desktop/Tasks/Vision_project/install/conveyorbelt_msgs/include/conveyorbelt_msgs/conveyorbelt_msgs/srv/detail/conveyor_belt_control__type_support.h
[4.102s] -- Symlinking: /home/rupendra/Desktop/Tasks/Vision_project/install/conveyorbelt_msgs/share/conveyorbelt_msgs/environment/library_path.sh
[4.110s] -- Symlinking: /home/rupendra/Desktop/Tasks/Vision_project/install/conveyorbelt_msgs/share/conveyorbelt_msgs/environment/library_path.dsv
[4.119s] -- Symlinking: /home/rupendra/Desktop/Tasks/Vision_project/install/conveyorbelt_msgs/include/conveyorbelt_msgs/conveyorbelt_msgs/msg/detail/conveyor_belt_state__rosidl_typesupport_fastrtps_c.h
[4.129s] -- Symlinking: /home/rupendra/Desktop/Tasks/Vision_project/install/conveyorbelt_msgs/include/conveyorbelt_msgs/conveyorbelt_msgs/msg/rosidl_typesupport_fastrtps_c__visibility_control.h
[4.137s] -- Symlinking: /home/rupendra/Desktop/Tasks/Vision_project/install/conveyorbelt_msgs/include/conveyorbelt_msgs/conveyorbelt_msgs/srv/detail/conveyor_belt_control__rosidl_typesupport_fastrtps_c.h
[4.147s] -- Symlinking: /home/rupendra/Desktop/Tasks/Vision_project/install/conveyorbelt_msgs/include/conveyorbelt_msgs/conveyorbelt_msgs/msg/detail/conveyor_belt_state__rosidl_typesupport_introspection_c.h
[4.154s] -- Symlinking: /home/rupendra/Desktop/Tasks/Vision_project/install/conveyorbelt_msgs/include/conveyorbelt_msgs/conveyorbelt_msgs/msg/rosidl_typesupport_introspection_c__visibility_control.h
[4.171s] -- Symlinking: /home/rupendra/Desktop/Tasks/Vision_project/install/conveyorbelt_msgs/include/conveyorbelt_msgs/conveyorbelt_msgs/srv/detail/conveyor_belt_control__rosidl_typesupport_introspection_c.h
[4.181s] -- Symlinking: /home/rupendra/Desktop/Tasks/Vision_project/install/conveyorbelt_msgs/include/conveyorbelt_msgs/conveyorbelt_msgs/msg/conveyor_belt_state.hpp
[4.188s] -- Symlinking: /home/rupendra/Desktop/Tasks/Vision_project/install/conveyorbelt_msgs/include/conveyorbelt_msgs/conveyorbelt_msgs/msg/detail/conveyor_belt_state__builder.hpp
[4.197s] -- Symlinking: /home/rupendra/Desktop/Tasks/Vision_project/install/conveyorbelt_msgs/include/conveyorbelt_msgs/conveyorbelt_msgs/msg/detail/conveyor_belt_state__struct.hpp
[4.205s] -- Symlinking: /home/rupendra/Desktop/Tasks/Vision_project/install/conveyorbelt_msgs/include/conveyorbelt_msgs/conveyorbelt_msgs/msg/detail/conveyor_belt_state__traits.hpp
[4.213s] -- Symlinking: /home/rupendra/Desktop/Tasks/Vision_project/install/conveyorbelt_msgs/include/conveyorbelt_msgs/conveyorbelt_msgs/msg/detail/conveyor_belt_state__type_support.hpp
[4.222s] -- Symlinking: /home/rupendra/Desktop/Tasks/Vision_project/install/conveyorbelt_msgs/include/conveyorbelt_msgs/conveyorbelt_msgs/msg/rosidl_generator_cpp__visibility_control.hpp
[4.230s] -- Symlinking: /home/rupendra/Desktop/Tasks/Vision_project/install/conveyorbelt_msgs/include/conveyorbelt_msgs/conveyorbelt_msgs/srv/conveyor_belt_control.hpp
[4.238s] -- Symlinking: /home/rupendra/Desktop/Tasks/Vision_project/install/conveyorbelt_msgs/include/conveyorbelt_msgs/conveyorbelt_msgs/srv/detail/conveyor_belt_control__builder.hpp
[4.246s] -- Symlinking: /home/rupendra/Desktop/Tasks/Vision_project/install/conveyorbelt_msgs/include/conveyorbelt_msgs/conveyorbelt_msgs/srv/detail/conveyor_belt_control__struct.hpp
[4.254s] -- Symlinking: /home/rupendra/Desktop/Tasks/Vision_project/install/conveyorbelt_msgs/include/conveyorbelt_msgs/conveyorbelt_msgs/srv/detail/conveyor_belt_control__traits.hpp
[4.263s] -- Symlinking: /home/rupendra/Desktop/Tasks/Vision_project/install/conveyorbelt_msgs/include/conveyorbelt_msgs/conveyorbelt_msgs/srv/detail/conveyor_belt_control__type_support.hpp
[4.271s] -- Symlinking: /home/rupendra/Desktop/Tasks/Vision_project/install/conveyorbelt_msgs/include/conveyorbelt_msgs/conveyorbelt_msgs/msg/detail/conveyor_belt_state__rosidl_typesupport_fastrtps_cpp.hpp
[4.279s] -- Symlinking: /home/rupendra/Desktop/Tasks/Vision_project/install/conveyorbelt_msgs/include/conveyorbelt_msgs/conveyorbelt_msgs/msg/rosidl_typesupport_fastrtps_cpp__visibility_control.h
[4.287s] -- Symlinking: /home/rupendra/Desktop/Tasks/Vision_project/install/conveyorbelt_msgs/include/conveyorbelt_msgs/conveyorbelt_msgs/srv/detail/conveyor_belt_control__rosidl_typesupport_fastrtps_cpp.hpp
[4.295s] -- Symlinking: /home/rupendra/Desktop/Tasks/Vision_project/install/conveyorbelt_msgs/include/conveyorbelt_msgs/conveyorbelt_msgs/msg/detail/conveyor_belt_state__rosidl_typesupport_introspection_cpp.hpp
[4.303s] -- Symlinking: /home/rupendra/Desktop/Tasks/Vision_project/install/conveyorbelt_msgs/include/conveyorbelt_msgs/conveyorbelt_msgs/srv/detail/conveyor_belt_control__rosidl_typesupport_introspection_cpp.hpp
[4.312s] -- Symlinking: /home/rupendra/Desktop/Tasks/Vision_project/install/conveyorbelt_msgs/share/conveyorbelt_msgs/environment/pythonpath.sh
[4.321s] -- Symlinking: /home/rupendra/Desktop/Tasks/Vision_project/install/conveyorbelt_msgs/share/conveyorbelt_msgs/environment/pythonpath.dsv
[4.329s] -- Symlinking: /home/rupendra/Desktop/Tasks/Vision_project/install/conveyorbelt_msgs/local/lib/python3.10/dist-packages/conveyorbelt_msgs-0.0.0-py3.10.egg-info/PKG-INFO
[4.337s] -- Symlinking: /home/rupendra/Desktop/Tasks/Vision_project/install/conveyorbelt_msgs/local/lib/python3.10/dist-packages/conveyorbelt_msgs-0.0.0-py3.10.egg-info/SOURCES.txt
[4.344s] -- Symlinking: /home/rupendra/Desktop/Tasks/Vision_project/install/conveyorbelt_msgs/local/lib/python3.10/dist-packages/conveyorbelt_msgs-0.0.0-py3.10.egg-info/dependency_links.txt
[4.352s] -- Symlinking: /home/rupendra/Desktop/Tasks/Vision_project/install/conveyorbelt_msgs/local/lib/python3.10/dist-packages/conveyorbelt_msgs-0.0.0-py3.10.egg-info/top_level.txt
[4.362s] -- Symlinking: /home/rupendra/Desktop/Tasks/Vision_project/install/conveyorbelt_msgs/local/lib/python3.10/dist-packages/conveyorbelt_msgs/__init__.py
[4.370s] -- Symlinking: /home/rupendra/Desktop/Tasks/Vision_project/install/conveyorbelt_msgs/local/lib/python3.10/dist-packages/conveyorbelt_msgs/_conveyorbelt_msgs_s.ep.rosidl_typesupport_c.c
[4.379s] -- Symlinking: /home/rupendra/Desktop/Tasks/Vision_project/install/conveyorbelt_msgs/local/lib/python3.10/dist-packages/conveyorbelt_msgs/_conveyorbelt_msgs_s.ep.rosidl_typesupport_fastrtps_c.c
[4.388s] -- Symlinking: /home/rupendra/Desktop/Tasks/Vision_project/install/conveyorbelt_msgs/local/lib/python3.10/dist-packages/conveyorbelt_msgs/_conveyorbelt_msgs_s.ep.rosidl_typesupport_introspection_c.c
[4.396s] -- Symlinking: /home/rupendra/Desktop/Tasks/Vision_project/install/conveyorbelt_msgs/local/lib/python3.10/dist-packages/conveyorbelt_msgs/conveyorbelt_msgs_s__rosidl_typesupport_c.cpython-310-x86_64-linux-gnu.so
[4.404s] -- Symlinking: /home/rupendra/Desktop/Tasks/Vision_project/install/conveyorbelt_msgs/local/lib/python3.10/dist-packages/conveyorbelt_msgs/conveyorbelt_msgs_s__rosidl_typesupport_fastrtps_c.cpython-310-x86_64-linux-gnu.so
[4.414s] -- Symlinking: /home/rupendra/Desktop/Tasks/Vision_project/install/conveyorbelt_msgs/local/lib/python3.10/dist-packages/conveyorbelt_msgs/conveyorbelt_msgs_s__rosidl_typesupport_introspection_c.cpython-310-x86_64-linux-gnu.so
[4.422s] -- Symlinking: /home/rupendra/Desktop/Tasks/Vision_project/install/conveyorbelt_msgs/local/lib/python3.10/dist-packages/conveyorbelt_msgs/libconveyorbelt_msgs__rosidl_generator_py.so
[4.430s] -- Symlinking: /home/rupendra/Desktop/Tasks/Vision_project/install/conveyorbelt_msgs/local/lib/python3.10/dist-packages/conveyorbelt_msgs/msg/__init__.py
[4.440s] -- Symlinking: /home/rupendra/Desktop/Tasks/Vision_project/install/conveyorbelt_msgs/local/lib/python3.10/dist-packages/conveyorbelt_msgs/msg/_conveyor_belt_state.py
[4.448s] -- Symlinking: /home/rupendra/Desktop/Tasks/Vision_project/install/conveyorbelt_msgs/local/lib/python3.10/dist-packages/conveyorbelt_msgs/msg/_conveyor_belt_state_s.c
[4.456s] -- Symlinking: /home/rupendra/Desktop/Tasks/Vision_project/install/conveyorbelt_msgs/local/lib/python3.10/dist-packages/conveyorbelt_msgs/srv/__init__.py
[4.466s] -- Symlinking: /home/rupendra/Desktop/Tasks/Vision_project/install/conveyorbelt_msgs/local/lib/python3.10/dist-packages/conveyorbelt_msgs/srv/_conveyor_belt_control.py
[4.473s] -- Symlinking: /home/rupendra/Desktop/Tasks/Vision_project/install/conveyorbelt_msgs/local/lib/python3.10/dist-packages/conveyorbelt_msgs/srv/_conveyor_belt_control_s.c
[4.482s] -- Up-to-date symlink: /home/rupendra/Desktop/Tasks/Vision_project/install/conveyorbelt_msgs/local/lib/python3.10/dist-packages/conveyorbelt_msgs/conveyorbelt_msgs_s__rosidl_typesupport_fastrtps_c.cpython-310-x86_64-linux-gnu.so
[4.482s] -- Up-to-date symlink: /home/rupendra/Desktop/Tasks/Vision_project/install/conveyorbelt_msgs/local/lib/python3.10/dist-packages/conveyorbelt_msgs/conveyorbelt_msgs_s__rosidl_typesupport_introspection_c.cpython-310-x86_64-linux-gnu.so
[4.482s] -- Up-to-date symlink: /home/rupendra/Desktop/Tasks/Vision_project/install/conveyorbelt_msgs/local/lib/python3.10/dist-packages/conveyorbelt_msgs/conveyorbelt_msgs_s__rosidl_typesupport_c.cpython-310-x86_64-linux-gnu.so
[4.482s] -- Symlinking: /home/rupendra/Desktop/Tasks/Vision_project/install/conveyorbelt_msgs/share/conveyorbelt_msgs/msg/ConveyorBeltState.idl
[4.491s] -- Symlinking: /home/rupendra/Desktop/Tasks/Vision_project/install/conveyorbelt_msgs/share/conveyorbelt_msgs/srv/ConveyorBeltControl.idl
[4.499s] -- Up-to-date symlink: /home/rupendra/Desktop/Tasks/Vision_project/install/conveyorbelt_msgs/share/conveyorbelt_msgs/msg/ConveyorBeltState.msg
[4.499s] -- Up-to-date symlink: /home/rupendra/Desktop/Tasks/Vision_project/install/conveyorbelt_msgs/share/conveyorbelt_msgs/srv/ConveyorBeltControl.srv
[4.499s] -- Symlinking: /home/rupendra/Desktop/Tasks/Vision_project/install/conveyorbelt_msgs/share/conveyorbelt_msgs/srv/ConveyorBeltControl_Request.msg
[4.508s] -- Symlinking: /home/rupendra/Desktop/Tasks/Vision_project/install/conveyorbelt_msgs/share/conveyorbelt_msgs/srv/ConveyorBeltControl_Response.msg
[4.518s] -- Symlinking: /home/rupendra/Desktop/Tasks/Vision_project/install/conveyorbelt_msgs/share/ament_index/resource_index/package_run_dependencies/conveyorbelt_msgs
[4.527s] -- Symlinking: /home/rupendra/Desktop/Tasks/Vision_project/install/conveyorbelt_msgs/share/ament_index/resource_index/parent_prefix_path/conveyorbelt_msgs
[4.536s] -- Symlinking: /home/rupendra/Desktop/Tasks/Vision_project/install/conveyorbelt_msgs/share/conveyorbelt_msgs/environment/ament_prefix_path.sh
[4.544s] -- Symlinking: /home/rupendra/Desktop/Tasks/Vision_project/install/conveyorbelt_msgs/share/conveyorbelt_msgs/environment/ament_prefix_path.dsv
[4.551s] -- Symlinking: /home/rupendra/Desktop/Tasks/Vision_project/install/conveyorbelt_msgs/share/conveyorbelt_msgs/environment/path.sh
[4.560s] -- Symlinking: /home/rupendra/Desktop/Tasks/Vision_project/install/conveyorbelt_msgs/share/conveyorbelt_msgs/environment/path.dsv
[4.568s] -- Symlinking: /home/rupendra/Desktop/Tasks/Vision_project/install/conveyorbelt_msgs/share/conveyorbelt_msgs/local_setup.bash
[4.575s] -- Symlinking: /home/rupendra/Desktop/Tasks/Vision_project/install/conveyorbelt_msgs/share/conveyorbelt_msgs/local_setup.sh
[4.584s] -- Symlinking: /home/rupendra/Desktop/Tasks/Vision_project/install/conveyorbelt_msgs/share/conveyorbelt_msgs/local_setup.zsh
[4.593s] -- Symlinking: /home/rupendra/Desktop/Tasks/Vision_project/install/conveyorbelt_msgs/share/conveyorbelt_msgs/local_setup.dsv
[4.601s] -- Symlinking: /home/rupendra/Desktop/Tasks/Vision_project/install/conveyorbelt_msgs/share/conveyorbelt_msgs/package.dsv
[4.609s] -- Symlinking: /home/rupendra/Desktop/Tasks/Vision_project/install/conveyorbelt_msgs/share/ament_index/resource_index/packages/conveyorbelt_msgs
[4.618s] -- Symlinking: /home/rupendra/Desktop/Tasks/Vision_project/install/conveyorbelt_msgs/share/conveyorbelt_msgs/cmake/rosidl_cmake-extras.cmake
[4.627s] -- Symlinking: /home/rupendra/Desktop/Tasks/Vision_project/install/conveyorbelt_msgs/share/conveyorbelt_msgs/cmake/ament_cmake_export_include_directories-extras.cmake
[4.636s] -- Symlinking: /home/rupendra/Desktop/Tasks/Vision_project/install/conveyorbelt_msgs/share/conveyorbelt_msgs/cmake/ament_cmake_export_libraries-extras.cmake
[4.644s] -- Symlinking: /home/rupendra/Desktop/Tasks/Vision_project/install/conveyorbelt_msgs/share/conveyorbelt_msgs/cmake/ament_cmake_export_targets-extras.cmake
[4.652s] -- Symlinking: /home/rupendra/Desktop/Tasks/Vision_project/install/conveyorbelt_msgs/share/conveyorbelt_msgs/cmake/rosidl_cmake_export_typesupport_targets-extras.cmake
[4.661s] -- Symlinking: /home/rupendra/Desktop/Tasks/Vision_project/install/conveyorbelt_msgs/share/conveyorbelt_msgs/cmake/ament_cmake_export_dependencies-extras.cmake
[4.669s] -- Symlinking: /home/rupendra/Desktop/Tasks/Vision_project/install/conveyorbelt_msgs/share/conveyorbelt_msgs/cmake/rosidl_cmake_export_typesupport_libraries-extras.cmake
[4.677s] -- Symlinking: /home/rupendra/Desktop/Tasks/Vision_project/install/conveyorbelt_msgs/share/conveyorbelt_msgs/cmake/conveyorbelt_msgsConfig.cmake
[4.684s] -- Symlinking: /home/rupendra/Desktop/Tasks/Vision_project/install/conveyorbelt_msgs/share/conveyorbelt_msgs/cmake/conveyorbelt_msgsConfig-version.cmake
[4.693s] -- Symlinking: /home/rupendra/Desktop/Tasks/Vision_project/install/conveyorbelt_msgs/share/conveyorbelt_msgs/package.xml
[4.702s] -- Installing: /home/rupendra/Desktop/Tasks/Vision_project/install/conveyorbelt_msgs/lib/libconveyorbelt_msgs__rosidl_generator_c.so
[4.702s] -- Set runtime path of "/home/rupendra/Desktop/Tasks/Vision_project/install/conveyorbelt_msgs/lib/libconveyorbelt_msgs__rosidl_generator_c.so" to ""
[4.702s] -- Installing: /home/rupendra/Desktop/Tasks/Vision_project/install/conveyorbelt_msgs/lib/libconveyorbelt_msgs__rosidl_typesupport_fastrtps_c.so
[4.702s] -- Set runtime path of "/home/rupendra/Desktop/Tasks/Vision_project/install/conveyorbelt_msgs/lib/libconveyorbelt_msgs__rosidl_typesupport_fastrtps_c.so" to ""
[4.702s] -- Installing: /home/rupendra/Desktop/Tasks/Vision_project/install/conveyorbelt_msgs/lib/libconveyorbelt_msgs__rosidl_typesupport_introspection_c.so
[4.703s] -- Set runtime path of "/home/rupendra/Desktop/Tasks/Vision_project/install/conveyorbelt_msgs/lib/libconveyorbelt_msgs__rosidl_typesupport_introspection_c.so" to ""
[4.703s] -- Installing: /home/rupendra/Desktop/Tasks/Vision_project/install/conveyorbelt_msgs/lib/libconveyorbelt_msgs__rosidl_typesupport_c.so
[4.703s] -- Set runtime path of "/home/rupendra/Desktop/Tasks/Vision_project/install/conveyorbelt_msgs/lib/libconveyorbelt_msgs__rosidl_typesupport_c.so" to ""
[4.703s] -- Installing: /home/rupendra/Desktop/Tasks/Vision_project/install/conveyorbelt_msgs/lib/libconveyorbelt_msgs__rosidl_typesupport_fastrtps_cpp.so
[4.703s] -- Set runtime path of "/home/rupendra/Desktop/Tasks/Vision_project/install/conveyorbelt_msgs/lib/libconveyorbelt_msgs__rosidl_typesupport_fastrtps_cpp.so" to ""
[4.703s] -- Installing: /home/rupendra/Desktop/Tasks/Vision_project/install/conveyorbelt_msgs/lib/libconveyorbelt_msgs__rosidl_typesupport_introspection_cpp.so
[4.704s] -- Set runtime path of "/home/rupendra/Desktop/Tasks/Vision_project/install/conveyorbelt_msgs/lib/libconveyorbelt_msgs__rosidl_typesupport_introspection_cpp.so" to ""
[4.704s] -- Installing: /home/rupendra/Desktop/Tasks/Vision_project/install/conveyorbelt_msgs/lib/libconveyorbelt_msgs__rosidl_typesupport_cpp.so
[4.704s] -- Set runtime path of "/home/rupendra/Desktop/Tasks/Vision_project/install/conveyorbelt_msgs/lib/libconveyorbelt_msgs__rosidl_typesupport_cpp.so" to ""
[4.736s] Listing '/home/rupendra/Desktop/Tasks/Vision_project/install/conveyorbelt_msgs/local/lib/python3.10/dist-packages/conveyorbelt_msgs'...
[4.736s] Compiling '/home/rupendra/Desktop/Tasks/Vision_project/install/conveyorbelt_msgs/local/lib/python3.10/dist-packages/conveyorbelt_msgs/__init__.py'...
[4.736s] Listing '/home/rupendra/Desktop/Tasks/Vision_project/install/conveyorbelt_msgs/local/lib/python3.10/dist-packages/conveyorbelt_msgs/msg'...
[4.736s] Compiling '/home/rupendra/Desktop/Tasks/Vision_project/install/conveyorbelt_msgs/local/lib/python3.10/dist-packages/conveyorbelt_msgs/msg/__init__.py'...
[4.736s] Compiling '/home/rupendra/Desktop/Tasks/Vision_project/install/conveyorbelt_msgs/local/lib/python3.10/dist-packages/conveyorbelt_msgs/msg/_conveyor_belt_state.py'...
[4.736s] Listing '/home/rupendra/Desktop/Tasks/Vision_project/install/conveyorbelt_msgs/local/lib/python3.10/dist-packages/conveyorbelt_msgs/srv'...
[4.736s] Compiling '/home/rupendra/Desktop/Tasks/Vision_project/install/conveyorbelt_msgs/local/lib/python3.10/dist-packages/conveyorbelt_msgs/srv/__init__.py'...
[4.736s] Compiling '/home/rupendra/Desktop/Tasks/Vision_project/install/conveyorbelt_msgs/local/lib/python3.10/dist-packages/conveyorbelt_msgs/srv/_conveyor_belt_control.py'...
[4.740s] -- Installing: /home/rupendra/Desktop/Tasks/Vision_project/install/conveyorbelt_msgs/lib/libconveyorbelt_msgs__rosidl_generator_py.so
[4.741s] -- Set runtime path of "/home/rupendra/Desktop/Tasks/Vision_project/install/conveyorbelt_msgs/lib/libconveyorbelt_msgs__rosidl_generator_py.so" to ""
[4.741s] -- Installing: /home/rupendra/Desktop/Tasks/Vision_project/install/conveyorbelt_msgs/share/conveyorbelt_msgs/cmake/export_conveyorbelt_msgs__rosidl_generator_cExport.cmake
[4.741s] -- Installing: /home/rupendra/Desktop/Tasks/Vision_project/install/conveyorbelt_msgs/share/conveyorbelt_msgs/cmake/export_conveyorbelt_msgs__rosidl_generator_cExport-noconfig.cmake
[4.741s] -- Installing: /home/rupendra/Desktop/Tasks/Vision_project/install/conveyorbelt_msgs/share/conveyorbelt_msgs/cmake/export_conveyorbelt_msgs__rosidl_typesupport_fastrtps_cExport.cmake
[4.742s] -- Installing: /home/rupendra/Desktop/Tasks/Vision_project/install/conveyorbelt_msgs/share/conveyorbelt_msgs/cmake/export_conveyorbelt_msgs__rosidl_typesupport_fastrtps_cExport-noconfig.cmake
[4.742s] -- Installing: /home/rupendra/Desktop/Tasks/Vision_project/install/conveyorbelt_msgs/share/conveyorbelt_msgs/cmake/conveyorbelt_msgs__rosidl_typesupport_introspection_cExport.cmake
[4.742s] -- Installing: /home/rupendra/Desktop/Tasks/Vision_project/install/conveyorbelt_msgs/share/conveyorbelt_msgs/cmake/conveyorbelt_msgs__rosidl_typesupport_introspection_cExport-noconfig.cmake
[4.742s] -- Installing: /home/rupendra/Desktop/Tasks/Vision_project/install/conveyorbelt_msgs/share/conveyorbelt_msgs/cmake/conveyorbelt_msgs__rosidl_typesupport_cExport.cmake
[4.742s] -- Installing: /home/rupendra/Desktop/Tasks/Vision_project/install/conveyorbelt_msgs/share/conveyorbelt_msgs/cmake/conveyorbelt_msgs__rosidl_typesupport_cExport-noconfig.cmake
[4.742s] -- Installing: /home/rupendra/Desktop/Tasks/Vision_project/install/conveyorbelt_msgs/share/conveyorbelt_msgs/cmake/export_conveyorbelt_msgs__rosidl_generator_cppExport.cmake
[4.742s] -- Installing: /home/rupendra/Desktop/Tasks/Vision_project/install/conveyorbelt_msgs/share/conveyorbelt_msgs/cmake/export_conveyorbelt_msgs__rosidl_typesupport_fastrtps_cppExport.cmake
[4.743s] -- Installing: /home/rupendra/Desktop/Tasks/Vision_project/install/conveyorbelt_msgs/share/conveyorbelt_msgs/cmake/export_conveyorbelt_msgs__rosidl_typesupport_fastrtps_cppExport-noconfig.cmake
[4.743s] -- Installing: /home/rupendra/Desktop/Tasks/Vision_project/install/conveyorbelt_msgs/share/conveyorbelt_msgs/cmake/conveyorbelt_msgs__rosidl_typesupport_introspection_cppExport.cmake
[4.743s] -- Installing: /home/rupendra/Desktop/Tasks/Vision_project/install/conveyorbelt_msgs/share/conveyorbelt_msgs/cmake/conveyorbelt_msgs__rosidl_typesupport_introspection_cppExport-noconfig.cmake
[4.743s] -- Installing: /home/rupendra/Desktop/Tasks/Vision_project/install/conveyorbelt_msgs/share/conveyorbelt_msgs/cmake/conveyorbelt_msgs__rosidl_typesupport_cppExport.cmake
[4.743s] -- Installing: /home/rupendra/Desktop/Tasks/Vision_project/install/conveyorbelt_msgs/share/conveyorbelt_msgs/cmake/conveyorbelt_msgs__rosidl_typesupport_cppExport-noconfig.cmake
[4.743s] -- Installing: /home/rupendra/Desktop/Tasks/Vision_project/install/conveyorbelt_msgs/share/conveyorbelt_msgs/cmake/export_conveyorbelt_msgs__rosidl_generator_pyExport.cmake
[4.743s] -- Installing: /home/rupendra/Desktop/Tasks/Vision_project/install/conveyorbelt_msgs/share/conveyorbelt_msgs/cmake/export_conveyorbelt_msgs__rosidl_generator_pyExport-noconfig.cmake
[4.746s] Invoked command in '/home/rupendra/Desktop/Tasks/Vision_project/build/conveyorbelt_msgs' returned '0': CMAKE_PREFIX_PATH=${CMAKE_PREFIX_PATH}:/home/rupendra/Desktop/Tasks/Vision_project/install/bottle_detection:/opt/ros/humble /usr/bin/cmake --install /home/rupendra/Desktop/Tasks/Vision_project/build/conveyorbelt_msgs
