[0.015s] Invoking command in '/home/rupendra/Desktop/Tasks/Vision_project/build/naviarm_bringup': CMAKE_PREFIX_PATH=${CMAKE_PREFIX_PATH}:/opt/ros/humble /usr/bin/cmake --build /home/rupendra/Desktop/Tasks/Vision_project/build/naviarm_bringup -- -j16 -l16
[0.053s] Invoked command in '/home/rupendra/Desktop/Tasks/Vision_project/build/naviarm_bringup' returned '0': CMAKE_PREFIX_PATH=${CMAKE_PREFIX_PATH}:/opt/ros/humble /usr/bin/cmake --build /home/rupendra/Desktop/Tasks/Vision_project/build/naviarm_bringup -- -j16 -l16
[0.063s] Invoking command in '/home/rupendra/Desktop/Tasks/Vision_project/build/naviarm_bringup': CMAKE_PREFIX_PATH=${CMAKE_PREFIX_PATH}:/opt/ros/humble /usr/bin/cmake --install /home/rupendra/Desktop/Tasks/Vision_project/build/naviarm_bringup
[0.071s] -- Install configuration: ""
[0.072s] -- Execute custom install script
[0.072s] -- Up-to-date symlink: /home/rupendra/Desktop/Tasks/Vision_project/install/naviarm_bringup/share/naviarm_bringup/launch/alan.launch.py
[0.072s] -- Up-to-date symlink: /home/rupendra/Desktop/Tasks/Vision_project/install/naviarm_bringup/share/naviarm_bringup/launch/naviarm_bringup.launch.py
[0.073s] -- Up-to-date symlink: /home/rupendra/Desktop/Tasks/Vision_project/install/naviarm_bringup/share/naviarm_bringup/rviz/naviarm.rviz
[0.073s] -- Up-to-date symlink: /home/rupendra/Desktop/Tasks/Vision_project/install/naviarm_bringup/share/ament_index/resource_index/package_run_dependencies/naviarm_bringup
[0.073s] -- Up-to-date symlink: /home/rupendra/Desktop/Tasks/Vision_project/install/naviarm_bringup/share/ament_index/resource_index/parent_prefix_path/naviarm_bringup
[0.073s] -- Up-to-date symlink: /home/rupendra/Desktop/Tasks/Vision_project/install/naviarm_bringup/share/naviarm_bringup/environment/ament_prefix_path.sh
[0.073s] -- Up-to-date symlink: /home/rupendra/Desktop/Tasks/Vision_project/install/naviarm_bringup/share/naviarm_bringup/environment/ament_prefix_path.dsv
[0.073s] -- Up-to-date symlink: /home/rupendra/Desktop/Tasks/Vision_project/install/naviarm_bringup/share/naviarm_bringup/environment/path.sh
[0.073s] -- Up-to-date symlink: /home/rupendra/Desktop/Tasks/Vision_project/install/naviarm_bringup/share/naviarm_bringup/environment/path.dsv
[0.073s] -- Up-to-date symlink: /home/rupendra/Desktop/Tasks/Vision_project/install/naviarm_bringup/share/naviarm_bringup/local_setup.bash
[0.074s] -- Up-to-date symlink: /home/rupendra/Desktop/Tasks/Vision_project/install/naviarm_bringup/share/naviarm_bringup/local_setup.sh
[0.074s] -- Up-to-date symlink: /home/rupendra/Desktop/Tasks/Vision_project/install/naviarm_bringup/share/naviarm_bringup/local_setup.zsh
[0.074s] -- Up-to-date symlink: /home/rupendra/Desktop/Tasks/Vision_project/install/naviarm_bringup/share/naviarm_bringup/local_setup.dsv
[0.074s] -- Symlinking: /home/rupendra/Desktop/Tasks/Vision_project/install/naviarm_bringup/share/naviarm_bringup/package.dsv
[0.085s] -- Up-to-date symlink: /home/rupendra/Desktop/Tasks/Vision_project/install/naviarm_bringup/share/ament_index/resource_index/packages/naviarm_bringup
[0.086s] -- Up-to-date symlink: /home/rupendra/Desktop/Tasks/Vision_project/install/naviarm_bringup/share/naviarm_bringup/cmake/naviarm_bringupConfig.cmake
[0.086s] -- Up-to-date symlink: /home/rupendra/Desktop/Tasks/Vision_project/install/naviarm_bringup/share/naviarm_bringup/cmake/naviarm_bringupConfig-version.cmake
[0.087s] -- Up-to-date symlink: /home/rupendra/Desktop/Tasks/Vision_project/install/naviarm_bringup/share/naviarm_bringup/package.xml
[0.092s] Invoked command in '/home/rupendra/Desktop/Tasks/Vision_project/build/naviarm_bringup' returned '0': CMAKE_PREFIX_PATH=${CMAKE_PREFIX_PATH}:/opt/ros/humble /usr/bin/cmake --install /home/rupendra/Desktop/Tasks/Vision_project/build/naviarm_bringup
