[0.225s] Invoking command in '/home/rupendra/Desktop/Tasks/Vision_project/build/conveyorbelt_msgs': CMAKE_PREFIX_PATH=${CMAKE_PREFIX_PATH}:/home/rupendra/Desktop/Tasks/Vision_project/install/bottle_detection:/opt/ros/humble /usr/bin/cmake --build /home/rupendra/Desktop/Tasks/Vision_project/build/conveyorbelt_msgs -- -j16 -l16
[0.268s] [  7%] Built target conveyorbelt_msgs__cpp
[0.268s] [ 12%] Built target conveyorbelt_msgs__rosidl_generator_c
[0.279s] [ 12%] Built target ament_cmake_python_copy_conveyorbelt_msgs
[0.313s] [ 23%] Built target conveyorbelt_msgs__rosidl_typesupport_c
[0.319s] [ 33%] Built target conveyorbelt_msgs__rosidl_typesupport_cpp
[0.321s] [ 43%] Built target conveyorbelt_msgs__rosidl_typesupport_introspection_cpp
[0.321s] [ 64%] Built target conveyorbelt_msgs__rosidl_typesupport_introspection_c
[0.321s] [ 64%] Built target conveyorbelt_msgs__rosidl_typesupport_fastrtps_cpp
[0.321s] [ 74%] Built target conveyorbelt_msgs__rosidl_typesupport_fastrtps_c
[0.354s] [ 74%] Built target conveyorbelt_msgs
[0.355s] [ 76%] Built target conveyorbelt_msgs__py
[0.359s] [ 84%] Built target conveyorbelt_msgs__rosidl_generator_py
[0.382s] [100%] Built target conveyorbelt_msgs__rosidl_typesupport_introspection_c__pyext
[0.382s] [100%] Built target conveyorbelt_msgs__rosidl_typesupport_c__pyext
[0.382s] [100%] Built target conveyorbelt_msgs__rosidl_typesupport_fastrtps_c__pyext
[0.525s] running egg_info
[0.549s] writing conveyorbelt_msgs.egg-info/PKG-INFO
[0.549s] writing dependency_links to conveyorbelt_msgs.egg-info/dependency_links.txt
[0.550s] writing top-level names to conveyorbelt_msgs.egg-info/top_level.txt
[0.621s] reading manifest file 'conveyorbelt_msgs.egg-info/SOURCES.txt'
[0.622s] writing manifest file 'conveyorbelt_msgs.egg-info/SOURCES.txt'
[0.648s] [100%] Built target ament_cmake_python_build_conveyorbelt_msgs_egg
[0.661s] Invoked command in '/home/rupendra/Desktop/Tasks/Vision_project/build/conveyorbelt_msgs' returned '0': CMAKE_PREFIX_PATH=${CMAKE_PREFIX_PATH}:/home/rupendra/Desktop/Tasks/Vision_project/install/bottle_detection:/opt/ros/humble /usr/bin/cmake --build /home/rupendra/Desktop/Tasks/Vision_project/build/conveyorbelt_msgs -- -j16 -l16
[0.662s] Invoking command in '/home/rupendra/Desktop/Tasks/Vision_project/build/conveyorbelt_msgs': CMAKE_PREFIX_PATH=${CMAKE_PREFIX_PATH}:/home/rupendra/Desktop/Tasks/Vision_project/install/bottle_detection:/opt/ros/humble /usr/bin/cmake --install /home/rupendra/Desktop/Tasks/Vision_project/build/conveyorbelt_msgs
[0.671s] -- Install configuration: ""
[0.671s] -- Up-to-date: /home/rupendra/Desktop/Tasks/Vision_project/install/conveyorbelt_msgs/share/conveyorbelt_msgs/msg
[0.671s] -- Up-to-date: /home/rupendra/Desktop/Tasks/Vision_project/install/conveyorbelt_msgs/share/conveyorbelt_msgs/msg/ConveyorBeltState.msg
[0.671s] -- Up-to-date: /home/rupendra/Desktop/Tasks/Vision_project/install/conveyorbelt_msgs/share/conveyorbelt_msgs/srv
[0.671s] -- Up-to-date: /home/rupendra/Desktop/Tasks/Vision_project/install/conveyorbelt_msgs/share/conveyorbelt_msgs/srv/ConveyorBeltControl.srv
[0.671s] -- Up-to-date: /home/rupendra/Desktop/Tasks/Vision_project/install/conveyorbelt_msgs/share/ament_index/resource_index/rosidl_interfaces/conveyorbelt_msgs
[0.672s] -- Up-to-date: /home/rupendra/Desktop/Tasks/Vision_project/install/conveyorbelt_msgs/include/conveyorbelt_msgs/conveyorbelt_msgs
[0.672s] -- Up-to-date: /home/rupendra/Desktop/Tasks/Vision_project/install/conveyorbelt_msgs/include/conveyorbelt_msgs/conveyorbelt_msgs/msg
[0.672s] -- Up-to-date: /home/rupendra/Desktop/Tasks/Vision_project/install/conveyorbelt_msgs/include/conveyorbelt_msgs/conveyorbelt_msgs/msg/detail
[0.672s] -- Up-to-date: /home/rupendra/Desktop/Tasks/Vision_project/install/conveyorbelt_msgs/include/conveyorbelt_msgs/conveyorbelt_msgs/msg/detail/conveyor_belt_state__type_support.h
[0.672s] -- Up-to-date: /home/rupendra/Desktop/Tasks/Vision_project/install/conveyorbelt_msgs/include/conveyorbelt_msgs/conveyorbelt_msgs/msg/detail/conveyor_belt_state__struct.h
[0.672s] -- Up-to-date: /home/rupendra/Desktop/Tasks/Vision_project/install/conveyorbelt_msgs/include/conveyorbelt_msgs/conveyorbelt_msgs/msg/detail/conveyor_belt_state__functions.c
[0.672s] -- Up-to-date: /home/rupendra/Desktop/Tasks/Vision_project/install/conveyorbelt_msgs/include/conveyorbelt_msgs/conveyorbelt_msgs/msg/detail/conveyor_belt_state__functions.h
[0.672s] -- Up-to-date: /home/rupendra/Desktop/Tasks/Vision_project/install/conveyorbelt_msgs/include/conveyorbelt_msgs/conveyorbelt_msgs/msg/rosidl_generator_c__visibility_control.h
[0.672s] -- Up-to-date: /home/rupendra/Desktop/Tasks/Vision_project/install/conveyorbelt_msgs/include/conveyorbelt_msgs/conveyorbelt_msgs/msg/conveyor_belt_state.h
[0.672s] -- Up-to-date: /home/rupendra/Desktop/Tasks/Vision_project/install/conveyorbelt_msgs/include/conveyorbelt_msgs/conveyorbelt_msgs/srv
[0.672s] -- Up-to-date: /home/rupendra/Desktop/Tasks/Vision_project/install/conveyorbelt_msgs/include/conveyorbelt_msgs/conveyorbelt_msgs/srv/conveyor_belt_control.h
[0.672s] -- Up-to-date: /home/rupendra/Desktop/Tasks/Vision_project/install/conveyorbelt_msgs/include/conveyorbelt_msgs/conveyorbelt_msgs/srv/detail
[0.672s] -- Up-to-date: /home/rupendra/Desktop/Tasks/Vision_project/install/conveyorbelt_msgs/include/conveyorbelt_msgs/conveyorbelt_msgs/srv/detail/conveyor_belt_control__type_support.h
[0.672s] -- Up-to-date: /home/rupendra/Desktop/Tasks/Vision_project/install/conveyorbelt_msgs/include/conveyorbelt_msgs/conveyorbelt_msgs/srv/detail/conveyor_belt_control__functions.c
[0.673s] -- Up-to-date: /home/rupendra/Desktop/Tasks/Vision_project/install/conveyorbelt_msgs/include/conveyorbelt_msgs/conveyorbelt_msgs/srv/detail/conveyor_belt_control__functions.h
[0.673s] -- Up-to-date: /home/rupendra/Desktop/Tasks/Vision_project/install/conveyorbelt_msgs/include/conveyorbelt_msgs/conveyorbelt_msgs/srv/detail/conveyor_belt_control__struct.h
[0.673s] -- Up-to-date: /home/rupendra/Desktop/Tasks/Vision_project/install/conveyorbelt_msgs/share/conveyorbelt_msgs/environment/library_path.sh
[0.673s] -- Up-to-date: /home/rupendra/Desktop/Tasks/Vision_project/install/conveyorbelt_msgs/share/conveyorbelt_msgs/environment/library_path.dsv
[0.673s] -- Up-to-date: /home/rupendra/Desktop/Tasks/Vision_project/install/conveyorbelt_msgs/lib/libconveyorbelt_msgs__rosidl_generator_c.so
[0.673s] -- Up-to-date: /home/rupendra/Desktop/Tasks/Vision_project/install/conveyorbelt_msgs/include/conveyorbelt_msgs/conveyorbelt_msgs
[0.673s] -- Up-to-date: /home/rupendra/Desktop/Tasks/Vision_project/install/conveyorbelt_msgs/include/conveyorbelt_msgs/conveyorbelt_msgs/msg
[0.673s] -- Up-to-date: /home/rupendra/Desktop/Tasks/Vision_project/install/conveyorbelt_msgs/include/conveyorbelt_msgs/conveyorbelt_msgs/msg/detail
[0.673s] -- Up-to-date: /home/rupendra/Desktop/Tasks/Vision_project/install/conveyorbelt_msgs/include/conveyorbelt_msgs/conveyorbelt_msgs/msg/detail/conveyor_belt_state__rosidl_typesupport_fastrtps_c.h
[0.673s] -- Up-to-date: /home/rupendra/Desktop/Tasks/Vision_project/install/conveyorbelt_msgs/include/conveyorbelt_msgs/conveyorbelt_msgs/msg/rosidl_typesupport_fastrtps_c__visibility_control.h
[0.673s] -- Up-to-date: /home/rupendra/Desktop/Tasks/Vision_project/install/conveyorbelt_msgs/include/conveyorbelt_msgs/conveyorbelt_msgs/srv
[0.673s] -- Up-to-date: /home/rupendra/Desktop/Tasks/Vision_project/install/conveyorbelt_msgs/include/conveyorbelt_msgs/conveyorbelt_msgs/srv/detail
[0.673s] -- Up-to-date: /home/rupendra/Desktop/Tasks/Vision_project/install/conveyorbelt_msgs/include/conveyorbelt_msgs/conveyorbelt_msgs/srv/detail/conveyor_belt_control__rosidl_typesupport_fastrtps_c.h
[0.673s] -- Up-to-date: /home/rupendra/Desktop/Tasks/Vision_project/install/conveyorbelt_msgs/lib/libconveyorbelt_msgs__rosidl_typesupport_fastrtps_c.so
[0.673s] -- Up-to-date: /home/rupendra/Desktop/Tasks/Vision_project/install/conveyorbelt_msgs/include/conveyorbelt_msgs/conveyorbelt_msgs
[0.673s] -- Up-to-date: /home/rupendra/Desktop/Tasks/Vision_project/install/conveyorbelt_msgs/include/conveyorbelt_msgs/conveyorbelt_msgs/msg
[0.673s] -- Up-to-date: /home/rupendra/Desktop/Tasks/Vision_project/install/conveyorbelt_msgs/include/conveyorbelt_msgs/conveyorbelt_msgs/msg/rosidl_typesupport_introspection_c__visibility_control.h
[0.673s] -- Up-to-date: /home/rupendra/Desktop/Tasks/Vision_project/install/conveyorbelt_msgs/include/conveyorbelt_msgs/conveyorbelt_msgs/msg/detail
[0.674s] -- Up-to-date: /home/rupendra/Desktop/Tasks/Vision_project/install/conveyorbelt_msgs/include/conveyorbelt_msgs/conveyorbelt_msgs/msg/detail/conveyor_belt_state__rosidl_typesupport_introspection_c.h
[0.674s] -- Up-to-date: /home/rupendra/Desktop/Tasks/Vision_project/install/conveyorbelt_msgs/include/conveyorbelt_msgs/conveyorbelt_msgs/msg/detail/conveyor_belt_state__type_support.c
[0.674s] -- Up-to-date: /home/rupendra/Desktop/Tasks/Vision_project/install/conveyorbelt_msgs/include/conveyorbelt_msgs/conveyorbelt_msgs/srv
[0.674s] -- Up-to-date: /home/rupendra/Desktop/Tasks/Vision_project/install/conveyorbelt_msgs/include/conveyorbelt_msgs/conveyorbelt_msgs/srv/detail
[0.674s] -- Up-to-date: /home/rupendra/Desktop/Tasks/Vision_project/install/conveyorbelt_msgs/include/conveyorbelt_msgs/conveyorbelt_msgs/srv/detail/conveyor_belt_control__rosidl_typesupport_introspection_c.h
[0.674s] -- Up-to-date: /home/rupendra/Desktop/Tasks/Vision_project/install/conveyorbelt_msgs/include/conveyorbelt_msgs/conveyorbelt_msgs/srv/detail/conveyor_belt_control__type_support.c
[0.674s] -- Up-to-date: /home/rupendra/Desktop/Tasks/Vision_project/install/conveyorbelt_msgs/lib/libconveyorbelt_msgs__rosidl_typesupport_introspection_c.so
[0.674s] -- Up-to-date: /home/rupendra/Desktop/Tasks/Vision_project/install/conveyorbelt_msgs/lib/libconveyorbelt_msgs__rosidl_typesupport_c.so
[0.674s] -- Up-to-date: /home/rupendra/Desktop/Tasks/Vision_project/install/conveyorbelt_msgs/include/conveyorbelt_msgs/conveyorbelt_msgs
[0.674s] -- Up-to-date: /home/rupendra/Desktop/Tasks/Vision_project/install/conveyorbelt_msgs/include/conveyorbelt_msgs/conveyorbelt_msgs/msg
[0.674s] -- Up-to-date: /home/rupendra/Desktop/Tasks/Vision_project/install/conveyorbelt_msgs/include/conveyorbelt_msgs/conveyorbelt_msgs/msg/rosidl_generator_cpp__visibility_control.hpp
[0.674s] -- Up-to-date: /home/rupendra/Desktop/Tasks/Vision_project/install/conveyorbelt_msgs/include/conveyorbelt_msgs/conveyorbelt_msgs/msg/detail
[0.674s] -- Up-to-date: /home/rupendra/Desktop/Tasks/Vision_project/install/conveyorbelt_msgs/include/conveyorbelt_msgs/conveyorbelt_msgs/msg/detail/conveyor_belt_state__struct.hpp
[0.674s] -- Up-to-date: /home/rupendra/Desktop/Tasks/Vision_project/install/conveyorbelt_msgs/include/conveyorbelt_msgs/conveyorbelt_msgs/msg/detail/conveyor_belt_state__builder.hpp
[0.674s] -- Up-to-date: /home/rupendra/Desktop/Tasks/Vision_project/install/conveyorbelt_msgs/include/conveyorbelt_msgs/conveyorbelt_msgs/msg/detail/conveyor_belt_state__traits.hpp
[0.674s] -- Up-to-date: /home/rupendra/Desktop/Tasks/Vision_project/install/conveyorbelt_msgs/include/conveyorbelt_msgs/conveyorbelt_msgs/msg/detail/conveyor_belt_state__type_support.hpp
[0.674s] -- Up-to-date: /home/rupendra/Desktop/Tasks/Vision_project/install/conveyorbelt_msgs/include/conveyorbelt_msgs/conveyorbelt_msgs/msg/conveyor_belt_state.hpp
[0.674s] -- Up-to-date: /home/rupendra/Desktop/Tasks/Vision_project/install/conveyorbelt_msgs/include/conveyorbelt_msgs/conveyorbelt_msgs/srv
[0.674s] -- Up-to-date: /home/rupendra/Desktop/Tasks/Vision_project/install/conveyorbelt_msgs/include/conveyorbelt_msgs/conveyorbelt_msgs/srv/detail
[0.674s] -- Up-to-date: /home/rupendra/Desktop/Tasks/Vision_project/install/conveyorbelt_msgs/include/conveyorbelt_msgs/conveyorbelt_msgs/srv/detail/conveyor_belt_control__struct.hpp
[0.674s] -- Up-to-date: /home/rupendra/Desktop/Tasks/Vision_project/install/conveyorbelt_msgs/include/conveyorbelt_msgs/conveyorbelt_msgs/srv/detail/conveyor_belt_control__builder.hpp
[0.675s] -- Up-to-date: /home/rupendra/Desktop/Tasks/Vision_project/install/conveyorbelt_msgs/include/conveyorbelt_msgs/conveyorbelt_msgs/srv/detail/conveyor_belt_control__type_support.hpp
[0.675s] -- Up-to-date: /home/rupendra/Desktop/Tasks/Vision_project/install/conveyorbelt_msgs/include/conveyorbelt_msgs/conveyorbelt_msgs/srv/detail/conveyor_belt_control__traits.hpp
[0.675s] -- Up-to-date: /home/rupendra/Desktop/Tasks/Vision_project/install/conveyorbelt_msgs/include/conveyorbelt_msgs/conveyorbelt_msgs/srv/conveyor_belt_control.hpp
[0.675s] -- Up-to-date: /home/rupendra/Desktop/Tasks/Vision_project/install/conveyorbelt_msgs/include/conveyorbelt_msgs/conveyorbelt_msgs
[0.675s] -- Up-to-date: /home/rupendra/Desktop/Tasks/Vision_project/install/conveyorbelt_msgs/include/conveyorbelt_msgs/conveyorbelt_msgs/msg
[0.675s] -- Up-to-date: /home/rupendra/Desktop/Tasks/Vision_project/install/conveyorbelt_msgs/include/conveyorbelt_msgs/conveyorbelt_msgs/msg/detail
[0.675s] -- Up-to-date: /home/rupendra/Desktop/Tasks/Vision_project/install/conveyorbelt_msgs/include/conveyorbelt_msgs/conveyorbelt_msgs/msg/detail/conveyor_belt_state__rosidl_typesupport_fastrtps_cpp.hpp
[0.675s] -- Up-to-date: /home/rupendra/Desktop/Tasks/Vision_project/install/conveyorbelt_msgs/include/conveyorbelt_msgs/conveyorbelt_msgs/msg/detail/dds_fastrtps
[0.675s] -- Up-to-date: /home/rupendra/Desktop/Tasks/Vision_project/install/conveyorbelt_msgs/include/conveyorbelt_msgs/conveyorbelt_msgs/msg/rosidl_typesupport_fastrtps_cpp__visibility_control.h
[0.675s] -- Up-to-date: /home/rupendra/Desktop/Tasks/Vision_project/install/conveyorbelt_msgs/include/conveyorbelt_msgs/conveyorbelt_msgs/srv
[0.675s] -- Up-to-date: /home/rupendra/Desktop/Tasks/Vision_project/install/conveyorbelt_msgs/include/conveyorbelt_msgs/conveyorbelt_msgs/srv/detail
[0.675s] -- Up-to-date: /home/rupendra/Desktop/Tasks/Vision_project/install/conveyorbelt_msgs/include/conveyorbelt_msgs/conveyorbelt_msgs/srv/detail/conveyor_belt_control__rosidl_typesupport_fastrtps_cpp.hpp
[0.675s] -- Up-to-date: /home/rupendra/Desktop/Tasks/Vision_project/install/conveyorbelt_msgs/include/conveyorbelt_msgs/conveyorbelt_msgs/srv/detail/dds_fastrtps
[0.675s] -- Up-to-date: /home/rupendra/Desktop/Tasks/Vision_project/install/conveyorbelt_msgs/lib/libconveyorbelt_msgs__rosidl_typesupport_fastrtps_cpp.so
[0.675s] -- Up-to-date: /home/rupendra/Desktop/Tasks/Vision_project/install/conveyorbelt_msgs/include/conveyorbelt_msgs/conveyorbelt_msgs
[0.675s] -- Up-to-date: /home/rupendra/Desktop/Tasks/Vision_project/install/conveyorbelt_msgs/include/conveyorbelt_msgs/conveyorbelt_msgs/msg
[0.675s] -- Up-to-date: /home/rupendra/Desktop/Tasks/Vision_project/install/conveyorbelt_msgs/include/conveyorbelt_msgs/conveyorbelt_msgs/msg/detail
[0.675s] -- Up-to-date: /home/rupendra/Desktop/Tasks/Vision_project/install/conveyorbelt_msgs/include/conveyorbelt_msgs/conveyorbelt_msgs/msg/detail/conveyor_belt_state__rosidl_typesupport_introspection_cpp.hpp
[0.676s] -- Up-to-date: /home/rupendra/Desktop/Tasks/Vision_project/install/conveyorbelt_msgs/include/conveyorbelt_msgs/conveyorbelt_msgs/msg/detail/conveyor_belt_state__type_support.cpp
[0.676s] -- Up-to-date: /home/rupendra/Desktop/Tasks/Vision_project/install/conveyorbelt_msgs/include/conveyorbelt_msgs/conveyorbelt_msgs/srv
[0.676s] -- Up-to-date: /home/rupendra/Desktop/Tasks/Vision_project/install/conveyorbelt_msgs/include/conveyorbelt_msgs/conveyorbelt_msgs/srv/detail
[0.676s] -- Up-to-date: /home/rupendra/Desktop/Tasks/Vision_project/install/conveyorbelt_msgs/include/conveyorbelt_msgs/conveyorbelt_msgs/srv/detail/conveyor_belt_control__rosidl_typesupport_introspection_cpp.hpp
[0.676s] -- Up-to-date: /home/rupendra/Desktop/Tasks/Vision_project/install/conveyorbelt_msgs/include/conveyorbelt_msgs/conveyorbelt_msgs/srv/detail/conveyor_belt_control__type_support.cpp
[0.676s] -- Up-to-date: /home/rupendra/Desktop/Tasks/Vision_project/install/conveyorbelt_msgs/lib/libconveyorbelt_msgs__rosidl_typesupport_introspection_cpp.so
[0.676s] -- Up-to-date: /home/rupendra/Desktop/Tasks/Vision_project/install/conveyorbelt_msgs/lib/libconveyorbelt_msgs__rosidl_typesupport_cpp.so
[0.676s] -- Up-to-date: /home/rupendra/Desktop/Tasks/Vision_project/install/conveyorbelt_msgs/share/conveyorbelt_msgs/environment/pythonpath.sh
[0.676s] -- Up-to-date: /home/rupendra/Desktop/Tasks/Vision_project/install/conveyorbelt_msgs/share/conveyorbelt_msgs/environment/pythonpath.dsv
[0.676s] -- Up-to-date: /home/rupendra/Desktop/Tasks/Vision_project/install/conveyorbelt_msgs/local/lib/python3.10/dist-packages/conveyorbelt_msgs-0.0.0-py3.10.egg-info
[0.676s] -- Installing: /home/rupendra/Desktop/Tasks/Vision_project/install/conveyorbelt_msgs/local/lib/python3.10/dist-packages/conveyorbelt_msgs-0.0.0-py3.10.egg-info/SOURCES.txt
[0.676s] -- Installing: /home/rupendra/Desktop/Tasks/Vision_project/install/conveyorbelt_msgs/local/lib/python3.10/dist-packages/conveyorbelt_msgs-0.0.0-py3.10.egg-info/dependency_links.txt
[0.676s] -- Installing: /home/rupendra/Desktop/Tasks/Vision_project/install/conveyorbelt_msgs/local/lib/python3.10/dist-packages/conveyorbelt_msgs-0.0.0-py3.10.egg-info/PKG-INFO
[0.676s] -- Installing: /home/rupendra/Desktop/Tasks/Vision_project/install/conveyorbelt_msgs/local/lib/python3.10/dist-packages/conveyorbelt_msgs-0.0.0-py3.10.egg-info/top_level.txt
[0.676s] -- Up-to-date: /home/rupendra/Desktop/Tasks/Vision_project/install/conveyorbelt_msgs/local/lib/python3.10/dist-packages/conveyorbelt_msgs
[0.676s] -- Up-to-date: /home/rupendra/Desktop/Tasks/Vision_project/install/conveyorbelt_msgs/local/lib/python3.10/dist-packages/conveyorbelt_msgs/msg
[0.676s] -- Up-to-date: /home/rupendra/Desktop/Tasks/Vision_project/install/conveyorbelt_msgs/local/lib/python3.10/dist-packages/conveyorbelt_msgs/msg/_conveyor_belt_state.py
[0.676s] -- Up-to-date: /home/rupendra/Desktop/Tasks/Vision_project/install/conveyorbelt_msgs/local/lib/python3.10/dist-packages/conveyorbelt_msgs/msg/_conveyor_belt_state_s.c
[0.676s] -- Up-to-date: /home/rupendra/Desktop/Tasks/Vision_project/install/conveyorbelt_msgs/local/lib/python3.10/dist-packages/conveyorbelt_msgs/msg/__init__.py
[0.676s] -- Up-to-date: /home/rupendra/Desktop/Tasks/Vision_project/install/conveyorbelt_msgs/local/lib/python3.10/dist-packages/conveyorbelt_msgs/_conveyorbelt_msgs_s.ep.rosidl_typesupport_fastrtps_c.c
[0.676s] -- Up-to-date: /home/rupendra/Desktop/Tasks/Vision_project/install/conveyorbelt_msgs/local/lib/python3.10/dist-packages/conveyorbelt_msgs/conveyorbelt_msgs_s__rosidl_typesupport_fastrtps_c.cpython-310-x86_64-linux-gnu.so
[0.676s] -- Up-to-date: /home/rupendra/Desktop/Tasks/Vision_project/install/conveyorbelt_msgs/local/lib/python3.10/dist-packages/conveyorbelt_msgs/__init__.py
[0.676s] -- Up-to-date: /home/rupendra/Desktop/Tasks/Vision_project/install/conveyorbelt_msgs/local/lib/python3.10/dist-packages/conveyorbelt_msgs/_conveyorbelt_msgs_s.ep.rosidl_typesupport_c.c
[0.676s] -- Up-to-date: /home/rupendra/Desktop/Tasks/Vision_project/install/conveyorbelt_msgs/local/lib/python3.10/dist-packages/conveyorbelt_msgs/_conveyorbelt_msgs_s.ep.rosidl_typesupport_introspection_c.c
[0.677s] -- Up-to-date: /home/rupendra/Desktop/Tasks/Vision_project/install/conveyorbelt_msgs/local/lib/python3.10/dist-packages/conveyorbelt_msgs/conveyorbelt_msgs_s__rosidl_typesupport_introspection_c.cpython-310-x86_64-linux-gnu.so
[0.677s] -- Up-to-date: /home/rupendra/Desktop/Tasks/Vision_project/install/conveyorbelt_msgs/local/lib/python3.10/dist-packages/conveyorbelt_msgs/srv
[0.677s] -- Up-to-date: /home/rupendra/Desktop/Tasks/Vision_project/install/conveyorbelt_msgs/local/lib/python3.10/dist-packages/conveyorbelt_msgs/srv/_conveyor_belt_control.py
[0.677s] -- Up-to-date: /home/rupendra/Desktop/Tasks/Vision_project/install/conveyorbelt_msgs/local/lib/python3.10/dist-packages/conveyorbelt_msgs/srv/__init__.py
[0.677s] -- Up-to-date: /home/rupendra/Desktop/Tasks/Vision_project/install/conveyorbelt_msgs/local/lib/python3.10/dist-packages/conveyorbelt_msgs/srv/_conveyor_belt_control_s.c
[0.677s] -- Up-to-date: /home/rupendra/Desktop/Tasks/Vision_project/install/conveyorbelt_msgs/local/lib/python3.10/dist-packages/conveyorbelt_msgs/libconveyorbelt_msgs__rosidl_generator_py.so
[0.677s] -- Up-to-date: /home/rupendra/Desktop/Tasks/Vision_project/install/conveyorbelt_msgs/local/lib/python3.10/dist-packages/conveyorbelt_msgs/conveyorbelt_msgs_s__rosidl_typesupport_c.cpython-310-x86_64-linux-gnu.so
[0.703s] Listing '/home/rupendra/Desktop/Tasks/Vision_project/install/conveyorbelt_msgs/local/lib/python3.10/dist-packages/conveyorbelt_msgs'...
[0.703s] Listing '/home/rupendra/Desktop/Tasks/Vision_project/install/conveyorbelt_msgs/local/lib/python3.10/dist-packages/conveyorbelt_msgs/msg'...
[0.703s] Listing '/home/rupendra/Desktop/Tasks/Vision_project/install/conveyorbelt_msgs/local/lib/python3.10/dist-packages/conveyorbelt_msgs/srv'...
[0.707s] -- Up-to-date: /home/rupendra/Desktop/Tasks/Vision_project/install/conveyorbelt_msgs/local/lib/python3.10/dist-packages/conveyorbelt_msgs/conveyorbelt_msgs_s__rosidl_typesupport_fastrtps_c.cpython-310-x86_64-linux-gnu.so
[0.708s] -- Up-to-date: /home/rupendra/Desktop/Tasks/Vision_project/install/conveyorbelt_msgs/local/lib/python3.10/dist-packages/conveyorbelt_msgs/conveyorbelt_msgs_s__rosidl_typesupport_introspection_c.cpython-310-x86_64-linux-gnu.so
[0.708s] -- Up-to-date: /home/rupendra/Desktop/Tasks/Vision_project/install/conveyorbelt_msgs/local/lib/python3.10/dist-packages/conveyorbelt_msgs/conveyorbelt_msgs_s__rosidl_typesupport_c.cpython-310-x86_64-linux-gnu.so
[0.708s] -- Up-to-date: /home/rupendra/Desktop/Tasks/Vision_project/install/conveyorbelt_msgs/lib/libconveyorbelt_msgs__rosidl_generator_py.so
[0.708s] -- Up-to-date: /home/rupendra/Desktop/Tasks/Vision_project/install/conveyorbelt_msgs/share/conveyorbelt_msgs/msg/ConveyorBeltState.idl
[0.708s] -- Up-to-date: /home/rupendra/Desktop/Tasks/Vision_project/install/conveyorbelt_msgs/share/conveyorbelt_msgs/srv/ConveyorBeltControl.idl
[0.708s] -- Up-to-date: /home/rupendra/Desktop/Tasks/Vision_project/install/conveyorbelt_msgs/share/conveyorbelt_msgs/msg/ConveyorBeltState.msg
[0.708s] -- Up-to-date: /home/rupendra/Desktop/Tasks/Vision_project/install/conveyorbelt_msgs/share/conveyorbelt_msgs/srv/ConveyorBeltControl.srv
[0.708s] -- Up-to-date: /home/rupendra/Desktop/Tasks/Vision_project/install/conveyorbelt_msgs/share/conveyorbelt_msgs/srv/ConveyorBeltControl_Request.msg
[0.708s] -- Up-to-date: /home/rupendra/Desktop/Tasks/Vision_project/install/conveyorbelt_msgs/share/conveyorbelt_msgs/srv/ConveyorBeltControl_Response.msg
[0.708s] -- Up-to-date: /home/rupendra/Desktop/Tasks/Vision_project/install/conveyorbelt_msgs/share/ament_index/resource_index/package_run_dependencies/conveyorbelt_msgs
[0.708s] -- Up-to-date: /home/rupendra/Desktop/Tasks/Vision_project/install/conveyorbelt_msgs/share/ament_index/resource_index/parent_prefix_path/conveyorbelt_msgs
[0.709s] -- Up-to-date: /home/rupendra/Desktop/Tasks/Vision_project/install/conveyorbelt_msgs/share/conveyorbelt_msgs/environment/ament_prefix_path.sh
[0.709s] -- Up-to-date: /home/rupendra/Desktop/Tasks/Vision_project/install/conveyorbelt_msgs/share/conveyorbelt_msgs/environment/ament_prefix_path.dsv
[0.709s] -- Up-to-date: /home/rupendra/Desktop/Tasks/Vision_project/install/conveyorbelt_msgs/share/conveyorbelt_msgs/environment/path.sh
[0.709s] -- Up-to-date: /home/rupendra/Desktop/Tasks/Vision_project/install/conveyorbelt_msgs/share/conveyorbelt_msgs/environment/path.dsv
[0.709s] -- Up-to-date: /home/rupendra/Desktop/Tasks/Vision_project/install/conveyorbelt_msgs/share/conveyorbelt_msgs/local_setup.bash
[0.709s] -- Up-to-date: /home/rupendra/Desktop/Tasks/Vision_project/install/conveyorbelt_msgs/share/conveyorbelt_msgs/local_setup.sh
[0.709s] -- Up-to-date: /home/rupendra/Desktop/Tasks/Vision_project/install/conveyorbelt_msgs/share/conveyorbelt_msgs/local_setup.zsh
[0.709s] -- Up-to-date: /home/rupendra/Desktop/Tasks/Vision_project/install/conveyorbelt_msgs/share/conveyorbelt_msgs/local_setup.dsv
[0.709s] -- Installing: /home/rupendra/Desktop/Tasks/Vision_project/install/conveyorbelt_msgs/share/conveyorbelt_msgs/package.dsv
[0.709s] -- Up-to-date: /home/rupendra/Desktop/Tasks/Vision_project/install/conveyorbelt_msgs/share/ament_index/resource_index/packages/conveyorbelt_msgs
[0.709s] -- Up-to-date: /home/rupendra/Desktop/Tasks/Vision_project/install/conveyorbelt_msgs/share/conveyorbelt_msgs/cmake/export_conveyorbelt_msgs__rosidl_generator_cExport.cmake
[0.709s] -- Up-to-date: /home/rupendra/Desktop/Tasks/Vision_project/install/conveyorbelt_msgs/share/conveyorbelt_msgs/cmake/export_conveyorbelt_msgs__rosidl_generator_cExport-noconfig.cmake
[0.709s] -- Up-to-date: /home/rupendra/Desktop/Tasks/Vision_project/install/conveyorbelt_msgs/share/conveyorbelt_msgs/cmake/export_conveyorbelt_msgs__rosidl_typesupport_fastrtps_cExport.cmake
[0.709s] -- Up-to-date: /home/rupendra/Desktop/Tasks/Vision_project/install/conveyorbelt_msgs/share/conveyorbelt_msgs/cmake/export_conveyorbelt_msgs__rosidl_typesupport_fastrtps_cExport-noconfig.cmake
[0.709s] -- Up-to-date: /home/rupendra/Desktop/Tasks/Vision_project/install/conveyorbelt_msgs/share/conveyorbelt_msgs/cmake/conveyorbelt_msgs__rosidl_typesupport_introspection_cExport.cmake
[0.709s] -- Up-to-date: /home/rupendra/Desktop/Tasks/Vision_project/install/conveyorbelt_msgs/share/conveyorbelt_msgs/cmake/conveyorbelt_msgs__rosidl_typesupport_introspection_cExport-noconfig.cmake
[0.709s] -- Up-to-date: /home/rupendra/Desktop/Tasks/Vision_project/install/conveyorbelt_msgs/share/conveyorbelt_msgs/cmake/conveyorbelt_msgs__rosidl_typesupport_cExport.cmake
[0.709s] -- Up-to-date: /home/rupendra/Desktop/Tasks/Vision_project/install/conveyorbelt_msgs/share/conveyorbelt_msgs/cmake/conveyorbelt_msgs__rosidl_typesupport_cExport-noconfig.cmake
[0.709s] -- Up-to-date: /home/rupendra/Desktop/Tasks/Vision_project/install/conveyorbelt_msgs/share/conveyorbelt_msgs/cmake/export_conveyorbelt_msgs__rosidl_generator_cppExport.cmake
[0.709s] -- Up-to-date: /home/rupendra/Desktop/Tasks/Vision_project/install/conveyorbelt_msgs/share/conveyorbelt_msgs/cmake/export_conveyorbelt_msgs__rosidl_typesupport_fastrtps_cppExport.cmake
[0.710s] -- Up-to-date: /home/rupendra/Desktop/Tasks/Vision_project/install/conveyorbelt_msgs/share/conveyorbelt_msgs/cmake/export_conveyorbelt_msgs__rosidl_typesupport_fastrtps_cppExport-noconfig.cmake
[0.710s] -- Up-to-date: /home/rupendra/Desktop/Tasks/Vision_project/install/conveyorbelt_msgs/share/conveyorbelt_msgs/cmake/conveyorbelt_msgs__rosidl_typesupport_introspection_cppExport.cmake
[0.710s] -- Up-to-date: /home/rupendra/Desktop/Tasks/Vision_project/install/conveyorbelt_msgs/share/conveyorbelt_msgs/cmake/conveyorbelt_msgs__rosidl_typesupport_introspection_cppExport-noconfig.cmake
[0.710s] -- Up-to-date: /home/rupendra/Desktop/Tasks/Vision_project/install/conveyorbelt_msgs/share/conveyorbelt_msgs/cmake/conveyorbelt_msgs__rosidl_typesupport_cppExport.cmake
[0.710s] -- Up-to-date: /home/rupendra/Desktop/Tasks/Vision_project/install/conveyorbelt_msgs/share/conveyorbelt_msgs/cmake/conveyorbelt_msgs__rosidl_typesupport_cppExport-noconfig.cmake
[0.710s] -- Up-to-date: /home/rupendra/Desktop/Tasks/Vision_project/install/conveyorbelt_msgs/share/conveyorbelt_msgs/cmake/export_conveyorbelt_msgs__rosidl_generator_pyExport.cmake
[0.710s] -- Up-to-date: /home/rupendra/Desktop/Tasks/Vision_project/install/conveyorbelt_msgs/share/conveyorbelt_msgs/cmake/export_conveyorbelt_msgs__rosidl_generator_pyExport-noconfig.cmake
[0.710s] -- Up-to-date: /home/rupendra/Desktop/Tasks/Vision_project/install/conveyorbelt_msgs/share/conveyorbelt_msgs/cmake/rosidl_cmake-extras.cmake
[0.710s] -- Up-to-date: /home/rupendra/Desktop/Tasks/Vision_project/install/conveyorbelt_msgs/share/conveyorbelt_msgs/cmake/ament_cmake_export_include_directories-extras.cmake
[0.710s] -- Up-to-date: /home/rupendra/Desktop/Tasks/Vision_project/install/conveyorbelt_msgs/share/conveyorbelt_msgs/cmake/ament_cmake_export_libraries-extras.cmake
[0.710s] -- Up-to-date: /home/rupendra/Desktop/Tasks/Vision_project/install/conveyorbelt_msgs/share/conveyorbelt_msgs/cmake/ament_cmake_export_targets-extras.cmake
[0.710s] -- Up-to-date: /home/rupendra/Desktop/Tasks/Vision_project/install/conveyorbelt_msgs/share/conveyorbelt_msgs/cmake/rosidl_cmake_export_typesupport_targets-extras.cmake
[0.710s] -- Up-to-date: /home/rupendra/Desktop/Tasks/Vision_project/install/conveyorbelt_msgs/share/conveyorbelt_msgs/cmake/ament_cmake_export_dependencies-extras.cmake
[0.710s] -- Up-to-date: /home/rupendra/Desktop/Tasks/Vision_project/install/conveyorbelt_msgs/share/conveyorbelt_msgs/cmake/rosidl_cmake_export_typesupport_libraries-extras.cmake
[0.710s] -- Up-to-date: /home/rupendra/Desktop/Tasks/Vision_project/install/conveyorbelt_msgs/share/conveyorbelt_msgs/cmake/conveyorbelt_msgsConfig.cmake
[0.710s] -- Up-to-date: /home/rupendra/Desktop/Tasks/Vision_project/install/conveyorbelt_msgs/share/conveyorbelt_msgs/cmake/conveyorbelt_msgsConfig-version.cmake
[0.710s] -- Up-to-date: /home/rupendra/Desktop/Tasks/Vision_project/install/conveyorbelt_msgs/share/conveyorbelt_msgs/package.xml
[0.713s] Invoked command in '/home/rupendra/Desktop/Tasks/Vision_project/build/conveyorbelt_msgs' returned '0': CMAKE_PREFIX_PATH=${CMAKE_PREFIX_PATH}:/home/rupendra/Desktop/Tasks/Vision_project/install/bottle_detection:/opt/ros/humble /usr/bin/cmake --install /home/rupendra/Desktop/Tasks/Vision_project/build/conveyorbelt_msgs
