[0.013s] Invoking command in '/home/rupendra/Desktop/Tasks/Vision_project/build/naviarm_gazebo': CMAKE_PREFIX_PATH=${CMAKE_PREFIX_PATH}:/opt/ros/humble /usr/bin/cmake /home/rupendra/Desktop/Tasks/Vision_project/src/naviarm_gazebo -DAMENT_CMAKE_SYMLINK_INSTALL=1 -DCMAKE_INSTALL_PREFIX=/home/rupendra/Desktop/Tasks/Vision_project/install/naviarm_gazebo
[0.061s] -- The C compiler identification is GNU 11.4.0
[0.112s] -- The CXX compiler identification is GNU 11.4.0
[0.119s] -- Detecting C compiler ABI info
[0.182s] -- Detecting C compiler ABI info - done
[0.187s] -- Check for working C compiler: /usr/bin/cc - skipped
[0.188s] -- Detecting C compile features
[0.188s] -- Detecting C compile features - done
[0.190s] -- Detecting CXX compiler ABI info
[0.263s] -- Detecting CXX compiler ABI info - done
[0.268s] -- Check for working CXX compiler: /usr/bin/c++ - skipped
[0.268s] -- Detecting CXX compile features
[0.268s] -- Detecting CXX compile features - done
[0.270s] -- Found ament_cmake: 1.3.12 (/opt/ros/humble/share/ament_cmake/cmake)
[0.654s] -- Found Python3: /usr/bin/python3 (found version "3.10.12") found components: Interpreter 
[0.714s] -- Override CMake install command with custom implementation using symlinks instead of copying resources
[0.735s] -- Found ament_lint_auto: 0.12.14 (/opt/ros/humble/share/ament_lint_auto/cmake)
[0.866s] -- Added test 'flake8' to check Python code syntax and style conventions
[0.876s] -- Added test 'lint_cmake' to check CMake code style
[0.882s] -- Added test 'pep257' to check Python code against some of the docstring style conventions in PEP 257
[0.926s] -- Added test 'xmllint' to check XML markup files
[0.927s] -- Configuring done
[0.930s] -- Generating done
[0.932s] -- Build files have been written to: /home/rupendra/Desktop/Tasks/Vision_project/build/naviarm_gazebo
[0.936s] Invoked command in '/home/rupendra/Desktop/Tasks/Vision_project/build/naviarm_gazebo' returned '0': CMAKE_PREFIX_PATH=${CMAKE_PREFIX_PATH}:/opt/ros/humble /usr/bin/cmake /home/rupendra/Desktop/Tasks/Vision_project/src/naviarm_gazebo -DAMENT_CMAKE_SYMLINK_INSTALL=1 -DCMAKE_INSTALL_PREFIX=/home/rupendra/Desktop/Tasks/Vision_project/install/naviarm_gazebo
[0.938s] Invoking command in '/home/rupendra/Desktop/Tasks/Vision_project/build/naviarm_gazebo': CMAKE_PREFIX_PATH=${CMAKE_PREFIX_PATH}:/opt/ros/humble /usr/bin/cmake --build /home/rupendra/Desktop/Tasks/Vision_project/build/naviarm_gazebo -- -j16 -l16
[0.977s] Invoked command in '/home/rupendra/Desktop/Tasks/Vision_project/build/naviarm_gazebo' returned '0': CMAKE_PREFIX_PATH=${CMAKE_PREFIX_PATH}:/opt/ros/humble /usr/bin/cmake --build /home/rupendra/Desktop/Tasks/Vision_project/build/naviarm_gazebo -- -j16 -l16
[0.979s] Invoking command in '/home/rupendra/Desktop/Tasks/Vision_project/build/naviarm_gazebo': CMAKE_PREFIX_PATH=${CMAKE_PREFIX_PATH}:/opt/ros/humble /usr/bin/cmake --install /home/rupendra/Desktop/Tasks/Vision_project/build/naviarm_gazebo
[0.985s] -- Install configuration: ""
[0.986s] -- Execute custom install script
[0.986s] -- Symlinking: /home/rupendra/Desktop/Tasks/Vision_project/install/naviarm_gazebo/share/naviarm_gazebo/launch/gazebo.launch.py
[0.995s] -- Symlinking: /home/rupendra/Desktop/Tasks/Vision_project/install/naviarm_gazebo/share/naviarm_gazebo/worlds/_.world
[1.003s] -- Symlinking: /home/rupendra/Desktop/Tasks/Vision_project/install/naviarm_gazebo/share/naviarm_gazebo/worlds/alan_warehouse.world
[1.013s] -- Symlinking: /home/rupendra/Desktop/Tasks/Vision_project/install/naviarm_gazebo/share/naviarm_gazebo/worlds/alan_warehouse_2.world
[1.022s] -- Symlinking: /home/rupendra/Desktop/Tasks/Vision_project/install/naviarm_gazebo/share/naviarm_gazebo/worlds/cafe.world
[1.031s] -- Symlinking: /home/rupendra/Desktop/Tasks/Vision_project/install/naviarm_gazebo/share/naviarm_gazebo/worlds/cafe_warehouse.world
[1.039s] -- Symlinking: /home/rupendra/Desktop/Tasks/Vision_project/install/naviarm_gazebo/share/naviarm_gazebo/worlds/empty.world
[1.050s] -- Symlinking: /home/rupendra/Desktop/Tasks/Vision_project/install/naviarm_gazebo/share/naviarm_gazebo/worlds/gazebo_world.world
[1.058s] -- Symlinking: /home/rupendra/Desktop/Tasks/Vision_project/install/naviarm_gazebo/share/naviarm_gazebo/worlds/seat.world
[1.067s] -- Symlinking: /home/rupendra/Desktop/Tasks/Vision_project/install/naviarm_gazebo/share/naviarm_gazebo/worlds/seat_row.world
[1.076s] -- Symlinking: /home/rupendra/Desktop/Tasks/Vision_project/install/naviarm_gazebo/share/naviarm_gazebo/worlds/tejas.world
[1.085s] -- Symlinking: /home/rupendra/Desktop/Tasks/Vision_project/install/naviarm_gazebo/share/naviarm_gazebo/worlds/tejas_1.world
[1.094s] -- Symlinking: /home/rupendra/Desktop/Tasks/Vision_project/install/naviarm_gazebo/share/naviarm_gazebo/worlds/train.world
[1.103s] -- Symlinking: /home/rupendra/Desktop/Tasks/Vision_project/install/naviarm_gazebo/share/naviarm_gazebo/worlds/train2.world
[1.113s] -- Symlinking: /home/rupendra/Desktop/Tasks/Vision_project/install/naviarm_gazebo/share/naviarm_gazebo/worlds/train3.world
[1.122s] -- Symlinking: /home/rupendra/Desktop/Tasks/Vision_project/install/naviarm_gazebo/share/naviarm_gazebo/worlds/train_final.world
[1.131s] -- Symlinking: /home/rupendra/Desktop/Tasks/Vision_project/install/naviarm_gazebo/share/naviarm_gazebo/worlds/w_warehouse.world
[1.140s] -- Symlinking: /home/rupendra/Desktop/Tasks/Vision_project/install/naviarm_gazebo/share/naviarm_gazebo/worlds/warehouse.world
[1.155s] -- Symlinking: /home/rupendra/Desktop/Tasks/Vision_project/install/naviarm_gazebo/share/naviarm_gazebo/models/.DS_Store
[1.164s] -- Symlinking: /home/rupendra/Desktop/Tasks/Vision_project/install/naviarm_gazebo/share/naviarm_gazebo/models/LB_city/meshes/LAWN.jpg
[1.173s] -- Symlinking: /home/rupendra/Desktop/Tasks/Vision_project/install/naviarm_gazebo/share/naviarm_gazebo/models/LB_city/meshes/LB_city.dae
[1.183s] -- Symlinking: /home/rupendra/Desktop/Tasks/Vision_project/install/naviarm_gazebo/share/naviarm_gazebo/models/LB_city/meshes/SolarPanelsPolycrystallineTypeBFramedClean001_COL_3K.jpg.004.jp.jpg
[1.192s] -- Symlinking: /home/rupendra/Desktop/Tasks/Vision_project/install/naviarm_gazebo/share/naviarm_gazebo/models/LB_city/meshes/dm1.jpg
[1.202s] -- Symlinking: /home/rupendra/Desktop/Tasks/Vision_project/install/naviarm_gazebo/share/naviarm_gazebo/models/LB_city/meshes/f1q.jpg
[1.211s] -- Symlinking: /home/rupendra/Desktop/Tasks/Vision_project/install/naviarm_gazebo/share/naviarm_gazebo/models/LB_city/meshes/f1q.jpg.001.jpg
[1.220s] -- Symlinking: /home/rupendra/Desktop/Tasks/Vision_project/install/naviarm_gazebo/share/naviarm_gazebo/models/LB_city/meshes/grass.png
[1.229s] -- Symlinking: /home/rupendra/Desktop/Tasks/Vision_project/install/naviarm_gazebo/share/naviarm_gazebo/models/LB_city/meshes/ocean_texture.jpeg
[1.238s] -- Symlinking: /home/rupendra/Desktop/Tasks/Vision_project/install/naviarm_gazebo/share/naviarm_gazebo/models/LB_city/meshes/pb2.jpg
[1.247s] -- Symlinking: /home/rupendra/Desktop/Tasks/Vision_project/install/naviarm_gazebo/share/naviarm_gazebo/models/LB_city/meshes/pv2c.jpg
[1.257s] -- Symlinking: /home/rupendra/Desktop/Tasks/Vision_project/install/naviarm_gazebo/share/naviarm_gazebo/models/LB_city/model.config
[1.267s] -- Symlinking: /home/rupendra/Desktop/Tasks/Vision_project/install/naviarm_gazebo/share/naviarm_gazebo/models/LB_city/model.sdf
[1.275s] -- Symlinking: /home/rupendra/Desktop/Tasks/Vision_project/install/naviarm_gazebo/share/naviarm_gazebo/models/RealSense_D435/materials/scripts/model.material
[1.283s] -- Symlinking: /home/rupendra/Desktop/Tasks/Vision_project/install/naviarm_gazebo/share/naviarm_gazebo/models/RealSense_D435/materials/textures/RealSense_Albedo.png
[1.293s] -- Symlinking: /home/rupendra/Desktop/Tasks/Vision_project/install/naviarm_gazebo/share/naviarm_gazebo/models/RealSense_D435/materials/textures/RealSense_Metalness.png
[1.302s] -- Symlinking: /home/rupendra/Desktop/Tasks/Vision_project/install/naviarm_gazebo/share/naviarm_gazebo/models/RealSense_D435/materials/textures/RealSense_Normal.png
[1.311s] -- Symlinking: /home/rupendra/Desktop/Tasks/Vision_project/install/naviarm_gazebo/share/naviarm_gazebo/models/RealSense_D435/materials/textures/RealSense_Roughness.png
[1.320s] -- Symlinking: /home/rupendra/Desktop/Tasks/Vision_project/install/naviarm_gazebo/share/naviarm_gazebo/models/RealSense_D435/meshes/realsense.dae
[1.330s] -- Symlinking: /home/rupendra/Desktop/Tasks/Vision_project/install/naviarm_gazebo/share/naviarm_gazebo/models/RealSense_D435/model.config
[1.338s] -- Symlinking: /home/rupendra/Desktop/Tasks/Vision_project/install/naviarm_gazebo/share/naviarm_gazebo/models/RealSense_D435/model.sdf
[1.347s] -- Symlinking: /home/rupendra/Desktop/Tasks/Vision_project/install/naviarm_gazebo/share/naviarm_gazebo/models/RealSense_D435/thumbnails/1.png
[1.357s] -- Symlinking: /home/rupendra/Desktop/Tasks/Vision_project/install/naviarm_gazebo/share/naviarm_gazebo/models/RealSense_D435/thumbnails/2.png
[1.366s] -- Symlinking: /home/rupendra/Desktop/Tasks/Vision_project/install/naviarm_gazebo/share/naviarm_gazebo/models/RealSense_D435/thumbnails/3.png
[1.376s] -- Symlinking: /home/rupendra/Desktop/Tasks/Vision_project/install/naviarm_gazebo/share/naviarm_gazebo/models/RealSense_D435/thumbnails/4.png
[1.386s] -- Symlinking: /home/rupendra/Desktop/Tasks/Vision_project/install/naviarm_gazebo/share/naviarm_gazebo/models/alan_test/meshes/box_0p4x0p25x0p13.dae
[1.396s] -- Symlinking: /home/rupendra/Desktop/Tasks/Vision_project/install/naviarm_gazebo/share/naviarm_gazebo/models/alan_test/meshes/texture_0p4x0p25x0p13.jpg
[1.405s] -- Symlinking: /home/rupendra/Desktop/Tasks/Vision_project/install/naviarm_gazebo/share/naviarm_gazebo/models/alan_test/meshes/texture_0p4x0p25x0p13.png
[1.416s] -- Symlinking: /home/rupendra/Desktop/Tasks/Vision_project/install/naviarm_gazebo/share/naviarm_gazebo/models/alan_test/model.config
[1.424s] -- Symlinking: /home/rupendra/Desktop/Tasks/Vision_project/install/naviarm_gazebo/share/naviarm_gazebo/models/alan_test/model.sdf
[1.434s] -- Symlinking: /home/rupendra/Desktop/Tasks/Vision_project/install/naviarm_gazebo/share/naviarm_gazebo/models/arm_base/meshes/arm_base.dae
[1.442s] -- Symlinking: /home/rupendra/Desktop/Tasks/Vision_project/install/naviarm_gazebo/share/naviarm_gazebo/models/arm_base/model.config
[1.450s] -- Symlinking: /home/rupendra/Desktop/Tasks/Vision_project/install/naviarm_gazebo/share/naviarm_gazebo/models/arm_base/model.sdf
[1.458s] -- Symlinking: /home/rupendra/Desktop/Tasks/Vision_project/install/naviarm_gazebo/share/naviarm_gazebo/models/aws_robomaker_warehouse_Bucket_01/.DS_Store
[1.469s] -- Symlinking: /home/rupendra/Desktop/Tasks/Vision_project/install/naviarm_gazebo/share/naviarm_gazebo/models/aws_robomaker_warehouse_Bucket_01/materials/.DS_Store
[1.478s] -- Symlinking: /home/rupendra/Desktop/Tasks/Vision_project/install/naviarm_gazebo/share/naviarm_gazebo/models/aws_robomaker_warehouse_Bucket_01/materials/textures/aws_robomaker_warehouse_Bucket_01.png
[1.486s] -- Symlinking: /home/rupendra/Desktop/Tasks/Vision_project/install/naviarm_gazebo/share/naviarm_gazebo/models/aws_robomaker_warehouse_Bucket_01/meshes/aws_robomaker_warehouse_Bucket_01_collision.DAE
[1.495s] -- Symlinking: /home/rupendra/Desktop/Tasks/Vision_project/install/naviarm_gazebo/share/naviarm_gazebo/models/aws_robomaker_warehouse_Bucket_01/meshes/aws_robomaker_warehouse_Bucket_01_visual.DAE
[1.505s] -- Symlinking: /home/rupendra/Desktop/Tasks/Vision_project/install/naviarm_gazebo/share/naviarm_gazebo/models/aws_robomaker_warehouse_Bucket_01/model.config
[1.513s] -- Symlinking: /home/rupendra/Desktop/Tasks/Vision_project/install/naviarm_gazebo/share/naviarm_gazebo/models/aws_robomaker_warehouse_Bucket_01/model.sdf
[1.524s] -- Symlinking: /home/rupendra/Desktop/Tasks/Vision_project/install/naviarm_gazebo/share/naviarm_gazebo/models/aws_robomaker_warehouse_ClutteringA_01/.DS_Store
[1.533s] -- Symlinking: /home/rupendra/Desktop/Tasks/Vision_project/install/naviarm_gazebo/share/naviarm_gazebo/models/aws_robomaker_warehouse_ClutteringA_01/materials/.DS_Store
[1.543s] -- Symlinking: /home/rupendra/Desktop/Tasks/Vision_project/install/naviarm_gazebo/share/naviarm_gazebo/models/aws_robomaker_warehouse_ClutteringA_01/materials/textures/.DS_Store
[1.552s] -- Symlinking: /home/rupendra/Desktop/Tasks/Vision_project/install/naviarm_gazebo/share/naviarm_gazebo/models/aws_robomaker_warehouse_ClutteringA_01/materials/textures/aws_robomaker_warehouse_ClutteringA_01.png
[1.560s] -- Symlinking: /home/rupendra/Desktop/Tasks/Vision_project/install/naviarm_gazebo/share/naviarm_gazebo/models/aws_robomaker_warehouse_ClutteringA_01/materials/textures/aws_robomaker_warehouse_ClutteringA_02.png
[1.571s] -- Symlinking: /home/rupendra/Desktop/Tasks/Vision_project/install/naviarm_gazebo/share/naviarm_gazebo/models/aws_robomaker_warehouse_ClutteringA_01/materials/textures/aws_robomaker_warehouse_ClutteringA_03.png
[1.580s] -- Symlinking: /home/rupendra/Desktop/Tasks/Vision_project/install/naviarm_gazebo/share/naviarm_gazebo/models/aws_robomaker_warehouse_ClutteringA_01/meshes/aws_robomaker_warehouse_ClutteringA_01_collision.DAE
[1.589s] -- Symlinking: /home/rupendra/Desktop/Tasks/Vision_project/install/naviarm_gazebo/share/naviarm_gazebo/models/aws_robomaker_warehouse_ClutteringA_01/meshes/aws_robomaker_warehouse_ClutteringA_01_visual.DAE
[1.598s] -- Symlinking: /home/rupendra/Desktop/Tasks/Vision_project/install/naviarm_gazebo/share/naviarm_gazebo/models/aws_robomaker_warehouse_ClutteringA_01/model.config
[1.607s] -- Symlinking: /home/rupendra/Desktop/Tasks/Vision_project/install/naviarm_gazebo/share/naviarm_gazebo/models/aws_robomaker_warehouse_ClutteringA_01/model.sdf
[1.617s] -- Symlinking: /home/rupendra/Desktop/Tasks/Vision_project/install/naviarm_gazebo/share/naviarm_gazebo/models/aws_robomaker_warehouse_ClutteringC_01/materials/textures/aws_robomaker_warehouse_ClutteringC_01.png
[1.627s] -- Symlinking: /home/rupendra/Desktop/Tasks/Vision_project/install/naviarm_gazebo/share/naviarm_gazebo/models/aws_robomaker_warehouse_ClutteringC_01/materials/textures/aws_robomaker_warehouse_ClutteringC_02.png
[1.636s] -- Symlinking: /home/rupendra/Desktop/Tasks/Vision_project/install/naviarm_gazebo/share/naviarm_gazebo/models/aws_robomaker_warehouse_ClutteringC_01/meshes/aws_robomaker_warehouse_ClutteringC_01_collision.DAE
[1.646s] -- Symlinking: /home/rupendra/Desktop/Tasks/Vision_project/install/naviarm_gazebo/share/naviarm_gazebo/models/aws_robomaker_warehouse_ClutteringC_01/meshes/aws_robomaker_warehouse_ClutteringC_01_visual.DAE
[1.655s] -- Symlinking: /home/rupendra/Desktop/Tasks/Vision_project/install/naviarm_gazebo/share/naviarm_gazebo/models/aws_robomaker_warehouse_ClutteringC_01/model.config
[1.664s] -- Symlinking: /home/rupendra/Desktop/Tasks/Vision_project/install/naviarm_gazebo/share/naviarm_gazebo/models/aws_robomaker_warehouse_ClutteringC_01/model.sdf
[1.673s] -- Symlinking: /home/rupendra/Desktop/Tasks/Vision_project/install/naviarm_gazebo/share/naviarm_gazebo/models/aws_robomaker_warehouse_ClutteringD_01/materials/textures/aws_robomaker_warehouse_ClutteringD_01.png
[1.682s] -- Symlinking: /home/rupendra/Desktop/Tasks/Vision_project/install/naviarm_gazebo/share/naviarm_gazebo/models/aws_robomaker_warehouse_ClutteringD_01/materials/textures/aws_robomaker_warehouse_ClutteringD_02.png
[1.691s] -- Symlinking: /home/rupendra/Desktop/Tasks/Vision_project/install/naviarm_gazebo/share/naviarm_gazebo/models/aws_robomaker_warehouse_ClutteringD_01/meshes/aws_robomaker_warehouse_ClutteringD_01_collision.DAE
[1.701s] -- Symlinking: /home/rupendra/Desktop/Tasks/Vision_project/install/naviarm_gazebo/share/naviarm_gazebo/models/aws_robomaker_warehouse_ClutteringD_01/meshes/aws_robomaker_warehouse_ClutteringD_01_visual.DAE
[1.710s] -- Symlinking: /home/rupendra/Desktop/Tasks/Vision_project/install/naviarm_gazebo/share/naviarm_gazebo/models/aws_robomaker_warehouse_ClutteringD_01/model.config
[1.719s] -- Symlinking: /home/rupendra/Desktop/Tasks/Vision_project/install/naviarm_gazebo/share/naviarm_gazebo/models/aws_robomaker_warehouse_ClutteringD_01/model.sdf
[1.728s] -- Symlinking: /home/rupendra/Desktop/Tasks/Vision_project/install/naviarm_gazebo/share/naviarm_gazebo/models/aws_robomaker_warehouse_DeskC_01/materials/.DS_Store
[1.736s] -- Symlinking: /home/rupendra/Desktop/Tasks/Vision_project/install/naviarm_gazebo/share/naviarm_gazebo/models/aws_robomaker_warehouse_DeskC_01/materials/textures/aws_robomaker_warehouse_DeskC_01.png
[1.746s] -- Symlinking: /home/rupendra/Desktop/Tasks/Vision_project/install/naviarm_gazebo/share/naviarm_gazebo/models/aws_robomaker_warehouse_DeskC_01/materials/textures/aws_robomaker_warehouse_DeskC_02.png
[1.753s] -- Symlinking: /home/rupendra/Desktop/Tasks/Vision_project/install/naviarm_gazebo/share/naviarm_gazebo/models/aws_robomaker_warehouse_DeskC_01/materials/textures/aws_robomaker_warehouse_DeskC_03.png
[1.761s] -- Symlinking: /home/rupendra/Desktop/Tasks/Vision_project/install/naviarm_gazebo/share/naviarm_gazebo/models/aws_robomaker_warehouse_DeskC_01/materials/textures/aws_robomaker_warehouse_DeskC_03.psd
[1.769s] -- Symlinking: /home/rupendra/Desktop/Tasks/Vision_project/install/naviarm_gazebo/share/naviarm_gazebo/models/aws_robomaker_warehouse_DeskC_01/materials/textures/aws_robomaker_warehouse_DeskC_04.png
[1.777s] -- Symlinking: /home/rupendra/Desktop/Tasks/Vision_project/install/naviarm_gazebo/share/naviarm_gazebo/models/aws_robomaker_warehouse_DeskC_01/meshes/aws_robomaker_warehouse_DeskC_01_collision.DAE
[1.787s] -- Symlinking: /home/rupendra/Desktop/Tasks/Vision_project/install/naviarm_gazebo/share/naviarm_gazebo/models/aws_robomaker_warehouse_DeskC_01/meshes/aws_robomaker_warehouse_DeskC_01_visual.DAE
[1.796s] -- Symlinking: /home/rupendra/Desktop/Tasks/Vision_project/install/naviarm_gazebo/share/naviarm_gazebo/models/aws_robomaker_warehouse_DeskC_01/model.config
[1.808s] -- Symlinking: /home/rupendra/Desktop/Tasks/Vision_project/install/naviarm_gazebo/share/naviarm_gazebo/models/aws_robomaker_warehouse_DeskC_01/model.sdf
[1.819s] -- Symlinking: /home/rupendra/Desktop/Tasks/Vision_project/install/naviarm_gazebo/share/naviarm_gazebo/models/aws_robomaker_warehouse_GroundB_01/materials/textures/aws_robomaker_warehouse_GroundB_01.png
[1.830s] -- Symlinking: /home/rupendra/Desktop/Tasks/Vision_project/install/naviarm_gazebo/share/naviarm_gazebo/models/aws_robomaker_warehouse_GroundB_01/materials/textures/aws_robomaker_warehouse_GroundB_02.png
[1.840s] -- Symlinking: /home/rupendra/Desktop/Tasks/Vision_project/install/naviarm_gazebo/share/naviarm_gazebo/models/aws_robomaker_warehouse_GroundB_01/meshes/aws_robomaker_warehouse_GroundB_01_collision.DAE
[1.850s] -- Symlinking: /home/rupendra/Desktop/Tasks/Vision_project/install/naviarm_gazebo/share/naviarm_gazebo/models/aws_robomaker_warehouse_GroundB_01/meshes/aws_robomaker_warehouse_GroundB_01_visual.DAE
[1.859s] -- Symlinking: /home/rupendra/Desktop/Tasks/Vision_project/install/naviarm_gazebo/share/naviarm_gazebo/models/aws_robomaker_warehouse_GroundB_01/model.config
[1.868s] -- Symlinking: /home/rupendra/Desktop/Tasks/Vision_project/install/naviarm_gazebo/share/naviarm_gazebo/models/aws_robomaker_warehouse_GroundB_01/model.sdf
[1.879s] -- Symlinking: /home/rupendra/Desktop/Tasks/Vision_project/install/naviarm_gazebo/share/naviarm_gazebo/models/aws_robomaker_warehouse_Lamp_01/materials/textures/aws_robomaker_warehouse_Lamp_01.png
[1.889s] -- Symlinking: /home/rupendra/Desktop/Tasks/Vision_project/install/naviarm_gazebo/share/naviarm_gazebo/models/aws_robomaker_warehouse_Lamp_01/meshes/aws_robomaker_warehouse_Lamp_01_collision.DAE
[1.900s] -- Symlinking: /home/rupendra/Desktop/Tasks/Vision_project/install/naviarm_gazebo/share/naviarm_gazebo/models/aws_robomaker_warehouse_Lamp_01/meshes/aws_robomaker_warehouse_Lamp_01_visual.DAE
[1.913s] -- Symlinking: /home/rupendra/Desktop/Tasks/Vision_project/install/naviarm_gazebo/share/naviarm_gazebo/models/aws_robomaker_warehouse_Lamp_01/model.config
[1.923s] -- Symlinking: /home/rupendra/Desktop/Tasks/Vision_project/install/naviarm_gazebo/share/naviarm_gazebo/models/aws_robomaker_warehouse_Lamp_01/model.sdf
[1.932s] -- Symlinking: /home/rupendra/Desktop/Tasks/Vision_project/install/naviarm_gazebo/share/naviarm_gazebo/models/aws_robomaker_warehouse_PalletJackB_01/.DS_Store
[1.940s] -- Symlinking: /home/rupendra/Desktop/Tasks/Vision_project/install/naviarm_gazebo/share/naviarm_gazebo/models/aws_robomaker_warehouse_PalletJackB_01/materials/.DS_Store
[1.949s] -- Symlinking: /home/rupendra/Desktop/Tasks/Vision_project/install/naviarm_gazebo/share/naviarm_gazebo/models/aws_robomaker_warehouse_PalletJackB_01/materials/textures/aws_robomaker_warehouse_PalletJackB_01.png
[1.958s] -- Symlinking: /home/rupendra/Desktop/Tasks/Vision_project/install/naviarm_gazebo/share/naviarm_gazebo/models/aws_robomaker_warehouse_PalletJackB_01/materials/textures/aws_robomaker_warehouse_PalletJackB_02.png
[1.967s] -- Symlinking: /home/rupendra/Desktop/Tasks/Vision_project/install/naviarm_gazebo/share/naviarm_gazebo/models/aws_robomaker_warehouse_PalletJackB_01/meshes/aws_robomaker_warehouse_PalletJackB_01_collision.DAE
[1.976s] -- Symlinking: /home/rupendra/Desktop/Tasks/Vision_project/install/naviarm_gazebo/share/naviarm_gazebo/models/aws_robomaker_warehouse_PalletJackB_01/meshes/aws_robomaker_warehouse_PalletJackB_01_visual.DAE
[1.986s] -- Symlinking: /home/rupendra/Desktop/Tasks/Vision_project/install/naviarm_gazebo/share/naviarm_gazebo/models/aws_robomaker_warehouse_PalletJackB_01/model.config
[1.997s] -- Symlinking: /home/rupendra/Desktop/Tasks/Vision_project/install/naviarm_gazebo/share/naviarm_gazebo/models/aws_robomaker_warehouse_PalletJackB_01/model.sdf
[2.007s] -- Symlinking: /home/rupendra/Desktop/Tasks/Vision_project/install/naviarm_gazebo/share/naviarm_gazebo/models/aws_robomaker_warehouse_RoofB_01/materials/textures/aws_robomaker_warehouse_RoofB_01.png
[2.017s] -- Symlinking: /home/rupendra/Desktop/Tasks/Vision_project/install/naviarm_gazebo/share/naviarm_gazebo/models/aws_robomaker_warehouse_RoofB_01/meshes/aws_robomaker_warehouse_RoofB_01_collision.DAE
[2.026s] -- Symlinking: /home/rupendra/Desktop/Tasks/Vision_project/install/naviarm_gazebo/share/naviarm_gazebo/models/aws_robomaker_warehouse_RoofB_01/meshes/aws_robomaker_warehouse_RoofB_01_visual.DAE
[2.036s] -- Symlinking: /home/rupendra/Desktop/Tasks/Vision_project/install/naviarm_gazebo/share/naviarm_gazebo/models/aws_robomaker_warehouse_RoofB_01/model.config
[2.046s] -- Symlinking: /home/rupendra/Desktop/Tasks/Vision_project/install/naviarm_gazebo/share/naviarm_gazebo/models/aws_robomaker_warehouse_RoofB_01/model.sdf
[2.054s] -- Symlinking: /home/rupendra/Desktop/Tasks/Vision_project/install/naviarm_gazebo/share/naviarm_gazebo/models/aws_robomaker_warehouse_ShelfD_01/materials/textures/aws_robomaker_warehouse_ShelfD_01.png
[2.064s] -- Symlinking: /home/rupendra/Desktop/Tasks/Vision_project/install/naviarm_gazebo/share/naviarm_gazebo/models/aws_robomaker_warehouse_ShelfD_01/materials/textures/aws_robomaker_warehouse_ShelfD_02.png
[2.073s] -- Symlinking: /home/rupendra/Desktop/Tasks/Vision_project/install/naviarm_gazebo/share/naviarm_gazebo/models/aws_robomaker_warehouse_ShelfD_01/materials/textures/aws_robomaker_warehouse_ShelfD_03.png
[2.082s] -- Symlinking: /home/rupendra/Desktop/Tasks/Vision_project/install/naviarm_gazebo/share/naviarm_gazebo/models/aws_robomaker_warehouse_ShelfD_01/materials/textures/aws_robomaker_warehouse_ShelfD_04.png
[2.091s] -- Symlinking: /home/rupendra/Desktop/Tasks/Vision_project/install/naviarm_gazebo/share/naviarm_gazebo/models/aws_robomaker_warehouse_ShelfD_01/meshes/aws_robomaker_warehouse_ShelfD_01_collision.DAE
[2.101s] -- Symlinking: /home/rupendra/Desktop/Tasks/Vision_project/install/naviarm_gazebo/share/naviarm_gazebo/models/aws_robomaker_warehouse_ShelfD_01/meshes/aws_robomaker_warehouse_ShelfD_01_visual.DAE
[2.110s] -- Symlinking: /home/rupendra/Desktop/Tasks/Vision_project/install/naviarm_gazebo/share/naviarm_gazebo/models/aws_robomaker_warehouse_ShelfD_01/model.config
[2.120s] -- Symlinking: /home/rupendra/Desktop/Tasks/Vision_project/install/naviarm_gazebo/share/naviarm_gazebo/models/aws_robomaker_warehouse_ShelfD_01/model.sdf
[2.130s] -- Symlinking: /home/rupendra/Desktop/Tasks/Vision_project/install/naviarm_gazebo/share/naviarm_gazebo/models/aws_robomaker_warehouse_ShelfE_01/.DS_Store
[2.139s] -- Symlinking: /home/rupendra/Desktop/Tasks/Vision_project/install/naviarm_gazebo/share/naviarm_gazebo/models/aws_robomaker_warehouse_ShelfE_01/materials/.DS_Store
[2.150s] -- Symlinking: /home/rupendra/Desktop/Tasks/Vision_project/install/naviarm_gazebo/share/naviarm_gazebo/models/aws_robomaker_warehouse_ShelfE_01/materials/textures/aws_robomaker_warehouse_ShelfE_01.png
[2.159s] -- Symlinking: /home/rupendra/Desktop/Tasks/Vision_project/install/naviarm_gazebo/share/naviarm_gazebo/models/aws_robomaker_warehouse_ShelfE_01/materials/textures/aws_robomaker_warehouse_ShelfE_02.png
[2.169s] -- Symlinking: /home/rupendra/Desktop/Tasks/Vision_project/install/naviarm_gazebo/share/naviarm_gazebo/models/aws_robomaker_warehouse_ShelfE_01/materials/textures/aws_robomaker_warehouse_ShelfE_03.png
[2.184s] -- Symlinking: /home/rupendra/Desktop/Tasks/Vision_project/install/naviarm_gazebo/share/naviarm_gazebo/models/aws_robomaker_warehouse_ShelfE_01/materials/textures/aws_robomaker_warehouse_ShelfE_04.png
[2.197s] -- Symlinking: /home/rupendra/Desktop/Tasks/Vision_project/install/naviarm_gazebo/share/naviarm_gazebo/models/aws_robomaker_warehouse_ShelfE_01/meshes/aws_robomaker_warehouse_ShelfE_01_collision.DAE
[2.209s] -- Symlinking: /home/rupendra/Desktop/Tasks/Vision_project/install/naviarm_gazebo/share/naviarm_gazebo/models/aws_robomaker_warehouse_ShelfE_01/meshes/aws_robomaker_warehouse_ShelfE_01_visual.DAE
[2.220s] -- Symlinking: /home/rupendra/Desktop/Tasks/Vision_project/install/naviarm_gazebo/share/naviarm_gazebo/models/aws_robomaker_warehouse_ShelfE_01/model.config
[2.233s] -- Symlinking: /home/rupendra/Desktop/Tasks/Vision_project/install/naviarm_gazebo/share/naviarm_gazebo/models/aws_robomaker_warehouse_ShelfE_01/model.sdf
[2.242s] -- Symlinking: /home/rupendra/Desktop/Tasks/Vision_project/install/naviarm_gazebo/share/naviarm_gazebo/models/aws_robomaker_warehouse_ShelfF_01/materials/textures/aws_robomaker_warehouse_ShelfF_01.png
[2.251s] -- Symlinking: /home/rupendra/Desktop/Tasks/Vision_project/install/naviarm_gazebo/share/naviarm_gazebo/models/aws_robomaker_warehouse_ShelfF_01/materials/textures/aws_robomaker_warehouse_ShelfF_02.png
[2.260s] -- Symlinking: /home/rupendra/Desktop/Tasks/Vision_project/install/naviarm_gazebo/share/naviarm_gazebo/models/aws_robomaker_warehouse_ShelfF_01/materials/textures/aws_robomaker_warehouse_ShelfF_03.png
[2.270s] -- Symlinking: /home/rupendra/Desktop/Tasks/Vision_project/install/naviarm_gazebo/share/naviarm_gazebo/models/aws_robomaker_warehouse_ShelfF_01/meshes/aws_robomaker_warehouse_ShelfF_01_collision.DAE
[2.280s] -- Symlinking: /home/rupendra/Desktop/Tasks/Vision_project/install/naviarm_gazebo/share/naviarm_gazebo/models/aws_robomaker_warehouse_ShelfF_01/meshes/aws_robomaker_warehouse_ShelfF_01_visual.DAE
[2.290s] -- Symlinking: /home/rupendra/Desktop/Tasks/Vision_project/install/naviarm_gazebo/share/naviarm_gazebo/models/aws_robomaker_warehouse_ShelfF_01/model.config
[2.299s] -- Symlinking: /home/rupendra/Desktop/Tasks/Vision_project/install/naviarm_gazebo/share/naviarm_gazebo/models/aws_robomaker_warehouse_ShelfF_01/model.sdf
[2.309s] -- Symlinking: /home/rupendra/Desktop/Tasks/Vision_project/install/naviarm_gazebo/share/naviarm_gazebo/models/aws_robomaker_warehouse_TrashCanC_01/materials/textures/aws_robomaker_warehouse_TrashCanC_01.png
[2.319s] -- Symlinking: /home/rupendra/Desktop/Tasks/Vision_project/install/naviarm_gazebo/share/naviarm_gazebo/models/aws_robomaker_warehouse_TrashCanC_01/meshes/aws_robomaker_warehouse_TrashCanC_01_collision.DAE
[2.329s] -- Symlinking: /home/rupendra/Desktop/Tasks/Vision_project/install/naviarm_gazebo/share/naviarm_gazebo/models/aws_robomaker_warehouse_TrashCanC_01/meshes/aws_robomaker_warehouse_TrashCanC_01_visual.DAE
[2.339s] -- Symlinking: /home/rupendra/Desktop/Tasks/Vision_project/install/naviarm_gazebo/share/naviarm_gazebo/models/aws_robomaker_warehouse_TrashCanC_01/model.config
[2.349s] -- Symlinking: /home/rupendra/Desktop/Tasks/Vision_project/install/naviarm_gazebo/share/naviarm_gazebo/models/aws_robomaker_warehouse_TrashCanC_01/model.sdf
[2.359s] -- Symlinking: /home/rupendra/Desktop/Tasks/Vision_project/install/naviarm_gazebo/share/naviarm_gazebo/models/aws_robomaker_warehouse_WallB_01/materials/textures/aws_robomaker_warehouse_WallB_01.png
[2.369s] -- Symlinking: /home/rupendra/Desktop/Tasks/Vision_project/install/naviarm_gazebo/share/naviarm_gazebo/models/aws_robomaker_warehouse_WallB_01/meshes/aws_robomaker_warehouse_WallB_01_collision.DAE
[2.379s] -- Symlinking: /home/rupendra/Desktop/Tasks/Vision_project/install/naviarm_gazebo/share/naviarm_gazebo/models/aws_robomaker_warehouse_WallB_01/meshes/aws_robomaker_warehouse_WallB_01_visual.DAE
[2.389s] -- Symlinking: /home/rupendra/Desktop/Tasks/Vision_project/install/naviarm_gazebo/share/naviarm_gazebo/models/aws_robomaker_warehouse_WallB_01/model.config
[2.399s] -- Symlinking: /home/rupendra/Desktop/Tasks/Vision_project/install/naviarm_gazebo/share/naviarm_gazebo/models/aws_robomaker_warehouse_WallB_01/model.sdf
[2.410s] -- Symlinking: /home/rupendra/Desktop/Tasks/Vision_project/install/naviarm_gazebo/share/naviarm_gazebo/models/box/meshes/aruco_tag.jpg
[2.420s] -- Symlinking: /home/rupendra/Desktop/Tasks/Vision_project/install/naviarm_gazebo/share/naviarm_gazebo/models/box/meshes/box.dae
[2.431s] -- Symlinking: /home/rupendra/Desktop/Tasks/Vision_project/install/naviarm_gazebo/share/naviarm_gazebo/models/box/meshes/box__bg.png
[2.443s] -- Symlinking: /home/rupendra/Desktop/Tasks/Vision_project/install/naviarm_gazebo/share/naviarm_gazebo/models/box/meshes/cardboard_bg.png
[2.454s] -- Symlinking: /home/rupendra/Desktop/Tasks/Vision_project/install/naviarm_gazebo/share/naviarm_gazebo/models/box/meshes/centroid_old_box.zip
[2.465s] -- Symlinking: /home/rupendra/Desktop/Tasks/Vision_project/install/naviarm_gazebo/share/naviarm_gazebo/models/box/model.config
[2.474s] -- Symlinking: /home/rupendra/Desktop/Tasks/Vision_project/install/naviarm_gazebo/share/naviarm_gazebo/models/box/model.sdf
[2.483s] -- Symlinking: /home/rupendra/Desktop/Tasks/Vision_project/install/naviarm_gazebo/share/naviarm_gazebo/models/box_2/meshes/aruco_tag.jpg
[2.491s] -- Symlinking: /home/rupendra/Desktop/Tasks/Vision_project/install/naviarm_gazebo/share/naviarm_gazebo/models/box_2/meshes/box.dae
[2.501s] -- Symlinking: /home/rupendra/Desktop/Tasks/Vision_project/install/naviarm_gazebo/share/naviarm_gazebo/models/box_2/meshes/box__bg.png
[2.512s] -- Symlinking: /home/rupendra/Desktop/Tasks/Vision_project/install/naviarm_gazebo/share/naviarm_gazebo/models/box_2/meshes/cardboard_bg.png
[2.520s] -- Symlinking: /home/rupendra/Desktop/Tasks/Vision_project/install/naviarm_gazebo/share/naviarm_gazebo/models/box_2/model.config
[2.530s] -- Symlinking: /home/rupendra/Desktop/Tasks/Vision_project/install/naviarm_gazebo/share/naviarm_gazebo/models/box_2/model.sdf
[2.539s] -- Symlinking: /home/rupendra/Desktop/Tasks/Vision_project/install/naviarm_gazebo/share/naviarm_gazebo/models/boxes/box.stl
[2.548s] -- Symlinking: /home/rupendra/Desktop/Tasks/Vision_project/install/naviarm_gazebo/share/naviarm_gazebo/models/boxes/box_1/meshes/aruco_tag.jpg
[2.557s] -- Symlinking: /home/rupendra/Desktop/Tasks/Vision_project/install/naviarm_gazebo/share/naviarm_gazebo/models/boxes/box_1/meshes/box.dae
[2.568s] -- Symlinking: /home/rupendra/Desktop/Tasks/Vision_project/install/naviarm_gazebo/share/naviarm_gazebo/models/boxes/box_1/meshes/box__bg.png
[2.578s] -- Symlinking: /home/rupendra/Desktop/Tasks/Vision_project/install/naviarm_gazebo/share/naviarm_gazebo/models/boxes/box_1/meshes/cardboard_bg.png
[2.588s] -- Symlinking: /home/rupendra/Desktop/Tasks/Vision_project/install/naviarm_gazebo/share/naviarm_gazebo/models/boxes/box_1/model.config
[2.598s] -- Symlinking: /home/rupendra/Desktop/Tasks/Vision_project/install/naviarm_gazebo/share/naviarm_gazebo/models/boxes/box_1/model.sdf
[2.609s] -- Symlinking: /home/rupendra/Desktop/Tasks/Vision_project/install/naviarm_gazebo/share/naviarm_gazebo/models/boxes/box_10/meshes/aruco_tag.jpg
[2.619s] -- Symlinking: /home/rupendra/Desktop/Tasks/Vision_project/install/naviarm_gazebo/share/naviarm_gazebo/models/boxes/box_10/meshes/box.dae
[2.631s] -- Symlinking: /home/rupendra/Desktop/Tasks/Vision_project/install/naviarm_gazebo/share/naviarm_gazebo/models/boxes/box_10/meshes/box__bg.png
[2.644s] -- Symlinking: /home/rupendra/Desktop/Tasks/Vision_project/install/naviarm_gazebo/share/naviarm_gazebo/models/boxes/box_10/meshes/cardboard_bg.png
[2.654s] -- Symlinking: /home/rupendra/Desktop/Tasks/Vision_project/install/naviarm_gazebo/share/naviarm_gazebo/models/boxes/box_10/model.config
[2.667s] -- Symlinking: /home/rupendra/Desktop/Tasks/Vision_project/install/naviarm_gazebo/share/naviarm_gazebo/models/boxes/box_10/model.sdf
[2.679s] -- Symlinking: /home/rupendra/Desktop/Tasks/Vision_project/install/naviarm_gazebo/share/naviarm_gazebo/models/boxes/box_11/meshes/aruco_tag.jpg
[2.691s] -- Symlinking: /home/rupendra/Desktop/Tasks/Vision_project/install/naviarm_gazebo/share/naviarm_gazebo/models/boxes/box_11/meshes/box.dae
[2.702s] -- Symlinking: /home/rupendra/Desktop/Tasks/Vision_project/install/naviarm_gazebo/share/naviarm_gazebo/models/boxes/box_11/meshes/box__bg.png
[2.716s] -- Symlinking: /home/rupendra/Desktop/Tasks/Vision_project/install/naviarm_gazebo/share/naviarm_gazebo/models/boxes/box_11/meshes/cardboard_bg.png
[2.729s] -- Symlinking: /home/rupendra/Desktop/Tasks/Vision_project/install/naviarm_gazebo/share/naviarm_gazebo/models/boxes/box_11/model.config
[2.742s] -- Symlinking: /home/rupendra/Desktop/Tasks/Vision_project/install/naviarm_gazebo/share/naviarm_gazebo/models/boxes/box_11/model.sdf
[2.752s] -- Symlinking: /home/rupendra/Desktop/Tasks/Vision_project/install/naviarm_gazebo/share/naviarm_gazebo/models/boxes/box_12/meshes/aruco_tag.jpg
[2.764s] -- Symlinking: /home/rupendra/Desktop/Tasks/Vision_project/install/naviarm_gazebo/share/naviarm_gazebo/models/boxes/box_12/meshes/box.dae
[2.778s] -- Symlinking: /home/rupendra/Desktop/Tasks/Vision_project/install/naviarm_gazebo/share/naviarm_gazebo/models/boxes/box_12/meshes/box__bg.png
[2.794s] -- Symlinking: /home/rupendra/Desktop/Tasks/Vision_project/install/naviarm_gazebo/share/naviarm_gazebo/models/boxes/box_12/meshes/cardboard_bg.png
[2.814s] -- Symlinking: /home/rupendra/Desktop/Tasks/Vision_project/install/naviarm_gazebo/share/naviarm_gazebo/models/boxes/box_12/model.config
[2.827s] -- Symlinking: /home/rupendra/Desktop/Tasks/Vision_project/install/naviarm_gazebo/share/naviarm_gazebo/models/boxes/box_12/model.sdf
[2.840s] -- Symlinking: /home/rupendra/Desktop/Tasks/Vision_project/install/naviarm_gazebo/share/naviarm_gazebo/models/boxes/box_13/meshes/aruco_tag.jpg
[2.854s] -- Symlinking: /home/rupendra/Desktop/Tasks/Vision_project/install/naviarm_gazebo/share/naviarm_gazebo/models/boxes/box_13/meshes/box.dae
[2.868s] -- Symlinking: /home/rupendra/Desktop/Tasks/Vision_project/install/naviarm_gazebo/share/naviarm_gazebo/models/boxes/box_13/meshes/box__bg.png
[2.884s] -- Symlinking: /home/rupendra/Desktop/Tasks/Vision_project/install/naviarm_gazebo/share/naviarm_gazebo/models/boxes/box_13/meshes/cardboard_bg.png
[2.898s] -- Symlinking: /home/rupendra/Desktop/Tasks/Vision_project/install/naviarm_gazebo/share/naviarm_gazebo/models/boxes/box_13/model.config
[2.912s] -- Symlinking: /home/rupendra/Desktop/Tasks/Vision_project/install/naviarm_gazebo/share/naviarm_gazebo/models/boxes/box_13/model.sdf
[2.937s] -- Symlinking: /home/rupendra/Desktop/Tasks/Vision_project/install/naviarm_gazebo/share/naviarm_gazebo/models/boxes/box_14/meshes/aruco_tag.jpg
[2.954s] -- Symlinking: /home/rupendra/Desktop/Tasks/Vision_project/install/naviarm_gazebo/share/naviarm_gazebo/models/boxes/box_14/meshes/box.dae
[2.983s] -- Symlinking: /home/rupendra/Desktop/Tasks/Vision_project/install/naviarm_gazebo/share/naviarm_gazebo/models/boxes/box_14/meshes/box__bg.png
[3.000s] -- Symlinking: /home/rupendra/Desktop/Tasks/Vision_project/install/naviarm_gazebo/share/naviarm_gazebo/models/boxes/box_14/meshes/cardboard_bg.png
[3.022s] -- Symlinking: /home/rupendra/Desktop/Tasks/Vision_project/install/naviarm_gazebo/share/naviarm_gazebo/models/boxes/box_14/model.config
[3.035s] -- Symlinking: /home/rupendra/Desktop/Tasks/Vision_project/install/naviarm_gazebo/share/naviarm_gazebo/models/boxes/box_14/model.sdf
[3.046s] -- Symlinking: /home/rupendra/Desktop/Tasks/Vision_project/install/naviarm_gazebo/share/naviarm_gazebo/models/boxes/box_15/meshes/aruco_tag.jpg
[3.058s] -- Symlinking: /home/rupendra/Desktop/Tasks/Vision_project/install/naviarm_gazebo/share/naviarm_gazebo/models/boxes/box_15/meshes/box.dae
[3.069s] -- Symlinking: /home/rupendra/Desktop/Tasks/Vision_project/install/naviarm_gazebo/share/naviarm_gazebo/models/boxes/box_15/meshes/box__bg.png
[3.081s] -- Symlinking: /home/rupendra/Desktop/Tasks/Vision_project/install/naviarm_gazebo/share/naviarm_gazebo/models/boxes/box_15/meshes/cardboard_bg.png
[3.093s] -- Symlinking: /home/rupendra/Desktop/Tasks/Vision_project/install/naviarm_gazebo/share/naviarm_gazebo/models/boxes/box_15/model.config
[3.103s] -- Symlinking: /home/rupendra/Desktop/Tasks/Vision_project/install/naviarm_gazebo/share/naviarm_gazebo/models/boxes/box_15/model.sdf
[3.114s] -- Symlinking: /home/rupendra/Desktop/Tasks/Vision_project/install/naviarm_gazebo/share/naviarm_gazebo/models/boxes/box_16/meshes/aruco_tag.jpg
[3.130s] -- Symlinking: /home/rupendra/Desktop/Tasks/Vision_project/install/naviarm_gazebo/share/naviarm_gazebo/models/boxes/box_16/meshes/box.dae
[3.141s] -- Symlinking: /home/rupendra/Desktop/Tasks/Vision_project/install/naviarm_gazebo/share/naviarm_gazebo/models/boxes/box_16/meshes/box__bg.png
[3.152s] -- Symlinking: /home/rupendra/Desktop/Tasks/Vision_project/install/naviarm_gazebo/share/naviarm_gazebo/models/boxes/box_16/meshes/cardboard_bg.png
[3.163s] -- Symlinking: /home/rupendra/Desktop/Tasks/Vision_project/install/naviarm_gazebo/share/naviarm_gazebo/models/boxes/box_16/model.config
[3.173s] -- Symlinking: /home/rupendra/Desktop/Tasks/Vision_project/install/naviarm_gazebo/share/naviarm_gazebo/models/boxes/box_16/model.sdf
[3.184s] -- Symlinking: /home/rupendra/Desktop/Tasks/Vision_project/install/naviarm_gazebo/share/naviarm_gazebo/models/boxes/box_17/meshes/aruco_tag.jpg
[3.195s] -- Symlinking: /home/rupendra/Desktop/Tasks/Vision_project/install/naviarm_gazebo/share/naviarm_gazebo/models/boxes/box_17/meshes/box.dae
[3.205s] -- Symlinking: /home/rupendra/Desktop/Tasks/Vision_project/install/naviarm_gazebo/share/naviarm_gazebo/models/boxes/box_17/meshes/box__bg.png
[3.216s] -- Symlinking: /home/rupendra/Desktop/Tasks/Vision_project/install/naviarm_gazebo/share/naviarm_gazebo/models/boxes/box_17/meshes/cardboard_bg.png
[3.225s] -- Symlinking: /home/rupendra/Desktop/Tasks/Vision_project/install/naviarm_gazebo/share/naviarm_gazebo/models/boxes/box_17/model.config
[3.235s] -- Symlinking: /home/rupendra/Desktop/Tasks/Vision_project/install/naviarm_gazebo/share/naviarm_gazebo/models/boxes/box_17/model.sdf
[3.245s] -- Symlinking: /home/rupendra/Desktop/Tasks/Vision_project/install/naviarm_gazebo/share/naviarm_gazebo/models/boxes/box_18/meshes/aruco_tag.jpg
[3.255s] -- Symlinking: /home/rupendra/Desktop/Tasks/Vision_project/install/naviarm_gazebo/share/naviarm_gazebo/models/boxes/box_18/meshes/box.dae
[3.265s] -- Symlinking: /home/rupendra/Desktop/Tasks/Vision_project/install/naviarm_gazebo/share/naviarm_gazebo/models/boxes/box_18/meshes/box__bg.png
[3.275s] -- Symlinking: /home/rupendra/Desktop/Tasks/Vision_project/install/naviarm_gazebo/share/naviarm_gazebo/models/boxes/box_18/meshes/cardboard_bg.png
[3.286s] -- Symlinking: /home/rupendra/Desktop/Tasks/Vision_project/install/naviarm_gazebo/share/naviarm_gazebo/models/boxes/box_18/model.config
[3.297s] -- Symlinking: /home/rupendra/Desktop/Tasks/Vision_project/install/naviarm_gazebo/share/naviarm_gazebo/models/boxes/box_18/model.sdf
[3.309s] -- Symlinking: /home/rupendra/Desktop/Tasks/Vision_project/install/naviarm_gazebo/share/naviarm_gazebo/models/boxes/box_19/meshes/aruco_tag.jpg
[3.320s] -- Symlinking: /home/rupendra/Desktop/Tasks/Vision_project/install/naviarm_gazebo/share/naviarm_gazebo/models/boxes/box_19/meshes/box.dae
[3.330s] -- Symlinking: /home/rupendra/Desktop/Tasks/Vision_project/install/naviarm_gazebo/share/naviarm_gazebo/models/boxes/box_19/meshes/box__bg.png
[3.339s] -- Symlinking: /home/rupendra/Desktop/Tasks/Vision_project/install/naviarm_gazebo/share/naviarm_gazebo/models/boxes/box_19/meshes/cardboard_bg.png
[3.348s] -- Symlinking: /home/rupendra/Desktop/Tasks/Vision_project/install/naviarm_gazebo/share/naviarm_gazebo/models/boxes/box_19/model.config
[3.356s] -- Symlinking: /home/rupendra/Desktop/Tasks/Vision_project/install/naviarm_gazebo/share/naviarm_gazebo/models/boxes/box_19/model.sdf
[3.365s] -- Symlinking: /home/rupendra/Desktop/Tasks/Vision_project/install/naviarm_gazebo/share/naviarm_gazebo/models/boxes/box_20/meshes/aruco_tag.jpg
[3.373s] -- Symlinking: /home/rupendra/Desktop/Tasks/Vision_project/install/naviarm_gazebo/share/naviarm_gazebo/models/boxes/box_20/meshes/box.dae
[3.381s] -- Symlinking: /home/rupendra/Desktop/Tasks/Vision_project/install/naviarm_gazebo/share/naviarm_gazebo/models/boxes/box_20/meshes/box__bg.png
[3.389s] -- Symlinking: /home/rupendra/Desktop/Tasks/Vision_project/install/naviarm_gazebo/share/naviarm_gazebo/models/boxes/box_20/meshes/cardboard_bg.png
[3.398s] -- Symlinking: /home/rupendra/Desktop/Tasks/Vision_project/install/naviarm_gazebo/share/naviarm_gazebo/models/boxes/box_20/model.config
[3.409s] -- Symlinking: /home/rupendra/Desktop/Tasks/Vision_project/install/naviarm_gazebo/share/naviarm_gazebo/models/boxes/box_20/model.sdf
[3.418s] -- Symlinking: /home/rupendra/Desktop/Tasks/Vision_project/install/naviarm_gazebo/share/naviarm_gazebo/models/boxes/box_21/meshes/aruco_tag.jpg
[3.428s] -- Symlinking: /home/rupendra/Desktop/Tasks/Vision_project/install/naviarm_gazebo/share/naviarm_gazebo/models/boxes/box_21/meshes/box.dae
[3.437s] -- Symlinking: /home/rupendra/Desktop/Tasks/Vision_project/install/naviarm_gazebo/share/naviarm_gazebo/models/boxes/box_21/meshes/box__bg.png
[3.447s] -- Symlinking: /home/rupendra/Desktop/Tasks/Vision_project/install/naviarm_gazebo/share/naviarm_gazebo/models/boxes/box_21/meshes/cardboard_bg.png
[3.458s] -- Symlinking: /home/rupendra/Desktop/Tasks/Vision_project/install/naviarm_gazebo/share/naviarm_gazebo/models/boxes/box_21/model.config
[3.470s] -- Symlinking: /home/rupendra/Desktop/Tasks/Vision_project/install/naviarm_gazebo/share/naviarm_gazebo/models/boxes/box_21/model.sdf
[3.479s] -- Symlinking: /home/rupendra/Desktop/Tasks/Vision_project/install/naviarm_gazebo/share/naviarm_gazebo/models/boxes/box_22/meshes/aruco_tag.jpg
[3.487s] -- Symlinking: /home/rupendra/Desktop/Tasks/Vision_project/install/naviarm_gazebo/share/naviarm_gazebo/models/boxes/box_22/meshes/box.dae
[3.496s] -- Symlinking: /home/rupendra/Desktop/Tasks/Vision_project/install/naviarm_gazebo/share/naviarm_gazebo/models/boxes/box_22/meshes/box__bg.png
[3.504s] -- Symlinking: /home/rupendra/Desktop/Tasks/Vision_project/install/naviarm_gazebo/share/naviarm_gazebo/models/boxes/box_22/meshes/cardboard_bg.png
[3.513s] -- Symlinking: /home/rupendra/Desktop/Tasks/Vision_project/install/naviarm_gazebo/share/naviarm_gazebo/models/boxes/box_22/model.config
[3.522s] -- Symlinking: /home/rupendra/Desktop/Tasks/Vision_project/install/naviarm_gazebo/share/naviarm_gazebo/models/boxes/box_22/model.sdf
[3.532s] -- Symlinking: /home/rupendra/Desktop/Tasks/Vision_project/install/naviarm_gazebo/share/naviarm_gazebo/models/boxes/box_23/meshes/aruco_tag.jpg
[3.540s] -- Symlinking: /home/rupendra/Desktop/Tasks/Vision_project/install/naviarm_gazebo/share/naviarm_gazebo/models/boxes/box_23/meshes/box.dae
[3.548s] -- Symlinking: /home/rupendra/Desktop/Tasks/Vision_project/install/naviarm_gazebo/share/naviarm_gazebo/models/boxes/box_23/meshes/box__bg.png
[3.557s] -- Symlinking: /home/rupendra/Desktop/Tasks/Vision_project/install/naviarm_gazebo/share/naviarm_gazebo/models/boxes/box_23/meshes/cardboard_bg.png
[3.565s] -- Symlinking: /home/rupendra/Desktop/Tasks/Vision_project/install/naviarm_gazebo/share/naviarm_gazebo/models/boxes/box_23/model.config
[3.574s] -- Symlinking: /home/rupendra/Desktop/Tasks/Vision_project/install/naviarm_gazebo/share/naviarm_gazebo/models/boxes/box_23/model.sdf
[3.582s] -- Symlinking: /home/rupendra/Desktop/Tasks/Vision_project/install/naviarm_gazebo/share/naviarm_gazebo/models/boxes/box_24/meshes/aruco_tag.jpg
[3.591s] -- Symlinking: /home/rupendra/Desktop/Tasks/Vision_project/install/naviarm_gazebo/share/naviarm_gazebo/models/boxes/box_24/meshes/box.dae
[3.600s] -- Symlinking: /home/rupendra/Desktop/Tasks/Vision_project/install/naviarm_gazebo/share/naviarm_gazebo/models/boxes/box_24/meshes/box__bg.png
[3.609s] -- Symlinking: /home/rupendra/Desktop/Tasks/Vision_project/install/naviarm_gazebo/share/naviarm_gazebo/models/boxes/box_24/meshes/cardboard_bg.png
[3.617s] -- Symlinking: /home/rupendra/Desktop/Tasks/Vision_project/install/naviarm_gazebo/share/naviarm_gazebo/models/boxes/box_24/model.config
[3.627s] -- Symlinking: /home/rupendra/Desktop/Tasks/Vision_project/install/naviarm_gazebo/share/naviarm_gazebo/models/boxes/box_24/model.sdf
[3.636s] -- Symlinking: /home/rupendra/Desktop/Tasks/Vision_project/install/naviarm_gazebo/share/naviarm_gazebo/models/boxes/box_25/meshes/aruco_tag.jpg
[3.645s] -- Symlinking: /home/rupendra/Desktop/Tasks/Vision_project/install/naviarm_gazebo/share/naviarm_gazebo/models/boxes/box_25/meshes/box.dae
[3.654s] -- Symlinking: /home/rupendra/Desktop/Tasks/Vision_project/install/naviarm_gazebo/share/naviarm_gazebo/models/boxes/box_25/meshes/box__bg.png
[3.662s] -- Symlinking: /home/rupendra/Desktop/Tasks/Vision_project/install/naviarm_gazebo/share/naviarm_gazebo/models/boxes/box_25/meshes/cardboard_bg.png
[3.671s] -- Symlinking: /home/rupendra/Desktop/Tasks/Vision_project/install/naviarm_gazebo/share/naviarm_gazebo/models/boxes/box_25/model.config
[3.680s] -- Symlinking: /home/rupendra/Desktop/Tasks/Vision_project/install/naviarm_gazebo/share/naviarm_gazebo/models/boxes/box_25/model.sdf
[3.689s] -- Symlinking: /home/rupendra/Desktop/Tasks/Vision_project/install/naviarm_gazebo/share/naviarm_gazebo/models/boxes/box_26/meshes/aruco_tag.jpg
[3.699s] -- Symlinking: /home/rupendra/Desktop/Tasks/Vision_project/install/naviarm_gazebo/share/naviarm_gazebo/models/boxes/box_26/meshes/box.dae
[3.708s] -- Symlinking: /home/rupendra/Desktop/Tasks/Vision_project/install/naviarm_gazebo/share/naviarm_gazebo/models/boxes/box_26/meshes/box__bg.png
[3.717s] -- Symlinking: /home/rupendra/Desktop/Tasks/Vision_project/install/naviarm_gazebo/share/naviarm_gazebo/models/boxes/box_26/meshes/cardboard_bg.png
[3.726s] -- Symlinking: /home/rupendra/Desktop/Tasks/Vision_project/install/naviarm_gazebo/share/naviarm_gazebo/models/boxes/box_26/model.config
[3.735s] -- Symlinking: /home/rupendra/Desktop/Tasks/Vision_project/install/naviarm_gazebo/share/naviarm_gazebo/models/boxes/box_26/model.sdf
[3.744s] -- Symlinking: /home/rupendra/Desktop/Tasks/Vision_project/install/naviarm_gazebo/share/naviarm_gazebo/models/boxes/box_27/meshes/aruco_tag.jpg
[3.752s] -- Symlinking: /home/rupendra/Desktop/Tasks/Vision_project/install/naviarm_gazebo/share/naviarm_gazebo/models/boxes/box_27/meshes/box.dae
[3.761s] -- Symlinking: /home/rupendra/Desktop/Tasks/Vision_project/install/naviarm_gazebo/share/naviarm_gazebo/models/boxes/box_27/meshes/box__bg.png
[3.769s] -- Symlinking: /home/rupendra/Desktop/Tasks/Vision_project/install/naviarm_gazebo/share/naviarm_gazebo/models/boxes/box_27/meshes/cardboard_bg.png
[3.777s] -- Symlinking: /home/rupendra/Desktop/Tasks/Vision_project/install/naviarm_gazebo/share/naviarm_gazebo/models/boxes/box_27/model.config
[3.785s] -- Symlinking: /home/rupendra/Desktop/Tasks/Vision_project/install/naviarm_gazebo/share/naviarm_gazebo/models/boxes/box_27/model.sdf
[3.795s] -- Symlinking: /home/rupendra/Desktop/Tasks/Vision_project/install/naviarm_gazebo/share/naviarm_gazebo/models/boxes/box_28/meshes/aruco_tag.jpg
[3.803s] -- Symlinking: /home/rupendra/Desktop/Tasks/Vision_project/install/naviarm_gazebo/share/naviarm_gazebo/models/boxes/box_28/meshes/box.dae
[3.812s] -- Symlinking: /home/rupendra/Desktop/Tasks/Vision_project/install/naviarm_gazebo/share/naviarm_gazebo/models/boxes/box_28/meshes/box__bg.png
[3.822s] -- Symlinking: /home/rupendra/Desktop/Tasks/Vision_project/install/naviarm_gazebo/share/naviarm_gazebo/models/boxes/box_28/meshes/cardboard_bg.png
[3.831s] -- Symlinking: /home/rupendra/Desktop/Tasks/Vision_project/install/naviarm_gazebo/share/naviarm_gazebo/models/boxes/box_28/model.config
[3.840s] -- Symlinking: /home/rupendra/Desktop/Tasks/Vision_project/install/naviarm_gazebo/share/naviarm_gazebo/models/boxes/box_28/model.sdf
[3.850s] -- Symlinking: /home/rupendra/Desktop/Tasks/Vision_project/install/naviarm_gazebo/share/naviarm_gazebo/models/boxes/box_29/meshes/aruco_tag.jpg
[3.859s] -- Symlinking: /home/rupendra/Desktop/Tasks/Vision_project/install/naviarm_gazebo/share/naviarm_gazebo/models/boxes/box_29/meshes/box.dae
[3.869s] -- Symlinking: /home/rupendra/Desktop/Tasks/Vision_project/install/naviarm_gazebo/share/naviarm_gazebo/models/boxes/box_29/meshes/box__bg.png
[3.877s] -- Symlinking: /home/rupendra/Desktop/Tasks/Vision_project/install/naviarm_gazebo/share/naviarm_gazebo/models/boxes/box_29/meshes/cardboard_bg.png
[3.886s] -- Symlinking: /home/rupendra/Desktop/Tasks/Vision_project/install/naviarm_gazebo/share/naviarm_gazebo/models/boxes/box_29/model.config
[3.896s] -- Symlinking: /home/rupendra/Desktop/Tasks/Vision_project/install/naviarm_gazebo/share/naviarm_gazebo/models/boxes/box_29/model.sdf
[3.905s] -- Symlinking: /home/rupendra/Desktop/Tasks/Vision_project/install/naviarm_gazebo/share/naviarm_gazebo/models/boxes/box_3/meshes/aruco_tag.jpg
[3.915s] -- Symlinking: /home/rupendra/Desktop/Tasks/Vision_project/install/naviarm_gazebo/share/naviarm_gazebo/models/boxes/box_3/meshes/box.dae
[3.923s] -- Symlinking: /home/rupendra/Desktop/Tasks/Vision_project/install/naviarm_gazebo/share/naviarm_gazebo/models/boxes/box_3/meshes/box__bg.png
[3.931s] -- Symlinking: /home/rupendra/Desktop/Tasks/Vision_project/install/naviarm_gazebo/share/naviarm_gazebo/models/boxes/box_3/meshes/cardboard_bg.png
[3.940s] -- Symlinking: /home/rupendra/Desktop/Tasks/Vision_project/install/naviarm_gazebo/share/naviarm_gazebo/models/boxes/box_3/model.config
[3.949s] -- Symlinking: /home/rupendra/Desktop/Tasks/Vision_project/install/naviarm_gazebo/share/naviarm_gazebo/models/boxes/box_3/model.sdf
[3.959s] -- Symlinking: /home/rupendra/Desktop/Tasks/Vision_project/install/naviarm_gazebo/share/naviarm_gazebo/models/boxes/box_30/meshes/aruco_tag.jpg
[3.968s] -- Symlinking: /home/rupendra/Desktop/Tasks/Vision_project/install/naviarm_gazebo/share/naviarm_gazebo/models/boxes/box_30/meshes/box.dae
[3.977s] -- Symlinking: /home/rupendra/Desktop/Tasks/Vision_project/install/naviarm_gazebo/share/naviarm_gazebo/models/boxes/box_30/meshes/box__bg.png
[3.987s] -- Symlinking: /home/rupendra/Desktop/Tasks/Vision_project/install/naviarm_gazebo/share/naviarm_gazebo/models/boxes/box_30/meshes/cardboard_bg.png
[3.996s] -- Symlinking: /home/rupendra/Desktop/Tasks/Vision_project/install/naviarm_gazebo/share/naviarm_gazebo/models/boxes/box_30/model.config
[4.006s] -- Symlinking: /home/rupendra/Desktop/Tasks/Vision_project/install/naviarm_gazebo/share/naviarm_gazebo/models/boxes/box_30/model.sdf
[4.015s] -- Symlinking: /home/rupendra/Desktop/Tasks/Vision_project/install/naviarm_gazebo/share/naviarm_gazebo/models/boxes/box_31/meshes/aruco_tag.jpg
[4.024s] -- Symlinking: /home/rupendra/Desktop/Tasks/Vision_project/install/naviarm_gazebo/share/naviarm_gazebo/models/boxes/box_31/meshes/box.dae
[4.034s] -- Symlinking: /home/rupendra/Desktop/Tasks/Vision_project/install/naviarm_gazebo/share/naviarm_gazebo/models/boxes/box_31/meshes/box__bg.png
[4.045s] -- Symlinking: /home/rupendra/Desktop/Tasks/Vision_project/install/naviarm_gazebo/share/naviarm_gazebo/models/boxes/box_31/meshes/cardboard_bg.png
[4.057s] -- Symlinking: /home/rupendra/Desktop/Tasks/Vision_project/install/naviarm_gazebo/share/naviarm_gazebo/models/boxes/box_31/model.config
[4.070s] -- Symlinking: /home/rupendra/Desktop/Tasks/Vision_project/install/naviarm_gazebo/share/naviarm_gazebo/models/boxes/box_31/model.sdf
[4.082s] -- Symlinking: /home/rupendra/Desktop/Tasks/Vision_project/install/naviarm_gazebo/share/naviarm_gazebo/models/boxes/box_32/meshes/aruco_tag.jpg
[4.095s] -- Symlinking: /home/rupendra/Desktop/Tasks/Vision_project/install/naviarm_gazebo/share/naviarm_gazebo/models/boxes/box_32/meshes/box.dae
[4.104s] -- Symlinking: /home/rupendra/Desktop/Tasks/Vision_project/install/naviarm_gazebo/share/naviarm_gazebo/models/boxes/box_32/meshes/box__bg.png
[4.113s] -- Symlinking: /home/rupendra/Desktop/Tasks/Vision_project/install/naviarm_gazebo/share/naviarm_gazebo/models/boxes/box_32/meshes/cardboard_bg.png
[4.121s] -- Symlinking: /home/rupendra/Desktop/Tasks/Vision_project/install/naviarm_gazebo/share/naviarm_gazebo/models/boxes/box_32/model.config
[4.130s] -- Symlinking: /home/rupendra/Desktop/Tasks/Vision_project/install/naviarm_gazebo/share/naviarm_gazebo/models/boxes/box_32/model.sdf
[4.141s] -- Symlinking: /home/rupendra/Desktop/Tasks/Vision_project/install/naviarm_gazebo/share/naviarm_gazebo/models/boxes/box_33/meshes/aruco_tag.jpg
[4.150s] -- Symlinking: /home/rupendra/Desktop/Tasks/Vision_project/install/naviarm_gazebo/share/naviarm_gazebo/models/boxes/box_33/meshes/box.dae
[4.161s] -- Symlinking: /home/rupendra/Desktop/Tasks/Vision_project/install/naviarm_gazebo/share/naviarm_gazebo/models/boxes/box_33/meshes/box__bg.png
[4.170s] -- Symlinking: /home/rupendra/Desktop/Tasks/Vision_project/install/naviarm_gazebo/share/naviarm_gazebo/models/boxes/box_33/meshes/cardboard_bg.png
[4.179s] -- Symlinking: /home/rupendra/Desktop/Tasks/Vision_project/install/naviarm_gazebo/share/naviarm_gazebo/models/boxes/box_33/model.config
[4.187s] -- Symlinking: /home/rupendra/Desktop/Tasks/Vision_project/install/naviarm_gazebo/share/naviarm_gazebo/models/boxes/box_33/model.sdf
[4.196s] -- Symlinking: /home/rupendra/Desktop/Tasks/Vision_project/install/naviarm_gazebo/share/naviarm_gazebo/models/boxes/box_34/meshes/aruco_tag.jpg
[4.207s] -- Symlinking: /home/rupendra/Desktop/Tasks/Vision_project/install/naviarm_gazebo/share/naviarm_gazebo/models/boxes/box_34/meshes/box.dae
[4.217s] -- Symlinking: /home/rupendra/Desktop/Tasks/Vision_project/install/naviarm_gazebo/share/naviarm_gazebo/models/boxes/box_34/meshes/box__bg.png
[4.225s] -- Symlinking: /home/rupendra/Desktop/Tasks/Vision_project/install/naviarm_gazebo/share/naviarm_gazebo/models/boxes/box_34/meshes/cardboard_bg.png
[4.235s] -- Symlinking: /home/rupendra/Desktop/Tasks/Vision_project/install/naviarm_gazebo/share/naviarm_gazebo/models/boxes/box_34/model.config
[4.244s] -- Symlinking: /home/rupendra/Desktop/Tasks/Vision_project/install/naviarm_gazebo/share/naviarm_gazebo/models/boxes/box_34/model.sdf
[4.252s] -- Symlinking: /home/rupendra/Desktop/Tasks/Vision_project/install/naviarm_gazebo/share/naviarm_gazebo/models/boxes/box_35/meshes/aruco_tag.jpg
[4.261s] -- Symlinking: /home/rupendra/Desktop/Tasks/Vision_project/install/naviarm_gazebo/share/naviarm_gazebo/models/boxes/box_35/meshes/box.dae
[4.271s] -- Symlinking: /home/rupendra/Desktop/Tasks/Vision_project/install/naviarm_gazebo/share/naviarm_gazebo/models/boxes/box_35/meshes/box__bg.png
[4.280s] -- Symlinking: /home/rupendra/Desktop/Tasks/Vision_project/install/naviarm_gazebo/share/naviarm_gazebo/models/boxes/box_35/meshes/cardboard_bg.png
[4.289s] -- Symlinking: /home/rupendra/Desktop/Tasks/Vision_project/install/naviarm_gazebo/share/naviarm_gazebo/models/boxes/box_35/model.config
[4.297s] -- Symlinking: /home/rupendra/Desktop/Tasks/Vision_project/install/naviarm_gazebo/share/naviarm_gazebo/models/boxes/box_35/model.sdf
[4.305s] -- Symlinking: /home/rupendra/Desktop/Tasks/Vision_project/install/naviarm_gazebo/share/naviarm_gazebo/models/boxes/box_36/meshes/aruco_tag.jpg
[4.314s] -- Symlinking: /home/rupendra/Desktop/Tasks/Vision_project/install/naviarm_gazebo/share/naviarm_gazebo/models/boxes/box_36/meshes/box.dae
[4.323s] -- Symlinking: /home/rupendra/Desktop/Tasks/Vision_project/install/naviarm_gazebo/share/naviarm_gazebo/models/boxes/box_36/meshes/box__bg.png
[4.331s] -- Symlinking: /home/rupendra/Desktop/Tasks/Vision_project/install/naviarm_gazebo/share/naviarm_gazebo/models/boxes/box_36/meshes/cardboard_bg.png
[4.340s] -- Symlinking: /home/rupendra/Desktop/Tasks/Vision_project/install/naviarm_gazebo/share/naviarm_gazebo/models/boxes/box_36/model.config
[4.348s] -- Symlinking: /home/rupendra/Desktop/Tasks/Vision_project/install/naviarm_gazebo/share/naviarm_gazebo/models/boxes/box_36/model.sdf
[4.357s] -- Symlinking: /home/rupendra/Desktop/Tasks/Vision_project/install/naviarm_gazebo/share/naviarm_gazebo/models/boxes/box_37/meshes/aruco_tag.jpg
[4.366s] -- Symlinking: /home/rupendra/Desktop/Tasks/Vision_project/install/naviarm_gazebo/share/naviarm_gazebo/models/boxes/box_37/meshes/box.dae
[4.375s] -- Symlinking: /home/rupendra/Desktop/Tasks/Vision_project/install/naviarm_gazebo/share/naviarm_gazebo/models/boxes/box_37/meshes/box__bg.png
[4.383s] -- Symlinking: /home/rupendra/Desktop/Tasks/Vision_project/install/naviarm_gazebo/share/naviarm_gazebo/models/boxes/box_37/meshes/cardboard_bg.png
[4.392s] -- Symlinking: /home/rupendra/Desktop/Tasks/Vision_project/install/naviarm_gazebo/share/naviarm_gazebo/models/boxes/box_37/model.config
[4.400s] -- Symlinking: /home/rupendra/Desktop/Tasks/Vision_project/install/naviarm_gazebo/share/naviarm_gazebo/models/boxes/box_37/model.sdf
[4.409s] -- Symlinking: /home/rupendra/Desktop/Tasks/Vision_project/install/naviarm_gazebo/share/naviarm_gazebo/models/boxes/box_38/meshes/aruco_tag.jpg
[4.418s] -- Symlinking: /home/rupendra/Desktop/Tasks/Vision_project/install/naviarm_gazebo/share/naviarm_gazebo/models/boxes/box_38/meshes/box.dae
[4.427s] -- Symlinking: /home/rupendra/Desktop/Tasks/Vision_project/install/naviarm_gazebo/share/naviarm_gazebo/models/boxes/box_38/meshes/box__bg.png
[4.435s] -- Symlinking: /home/rupendra/Desktop/Tasks/Vision_project/install/naviarm_gazebo/share/naviarm_gazebo/models/boxes/box_38/meshes/cardboard_bg.png
[4.445s] -- Symlinking: /home/rupendra/Desktop/Tasks/Vision_project/install/naviarm_gazebo/share/naviarm_gazebo/models/boxes/box_38/model.config
[4.455s] -- Symlinking: /home/rupendra/Desktop/Tasks/Vision_project/install/naviarm_gazebo/share/naviarm_gazebo/models/boxes/box_38/model.sdf
[4.463s] -- Symlinking: /home/rupendra/Desktop/Tasks/Vision_project/install/naviarm_gazebo/share/naviarm_gazebo/models/boxes/box_39/meshes/aruco_tag.jpg
[4.472s] -- Symlinking: /home/rupendra/Desktop/Tasks/Vision_project/install/naviarm_gazebo/share/naviarm_gazebo/models/boxes/box_39/meshes/box.dae
[4.481s] -- Symlinking: /home/rupendra/Desktop/Tasks/Vision_project/install/naviarm_gazebo/share/naviarm_gazebo/models/boxes/box_39/meshes/box__bg.png
[4.490s] -- Symlinking: /home/rupendra/Desktop/Tasks/Vision_project/install/naviarm_gazebo/share/naviarm_gazebo/models/boxes/box_39/meshes/cardboard_bg.png
[4.500s] -- Symlinking: /home/rupendra/Desktop/Tasks/Vision_project/install/naviarm_gazebo/share/naviarm_gazebo/models/boxes/box_39/model.config
[4.508s] -- Symlinking: /home/rupendra/Desktop/Tasks/Vision_project/install/naviarm_gazebo/share/naviarm_gazebo/models/boxes/box_39/model.sdf
[4.517s] -- Symlinking: /home/rupendra/Desktop/Tasks/Vision_project/install/naviarm_gazebo/share/naviarm_gazebo/models/boxes/box_4/meshes/aruco_tag.jpg
[4.526s] -- Symlinking: /home/rupendra/Desktop/Tasks/Vision_project/install/naviarm_gazebo/share/naviarm_gazebo/models/boxes/box_4/meshes/box.dae
[4.536s] -- Symlinking: /home/rupendra/Desktop/Tasks/Vision_project/install/naviarm_gazebo/share/naviarm_gazebo/models/boxes/box_4/meshes/box__bg.png
[4.544s] -- Symlinking: /home/rupendra/Desktop/Tasks/Vision_project/install/naviarm_gazebo/share/naviarm_gazebo/models/boxes/box_4/meshes/cardboard_bg.png
[4.551s] -- Symlinking: /home/rupendra/Desktop/Tasks/Vision_project/install/naviarm_gazebo/share/naviarm_gazebo/models/boxes/box_4/model.config
[4.560s] -- Symlinking: /home/rupendra/Desktop/Tasks/Vision_project/install/naviarm_gazebo/share/naviarm_gazebo/models/boxes/box_4/model.sdf
[4.568s] -- Symlinking: /home/rupendra/Desktop/Tasks/Vision_project/install/naviarm_gazebo/share/naviarm_gazebo/models/boxes/box_40/meshes/aruco_tag.jpg
[4.576s] -- Symlinking: /home/rupendra/Desktop/Tasks/Vision_project/install/naviarm_gazebo/share/naviarm_gazebo/models/boxes/box_40/meshes/box.dae
[4.584s] -- Symlinking: /home/rupendra/Desktop/Tasks/Vision_project/install/naviarm_gazebo/share/naviarm_gazebo/models/boxes/box_40/meshes/box__bg.png
[4.592s] -- Symlinking: /home/rupendra/Desktop/Tasks/Vision_project/install/naviarm_gazebo/share/naviarm_gazebo/models/boxes/box_40/meshes/cardboard_bg.png
[4.600s] -- Symlinking: /home/rupendra/Desktop/Tasks/Vision_project/install/naviarm_gazebo/share/naviarm_gazebo/models/boxes/box_40/model.config
[4.610s] -- Symlinking: /home/rupendra/Desktop/Tasks/Vision_project/install/naviarm_gazebo/share/naviarm_gazebo/models/boxes/box_40/model.sdf
[4.619s] -- Symlinking: /home/rupendra/Desktop/Tasks/Vision_project/install/naviarm_gazebo/share/naviarm_gazebo/models/boxes/box_41/meshes/aruco_tag.jpg
[4.627s] -- Symlinking: /home/rupendra/Desktop/Tasks/Vision_project/install/naviarm_gazebo/share/naviarm_gazebo/models/boxes/box_41/meshes/box.dae
[4.635s] -- Symlinking: /home/rupendra/Desktop/Tasks/Vision_project/install/naviarm_gazebo/share/naviarm_gazebo/models/boxes/box_41/meshes/box__bg.png
[4.643s] -- Symlinking: /home/rupendra/Desktop/Tasks/Vision_project/install/naviarm_gazebo/share/naviarm_gazebo/models/boxes/box_41/meshes/cardboard_bg.png
[4.652s] -- Symlinking: /home/rupendra/Desktop/Tasks/Vision_project/install/naviarm_gazebo/share/naviarm_gazebo/models/boxes/box_41/model.config
[4.661s] -- Symlinking: /home/rupendra/Desktop/Tasks/Vision_project/install/naviarm_gazebo/share/naviarm_gazebo/models/boxes/box_41/model.sdf
[4.669s] -- Symlinking: /home/rupendra/Desktop/Tasks/Vision_project/install/naviarm_gazebo/share/naviarm_gazebo/models/boxes/box_42/meshes/aruco_tag.jpg
[4.677s] -- Symlinking: /home/rupendra/Desktop/Tasks/Vision_project/install/naviarm_gazebo/share/naviarm_gazebo/models/boxes/box_42/meshes/box.dae
[4.686s] -- Symlinking: /home/rupendra/Desktop/Tasks/Vision_project/install/naviarm_gazebo/share/naviarm_gazebo/models/boxes/box_42/meshes/box__bg.png
[4.694s] -- Symlinking: /home/rupendra/Desktop/Tasks/Vision_project/install/naviarm_gazebo/share/naviarm_gazebo/models/boxes/box_42/meshes/cardboard_bg.png
[4.702s] -- Symlinking: /home/rupendra/Desktop/Tasks/Vision_project/install/naviarm_gazebo/share/naviarm_gazebo/models/boxes/box_42/model.config
[4.711s] -- Symlinking: /home/rupendra/Desktop/Tasks/Vision_project/install/naviarm_gazebo/share/naviarm_gazebo/models/boxes/box_42/model.sdf
[4.720s] -- Symlinking: /home/rupendra/Desktop/Tasks/Vision_project/install/naviarm_gazebo/share/naviarm_gazebo/models/boxes/box_43/meshes/aruco_tag.jpg
[4.728s] -- Symlinking: /home/rupendra/Desktop/Tasks/Vision_project/install/naviarm_gazebo/share/naviarm_gazebo/models/boxes/box_43/meshes/box.dae
[4.736s] -- Symlinking: /home/rupendra/Desktop/Tasks/Vision_project/install/naviarm_gazebo/share/naviarm_gazebo/models/boxes/box_43/meshes/box__bg.png
[4.745s] -- Symlinking: /home/rupendra/Desktop/Tasks/Vision_project/install/naviarm_gazebo/share/naviarm_gazebo/models/boxes/box_43/meshes/cardboard_bg.png
[4.753s] -- Symlinking: /home/rupendra/Desktop/Tasks/Vision_project/install/naviarm_gazebo/share/naviarm_gazebo/models/boxes/box_43/model.config
[4.761s] -- Symlinking: /home/rupendra/Desktop/Tasks/Vision_project/install/naviarm_gazebo/share/naviarm_gazebo/models/boxes/box_43/model.sdf
[4.769s] -- Symlinking: /home/rupendra/Desktop/Tasks/Vision_project/install/naviarm_gazebo/share/naviarm_gazebo/models/boxes/box_44/meshes/aruco_tag.jpg
[4.777s] -- Symlinking: /home/rupendra/Desktop/Tasks/Vision_project/install/naviarm_gazebo/share/naviarm_gazebo/models/boxes/box_44/meshes/box.dae
[4.786s] -- Symlinking: /home/rupendra/Desktop/Tasks/Vision_project/install/naviarm_gazebo/share/naviarm_gazebo/models/boxes/box_44/meshes/box__bg.png
[4.794s] -- Symlinking: /home/rupendra/Desktop/Tasks/Vision_project/install/naviarm_gazebo/share/naviarm_gazebo/models/boxes/box_44/meshes/cardboard_bg.png
[4.803s] -- Symlinking: /home/rupendra/Desktop/Tasks/Vision_project/install/naviarm_gazebo/share/naviarm_gazebo/models/boxes/box_44/model.config
[4.811s] -- Symlinking: /home/rupendra/Desktop/Tasks/Vision_project/install/naviarm_gazebo/share/naviarm_gazebo/models/boxes/box_44/model.sdf
[4.820s] -- Symlinking: /home/rupendra/Desktop/Tasks/Vision_project/install/naviarm_gazebo/share/naviarm_gazebo/models/boxes/box_45/meshes/aruco_tag.jpg
[4.829s] -- Symlinking: /home/rupendra/Desktop/Tasks/Vision_project/install/naviarm_gazebo/share/naviarm_gazebo/models/boxes/box_45/meshes/box.dae
[4.838s] -- Symlinking: /home/rupendra/Desktop/Tasks/Vision_project/install/naviarm_gazebo/share/naviarm_gazebo/models/boxes/box_45/meshes/box__bg.png
[4.846s] -- Symlinking: /home/rupendra/Desktop/Tasks/Vision_project/install/naviarm_gazebo/share/naviarm_gazebo/models/boxes/box_45/meshes/cardboard_bg.png
[4.855s] -- Symlinking: /home/rupendra/Desktop/Tasks/Vision_project/install/naviarm_gazebo/share/naviarm_gazebo/models/boxes/box_45/model.config
[4.864s] -- Symlinking: /home/rupendra/Desktop/Tasks/Vision_project/install/naviarm_gazebo/share/naviarm_gazebo/models/boxes/box_45/model.sdf
[4.873s] -- Symlinking: /home/rupendra/Desktop/Tasks/Vision_project/install/naviarm_gazebo/share/naviarm_gazebo/models/boxes/box_46/meshes/aruco_tag.jpg
[4.882s] -- Symlinking: /home/rupendra/Desktop/Tasks/Vision_project/install/naviarm_gazebo/share/naviarm_gazebo/models/boxes/box_46/meshes/box.dae
[4.891s] -- Symlinking: /home/rupendra/Desktop/Tasks/Vision_project/install/naviarm_gazebo/share/naviarm_gazebo/models/boxes/box_46/meshes/box__bg.png
[4.900s] -- Symlinking: /home/rupendra/Desktop/Tasks/Vision_project/install/naviarm_gazebo/share/naviarm_gazebo/models/boxes/box_46/meshes/cardboard_bg.png
[4.909s] -- Symlinking: /home/rupendra/Desktop/Tasks/Vision_project/install/naviarm_gazebo/share/naviarm_gazebo/models/boxes/box_46/model.config
[4.917s] -- Symlinking: /home/rupendra/Desktop/Tasks/Vision_project/install/naviarm_gazebo/share/naviarm_gazebo/models/boxes/box_46/model.sdf
[4.926s] -- Symlinking: /home/rupendra/Desktop/Tasks/Vision_project/install/naviarm_gazebo/share/naviarm_gazebo/models/boxes/box_47/meshes/aruco_tag.jpg
[4.934s] -- Symlinking: /home/rupendra/Desktop/Tasks/Vision_project/install/naviarm_gazebo/share/naviarm_gazebo/models/boxes/box_47/meshes/box.dae
[4.942s] -- Symlinking: /home/rupendra/Desktop/Tasks/Vision_project/install/naviarm_gazebo/share/naviarm_gazebo/models/boxes/box_47/meshes/box__bg.png
[4.951s] -- Symlinking: /home/rupendra/Desktop/Tasks/Vision_project/install/naviarm_gazebo/share/naviarm_gazebo/models/boxes/box_47/meshes/cardboard_bg.png
[4.961s] -- Symlinking: /home/rupendra/Desktop/Tasks/Vision_project/install/naviarm_gazebo/share/naviarm_gazebo/models/boxes/box_47/model.config
[4.970s] -- Symlinking: /home/rupendra/Desktop/Tasks/Vision_project/install/naviarm_gazebo/share/naviarm_gazebo/models/boxes/box_47/model.sdf
[4.980s] -- Symlinking: /home/rupendra/Desktop/Tasks/Vision_project/install/naviarm_gazebo/share/naviarm_gazebo/models/boxes/box_48/meshes/aruco_tag.jpg
[4.990s] -- Symlinking: /home/rupendra/Desktop/Tasks/Vision_project/install/naviarm_gazebo/share/naviarm_gazebo/models/boxes/box_48/meshes/box.dae
[4.999s] -- Symlinking: /home/rupendra/Desktop/Tasks/Vision_project/install/naviarm_gazebo/share/naviarm_gazebo/models/boxes/box_48/meshes/box__bg.png
[5.009s] -- Symlinking: /home/rupendra/Desktop/Tasks/Vision_project/install/naviarm_gazebo/share/naviarm_gazebo/models/boxes/box_48/meshes/cardboard_bg.png
[5.018s] -- Symlinking: /home/rupendra/Desktop/Tasks/Vision_project/install/naviarm_gazebo/share/naviarm_gazebo/models/boxes/box_48/model.config
[5.028s] -- Symlinking: /home/rupendra/Desktop/Tasks/Vision_project/install/naviarm_gazebo/share/naviarm_gazebo/models/boxes/box_48/model.sdf
[5.037s] -- Symlinking: /home/rupendra/Desktop/Tasks/Vision_project/install/naviarm_gazebo/share/naviarm_gazebo/models/boxes/box_49/meshes/aruco_tag.jpg
[5.046s] -- Symlinking: /home/rupendra/Desktop/Tasks/Vision_project/install/naviarm_gazebo/share/naviarm_gazebo/models/boxes/box_49/meshes/box.dae
[5.054s] -- Symlinking: /home/rupendra/Desktop/Tasks/Vision_project/install/naviarm_gazebo/share/naviarm_gazebo/models/boxes/box_49/meshes/box__bg.png
[5.064s] -- Symlinking: /home/rupendra/Desktop/Tasks/Vision_project/install/naviarm_gazebo/share/naviarm_gazebo/models/boxes/box_49/meshes/cardboard_bg.png
[5.072s] -- Symlinking: /home/rupendra/Desktop/Tasks/Vision_project/install/naviarm_gazebo/share/naviarm_gazebo/models/boxes/box_49/model.config
[5.083s] -- Symlinking: /home/rupendra/Desktop/Tasks/Vision_project/install/naviarm_gazebo/share/naviarm_gazebo/models/boxes/box_49/model.sdf
[5.093s] -- Symlinking: /home/rupendra/Desktop/Tasks/Vision_project/install/naviarm_gazebo/share/naviarm_gazebo/models/boxes/box_5/meshes/aruco_tag.jpg
[5.102s] -- Symlinking: /home/rupendra/Desktop/Tasks/Vision_project/install/naviarm_gazebo/share/naviarm_gazebo/models/boxes/box_5/meshes/box.dae
[5.112s] -- Symlinking: /home/rupendra/Desktop/Tasks/Vision_project/install/naviarm_gazebo/share/naviarm_gazebo/models/boxes/box_5/meshes/box__bg.png
[5.121s] -- Symlinking: /home/rupendra/Desktop/Tasks/Vision_project/install/naviarm_gazebo/share/naviarm_gazebo/models/boxes/box_5/meshes/cardboard_bg.png
[5.131s] -- Symlinking: /home/rupendra/Desktop/Tasks/Vision_project/install/naviarm_gazebo/share/naviarm_gazebo/models/boxes/box_5/model.config
[5.140s] -- Symlinking: /home/rupendra/Desktop/Tasks/Vision_project/install/naviarm_gazebo/share/naviarm_gazebo/models/boxes/box_5/model.sdf
[5.149s] -- Symlinking: /home/rupendra/Desktop/Tasks/Vision_project/install/naviarm_gazebo/share/naviarm_gazebo/models/boxes/box_50/meshes/aruco_tag.jpg
[5.158s] -- Symlinking: /home/rupendra/Desktop/Tasks/Vision_project/install/naviarm_gazebo/share/naviarm_gazebo/models/boxes/box_50/meshes/box.dae
[5.166s] -- Symlinking: /home/rupendra/Desktop/Tasks/Vision_project/install/naviarm_gazebo/share/naviarm_gazebo/models/boxes/box_50/meshes/box__bg.png
[5.175s] -- Symlinking: /home/rupendra/Desktop/Tasks/Vision_project/install/naviarm_gazebo/share/naviarm_gazebo/models/boxes/box_50/meshes/cardboard_bg.png
[5.185s] -- Symlinking: /home/rupendra/Desktop/Tasks/Vision_project/install/naviarm_gazebo/share/naviarm_gazebo/models/boxes/box_50/model.config
[5.196s] -- Symlinking: /home/rupendra/Desktop/Tasks/Vision_project/install/naviarm_gazebo/share/naviarm_gazebo/models/boxes/box_50/model.sdf
[5.206s] -- Symlinking: /home/rupendra/Desktop/Tasks/Vision_project/install/naviarm_gazebo/share/naviarm_gazebo/models/boxes/box_6/meshes/aruco_tag.jpg
[5.216s] -- Symlinking: /home/rupendra/Desktop/Tasks/Vision_project/install/naviarm_gazebo/share/naviarm_gazebo/models/boxes/box_6/meshes/box.dae
[5.225s] -- Symlinking: /home/rupendra/Desktop/Tasks/Vision_project/install/naviarm_gazebo/share/naviarm_gazebo/models/boxes/box_6/meshes/box__bg.png
[5.234s] -- Symlinking: /home/rupendra/Desktop/Tasks/Vision_project/install/naviarm_gazebo/share/naviarm_gazebo/models/boxes/box_6/meshes/cardboard_bg.png
[5.243s] -- Symlinking: /home/rupendra/Desktop/Tasks/Vision_project/install/naviarm_gazebo/share/naviarm_gazebo/models/boxes/box_6/model.config
[5.252s] -- Symlinking: /home/rupendra/Desktop/Tasks/Vision_project/install/naviarm_gazebo/share/naviarm_gazebo/models/boxes/box_6/model.sdf
[5.261s] -- Symlinking: /home/rupendra/Desktop/Tasks/Vision_project/install/naviarm_gazebo/share/naviarm_gazebo/models/boxes/box_7/meshes/aruco_tag.jpg
[5.269s] -- Symlinking: /home/rupendra/Desktop/Tasks/Vision_project/install/naviarm_gazebo/share/naviarm_gazebo/models/boxes/box_7/meshes/box.dae
[5.278s] -- Symlinking: /home/rupendra/Desktop/Tasks/Vision_project/install/naviarm_gazebo/share/naviarm_gazebo/models/boxes/box_7/meshes/box__bg.png
[5.288s] -- Symlinking: /home/rupendra/Desktop/Tasks/Vision_project/install/naviarm_gazebo/share/naviarm_gazebo/models/boxes/box_7/meshes/cardboard_bg.png
[5.297s] -- Symlinking: /home/rupendra/Desktop/Tasks/Vision_project/install/naviarm_gazebo/share/naviarm_gazebo/models/boxes/box_7/model.config
[5.307s] -- Symlinking: /home/rupendra/Desktop/Tasks/Vision_project/install/naviarm_gazebo/share/naviarm_gazebo/models/boxes/box_7/model.sdf
[5.317s] -- Symlinking: /home/rupendra/Desktop/Tasks/Vision_project/install/naviarm_gazebo/share/naviarm_gazebo/models/boxes/box_8/meshes/aruco_tag.jpg
[5.325s] -- Symlinking: /home/rupendra/Desktop/Tasks/Vision_project/install/naviarm_gazebo/share/naviarm_gazebo/models/boxes/box_8/meshes/box.dae
[5.333s] -- Symlinking: /home/rupendra/Desktop/Tasks/Vision_project/install/naviarm_gazebo/share/naviarm_gazebo/models/boxes/box_8/meshes/box__bg.png
[5.342s] -- Symlinking: /home/rupendra/Desktop/Tasks/Vision_project/install/naviarm_gazebo/share/naviarm_gazebo/models/boxes/box_8/meshes/cardboard_bg.png
[5.351s] -- Symlinking: /home/rupendra/Desktop/Tasks/Vision_project/install/naviarm_gazebo/share/naviarm_gazebo/models/boxes/box_8/model.config
[5.360s] -- Symlinking: /home/rupendra/Desktop/Tasks/Vision_project/install/naviarm_gazebo/share/naviarm_gazebo/models/boxes/box_8/model.sdf
[5.368s] -- Symlinking: /home/rupendra/Desktop/Tasks/Vision_project/install/naviarm_gazebo/share/naviarm_gazebo/models/boxes/box_9/meshes/aruco_tag.jpg
[5.377s] -- Symlinking: /home/rupendra/Desktop/Tasks/Vision_project/install/naviarm_gazebo/share/naviarm_gazebo/models/boxes/box_9/meshes/box.dae
[5.387s] -- Symlinking: /home/rupendra/Desktop/Tasks/Vision_project/install/naviarm_gazebo/share/naviarm_gazebo/models/boxes/box_9/meshes/box__bg.png
[5.397s] -- Symlinking: /home/rupendra/Desktop/Tasks/Vision_project/install/naviarm_gazebo/share/naviarm_gazebo/models/boxes/box_9/meshes/cardboard_bg.png
[5.409s] -- Symlinking: /home/rupendra/Desktop/Tasks/Vision_project/install/naviarm_gazebo/share/naviarm_gazebo/models/boxes/box_9/model.config
[5.417s] -- Symlinking: /home/rupendra/Desktop/Tasks/Vision_project/install/naviarm_gazebo/share/naviarm_gazebo/models/boxes/box_9/model.sdf
[5.427s] -- Symlinking: /home/rupendra/Desktop/Tasks/Vision_project/install/naviarm_gazebo/share/naviarm_gazebo/models/cafe/model.config
[5.437s] -- Symlinking: /home/rupendra/Desktop/Tasks/Vision_project/install/naviarm_gazebo/share/naviarm_gazebo/models/cafe/model.sdf
[5.447s] -- Symlinking: /home/rupendra/Desktop/Tasks/Vision_project/install/naviarm_gazebo/share/naviarm_gazebo/models/cafe_table/materials/textures/Maple.jpg
[5.456s] -- Symlinking: /home/rupendra/Desktop/Tasks/Vision_project/install/naviarm_gazebo/share/naviarm_gazebo/models/cafe_table/materials/textures/Wood_Floor_Dark.jpg
[5.466s] -- Symlinking: /home/rupendra/Desktop/Tasks/Vision_project/install/naviarm_gazebo/share/naviarm_gazebo/models/cafe_table/meshes/cafe_table.dae
[5.474s] -- Symlinking: /home/rupendra/Desktop/Tasks/Vision_project/install/naviarm_gazebo/share/naviarm_gazebo/models/cafe_table/model-1_4.sdf
[5.483s] -- Symlinking: /home/rupendra/Desktop/Tasks/Vision_project/install/naviarm_gazebo/share/naviarm_gazebo/models/cafe_table/model.config
[5.491s] -- Symlinking: /home/rupendra/Desktop/Tasks/Vision_project/install/naviarm_gazebo/share/naviarm_gazebo/models/cafe_table/model.sdf
[5.500s] -- Symlinking: /home/rupendra/Desktop/Tasks/Vision_project/install/naviarm_gazebo/share/naviarm_gazebo/models/charging_dock/charging_dock.stl
[5.510s] -- Symlinking: /home/rupendra/Desktop/Tasks/Vision_project/install/naviarm_gazebo/share/naviarm_gazebo/models/charging_dock/model.config
[5.520s] -- Symlinking: /home/rupendra/Desktop/Tasks/Vision_project/install/naviarm_gazebo/share/naviarm_gazebo/models/charging_dock/model.sdf
[5.530s] -- Symlinking: /home/rupendra/Desktop/Tasks/Vision_project/install/naviarm_gazebo/share/naviarm_gazebo/models/chassis/model.config
[5.540s] -- Symlinking: /home/rupendra/Desktop/Tasks/Vision_project/install/naviarm_gazebo/share/naviarm_gazebo/models/chassis/model.sdf
[5.548s] -- Symlinking: /home/rupendra/Desktop/Tasks/Vision_project/install/naviarm_gazebo/share/naviarm_gazebo/models/conveyor_belt/meshes/conveyor_belt.dae
[5.556s] -- Symlinking: /home/rupendra/Desktop/Tasks/Vision_project/install/naviarm_gazebo/share/naviarm_gazebo/models/conveyor_belt/meshes/conveyor_belt.stl
[5.564s] -- Symlinking: /home/rupendra/Desktop/Tasks/Vision_project/install/naviarm_gazebo/share/naviarm_gazebo/models/conveyor_belt/model.config
[5.577s] -- Symlinking: /home/rupendra/Desktop/Tasks/Vision_project/install/naviarm_gazebo/share/naviarm_gazebo/models/conveyor_belt/model.sdf
[5.585s] -- Symlinking: /home/rupendra/Desktop/Tasks/Vision_project/install/naviarm_gazebo/share/naviarm_gazebo/models/drop_conveyor_belt/meshes/conveyor_belt.dae
[5.595s] -- Symlinking: /home/rupendra/Desktop/Tasks/Vision_project/install/naviarm_gazebo/share/naviarm_gazebo/models/drop_conveyor_belt/meshes/conveyor_belt.stl
[5.603s] -- Symlinking: /home/rupendra/Desktop/Tasks/Vision_project/install/naviarm_gazebo/share/naviarm_gazebo/models/drop_conveyor_belt/model.config
[5.612s] -- Symlinking: /home/rupendra/Desktop/Tasks/Vision_project/install/naviarm_gazebo/share/naviarm_gazebo/models/drop_conveyor_belt/model.sdf
[5.623s] -- Symlinking: /home/rupendra/Desktop/Tasks/Vision_project/install/naviarm_gazebo/share/naviarm_gazebo/models/drop_table/meshes/eyantra_logo~red_280x55.png
[5.631s] -- Symlinking: /home/rupendra/Desktop/Tasks/Vision_project/install/naviarm_gazebo/share/naviarm_gazebo/models/drop_table/meshes/eyantra_logo~red_280x55.png.001.png
[5.642s] -- Symlinking: /home/rupendra/Desktop/Tasks/Vision_project/install/naviarm_gazebo/share/naviarm_gazebo/models/drop_table/meshes/table.dae
[5.651s] -- Symlinking: /home/rupendra/Desktop/Tasks/Vision_project/install/naviarm_gazebo/share/naviarm_gazebo/models/drop_table/model.config
[5.660s] -- Symlinking: /home/rupendra/Desktop/Tasks/Vision_project/install/naviarm_gazebo/share/naviarm_gazebo/models/drop_table/model.sdf
[5.669s] -- Symlinking: /home/rupendra/Desktop/Tasks/Vision_project/install/naviarm_gazebo/share/naviarm_gazebo/models/ground_plane/model-1_2.sdf
[5.678s] -- Symlinking: /home/rupendra/Desktop/Tasks/Vision_project/install/naviarm_gazebo/share/naviarm_gazebo/models/ground_plane/model-1_3.sdf
[5.687s] -- Symlinking: /home/rupendra/Desktop/Tasks/Vision_project/install/naviarm_gazebo/share/naviarm_gazebo/models/ground_plane/model-1_4.sdf
[5.696s] -- Symlinking: /home/rupendra/Desktop/Tasks/Vision_project/install/naviarm_gazebo/share/naviarm_gazebo/models/ground_plane/model.config
[5.704s] -- Symlinking: /home/rupendra/Desktop/Tasks/Vision_project/install/naviarm_gazebo/share/naviarm_gazebo/models/ground_plane/model.sdf
[5.714s] -- Symlinking: /home/rupendra/Desktop/Tasks/Vision_project/install/naviarm_gazebo/share/naviarm_gazebo/models/med_.zip
[5.724s] -- Symlinking: /home/rupendra/Desktop/Tasks/Vision_project/install/naviarm_gazebo/share/naviarm_gazebo/models/med_1.zip
[5.732s] -- Symlinking: /home/rupendra/Desktop/Tasks/Vision_project/install/naviarm_gazebo/share/naviarm_gazebo/models/med_1/meshes/box_0p12x0p05x0p02.dae
[5.742s] -- Symlinking: /home/rupendra/Desktop/Tasks/Vision_project/install/naviarm_gazebo/share/naviarm_gazebo/models/med_1/meshes/texture_0p12x0p05x0p02.jpeg
[5.752s] -- Symlinking: /home/rupendra/Desktop/Tasks/Vision_project/install/naviarm_gazebo/share/naviarm_gazebo/models/med_1/model.config
[5.761s] -- Symlinking: /home/rupendra/Desktop/Tasks/Vision_project/install/naviarm_gazebo/share/naviarm_gazebo/models/med_1/model.sdf
[5.770s] -- Symlinking: /home/rupendra/Desktop/Tasks/Vision_project/install/naviarm_gazebo/share/naviarm_gazebo/models/med_2.zip
[5.779s] -- Symlinking: /home/rupendra/Desktop/Tasks/Vision_project/install/naviarm_gazebo/share/naviarm_gazebo/models/med_2/meshes/med-2.dae
[5.787s] -- Symlinking: /home/rupendra/Desktop/Tasks/Vision_project/install/naviarm_gazebo/share/naviarm_gazebo/models/med_2/meshes/med13.jpeg
[5.795s] -- Symlinking: /home/rupendra/Desktop/Tasks/Vision_project/install/naviarm_gazebo/share/naviarm_gazebo/models/med_2/model.config
[5.804s] -- Symlinking: /home/rupendra/Desktop/Tasks/Vision_project/install/naviarm_gazebo/share/naviarm_gazebo/models/med_2/model.sdf
[5.813s] -- Symlinking: /home/rupendra/Desktop/Tasks/Vision_project/install/naviarm_gazebo/share/naviarm_gazebo/models/med_3.zip
[5.822s] -- Symlinking: /home/rupendra/Desktop/Tasks/Vision_project/install/naviarm_gazebo/share/naviarm_gazebo/models/med_3/meshes/med-3.dae
[5.830s] -- Symlinking: /home/rupendra/Desktop/Tasks/Vision_project/install/naviarm_gazebo/share/naviarm_gazebo/models/med_3/meshes/med8.JPG
[5.839s] -- Symlinking: /home/rupendra/Desktop/Tasks/Vision_project/install/naviarm_gazebo/share/naviarm_gazebo/models/med_3/model.config
[5.848s] -- Symlinking: /home/rupendra/Desktop/Tasks/Vision_project/install/naviarm_gazebo/share/naviarm_gazebo/models/med_3/model.sdf
[5.857s] -- Symlinking: /home/rupendra/Desktop/Tasks/Vision_project/install/naviarm_gazebo/share/naviarm_gazebo/models/med_4.zip
[5.866s] -- Symlinking: /home/rupendra/Desktop/Tasks/Vision_project/install/naviarm_gazebo/share/naviarm_gazebo/models/med_4/meshes/med-4.dae
[5.876s] -- Symlinking: /home/rupendra/Desktop/Tasks/Vision_project/install/naviarm_gazebo/share/naviarm_gazebo/models/med_4/meshes/med4.png
[5.885s] -- Symlinking: /home/rupendra/Desktop/Tasks/Vision_project/install/naviarm_gazebo/share/naviarm_gazebo/models/med_4/model.config
[5.894s] -- Symlinking: /home/rupendra/Desktop/Tasks/Vision_project/install/naviarm_gazebo/share/naviarm_gazebo/models/med_4/model.sdf
[5.905s] -- Symlinking: /home/rupendra/Desktop/Tasks/Vision_project/install/naviarm_gazebo/share/naviarm_gazebo/models/med_strip/meshes/med_strip v2.stl
[5.914s] -- Symlinking: /home/rupendra/Desktop/Tasks/Vision_project/install/naviarm_gazebo/share/naviarm_gazebo/models/med_strip/model.config
[5.923s] -- Symlinking: /home/rupendra/Desktop/Tasks/Vision_project/install/naviarm_gazebo/share/naviarm_gazebo/models/med_strip/model.sdf
[5.932s] -- Symlinking: /home/rupendra/Desktop/Tasks/Vision_project/install/naviarm_gazebo/share/naviarm_gazebo/models/med_tray/meshes/tray v3.stl
[5.942s] -- Symlinking: /home/rupendra/Desktop/Tasks/Vision_project/install/naviarm_gazebo/share/naviarm_gazebo/models/med_tray/model.config
[5.951s] -- Symlinking: /home/rupendra/Desktop/Tasks/Vision_project/install/naviarm_gazebo/share/naviarm_gazebo/models/med_tray/model.sdf
[5.961s] -- Symlinking: /home/rupendra/Desktop/Tasks/Vision_project/install/naviarm_gazebo/share/naviarm_gazebo/models/med_tray_strip/model.config
[5.970s] -- Symlinking: /home/rupendra/Desktop/Tasks/Vision_project/install/naviarm_gazebo/share/naviarm_gazebo/models/med_tray_strip/model.sdf
[5.980s] -- Symlinking: /home/rupendra/Desktop/Tasks/Vision_project/install/naviarm_gazebo/share/naviarm_gazebo/models/med_tray_strip2/model.config
[5.989s] -- Symlinking: /home/rupendra/Desktop/Tasks/Vision_project/install/naviarm_gazebo/share/naviarm_gazebo/models/med_tray_strip2/model.sdf
[5.999s] -- Symlinking: /home/rupendra/Desktop/Tasks/Vision_project/install/naviarm_gazebo/share/naviarm_gazebo/models/med_tray_strip_3/model.config
[6.008s] -- Symlinking: /home/rupendra/Desktop/Tasks/Vision_project/install/naviarm_gazebo/share/naviarm_gazebo/models/med_tray_strip_3/model.sdf
[6.016s] -- Symlinking: /home/rupendra/Desktop/Tasks/Vision_project/install/naviarm_gazebo/share/naviarm_gazebo/models/med_tray_strip_4/model.config
[6.026s] -- Symlinking: /home/rupendra/Desktop/Tasks/Vision_project/install/naviarm_gazebo/share/naviarm_gazebo/models/med_tray_strip_4/model.sdf
[6.034s] -- Symlinking: /home/rupendra/Desktop/Tasks/Vision_project/install/naviarm_gazebo/share/naviarm_gazebo/models/package_box/meshes/4x4_1000-0.png
[6.043s] -- Symlinking: /home/rupendra/Desktop/Tasks/Vision_project/install/naviarm_gazebo/share/naviarm_gazebo/models/package_box/meshes/aws_robomaker_warehouse_ClutteringC_02.png
[6.052s] -- Symlinking: /home/rupendra/Desktop/Tasks/Vision_project/install/naviarm_gazebo/share/naviarm_gazebo/models/package_box/meshes/package_box.dae
[6.063s] -- Symlinking: /home/rupendra/Desktop/Tasks/Vision_project/install/naviarm_gazebo/share/naviarm_gazebo/models/package_box/model.config
[6.073s] -- Symlinking: /home/rupendra/Desktop/Tasks/Vision_project/install/naviarm_gazebo/share/naviarm_gazebo/models/package_box/model.sdf
[6.082s] -- Symlinking: /home/rupendra/Desktop/Tasks/Vision_project/install/naviarm_gazebo/share/naviarm_gazebo/models/rack/meshes/brushedsteel4.jpg
[6.091s] -- Symlinking: /home/rupendra/Desktop/Tasks/Vision_project/install/naviarm_gazebo/share/naviarm_gazebo/models/rack/meshes/brushedsteel_bg.jpg
[6.101s] -- Symlinking: /home/rupendra/Desktop/Tasks/Vision_project/install/naviarm_gazebo/share/naviarm_gazebo/models/rack/meshes/rack.dae
[6.111s] -- Symlinking: /home/rupendra/Desktop/Tasks/Vision_project/install/naviarm_gazebo/share/naviarm_gazebo/models/rack/meshes/rack.stl
[6.121s] -- Symlinking: /home/rupendra/Desktop/Tasks/Vision_project/install/naviarm_gazebo/share/naviarm_gazebo/models/rack/model.config
[6.131s] -- Symlinking: /home/rupendra/Desktop/Tasks/Vision_project/install/naviarm_gazebo/share/naviarm_gazebo/models/rack/model.sdf
[6.143s] -- Symlinking: /home/rupendra/Desktop/Tasks/Vision_project/install/naviarm_gazebo/share/naviarm_gazebo/models/restaurant/model.config
[6.152s] -- Symlinking: /home/rupendra/Desktop/Tasks/Vision_project/install/naviarm_gazebo/share/naviarm_gazebo/models/restaurant/model.sdf
[6.160s] -- Symlinking: /home/rupendra/Desktop/Tasks/Vision_project/install/naviarm_gazebo/share/naviarm_gazebo/models/seat1/meshes/seat1.stl
[6.169s] -- Symlinking: /home/rupendra/Desktop/Tasks/Vision_project/install/naviarm_gazebo/share/naviarm_gazebo/models/seat1/model.config
[6.179s] -- Symlinking: /home/rupendra/Desktop/Tasks/Vision_project/install/naviarm_gazebo/share/naviarm_gazebo/models/seat1/model.sdf
[6.187s] -- Symlinking: /home/rupendra/Desktop/Tasks/Vision_project/install/naviarm_gazebo/share/naviarm_gazebo/models/seat1_row/meshes/seat1.stl
[6.196s] -- Symlinking: /home/rupendra/Desktop/Tasks/Vision_project/install/naviarm_gazebo/share/naviarm_gazebo/models/seat1_row/model.config
[6.206s] -- Symlinking: /home/rupendra/Desktop/Tasks/Vision_project/install/naviarm_gazebo/share/naviarm_gazebo/models/seat1_row/model.sdf
[6.215s] -- Symlinking: /home/rupendra/Desktop/Tasks/Vision_project/install/naviarm_gazebo/share/naviarm_gazebo/models/seat2/model.config
[6.223s] -- Symlinking: /home/rupendra/Desktop/Tasks/Vision_project/install/naviarm_gazebo/share/naviarm_gazebo/models/seat2/model.sdf
[6.232s] -- Symlinking: /home/rupendra/Desktop/Tasks/Vision_project/install/naviarm_gazebo/share/naviarm_gazebo/models/sun/model-1_2.sdf
[6.241s] -- Symlinking: /home/rupendra/Desktop/Tasks/Vision_project/install/naviarm_gazebo/share/naviarm_gazebo/models/sun/model-1_3.sdf
[6.250s] -- Symlinking: /home/rupendra/Desktop/Tasks/Vision_project/install/naviarm_gazebo/share/naviarm_gazebo/models/sun/model-1_4.sdf
[6.259s] -- Symlinking: /home/rupendra/Desktop/Tasks/Vision_project/install/naviarm_gazebo/share/naviarm_gazebo/models/sun/model.config
[6.269s] -- Symlinking: /home/rupendra/Desktop/Tasks/Vision_project/install/naviarm_gazebo/share/naviarm_gazebo/models/sun/model.sdf
[6.279s] -- Symlinking: /home/rupendra/Desktop/Tasks/Vision_project/install/naviarm_gazebo/share/naviarm_gazebo/models/table/model-1_2.sdf
[6.288s] -- Symlinking: /home/rupendra/Desktop/Tasks/Vision_project/install/naviarm_gazebo/share/naviarm_gazebo/models/table/model-1_3.sdf
[6.296s] -- Symlinking: /home/rupendra/Desktop/Tasks/Vision_project/install/naviarm_gazebo/share/naviarm_gazebo/models/table/model-1_4.sdf
[6.306s] -- Symlinking: /home/rupendra/Desktop/Tasks/Vision_project/install/naviarm_gazebo/share/naviarm_gazebo/models/table/model.config
[6.316s] -- Symlinking: /home/rupendra/Desktop/Tasks/Vision_project/install/naviarm_gazebo/share/naviarm_gazebo/models/table/model.sdf
[6.324s] -- Symlinking: /home/rupendra/Desktop/Tasks/Vision_project/install/naviarm_gazebo/share/naviarm_gazebo/models/train_body/model.config
[6.335s] -- Symlinking: /home/rupendra/Desktop/Tasks/Vision_project/install/naviarm_gazebo/share/naviarm_gazebo/models/train_body/model.sdf
[6.345s] -- Symlinking: /home/rupendra/Desktop/Tasks/Vision_project/install/naviarm_gazebo/share/naviarm_gazebo/models/warehouse_boundary/meshes/warehouse_boundary.dae
[6.354s] -- Symlinking: /home/rupendra/Desktop/Tasks/Vision_project/install/naviarm_gazebo/share/naviarm_gazebo/models/warehouse_boundary/meshes/warehouse_boundary_glass_cover.dae
[6.363s] -- Symlinking: /home/rupendra/Desktop/Tasks/Vision_project/install/naviarm_gazebo/share/naviarm_gazebo/models/warehouse_boundary/meshes/warehouse_floor.jpg
[6.372s] -- Symlinking: /home/rupendra/Desktop/Tasks/Vision_project/install/naviarm_gazebo/share/naviarm_gazebo/models/warehouse_boundary/model.config
[6.381s] -- Symlinking: /home/rupendra/Desktop/Tasks/Vision_project/install/naviarm_gazebo/share/naviarm_gazebo/models/warehouse_boundary/model.sdf
[6.389s] -- Symlinking: /home/rupendra/Desktop/Tasks/Vision_project/install/naviarm_gazebo/share/naviarm_gazebo/models/window/model.config
[6.398s] -- Symlinking: /home/rupendra/Desktop/Tasks/Vision_project/install/naviarm_gazebo/share/naviarm_gazebo/models/window/model.sdf
[6.407s] -- Symlinking: /home/rupendra/Desktop/Tasks/Vision_project/install/naviarm_gazebo/share/naviarm_gazebo/models/zandubam/meshes/result_texture_0001.jpg
[6.416s] -- Symlinking: /home/rupendra/Desktop/Tasks/Vision_project/install/naviarm_gazebo/share/naviarm_gazebo/models/zandubam/meshes/result_texture_0002.jpg
[6.426s] -- Symlinking: /home/rupendra/Desktop/Tasks/Vision_project/install/naviarm_gazebo/share/naviarm_gazebo/models/zandubam/meshes/result_texture_0003.jpg
[6.438s] -- Symlinking: /home/rupendra/Desktop/Tasks/Vision_project/install/naviarm_gazebo/share/naviarm_gazebo/models/zandubam/meshes/result_texture_0004.jpg
[6.447s] -- Symlinking: /home/rupendra/Desktop/Tasks/Vision_project/install/naviarm_gazebo/share/naviarm_gazebo/models/zandubam/meshes/zandubam.dae
[6.455s] -- Symlinking: /home/rupendra/Desktop/Tasks/Vision_project/install/naviarm_gazebo/share/naviarm_gazebo/models/zandubam/model.config
[6.463s] -- Symlinking: /home/rupendra/Desktop/Tasks/Vision_project/install/naviarm_gazebo/share/naviarm_gazebo/models/zandubam/model.sdf
[6.473s] -- Symlinking: /home/rupendra/Desktop/Tasks/Vision_project/install/naviarm_gazebo/share/ament_index/resource_index/package_run_dependencies/naviarm_gazebo
[6.482s] -- Symlinking: /home/rupendra/Desktop/Tasks/Vision_project/install/naviarm_gazebo/share/ament_index/resource_index/parent_prefix_path/naviarm_gazebo
[6.491s] -- Symlinking: /home/rupendra/Desktop/Tasks/Vision_project/install/naviarm_gazebo/share/naviarm_gazebo/environment/ament_prefix_path.sh
[6.500s] -- Symlinking: /home/rupendra/Desktop/Tasks/Vision_project/install/naviarm_gazebo/share/naviarm_gazebo/environment/ament_prefix_path.dsv
[6.510s] -- Symlinking: /home/rupendra/Desktop/Tasks/Vision_project/install/naviarm_gazebo/share/naviarm_gazebo/environment/path.sh
[6.519s] -- Symlinking: /home/rupendra/Desktop/Tasks/Vision_project/install/naviarm_gazebo/share/naviarm_gazebo/environment/path.dsv
[6.528s] -- Symlinking: /home/rupendra/Desktop/Tasks/Vision_project/install/naviarm_gazebo/share/naviarm_gazebo/local_setup.bash
[6.537s] -- Symlinking: /home/rupendra/Desktop/Tasks/Vision_project/install/naviarm_gazebo/share/naviarm_gazebo/local_setup.sh
[6.545s] -- Symlinking: /home/rupendra/Desktop/Tasks/Vision_project/install/naviarm_gazebo/share/naviarm_gazebo/local_setup.zsh
[6.555s] -- Symlinking: /home/rupendra/Desktop/Tasks/Vision_project/install/naviarm_gazebo/share/naviarm_gazebo/local_setup.dsv
[6.563s] -- Symlinking: /home/rupendra/Desktop/Tasks/Vision_project/install/naviarm_gazebo/share/naviarm_gazebo/package.dsv
[6.572s] -- Symlinking: /home/rupendra/Desktop/Tasks/Vision_project/install/naviarm_gazebo/share/ament_index/resource_index/packages/naviarm_gazebo
[6.582s] -- Symlinking: /home/rupendra/Desktop/Tasks/Vision_project/install/naviarm_gazebo/share/naviarm_gazebo/cmake/naviarm_gazeboConfig.cmake
[6.591s] -- Symlinking: /home/rupendra/Desktop/Tasks/Vision_project/install/naviarm_gazebo/share/naviarm_gazebo/cmake/naviarm_gazeboConfig-version.cmake
[6.601s] -- Symlinking: /home/rupendra/Desktop/Tasks/Vision_project/install/naviarm_gazebo/share/naviarm_gazebo/package.xml
[6.615s] Invoked command in '/home/rupendra/Desktop/Tasks/Vision_project/build/naviarm_gazebo' returned '0': CMAKE_PREFIX_PATH=${CMAKE_PREFIX_PATH}:/opt/ros/humble /usr/bin/cmake --install /home/rupendra/Desktop/Tasks/Vision_project/build/naviarm_gazebo
