[0.732s] Invoking command in '/home/rupendra/Desktop/Tasks/Vision_project/src/bottle_detection': PYTHONPATH=/home/rupendra/Desktop/Tasks/Vision_project/build/bottle_detection/prefix_override:/usr/lib/python3/dist-packages/colcon_core/task/python/colcon_distutils_commands:/home/rupendra/Desktop/Tasks/Vision_project/install/bottle_detection/lib/python3.10/site-packages:${PYTHONPATH} /usr/bin/python3 -W ignore:setup.py install is deprecated -W ignore:easy_install command is deprecated setup.py egg_info --egg-base ../../build/bottle_detection build --build-base /home/rupendra/Desktop/Tasks/Vision_project/build/bottle_detection/build install --record /home/rupendra/Desktop/Tasks/Vision_project/build/bottle_detection/install.log --single-version-externally-managed install_data
[1.012s] running egg_info
[1.035s] creating ../../build/bottle_detection/bottle_detection.egg-info
[1.035s] writing ../../build/bottle_detection/bottle_detection.egg-info/PKG-INFO
[1.035s] writing dependency_links to ../../build/bottle_detection/bottle_detection.egg-info/dependency_links.txt
[1.036s] writing entry points to ../../build/bottle_detection/bottle_detection.egg-info/entry_points.txt
[1.036s] writing requirements to ../../build/bottle_detection/bottle_detection.egg-info/requires.txt
[1.036s] writing top-level names to ../../build/bottle_detection/bottle_detection.egg-info/top_level.txt
[1.036s] writing manifest file '../../build/bottle_detection/bottle_detection.egg-info/SOURCES.txt'
[1.082s] reading manifest file '../../build/bottle_detection/bottle_detection.egg-info/SOURCES.txt'
[1.082s] writing manifest file '../../build/bottle_detection/bottle_detection.egg-info/SOURCES.txt'
[1.082s] running build
[1.082s] running build_py
[1.083s] creating /home/rupendra/Desktop/Tasks/Vision_project/build/bottle_detection/build/lib/bottle_detection
[1.083s] copying bottle_detection/database.py -> /home/rupendra/Desktop/Tasks/Vision_project/build/bottle_detection/build/lib/bottle_detection
[1.083s] copying bottle_detection/onnx_inference.py -> /home/rupendra/Desktop/Tasks/Vision_project/build/bottle_detection/build/lib/bottle_detection
[1.083s] copying bottle_detection/__init__.py -> /home/rupendra/Desktop/Tasks/Vision_project/build/bottle_detection/build/lib/bottle_detection
[1.083s] copying bottle_detection/bottle_detector.py -> /home/rupendra/Desktop/Tasks/Vision_project/build/bottle_detection/build/lib/bottle_detection
[1.083s] copying bottle_detection/yolov8n.onnx -> /home/rupendra/Desktop/Tasks/Vision_project/build/bottle_detection/build/lib/bottle_detection
[1.094s] copying bottle_detection/yolov8m.onnx -> /home/rupendra/Desktop/Tasks/Vision_project/build/bottle_detection/build/lib/bottle_detection
[1.177s] running install
[1.180s] running install_lib
[1.202s] creating /home/rupendra/Desktop/Tasks/Vision_project/install/bottle_detection/lib/python3.10/site-packages/bottle_detection
[1.202s] copying /home/rupendra/Desktop/Tasks/Vision_project/build/bottle_detection/build/lib/bottle_detection/database.py -> /home/rupendra/Desktop/Tasks/Vision_project/install/bottle_detection/lib/python3.10/site-packages/bottle_detection
[1.202s] copying /home/rupendra/Desktop/Tasks/Vision_project/build/bottle_detection/build/lib/bottle_detection/onnx_inference.py -> /home/rupendra/Desktop/Tasks/Vision_project/install/bottle_detection/lib/python3.10/site-packages/bottle_detection
[1.203s] copying /home/rupendra/Desktop/Tasks/Vision_project/build/bottle_detection/build/lib/bottle_detection/__init__.py -> /home/rupendra/Desktop/Tasks/Vision_project/install/bottle_detection/lib/python3.10/site-packages/bottle_detection
[1.203s] copying /home/rupendra/Desktop/Tasks/Vision_project/build/bottle_detection/build/lib/bottle_detection/bottle_detector.py -> /home/rupendra/Desktop/Tasks/Vision_project/install/bottle_detection/lib/python3.10/site-packages/bottle_detection
[1.203s] copying /home/rupendra/Desktop/Tasks/Vision_project/build/bottle_detection/build/lib/bottle_detection/yolov8m.onnx -> /home/rupendra/Desktop/Tasks/Vision_project/install/bottle_detection/lib/python3.10/site-packages/bottle_detection
[1.282s] copying /home/rupendra/Desktop/Tasks/Vision_project/build/bottle_detection/build/lib/bottle_detection/yolov8n.onnx -> /home/rupendra/Desktop/Tasks/Vision_project/install/bottle_detection/lib/python3.10/site-packages/bottle_detection
[1.292s] byte-compiling /home/rupendra/Desktop/Tasks/Vision_project/install/bottle_detection/lib/python3.10/site-packages/bottle_detection/database.py to database.cpython-310.pyc
[1.293s] byte-compiling /home/rupendra/Desktop/Tasks/Vision_project/install/bottle_detection/lib/python3.10/site-packages/bottle_detection/onnx_inference.py to onnx_inference.cpython-310.pyc
[1.294s] byte-compiling /home/rupendra/Desktop/Tasks/Vision_project/install/bottle_detection/lib/python3.10/site-packages/bottle_detection/__init__.py to __init__.cpython-310.pyc
[1.294s] byte-compiling /home/rupendra/Desktop/Tasks/Vision_project/install/bottle_detection/lib/python3.10/site-packages/bottle_detection/bottle_detector.py to bottle_detector.cpython-310.pyc
[1.295s] running install_data
[1.295s] creating /home/rupendra/Desktop/Tasks/Vision_project/install/bottle_detection/share/ament_index/resource_index/packages
[1.295s] copying resource/bottle_detection -> /home/rupendra/Desktop/Tasks/Vision_project/install/bottle_detection/share/ament_index/resource_index/packages
[1.296s] copying package.xml -> /home/rupendra/Desktop/Tasks/Vision_project/install/bottle_detection/share/bottle_detection
[1.296s] creating /home/rupendra/Desktop/Tasks/Vision_project/install/bottle_detection/lib/bottle_detection
[1.296s] copying bottle_detection/yolov8n.onnx -> /home/rupendra/Desktop/Tasks/Vision_project/install/bottle_detection/lib/bottle_detection
[1.306s] copying bottle_detection/yolov8m.onnx -> /home/rupendra/Desktop/Tasks/Vision_project/install/bottle_detection/lib/bottle_detection
[1.393s] running install_egg_info
[1.418s] Copying ../../build/bottle_detection/bottle_detection.egg-info to /home/rupendra/Desktop/Tasks/Vision_project/install/bottle_detection/lib/python3.10/site-packages/bottle_detection-0.0.0-py3.10.egg-info
[1.418s] running install_scripts
[1.465s] Installing bottle_detector script to /home/rupendra/Desktop/Tasks/Vision_project/install/bottle_detection/lib/bottle_detection
[1.466s] writing list of installed files to '/home/rupendra/Desktop/Tasks/Vision_project/build/bottle_detection/install.log'
[1.485s] Invoked command in '/home/rupendra/Desktop/Tasks/Vision_project/src/bottle_detection' returned '0': PYTHONPATH=/home/rupendra/Desktop/Tasks/Vision_project/build/bottle_detection/prefix_override:/usr/lib/python3/dist-packages/colcon_core/task/python/colcon_distutils_commands:/home/rupendra/Desktop/Tasks/Vision_project/install/bottle_detection/lib/python3.10/site-packages:${PYTHONPATH} /usr/bin/python3 -W ignore:setup.py install is deprecated -W ignore:easy_install command is deprecated setup.py egg_info --egg-base ../../build/bottle_detection build --build-base /home/rupendra/Desktop/Tasks/Vision_project/build/bottle_detection/build install --record /home/rupendra/Desktop/Tasks/Vision_project/build/bottle_detection/install.log --single-version-externally-managed install_data
