[0.102s] [34mcolcon[0m [1;30mDEBUG[0m [32mCommand line arguments: ['/usr/bin/colcon', 'build', '--symlink-install'][0m
[0.102s] [34mcolcon[0m [1;30mDEBUG[0m [32mParsed command line arguments: Namespace(log_base=None, log_level=None, verb_name='build', build_base='build', install_base='install', merge_install=False, symlink_install=True, test_result_base=None, continue_on_error=False, executor='parallel', parallel_workers=16, event_handlers=None, ignore_user_meta=False, metas=['./colcon.meta'], base_paths=['.'], packages_ignore=None, packages_ignore_regex=None, paths=None, packages_up_to=None, packages_up_to_regex=None, packages_above=None, packages_above_and_dependencies=None, packages_above_depth=None, packages_select_by_dep=None, packages_skip_by_dep=None, packages_skip_up_to=None, packages_select_build_failed=False, packages_skip_build_finished=False, packages_select_test_failures=False, packages_skip_test_passed=False, packages_select=None, packages_skip=None, packages_select_regex=None, packages_skip_regex=None, packages_start=None, packages_end=None, allow_overriding=[], cmake_args=None, cmake_target=None, cmake_target_skip_unavailable=False, cmake_clean_cache=False, cmake_clean_first=False, cmake_force_configure=False, ament_cmake_args=None, catkin_cmake_args=None, catkin_skip_building_tests=False, mixin_files=None, mixin=None, verb_parser=<colcon_mixin.mixin.mixin_argument.MixinArgumentDecorator object at 0x717e22593c40>, verb_extension=<colcon_core.verb.build.BuildVerb object at 0x717e225931c0>, main=<bound method BuildVerb.main of <colcon_core.verb.build.BuildVerb object at 0x717e225931c0>>, mixin_verb=('build',))[0m
[0.131s] [34mcolcon.colcon_core.package_discovery[0m [1;30mLevel 1[0m discover_packages(colcon_meta) check parameters
[0.131s] [34mcolcon.colcon_core.package_discovery[0m [1;30mLevel 1[0m discover_packages(recursive) check parameters
[0.131s] [34mcolcon.colcon_core.package_discovery[0m [1;30mLevel 1[0m discover_packages(ignore) check parameters
[0.131s] [34mcolcon.colcon_core.package_discovery[0m [1;30mLevel 1[0m discover_packages(path) check parameters
[0.131s] [34mcolcon.colcon_core.package_discovery[0m [1;30mLevel 1[0m discover_packages(colcon_meta) discover
[0.131s] [34mcolcon.colcon_core.package_discovery[0m [1;30mLevel 1[0m discover_packages(recursive) discover
[0.131s] [34mcolcon.colcon_core.package_discovery[0m [1;30mINFO[0m Crawling recursively for packages in '/home/rupendra/Desktop/Tasks/Vision_project'
[0.131s] [34mcolcon.colcon_core.package_identification[0m [1;30mLevel 1[0m _identify(.) by extensions ['ignore', 'ignore_ament_install']
[0.131s] [34mcolcon.colcon_core.package_identification[0m [1;30mLevel 1[0m _identify(.) by extension 'ignore'
[0.131s] [34mcolcon.colcon_core.package_identification[0m [1;30mLevel 1[0m _identify(.) by extension 'ignore_ament_install'
[0.132s] [34mcolcon.colcon_core.package_identification[0m [1;30mLevel 1[0m _identify(.) by extensions ['colcon_pkg']
[0.132s] [34mcolcon.colcon_core.package_identification[0m [1;30mLevel 1[0m _identify(.) by extension 'colcon_pkg'
[0.132s] [34mcolcon.colcon_core.package_identification[0m [1;30mLevel 1[0m _identify(.) by extensions ['colcon_meta']
[0.132s] [34mcolcon.colcon_core.package_identification[0m [1;30mLevel 1[0m _identify(.) by extension 'colcon_meta'
[0.132s] [34mcolcon.colcon_core.package_identification[0m [1;30mLevel 1[0m _identify(.) by extensions ['ros']
[0.132s] [34mcolcon.colcon_core.package_identification[0m [1;30mLevel 1[0m _identify(.) by extension 'ros'
[0.151s] [34mcolcon.colcon_core.package_identification[0m [1;30mLevel 1[0m _identify(.) by extensions ['cmake', 'python']
[0.152s] [34mcolcon.colcon_core.package_identification[0m [1;30mLevel 1[0m _identify(.) by extension 'cmake'
[0.152s] [34mcolcon.colcon_core.package_identification[0m [1;30mLevel 1[0m _identify(.) by extension 'python'
[0.152s] [34mcolcon.colcon_core.package_identification[0m [1;30mLevel 1[0m _identify(.) by extensions ['python_setup_py']
[0.152s] [34mcolcon.colcon_core.package_identification[0m [1;30mLevel 1[0m _identify(.) by extension 'python_setup_py'
[0.152s] [34mcolcon.colcon_core.package_identification[0m [1;30mLevel 1[0m _identify(build) by extensions ['ignore', 'ignore_ament_install']
[0.152s] [34mcolcon.colcon_core.package_identification[0m [1;30mLevel 1[0m _identify(build) by extension 'ignore'
[0.152s] [34mcolcon.colcon_core.package_identification[0m [1;30mLevel 1[0m _identify(build) ignored
[0.152s] [34mcolcon.colcon_core.package_identification[0m [1;30mLevel 1[0m _identify(install) by extensions ['ignore', 'ignore_ament_install']
[0.152s] [34mcolcon.colcon_core.package_identification[0m [1;30mLevel 1[0m _identify(install) by extension 'ignore'
[0.152s] [34mcolcon.colcon_core.package_identification[0m [1;30mLevel 1[0m _identify(install) ignored
[0.152s] [34mcolcon.colcon_core.package_identification[0m [1;30mLevel 1[0m _identify(log) by extensions ['ignore', 'ignore_ament_install']
[0.152s] [34mcolcon.colcon_core.package_identification[0m [1;30mLevel 1[0m _identify(log) by extension 'ignore'
[0.152s] [34mcolcon.colcon_core.package_identification[0m [1;30mLevel 1[0m _identify(log) ignored
[0.153s] [34mcolcon.colcon_core.package_identification[0m [1;30mLevel 1[0m _identify(src) by extensions ['ignore', 'ignore_ament_install']
[0.153s] [34mcolcon.colcon_core.package_identification[0m [1;30mLevel 1[0m _identify(src) by extension 'ignore'
[0.153s] [34mcolcon.colcon_core.package_identification[0m [1;30mLevel 1[0m _identify(src) by extension 'ignore_ament_install'
[0.153s] [34mcolcon.colcon_core.package_identification[0m [1;30mLevel 1[0m _identify(src) by extensions ['colcon_pkg']
[0.153s] [34mcolcon.colcon_core.package_identification[0m [1;30mLevel 1[0m _identify(src) by extension 'colcon_pkg'
[0.153s] [34mcolcon.colcon_core.package_identification[0m [1;30mLevel 1[0m _identify(src) by extensions ['colcon_meta']
[0.153s] [34mcolcon.colcon_core.package_identification[0m [1;30mLevel 1[0m _identify(src) by extension 'colcon_meta'
[0.153s] [34mcolcon.colcon_core.package_identification[0m [1;30mLevel 1[0m _identify(src) by extensions ['ros']
[0.153s] [34mcolcon.colcon_core.package_identification[0m [1;30mLevel 1[0m _identify(src) by extension 'ros'
[0.153s] [34mcolcon.colcon_core.package_identification[0m [1;30mLevel 1[0m _identify(src) by extensions ['cmake', 'python']
[0.153s] [34mcolcon.colcon_core.package_identification[0m [1;30mLevel 1[0m _identify(src) by extension 'cmake'
[0.153s] [34mcolcon.colcon_core.package_identification[0m [1;30mLevel 1[0m _identify(src) by extension 'python'
[0.153s] [34mcolcon.colcon_core.package_identification[0m [1;30mLevel 1[0m _identify(src) by extensions ['python_setup_py']
[0.153s] [34mcolcon.colcon_core.package_identification[0m [1;30mLevel 1[0m _identify(src) by extension 'python_setup_py'
[0.153s] [34mcolcon.colcon_core.package_identification[0m [1;30mLevel 1[0m _identify(src/bottle_detection) by extensions ['ignore', 'ignore_ament_install']
[0.153s] [34mcolcon.colcon_core.package_identification[0m [1;30mLevel 1[0m _identify(src/bottle_detection) by extension 'ignore'
[0.153s] [34mcolcon.colcon_core.package_identification[0m [1;30mLevel 1[0m _identify(src/bottle_detection) by extension 'ignore_ament_install'
[0.153s] [34mcolcon.colcon_core.package_identification[0m [1;30mLevel 1[0m _identify(src/bottle_detection) by extensions ['colcon_pkg']
[0.153s] [34mcolcon.colcon_core.package_identification[0m [1;30mLevel 1[0m _identify(src/bottle_detection) by extension 'colcon_pkg'
[0.153s] [34mcolcon.colcon_core.package_identification[0m [1;30mLevel 1[0m _identify(src/bottle_detection) by extensions ['colcon_meta']
[0.153s] [34mcolcon.colcon_core.package_identification[0m [1;30mLevel 1[0m _identify(src/bottle_detection) by extension 'colcon_meta'
[0.154s] [34mcolcon.colcon_core.package_identification[0m [1;30mLevel 1[0m _identify(src/bottle_detection) by extensions ['ros']
[0.154s] [34mcolcon.colcon_core.package_identification[0m [1;30mLevel 1[0m _identify(src/bottle_detection) by extension 'ros'
[0.156s] [34mcolcon.colcon_core.package_identification[0m [1;30mDEBUG[0m [32mPackage 'src/bottle_detection' with type 'ros.ament_python' and name 'bottle_detection'[0m
[0.156s] [34mcolcon.colcon_core.package_identification[0m [1;30mLevel 1[0m _identify(src/item_spawner) by extensions ['ignore', 'ignore_ament_install']
[0.156s] [34mcolcon.colcon_core.package_identification[0m [1;30mLevel 1[0m _identify(src/item_spawner) by extension 'ignore'
[0.156s] [34mcolcon.colcon_core.package_identification[0m [1;30mLevel 1[0m _identify(src/item_spawner) ignored
[0.156s] [34mcolcon.colcon_core.package_identification[0m [1;30mLevel 1[0m _identify(src/naviarm_bringup) by extensions ['ignore', 'ignore_ament_install']
[0.156s] [34mcolcon.colcon_core.package_identification[0m [1;30mLevel 1[0m _identify(src/naviarm_bringup) by extension 'ignore'
[0.157s] [34mcolcon.colcon_core.package_identification[0m [1;30mLevel 1[0m _identify(src/naviarm_bringup) by extension 'ignore_ament_install'
[0.157s] [34mcolcon.colcon_core.package_identification[0m [1;30mLevel 1[0m _identify(src/naviarm_bringup) by extensions ['colcon_pkg']
[0.157s] [34mcolcon.colcon_core.package_identification[0m [1;30mLevel 1[0m _identify(src/naviarm_bringup) by extension 'colcon_pkg'
[0.157s] [34mcolcon.colcon_core.package_identification[0m [1;30mLevel 1[0m _identify(src/naviarm_bringup) by extensions ['colcon_meta']
[0.157s] [34mcolcon.colcon_core.package_identification[0m [1;30mLevel 1[0m _identify(src/naviarm_bringup) by extension 'colcon_meta'
[0.157s] [34mcolcon.colcon_core.package_identification[0m [1;30mLevel 1[0m _identify(src/naviarm_bringup) by extensions ['ros']
[0.157s] [34mcolcon.colcon_core.package_identification[0m [1;30mLevel 1[0m _identify(src/naviarm_bringup) by extension 'ros'
[0.157s] [34mcolcon.colcon_core.package_identification[0m [1;30mDEBUG[0m [32mPackage 'src/naviarm_bringup' with type 'ros.ament_cmake' and name 'naviarm_bringup'[0m
[0.157s] [34mcolcon.colcon_core.package_identification[0m [1;30mLevel 1[0m _identify(src/naviarm_gazebo) by extensions ['ignore', 'ignore_ament_install']
[0.157s] [34mcolcon.colcon_core.package_identification[0m [1;30mLevel 1[0m _identify(src/naviarm_gazebo) by extension 'ignore'
[0.157s] [34mcolcon.colcon_core.package_identification[0m [1;30mLevel 1[0m _identify(src/naviarm_gazebo) by extension 'ignore_ament_install'
[0.157s] [34mcolcon.colcon_core.package_identification[0m [1;30mLevel 1[0m _identify(src/naviarm_gazebo) by extensions ['colcon_pkg']
[0.157s] [34mcolcon.colcon_core.package_identification[0m [1;30mLevel 1[0m _identify(src/naviarm_gazebo) by extension 'colcon_pkg'
[0.157s] [34mcolcon.colcon_core.package_identification[0m [1;30mLevel 1[0m _identify(src/naviarm_gazebo) by extensions ['colcon_meta']
[0.157s] [34mcolcon.colcon_core.package_identification[0m [1;30mLevel 1[0m _identify(src/naviarm_gazebo) by extension 'colcon_meta'
[0.158s] [34mcolcon.colcon_core.package_identification[0m [1;30mLevel 1[0m _identify(src/naviarm_gazebo) by extensions ['ros']
[0.158s] [34mcolcon.colcon_core.package_identification[0m [1;30mLevel 1[0m _identify(src/naviarm_gazebo) by extension 'ros'
[0.158s] [34mcolcon.colcon_core.package_identification[0m [1;30mDEBUG[0m [32mPackage 'src/naviarm_gazebo' with type 'ros.ament_cmake' and name 'naviarm_gazebo'[0m
[0.158s] [34mcolcon.colcon_core.package_identification[0m [1;30mLevel 1[0m _identify(src/utils) by extensions ['ignore', 'ignore_ament_install']
[0.158s] [34mcolcon.colcon_core.package_identification[0m [1;30mLevel 1[0m _identify(src/utils) by extension 'ignore'
[0.158s] [34mcolcon.colcon_core.package_identification[0m [1;30mLevel 1[0m _identify(src/utils) by extension 'ignore_ament_install'
[0.158s] [34mcolcon.colcon_core.package_identification[0m [1;30mLevel 1[0m _identify(src/utils) by extensions ['colcon_pkg']
[0.158s] [34mcolcon.colcon_core.package_identification[0m [1;30mLevel 1[0m _identify(src/utils) by extension 'colcon_pkg'
[0.158s] [34mcolcon.colcon_core.package_identification[0m [1;30mLevel 1[0m _identify(src/utils) by extensions ['colcon_meta']
[0.158s] [34mcolcon.colcon_core.package_identification[0m [1;30mLevel 1[0m _identify(src/utils) by extension 'colcon_meta'
[0.158s] [34mcolcon.colcon_core.package_identification[0m [1;30mLevel 1[0m _identify(src/utils) by extensions ['ros']
[0.158s] [34mcolcon.colcon_core.package_identification[0m [1;30mLevel 1[0m _identify(src/utils) by extension 'ros'
[0.158s] [34mcolcon.colcon_core.package_identification[0m [1;30mLevel 1[0m _identify(src/utils) by extensions ['cmake', 'python']
[0.158s] [34mcolcon.colcon_core.package_identification[0m [1;30mLevel 1[0m _identify(src/utils) by extension 'cmake'
[0.158s] [34mcolcon.colcon_core.package_identification[0m [1;30mLevel 1[0m _identify(src/utils) by extension 'python'
[0.158s] [34mcolcon.colcon_core.package_identification[0m [1;30mLevel 1[0m _identify(src/utils) by extensions ['python_setup_py']
[0.158s] [34mcolcon.colcon_core.package_identification[0m [1;30mLevel 1[0m _identify(src/utils) by extension 'python_setup_py'
[0.159s] [34mcolcon.colcon_core.package_identification[0m [1;30mLevel 1[0m _identify(src/utils/conveyorbelt_msgs) by extensions ['ignore', 'ignore_ament_install']
[0.159s] [34mcolcon.colcon_core.package_identification[0m [1;30mLevel 1[0m _identify(src/utils/conveyorbelt_msgs) by extension 'ignore'
[0.159s] [34mcolcon.colcon_core.package_identification[0m [1;30mLevel 1[0m _identify(src/utils/conveyorbelt_msgs) by extension 'ignore_ament_install'
[0.159s] [34mcolcon.colcon_core.package_identification[0m [1;30mLevel 1[0m _identify(src/utils/conveyorbelt_msgs) by extensions ['colcon_pkg']
[0.159s] [34mcolcon.colcon_core.package_identification[0m [1;30mLevel 1[0m _identify(src/utils/conveyorbelt_msgs) by extension 'colcon_pkg'
[0.159s] [34mcolcon.colcon_core.package_identification[0m [1;30mLevel 1[0m _identify(src/utils/conveyorbelt_msgs) by extensions ['colcon_meta']
[0.159s] [34mcolcon.colcon_core.package_identification[0m [1;30mLevel 1[0m _identify(src/utils/conveyorbelt_msgs) by extension 'colcon_meta'
[0.159s] [34mcolcon.colcon_core.package_identification[0m [1;30mLevel 1[0m _identify(src/utils/conveyorbelt_msgs) by extensions ['ros']
[0.159s] [34mcolcon.colcon_core.package_identification[0m [1;30mLevel 1[0m _identify(src/utils/conveyorbelt_msgs) by extension 'ros'
[0.159s] [34mcolcon.colcon_core.package_identification[0m [1;30mDEBUG[0m [32mPackage 'src/utils/conveyorbelt_msgs' with type 'ros.ament_cmake' and name 'conveyorbelt_msgs'[0m
[0.159s] [34mcolcon.colcon_core.package_identification[0m [1;30mLevel 1[0m _identify(src/vision_box_detector) by extensions ['ignore', 'ignore_ament_install']
[0.159s] [34mcolcon.colcon_core.package_identification[0m [1;30mLevel 1[0m _identify(src/vision_box_detector) by extension 'ignore'
[0.159s] [34mcolcon.colcon_core.package_identification[0m [1;30mLevel 1[0m _identify(src/vision_box_detector) ignored
[0.160s] [34mcolcon.colcon_core.package_discovery[0m [1;30mLevel 1[0m discover_packages(recursive) using defaults
[0.160s] [34mcolcon.colcon_core.package_discovery[0m [1;30mLevel 1[0m discover_packages(ignore) discover
[0.160s] [34mcolcon.colcon_core.package_discovery[0m [1;30mLevel 1[0m discover_packages(ignore) using defaults
[0.160s] [34mcolcon.colcon_core.package_discovery[0m [1;30mLevel 1[0m discover_packages(path) discover
[0.160s] [34mcolcon.colcon_core.package_discovery[0m [1;30mLevel 1[0m discover_packages(path) using defaults
[0.173s] [34mcolcon.colcon_core.package_discovery[0m [1;30mLevel 1[0m discover_packages(prefix_path) check parameters
[0.173s] [34mcolcon.colcon_core.package_discovery[0m [1;30mLevel 1[0m discover_packages(prefix_path) discover
[0.174s] [34mcolcon.colcon_installed_package_information.package_discovery[0m [1;30mDEBUG[0m [32mFound 3 installed packages in /home/rupendra/Desktop/Tasks/Vision_project/install[0m
[0.175s] [34mcolcon.colcon_installed_package_information.package_discovery[0m [1;30mDEBUG[0m [32mFound 281 installed packages in /opt/ros/humble[0m
[0.176s] [34mcolcon.colcon_core.package_discovery[0m [1;30mLevel 1[0m discover_packages(prefix_path) using defaults
[0.213s] [34mcolcon.colcon_core.verb[0m [1;30mLevel 5[0m set package 'bottle_detection' build argument 'cmake_args' from command line to 'None'
[0.213s] [34mcolcon.colcon_core.verb[0m [1;30mLevel 5[0m set package 'bottle_detection' build argument 'cmake_target' from command line to 'None'
[0.213s] [34mcolcon.colcon_core.verb[0m [1;30mLevel 5[0m set package 'bottle_detection' build argument 'cmake_target_skip_unavailable' from command line to 'False'
[0.213s] [34mcolcon.colcon_core.verb[0m [1;30mLevel 5[0m set package 'bottle_detection' build argument 'cmake_clean_cache' from command line to 'False'
[0.213s] [34mcolcon.colcon_core.verb[0m [1;30mLevel 5[0m set package 'bottle_detection' build argument 'cmake_clean_first' from command line to 'False'
[0.213s] [34mcolcon.colcon_core.verb[0m [1;30mLevel 5[0m set package 'bottle_detection' build argument 'cmake_force_configure' from command line to 'False'
[0.213s] [34mcolcon.colcon_core.verb[0m [1;30mLevel 5[0m set package 'bottle_detection' build argument 'ament_cmake_args' from command line to 'None'
[0.213s] [34mcolcon.colcon_core.verb[0m [1;30mLevel 5[0m set package 'bottle_detection' build argument 'catkin_cmake_args' from command line to 'None'
[0.213s] [34mcolcon.colcon_core.verb[0m [1;30mLevel 5[0m set package 'bottle_detection' build argument 'catkin_skip_building_tests' from command line to 'False'
[0.213s] [34mcolcon.colcon_core.verb[0m [1;30mDEBUG[0m [32mBuilding package 'bottle_detection' with the following arguments: {'ament_cmake_args': None, 'build_base': '/home/rupendra/Desktop/Tasks/Vision_project/build/bottle_detection', 'catkin_cmake_args': None, 'catkin_skip_building_tests': False, 'cmake_args': None, 'cmake_clean_cache': False, 'cmake_clean_first': False, 'cmake_force_configure': False, 'cmake_target': None, 'cmake_target_skip_unavailable': False, 'install_base': '/home/rupendra/Desktop/Tasks/Vision_project/install/bottle_detection', 'merge_install': False, 'path': '/home/rupendra/Desktop/Tasks/Vision_project/src/bottle_detection', 'symlink_install': True, 'test_result_base': None}[0m
[0.213s] [34mcolcon.colcon_core.verb[0m [1;30mLevel 5[0m set package 'conveyorbelt_msgs' build argument 'cmake_args' from command line to 'None'
[0.213s] [34mcolcon.colcon_core.verb[0m [1;30mLevel 5[0m set package 'conveyorbelt_msgs' build argument 'cmake_target' from command line to 'None'
[0.213s] [34mcolcon.colcon_core.verb[0m [1;30mLevel 5[0m set package 'conveyorbelt_msgs' build argument 'cmake_target_skip_unavailable' from command line to 'False'
[0.213s] [34mcolcon.colcon_core.verb[0m [1;30mLevel 5[0m set package 'conveyorbelt_msgs' build argument 'cmake_clean_cache' from command line to 'False'
[0.213s] [34mcolcon.colcon_core.verb[0m [1;30mLevel 5[0m set package 'conveyorbelt_msgs' build argument 'cmake_clean_first' from command line to 'False'
[0.213s] [34mcolcon.colcon_core.verb[0m [1;30mLevel 5[0m set package 'conveyorbelt_msgs' build argument 'cmake_force_configure' from command line to 'False'
[0.213s] [34mcolcon.colcon_core.verb[0m [1;30mLevel 5[0m set package 'conveyorbelt_msgs' build argument 'ament_cmake_args' from command line to 'None'
[0.213s] [34mcolcon.colcon_core.verb[0m [1;30mLevel 5[0m set package 'conveyorbelt_msgs' build argument 'catkin_cmake_args' from command line to 'None'
[0.213s] [34mcolcon.colcon_core.verb[0m [1;30mLevel 5[0m set package 'conveyorbelt_msgs' build argument 'catkin_skip_building_tests' from command line to 'False'
[0.213s] [34mcolcon.colcon_core.verb[0m [1;30mDEBUG[0m [32mBuilding package 'conveyorbelt_msgs' with the following arguments: {'ament_cmake_args': None, 'build_base': '/home/rupendra/Desktop/Tasks/Vision_project/build/conveyorbelt_msgs', 'catkin_cmake_args': None, 'catkin_skip_building_tests': False, 'cmake_args': None, 'cmake_clean_cache': False, 'cmake_clean_first': False, 'cmake_force_configure': False, 'cmake_target': None, 'cmake_target_skip_unavailable': False, 'install_base': '/home/rupendra/Desktop/Tasks/Vision_project/install/conveyorbelt_msgs', 'merge_install': False, 'path': '/home/rupendra/Desktop/Tasks/Vision_project/src/utils/conveyorbelt_msgs', 'symlink_install': True, 'test_result_base': None}[0m
[0.214s] [34mcolcon.colcon_core.verb[0m [1;30mLevel 5[0m set package 'naviarm_bringup' build argument 'cmake_args' from command line to 'None'
[0.214s] [34mcolcon.colcon_core.verb[0m [1;30mLevel 5[0m set package 'naviarm_bringup' build argument 'cmake_target' from command line to 'None'
[0.214s] [34mcolcon.colcon_core.verb[0m [1;30mLevel 5[0m set package 'naviarm_bringup' build argument 'cmake_target_skip_unavailable' from command line to 'False'
[0.214s] [34mcolcon.colcon_core.verb[0m [1;30mLevel 5[0m set package 'naviarm_bringup' build argument 'cmake_clean_cache' from command line to 'False'
[0.214s] [34mcolcon.colcon_core.verb[0m [1;30mLevel 5[0m set package 'naviarm_bringup' build argument 'cmake_clean_first' from command line to 'False'
[0.214s] [34mcolcon.colcon_core.verb[0m [1;30mLevel 5[0m set package 'naviarm_bringup' build argument 'cmake_force_configure' from command line to 'False'
[0.214s] [34mcolcon.colcon_core.verb[0m [1;30mLevel 5[0m set package 'naviarm_bringup' build argument 'ament_cmake_args' from command line to 'None'
[0.214s] [34mcolcon.colcon_core.verb[0m [1;30mLevel 5[0m set package 'naviarm_bringup' build argument 'catkin_cmake_args' from command line to 'None'
[0.214s] [34mcolcon.colcon_core.verb[0m [1;30mLevel 5[0m set package 'naviarm_bringup' build argument 'catkin_skip_building_tests' from command line to 'False'
[0.214s] [34mcolcon.colcon_core.verb[0m [1;30mDEBUG[0m [32mBuilding package 'naviarm_bringup' with the following arguments: {'ament_cmake_args': None, 'build_base': '/home/rupendra/Desktop/Tasks/Vision_project/build/naviarm_bringup', 'catkin_cmake_args': None, 'catkin_skip_building_tests': False, 'cmake_args': None, 'cmake_clean_cache': False, 'cmake_clean_first': False, 'cmake_force_configure': False, 'cmake_target': None, 'cmake_target_skip_unavailable': False, 'install_base': '/home/rupendra/Desktop/Tasks/Vision_project/install/naviarm_bringup', 'merge_install': False, 'path': '/home/rupendra/Desktop/Tasks/Vision_project/src/naviarm_bringup', 'symlink_install': True, 'test_result_base': None}[0m
[0.214s] [34mcolcon.colcon_core.verb[0m [1;30mLevel 5[0m set package 'naviarm_gazebo' build argument 'cmake_args' from command line to 'None'
[0.214s] [34mcolcon.colcon_core.verb[0m [1;30mLevel 5[0m set package 'naviarm_gazebo' build argument 'cmake_target' from command line to 'None'
[0.214s] [34mcolcon.colcon_core.verb[0m [1;30mLevel 5[0m set package 'naviarm_gazebo' build argument 'cmake_target_skip_unavailable' from command line to 'False'
[0.214s] [34mcolcon.colcon_core.verb[0m [1;30mLevel 5[0m set package 'naviarm_gazebo' build argument 'cmake_clean_cache' from command line to 'False'
[0.214s] [34mcolcon.colcon_core.verb[0m [1;30mLevel 5[0m set package 'naviarm_gazebo' build argument 'cmake_clean_first' from command line to 'False'
[0.214s] [34mcolcon.colcon_core.verb[0m [1;30mLevel 5[0m set package 'naviarm_gazebo' build argument 'cmake_force_configure' from command line to 'False'
[0.214s] [34mcolcon.colcon_core.verb[0m [1;30mLevel 5[0m set package 'naviarm_gazebo' build argument 'ament_cmake_args' from command line to 'None'
[0.214s] [34mcolcon.colcon_core.verb[0m [1;30mLevel 5[0m set package 'naviarm_gazebo' build argument 'catkin_cmake_args' from command line to 'None'
[0.214s] [34mcolcon.colcon_core.verb[0m [1;30mLevel 5[0m set package 'naviarm_gazebo' build argument 'catkin_skip_building_tests' from command line to 'False'
[0.214s] [34mcolcon.colcon_core.verb[0m [1;30mDEBUG[0m [32mBuilding package 'naviarm_gazebo' with the following arguments: {'ament_cmake_args': None, 'build_base': '/home/rupendra/Desktop/Tasks/Vision_project/build/naviarm_gazebo', 'catkin_cmake_args': None, 'catkin_skip_building_tests': False, 'cmake_args': None, 'cmake_clean_cache': False, 'cmake_clean_first': False, 'cmake_force_configure': False, 'cmake_target': None, 'cmake_target_skip_unavailable': False, 'install_base': '/home/rupendra/Desktop/Tasks/Vision_project/install/naviarm_gazebo', 'merge_install': False, 'path': '/home/rupendra/Desktop/Tasks/Vision_project/src/naviarm_gazebo', 'symlink_install': True, 'test_result_base': None}[0m
[0.214s] [34mcolcon.colcon_core.executor[0m [1;30mINFO[0m Executing jobs using 'parallel' executor
[0.215s] [34mcolcon.colcon_parallel_executor.executor.parallel[0m [1;30mDEBUG[0m [32mrun_until_complete[0m
[0.215s] [34mcolcon.colcon_ros.task.ament_python.build[0m [1;30mINFO[0m Building ROS package in '/home/rupendra/Desktop/Tasks/Vision_project/src/bottle_detection' with build type 'ament_python'
[0.216s] [34mcolcon.colcon_core.shell[0m [1;30mLevel 1[0m create_environment_hook('bottle_detection', 'ament_prefix_path')
[0.218s] [34mcolcon.colcon_core.plugin_system[0m [1;30mINFO[0m Skipping extension 'colcon_core.shell.bat': Not used on non-Windows systems
[0.218s] [34mcolcon.colcon_core.shell[0m [1;30mINFO[0m Creating environment hook '/home/rupendra/Desktop/Tasks/Vision_project/install/bottle_detection/share/bottle_detection/hook/ament_prefix_path.ps1'
[0.218s] [34mcolcon.colcon_core.shell[0m [1;30mINFO[0m Creating environment descriptor '/home/rupendra/Desktop/Tasks/Vision_project/install/bottle_detection/share/bottle_detection/hook/ament_prefix_path.dsv'
[0.219s] [34mcolcon.colcon_core.shell[0m [1;30mINFO[0m Creating environment hook '/home/rupendra/Desktop/Tasks/Vision_project/install/bottle_detection/share/bottle_detection/hook/ament_prefix_path.sh'
[0.219s] [34mcolcon.colcon_core.shell[0m [1;30mINFO[0m Skip shell extension 'powershell' for command environment: Not usable outside of PowerShell
[0.219s] [34mcolcon.colcon_core.shell[0m [1;30mDEBUG[0m [32mSkip shell extension 'dsv' for command environment[0m
[0.222s] [34mcolcon.colcon_ros.task.ament_cmake.build[0m [1;30mINFO[0m Building ROS package in '/home/rupendra/Desktop/Tasks/Vision_project/src/utils/conveyorbelt_msgs' with build type 'ament_cmake'
[0.222s] [34mcolcon.colcon_cmake.task.cmake.build[0m [1;30mINFO[0m Building CMake package in '/home/rupendra/Desktop/Tasks/Vision_project/src/utils/conveyorbelt_msgs'
[0.223s] [34mcolcon.colcon_core.shell[0m [1;30mINFO[0m Skip shell extension 'powershell' for command environment: Not usable outside of PowerShell
[0.223s] [34mcolcon.colcon_core.shell[0m [1;30mDEBUG[0m [32mSkip shell extension 'dsv' for command environment[0m
[0.225s] [34mcolcon.colcon_ros.task.ament_cmake.build[0m [1;30mINFO[0m Building ROS package in '/home/rupendra/Desktop/Tasks/Vision_project/src/naviarm_bringup' with build type 'ament_cmake'
[0.225s] [34mcolcon.colcon_cmake.task.cmake.build[0m [1;30mINFO[0m Building CMake package in '/home/rupendra/Desktop/Tasks/Vision_project/src/naviarm_bringup'
[0.226s] [34mcolcon.colcon_core.shell[0m [1;30mINFO[0m Skip shell extension 'powershell' for command environment: Not usable outside of PowerShell
[0.226s] [34mcolcon.colcon_core.shell[0m [1;30mDEBUG[0m [32mSkip shell extension 'dsv' for command environment[0m
[0.229s] [34mcolcon.colcon_ros.task.ament_cmake.build[0m [1;30mINFO[0m Building ROS package in '/home/rupendra/Desktop/Tasks/Vision_project/src/naviarm_gazebo' with build type 'ament_cmake'
[0.229s] [34mcolcon.colcon_cmake.task.cmake.build[0m [1;30mINFO[0m Building CMake package in '/home/rupendra/Desktop/Tasks/Vision_project/src/naviarm_gazebo'
[0.230s] [34mcolcon.colcon_core.shell[0m [1;30mINFO[0m Skip shell extension 'powershell' for command environment: Not usable outside of PowerShell
[0.230s] [34mcolcon.colcon_core.shell[0m [1;30mDEBUG[0m [32mSkip shell extension 'dsv' for command environment[0m
[0.439s] [34mcolcon.colcon_core.task.python.build[0m [1;30mINFO[0m Building Python package in '/home/rupendra/Desktop/Tasks/Vision_project/src/bottle_detection'
[0.439s] [34mcolcon.colcon_core.shell[0m [1;30mINFO[0m Skip shell extension 'powershell' for command environment: Not usable outside of PowerShell
[0.439s] [34mcolcon.colcon_core.shell[0m [1;30mDEBUG[0m [32mSkip shell extension 'dsv' for command environment[0m
[0.445s] [34mcolcon.colcon_core.event_handler.log_command[0m [1;30mDEBUG[0m [32mInvoking command in '/home/rupendra/Desktop/Tasks/Vision_project/build/conveyorbelt_msgs': CMAKE_PREFIX_PATH=${CMAKE_PREFIX_PATH}:/opt/ros/humble /usr/bin/cmake --build /home/rupendra/Desktop/Tasks/Vision_project/build/conveyorbelt_msgs -- -j16 -l16[0m
[0.448s] [34mcolcon.colcon_core.event_handler.log_command[0m [1;30mDEBUG[0m [32mInvoking command in '/home/rupendra/Desktop/Tasks/Vision_project/build/naviarm_bringup': CMAKE_PREFIX_PATH=${CMAKE_PREFIX_PATH}:/opt/ros/humble /usr/bin/cmake --build /home/rupendra/Desktop/Tasks/Vision_project/build/naviarm_bringup -- -j16 -l16[0m
[0.451s] [34mcolcon.colcon_core.event_handler.log_command[0m [1;30mDEBUG[0m [32mInvoking command in '/home/rupendra/Desktop/Tasks/Vision_project/build/naviarm_gazebo': CMAKE_PREFIX_PATH=${CMAKE_PREFIX_PATH}:/opt/ros/humble /usr/bin/cmake --build /home/rupendra/Desktop/Tasks/Vision_project/build/naviarm_gazebo -- -j16 -l16[0m
[0.481s] [34mcolcon.colcon_core.event_handler.log_command[0m [1;30mDEBUG[0m [32mInvoked command in '/home/rupendra/Desktop/Tasks/Vision_project/build/naviarm_bringup' returned '0': CMAKE_PREFIX_PATH=${CMAKE_PREFIX_PATH}:/opt/ros/humble /usr/bin/cmake --build /home/rupendra/Desktop/Tasks/Vision_project/build/naviarm_bringup -- -j16 -l16[0m
[0.491s] [34mcolcon.colcon_core.event_handler.log_command[0m [1;30mDEBUG[0m [32mInvoking command in '/home/rupendra/Desktop/Tasks/Vision_project/build/naviarm_bringup': CMAKE_PREFIX_PATH=${CMAKE_PREFIX_PATH}:/opt/ros/humble /usr/bin/cmake --install /home/rupendra/Desktop/Tasks/Vision_project/build/naviarm_bringup[0m
[0.492s] [34mcolcon.colcon_core.event_handler.log_command[0m [1;30mDEBUG[0m [32mInvoked command in '/home/rupendra/Desktop/Tasks/Vision_project/build/naviarm_gazebo' returned '0': CMAKE_PREFIX_PATH=${CMAKE_PREFIX_PATH}:/opt/ros/humble /usr/bin/cmake --build /home/rupendra/Desktop/Tasks/Vision_project/build/naviarm_gazebo -- -j16 -l16[0m
[0.495s] [34mcolcon.colcon_core.event_handler.log_command[0m [1;30mDEBUG[0m [32mInvoking command in '/home/rupendra/Desktop/Tasks/Vision_project/build/naviarm_gazebo': CMAKE_PREFIX_PATH=${CMAKE_PREFIX_PATH}:/opt/ros/humble /usr/bin/cmake --install /home/rupendra/Desktop/Tasks/Vision_project/build/naviarm_gazebo[0m
[0.513s] [34mcolcon.colcon_core.environment[0m [1;30mLevel 1[0m create_environment_scripts_only(naviarm_bringup)
[0.514s] [34mcolcon.colcon_core.event_handler.log_command[0m [1;30mDEBUG[0m [32mInvoked command in '/home/rupendra/Desktop/Tasks/Vision_project/build/naviarm_bringup' returned '0': CMAKE_PREFIX_PATH=${CMAKE_PREFIX_PATH}:/opt/ros/humble /usr/bin/cmake --install /home/rupendra/Desktop/Tasks/Vision_project/build/naviarm_bringup[0m
[0.522s] [34mcolcon.colcon_core.environment[0m [1;30mLevel 1[0m checking '/home/rupendra/Desktop/Tasks/Vision_project/install/naviarm_bringup' for CMake module files
[0.525s] [34mcolcon.colcon_core.environment[0m [1;30mLevel 1[0m checking '/home/rupendra/Desktop/Tasks/Vision_project/install/naviarm_bringup' for CMake config files
[0.528s] [34mcolcon.colcon_core.shell[0m [1;30mLevel 1[0m create_environment_hook('naviarm_bringup', 'cmake_prefix_path')
[0.529s] [34mcolcon.colcon_core.shell[0m [1;30mINFO[0m Creating environment hook '/home/rupendra/Desktop/Tasks/Vision_project/install/naviarm_bringup/share/naviarm_bringup/hook/cmake_prefix_path.ps1'
[0.532s] [34mcolcon.colcon_core.shell[0m [1;30mINFO[0m Creating environment descriptor '/home/rupendra/Desktop/Tasks/Vision_project/install/naviarm_bringup/share/naviarm_bringup/hook/cmake_prefix_path.dsv'
[0.533s] [34mcolcon.colcon_core.shell[0m [1;30mINFO[0m Creating environment hook '/home/rupendra/Desktop/Tasks/Vision_project/install/naviarm_bringup/share/naviarm_bringup/hook/cmake_prefix_path.sh'
[0.534s] [34mcolcon.colcon_core.environment[0m [1;30mLevel 1[0m checking '/home/rupendra/Desktop/Tasks/Vision_project/install/naviarm_bringup/bin'
[0.535s] [34mcolcon.colcon_core.environment[0m [1;30mLevel 1[0m checking '/home/rupendra/Desktop/Tasks/Vision_project/install/naviarm_bringup/lib/pkgconfig/naviarm_bringup.pc'
[0.535s] [34mcolcon.colcon_core.environment[0m [1;30mLevel 1[0m checking '/home/rupendra/Desktop/Tasks/Vision_project/install/naviarm_bringup/lib/python3.10/site-packages'
[0.535s] [34mcolcon.colcon_core.environment[0m [1;30mLevel 1[0m checking '/home/rupendra/Desktop/Tasks/Vision_project/install/naviarm_bringup/bin'
[0.535s] [34mcolcon.colcon_core.shell[0m [1;30mINFO[0m Creating package script '/home/rupendra/Desktop/Tasks/Vision_project/install/naviarm_bringup/share/naviarm_bringup/package.ps1'
[0.537s] [34mcolcon.colcon_core.shell[0m [1;30mINFO[0m Creating package descriptor '/home/rupendra/Desktop/Tasks/Vision_project/install/naviarm_bringup/share/naviarm_bringup/package.dsv'
[0.538s] [34mcolcon.colcon_core.shell[0m [1;30mINFO[0m Creating package script '/home/rupendra/Desktop/Tasks/Vision_project/install/naviarm_bringup/share/naviarm_bringup/package.sh'
[0.539s] [34mcolcon.colcon_core.shell[0m [1;30mINFO[0m Creating package script '/home/rupendra/Desktop/Tasks/Vision_project/install/naviarm_bringup/share/naviarm_bringup/package.bash'
[0.541s] [34mcolcon.colcon_core.shell[0m [1;30mINFO[0m Creating package script '/home/rupendra/Desktop/Tasks/Vision_project/install/naviarm_bringup/share/naviarm_bringup/package.zsh'
[0.542s] [34mcolcon.colcon_core.environment[0m [1;30mLevel 1[0m create_file_with_runtime_dependencies(/home/rupendra/Desktop/Tasks/Vision_project/install/naviarm_bringup/share/colcon-core/packages/naviarm_bringup)
[0.545s] [34mcolcon.colcon_core.environment[0m [1;30mLevel 1[0m create_environment_scripts_only(naviarm_bringup)
[0.545s] [34mcolcon.colcon_core.environment[0m [1;30mLevel 1[0m checking '/home/rupendra/Desktop/Tasks/Vision_project/install/naviarm_bringup' for CMake module files
[0.548s] [34mcolcon.colcon_core.environment[0m [1;30mLevel 1[0m checking '/home/rupendra/Desktop/Tasks/Vision_project/install/naviarm_bringup' for CMake config files
[0.553s] [34mcolcon.colcon_core.shell[0m [1;30mLevel 1[0m create_environment_hook('naviarm_bringup', 'cmake_prefix_path')
[0.553s] [34mcolcon.colcon_core.shell[0m [1;30mINFO[0m Creating environment hook '/home/rupendra/Desktop/Tasks/Vision_project/install/naviarm_bringup/share/naviarm_bringup/hook/cmake_prefix_path.ps1'
[0.555s] [34mcolcon.colcon_core.shell[0m [1;30mINFO[0m Creating environment descriptor '/home/rupendra/Desktop/Tasks/Vision_project/install/naviarm_bringup/share/naviarm_bringup/hook/cmake_prefix_path.dsv'
[0.557s] [34mcolcon.colcon_core.shell[0m [1;30mINFO[0m Creating environment hook '/home/rupendra/Desktop/Tasks/Vision_project/install/naviarm_bringup/share/naviarm_bringup/hook/cmake_prefix_path.sh'
[0.558s] [34mcolcon.colcon_core.environment[0m [1;30mLevel 1[0m checking '/home/rupendra/Desktop/Tasks/Vision_project/install/naviarm_bringup/bin'
[0.558s] [34mcolcon.colcon_core.environment[0m [1;30mLevel 1[0m checking '/home/rupendra/Desktop/Tasks/Vision_project/install/naviarm_bringup/lib/pkgconfig/naviarm_bringup.pc'
[0.559s] [34mcolcon.colcon_core.environment[0m [1;30mLevel 1[0m checking '/home/rupendra/Desktop/Tasks/Vision_project/install/naviarm_bringup/lib/python3.10/site-packages'
[0.559s] [34mcolcon.colcon_core.environment[0m [1;30mLevel 1[0m checking '/home/rupendra/Desktop/Tasks/Vision_project/install/naviarm_bringup/bin'
[0.559s] [34mcolcon.colcon_core.shell[0m [1;30mINFO[0m Creating package script '/home/rupendra/Desktop/Tasks/Vision_project/install/naviarm_bringup/share/naviarm_bringup/package.ps1'
[0.560s] [34mcolcon.colcon_core.shell[0m [1;30mINFO[0m Creating package descriptor '/home/rupendra/Desktop/Tasks/Vision_project/install/naviarm_bringup/share/naviarm_bringup/package.dsv'
[0.561s] [34mcolcon.colcon_core.shell[0m [1;30mINFO[0m Creating package script '/home/rupendra/Desktop/Tasks/Vision_project/install/naviarm_bringup/share/naviarm_bringup/package.sh'
[0.561s] [34mcolcon.colcon_core.shell[0m [1;30mINFO[0m Creating package script '/home/rupendra/Desktop/Tasks/Vision_project/install/naviarm_bringup/share/naviarm_bringup/package.bash'
[0.562s] [34mcolcon.colcon_core.shell[0m [1;30mINFO[0m Creating package script '/home/rupendra/Desktop/Tasks/Vision_project/install/naviarm_bringup/share/naviarm_bringup/package.zsh'
[0.563s] [34mcolcon.colcon_core.environment[0m [1;30mLevel 1[0m create_file_with_runtime_dependencies(/home/rupendra/Desktop/Tasks/Vision_project/install/naviarm_bringup/share/colcon-core/packages/naviarm_bringup)
[0.590s] [34mcolcon.colcon_core.environment[0m [1;30mLevel 1[0m create_environment_scripts_only(naviarm_gazebo)
[0.590s] [34mcolcon.colcon_core.environment[0m [1;30mLevel 1[0m checking '/home/rupendra/Desktop/Tasks/Vision_project/install/naviarm_gazebo' for CMake module files
[0.591s] [34mcolcon.colcon_core.event_handler.log_command[0m [1;30mDEBUG[0m [32mInvoked command in '/home/rupendra/Desktop/Tasks/Vision_project/build/naviarm_gazebo' returned '0': CMAKE_PREFIX_PATH=${CMAKE_PREFIX_PATH}:/opt/ros/humble /usr/bin/cmake --install /home/rupendra/Desktop/Tasks/Vision_project/build/naviarm_gazebo[0m
[0.591s] [34mcolcon.colcon_core.environment[0m [1;30mLevel 1[0m checking '/home/rupendra/Desktop/Tasks/Vision_project/install/naviarm_gazebo' for CMake config files
[0.591s] [34mcolcon.colcon_core.shell[0m [1;30mLevel 1[0m create_environment_hook('naviarm_gazebo', 'cmake_prefix_path')
[0.592s] [34mcolcon.colcon_core.shell[0m [1;30mINFO[0m Creating environment hook '/home/rupendra/Desktop/Tasks/Vision_project/install/naviarm_gazebo/share/naviarm_gazebo/hook/cmake_prefix_path.ps1'
[0.592s] [34mcolcon.colcon_core.shell[0m [1;30mINFO[0m Creating environment descriptor '/home/rupendra/Desktop/Tasks/Vision_project/install/naviarm_gazebo/share/naviarm_gazebo/hook/cmake_prefix_path.dsv'
[0.593s] [34mcolcon.colcon_core.shell[0m [1;30mINFO[0m Creating environment hook '/home/rupendra/Desktop/Tasks/Vision_project/install/naviarm_gazebo/share/naviarm_gazebo/hook/cmake_prefix_path.sh'
[0.593s] [34mcolcon.colcon_core.environment[0m [1;30mLevel 1[0m checking '/home/rupendra/Desktop/Tasks/Vision_project/install/naviarm_gazebo/bin'
[0.593s] [34mcolcon.colcon_core.environment[0m [1;30mLevel 1[0m checking '/home/rupendra/Desktop/Tasks/Vision_project/install/naviarm_gazebo/lib/pkgconfig/naviarm_gazebo.pc'
[0.594s] [34mcolcon.colcon_core.environment[0m [1;30mLevel 1[0m checking '/home/rupendra/Desktop/Tasks/Vision_project/install/naviarm_gazebo/lib/python3.10/site-packages'
[0.594s] [34mcolcon.colcon_core.environment[0m [1;30mLevel 1[0m checking '/home/rupendra/Desktop/Tasks/Vision_project/install/naviarm_gazebo/bin'
[0.594s] [34mcolcon.colcon_core.shell[0m [1;30mINFO[0m Creating package script '/home/rupendra/Desktop/Tasks/Vision_project/install/naviarm_gazebo/share/naviarm_gazebo/package.ps1'
[0.595s] [34mcolcon.colcon_core.shell[0m [1;30mINFO[0m Creating package descriptor '/home/rupendra/Desktop/Tasks/Vision_project/install/naviarm_gazebo/share/naviarm_gazebo/package.dsv'
[0.595s] [34mcolcon.colcon_core.shell[0m [1;30mINFO[0m Creating package script '/home/rupendra/Desktop/Tasks/Vision_project/install/naviarm_gazebo/share/naviarm_gazebo/package.sh'
[0.595s] [34mcolcon.colcon_core.shell[0m [1;30mINFO[0m Creating package script '/home/rupendra/Desktop/Tasks/Vision_project/install/naviarm_gazebo/share/naviarm_gazebo/package.bash'
[0.596s] [34mcolcon.colcon_core.shell[0m [1;30mINFO[0m Creating package script '/home/rupendra/Desktop/Tasks/Vision_project/install/naviarm_gazebo/share/naviarm_gazebo/package.zsh'
[0.596s] [34mcolcon.colcon_core.environment[0m [1;30mLevel 1[0m create_file_with_runtime_dependencies(/home/rupendra/Desktop/Tasks/Vision_project/install/naviarm_gazebo/share/colcon-core/packages/naviarm_gazebo)
[0.597s] [34mcolcon.colcon_core.environment[0m [1;30mLevel 1[0m create_environment_scripts_only(naviarm_gazebo)
[0.597s] [34mcolcon.colcon_core.environment[0m [1;30mLevel 1[0m checking '/home/rupendra/Desktop/Tasks/Vision_project/install/naviarm_gazebo' for CMake module files
[0.597s] [34mcolcon.colcon_core.environment[0m [1;30mLevel 1[0m checking '/home/rupendra/Desktop/Tasks/Vision_project/install/naviarm_gazebo' for CMake config files
[0.597s] [34mcolcon.colcon_core.shell[0m [1;30mLevel 1[0m create_environment_hook('naviarm_gazebo', 'cmake_prefix_path')
[0.598s] [34mcolcon.colcon_core.shell[0m [1;30mINFO[0m Creating environment hook '/home/rupendra/Desktop/Tasks/Vision_project/install/naviarm_gazebo/share/naviarm_gazebo/hook/cmake_prefix_path.ps1'
[0.598s] [34mcolcon.colcon_core.shell[0m [1;30mINFO[0m Creating environment descriptor '/home/rupendra/Desktop/Tasks/Vision_project/install/naviarm_gazebo/share/naviarm_gazebo/hook/cmake_prefix_path.dsv'
[0.598s] [34mcolcon.colcon_core.shell[0m [1;30mINFO[0m Creating environment hook '/home/rupendra/Desktop/Tasks/Vision_project/install/naviarm_gazebo/share/naviarm_gazebo/hook/cmake_prefix_path.sh'
[0.599s] [34mcolcon.colcon_core.environment[0m [1;30mLevel 1[0m checking '/home/rupendra/Desktop/Tasks/Vision_project/install/naviarm_gazebo/bin'
[0.599s] [34mcolcon.colcon_core.environment[0m [1;30mLevel 1[0m checking '/home/rupendra/Desktop/Tasks/Vision_project/install/naviarm_gazebo/lib/pkgconfig/naviarm_gazebo.pc'
[0.599s] [34mcolcon.colcon_core.environment[0m [1;30mLevel 1[0m checking '/home/rupendra/Desktop/Tasks/Vision_project/install/naviarm_gazebo/lib/python3.10/site-packages'
[0.599s] [34mcolcon.colcon_core.environment[0m [1;30mLevel 1[0m checking '/home/rupendra/Desktop/Tasks/Vision_project/install/naviarm_gazebo/bin'
[0.599s] [34mcolcon.colcon_core.shell[0m [1;30mINFO[0m Creating package script '/home/rupendra/Desktop/Tasks/Vision_project/install/naviarm_gazebo/share/naviarm_gazebo/package.ps1'
[0.600s] [34mcolcon.colcon_core.shell[0m [1;30mINFO[0m Creating package descriptor '/home/rupendra/Desktop/Tasks/Vision_project/install/naviarm_gazebo/share/naviarm_gazebo/package.dsv'
[0.600s] [34mcolcon.colcon_core.shell[0m [1;30mINFO[0m Creating package script '/home/rupendra/Desktop/Tasks/Vision_project/install/naviarm_gazebo/share/naviarm_gazebo/package.sh'
[0.601s] [34mcolcon.colcon_core.shell[0m [1;30mINFO[0m Creating package script '/home/rupendra/Desktop/Tasks/Vision_project/install/naviarm_gazebo/share/naviarm_gazebo/package.bash'
[0.601s] [34mcolcon.colcon_core.shell[0m [1;30mINFO[0m Creating package script '/home/rupendra/Desktop/Tasks/Vision_project/install/naviarm_gazebo/share/naviarm_gazebo/package.zsh'
[0.601s] [34mcolcon.colcon_core.environment[0m [1;30mLevel 1[0m create_file_with_runtime_dependencies(/home/rupendra/Desktop/Tasks/Vision_project/install/naviarm_gazebo/share/colcon-core/packages/naviarm_gazebo)
[0.894s] [34mcolcon.colcon_core.event_handler.log_command[0m [1;30mDEBUG[0m [32mInvoked command in '/home/rupendra/Desktop/Tasks/Vision_project/build/conveyorbelt_msgs' returned '0': CMAKE_PREFIX_PATH=${CMAKE_PREFIX_PATH}:/opt/ros/humble /usr/bin/cmake --build /home/rupendra/Desktop/Tasks/Vision_project/build/conveyorbelt_msgs -- -j16 -l16[0m
[0.895s] [34mcolcon.colcon_core.event_handler.log_command[0m [1;30mDEBUG[0m [32mInvoking command in '/home/rupendra/Desktop/Tasks/Vision_project/build/conveyorbelt_msgs': CMAKE_PREFIX_PATH=${CMAKE_PREFIX_PATH}:/opt/ros/humble /usr/bin/cmake --install /home/rupendra/Desktop/Tasks/Vision_project/build/conveyorbelt_msgs[0m
[0.961s] [34mcolcon.colcon_core.environment[0m [1;30mLevel 1[0m create_environment_scripts_only(conveyorbelt_msgs)
[0.961s] [34mcolcon.colcon_core.environment[0m [1;30mLevel 1[0m checking '/home/rupendra/Desktop/Tasks/Vision_project/install/conveyorbelt_msgs' for CMake module files
[0.962s] [34mcolcon.colcon_core.event_handler.log_command[0m [1;30mDEBUG[0m [32mInvoked command in '/home/rupendra/Desktop/Tasks/Vision_project/build/conveyorbelt_msgs' returned '0': CMAKE_PREFIX_PATH=${CMAKE_PREFIX_PATH}:/opt/ros/humble /usr/bin/cmake --install /home/rupendra/Desktop/Tasks/Vision_project/build/conveyorbelt_msgs[0m
[0.962s] [34mcolcon.colcon_core.environment[0m [1;30mLevel 1[0m checking '/home/rupendra/Desktop/Tasks/Vision_project/install/conveyorbelt_msgs' for CMake config files
[0.964s] [34mcolcon.colcon_core.shell[0m [1;30mLevel 1[0m create_environment_hook('conveyorbelt_msgs', 'cmake_prefix_path')
[0.964s] [34mcolcon.colcon_core.shell[0m [1;30mINFO[0m Creating environment hook '/home/rupendra/Desktop/Tasks/Vision_project/install/conveyorbelt_msgs/share/conveyorbelt_msgs/hook/cmake_prefix_path.ps1'
[0.964s] [34mcolcon.colcon_core.shell[0m [1;30mINFO[0m Creating environment descriptor '/home/rupendra/Desktop/Tasks/Vision_project/install/conveyorbelt_msgs/share/conveyorbelt_msgs/hook/cmake_prefix_path.dsv'
[0.964s] [34mcolcon.colcon_core.shell[0m [1;30mINFO[0m Creating environment hook '/home/rupendra/Desktop/Tasks/Vision_project/install/conveyorbelt_msgs/share/conveyorbelt_msgs/hook/cmake_prefix_path.sh'
[0.965s] [34mcolcon.colcon_core.environment[0m [1;30mLevel 1[0m checking '/home/rupendra/Desktop/Tasks/Vision_project/install/conveyorbelt_msgs/lib'
[0.965s] [34mcolcon.colcon_core.shell[0m [1;30mLevel 1[0m create_environment_hook('conveyorbelt_msgs', 'ld_library_path_lib')
[0.965s] [34mcolcon.colcon_core.shell[0m [1;30mINFO[0m Creating environment hook '/home/rupendra/Desktop/Tasks/Vision_project/install/conveyorbelt_msgs/share/conveyorbelt_msgs/hook/ld_library_path_lib.ps1'
[0.965s] [34mcolcon.colcon_core.shell[0m [1;30mINFO[0m Creating environment descriptor '/home/rupendra/Desktop/Tasks/Vision_project/install/conveyorbelt_msgs/share/conveyorbelt_msgs/hook/ld_library_path_lib.dsv'
[0.966s] [34mcolcon.colcon_core.shell[0m [1;30mINFO[0m Creating environment hook '/home/rupendra/Desktop/Tasks/Vision_project/install/conveyorbelt_msgs/share/conveyorbelt_msgs/hook/ld_library_path_lib.sh'
[0.966s] [34mcolcon.colcon_core.environment[0m [1;30mLevel 1[0m checking '/home/rupendra/Desktop/Tasks/Vision_project/install/conveyorbelt_msgs/bin'
[0.966s] [34mcolcon.colcon_core.environment[0m [1;30mLevel 1[0m checking '/home/rupendra/Desktop/Tasks/Vision_project/install/conveyorbelt_msgs/lib/pkgconfig/conveyorbelt_msgs.pc'
[0.966s] [34mcolcon.colcon_core.environment[0m [1;30mLevel 1[0m checking '/home/rupendra/Desktop/Tasks/Vision_project/install/conveyorbelt_msgs/lib/python3.10/site-packages'
[0.966s] [34mcolcon.colcon_core.environment[0m [1;30mLevel 1[0m checking '/home/rupendra/Desktop/Tasks/Vision_project/install/conveyorbelt_msgs/bin'
[0.967s] [34mcolcon.colcon_core.shell[0m [1;30mINFO[0m Creating package script '/home/rupendra/Desktop/Tasks/Vision_project/install/conveyorbelt_msgs/share/conveyorbelt_msgs/package.ps1'
[0.967s] [34mcolcon.colcon_core.shell[0m [1;30mINFO[0m Creating package descriptor '/home/rupendra/Desktop/Tasks/Vision_project/install/conveyorbelt_msgs/share/conveyorbelt_msgs/package.dsv'
[0.968s] [34mcolcon.colcon_core.shell[0m [1;30mINFO[0m Creating package script '/home/rupendra/Desktop/Tasks/Vision_project/install/conveyorbelt_msgs/share/conveyorbelt_msgs/package.sh'
[0.968s] [34mcolcon.colcon_core.shell[0m [1;30mINFO[0m Creating package script '/home/rupendra/Desktop/Tasks/Vision_project/install/conveyorbelt_msgs/share/conveyorbelt_msgs/package.bash'
[0.968s] [34mcolcon.colcon_core.shell[0m [1;30mINFO[0m Creating package script '/home/rupendra/Desktop/Tasks/Vision_project/install/conveyorbelt_msgs/share/conveyorbelt_msgs/package.zsh'
[0.969s] [34mcolcon.colcon_core.environment[0m [1;30mLevel 1[0m create_file_with_runtime_dependencies(/home/rupendra/Desktop/Tasks/Vision_project/install/conveyorbelt_msgs/share/colcon-core/packages/conveyorbelt_msgs)
[0.969s] [34mcolcon.colcon_core.environment[0m [1;30mLevel 1[0m create_environment_scripts_only(conveyorbelt_msgs)
[0.969s] [34mcolcon.colcon_core.environment[0m [1;30mLevel 1[0m checking '/home/rupendra/Desktop/Tasks/Vision_project/install/conveyorbelt_msgs' for CMake module files
[0.970s] [34mcolcon.colcon_core.environment[0m [1;30mLevel 1[0m checking '/home/rupendra/Desktop/Tasks/Vision_project/install/conveyorbelt_msgs' for CMake config files
[0.971s] [34mcolcon.colcon_core.shell[0m [1;30mLevel 1[0m create_environment_hook('conveyorbelt_msgs', 'cmake_prefix_path')
[0.971s] [34mcolcon.colcon_core.shell[0m [1;30mINFO[0m Creating environment hook '/home/rupendra/Desktop/Tasks/Vision_project/install/conveyorbelt_msgs/share/conveyorbelt_msgs/hook/cmake_prefix_path.ps1'
[0.971s] [34mcolcon.colcon_core.shell[0m [1;30mINFO[0m Creating environment descriptor '/home/rupendra/Desktop/Tasks/Vision_project/install/conveyorbelt_msgs/share/conveyorbelt_msgs/hook/cmake_prefix_path.dsv'
[0.972s] [34mcolcon.colcon_core.shell[0m [1;30mINFO[0m Creating environment hook '/home/rupendra/Desktop/Tasks/Vision_project/install/conveyorbelt_msgs/share/conveyorbelt_msgs/hook/cmake_prefix_path.sh'
[0.972s] [34mcolcon.colcon_core.environment[0m [1;30mLevel 1[0m checking '/home/rupendra/Desktop/Tasks/Vision_project/install/conveyorbelt_msgs/lib'
[0.972s] [34mcolcon.colcon_core.shell[0m [1;30mLevel 1[0m create_environment_hook('conveyorbelt_msgs', 'ld_library_path_lib')
[0.972s] [34mcolcon.colcon_core.shell[0m [1;30mINFO[0m Creating environment hook '/home/rupendra/Desktop/Tasks/Vision_project/install/conveyorbelt_msgs/share/conveyorbelt_msgs/hook/ld_library_path_lib.ps1'
[0.973s] [34mcolcon.colcon_core.shell[0m [1;30mINFO[0m Creating environment descriptor '/home/rupendra/Desktop/Tasks/Vision_project/install/conveyorbelt_msgs/share/conveyorbelt_msgs/hook/ld_library_path_lib.dsv'
[0.973s] [34mcolcon.colcon_core.shell[0m [1;30mINFO[0m Creating environment hook '/home/rupendra/Desktop/Tasks/Vision_project/install/conveyorbelt_msgs/share/conveyorbelt_msgs/hook/ld_library_path_lib.sh'
[0.974s] [34mcolcon.colcon_core.environment[0m [1;30mLevel 1[0m checking '/home/rupendra/Desktop/Tasks/Vision_project/install/conveyorbelt_msgs/bin'
[0.974s] [34mcolcon.colcon_core.environment[0m [1;30mLevel 1[0m checking '/home/rupendra/Desktop/Tasks/Vision_project/install/conveyorbelt_msgs/lib/pkgconfig/conveyorbelt_msgs.pc'
[0.974s] [34mcolcon.colcon_core.environment[0m [1;30mLevel 1[0m checking '/home/rupendra/Desktop/Tasks/Vision_project/install/conveyorbelt_msgs/lib/python3.10/site-packages'
[0.974s] [34mcolcon.colcon_core.environment[0m [1;30mLevel 1[0m checking '/home/rupendra/Desktop/Tasks/Vision_project/install/conveyorbelt_msgs/bin'
[0.974s] [34mcolcon.colcon_core.shell[0m [1;30mINFO[0m Creating package script '/home/rupendra/Desktop/Tasks/Vision_project/install/conveyorbelt_msgs/share/conveyorbelt_msgs/package.ps1'
[0.975s] [34mcolcon.colcon_core.shell[0m [1;30mINFO[0m Creating package descriptor '/home/rupendra/Desktop/Tasks/Vision_project/install/conveyorbelt_msgs/share/conveyorbelt_msgs/package.dsv'
[0.975s] [34mcolcon.colcon_core.shell[0m [1;30mINFO[0m Creating package script '/home/rupendra/Desktop/Tasks/Vision_project/install/conveyorbelt_msgs/share/conveyorbelt_msgs/package.sh'
[0.976s] [34mcolcon.colcon_core.shell[0m [1;30mINFO[0m Creating package script '/home/rupendra/Desktop/Tasks/Vision_project/install/conveyorbelt_msgs/share/conveyorbelt_msgs/package.bash'
[0.976s] [34mcolcon.colcon_core.shell[0m [1;30mINFO[0m Creating package script '/home/rupendra/Desktop/Tasks/Vision_project/install/conveyorbelt_msgs/share/conveyorbelt_msgs/package.zsh'
[0.976s] [34mcolcon.colcon_core.environment[0m [1;30mLevel 1[0m create_file_with_runtime_dependencies(/home/rupendra/Desktop/Tasks/Vision_project/install/conveyorbelt_msgs/share/colcon-core/packages/conveyorbelt_msgs)
[1.011s] [34mcolcon.colcon_core.event_handler.log_command[0m [1;30mDEBUG[0m [32mInvoking command in '/home/rupendra/Desktop/Tasks/Vision_project/build/bottle_detection': PYTHONPATH=/home/rupendra/Desktop/Tasks/Vision_project/build/bottle_detection/prefix_override:/usr/lib/python3/dist-packages/colcon_core/task/python/colcon_distutils_commands:/home/rupendra/Desktop/Tasks/Vision_project/install/bottle_detection/lib/python3.10/site-packages:${PYTHONPATH} /usr/bin/python3 -W ignore:setup.py install is deprecated -W ignore:easy_install command is deprecated setup.py develop --editable --build-directory /home/rupendra/Desktop/Tasks/Vision_project/build/bottle_detection/build --no-deps symlink_data[0m
[1.240s] [34mcolcon.colcon_core.event_handler.log_command[0m [1;30mDEBUG[0m [32mInvoked command in '/home/rupendra/Desktop/Tasks/Vision_project/build/bottle_detection' returned '1': PYTHONPATH=/home/rupendra/Desktop/Tasks/Vision_project/build/bottle_detection/prefix_override:/usr/lib/python3/dist-packages/colcon_core/task/python/colcon_distutils_commands:/home/rupendra/Desktop/Tasks/Vision_project/install/bottle_detection/lib/python3.10/site-packages:${PYTHONPATH} /usr/bin/python3 -W ignore:setup.py install is deprecated -W ignore:easy_install command is deprecated setup.py develop --editable --build-directory /home/rupendra/Desktop/Tasks/Vision_project/build/bottle_detection/build --no-deps symlink_data[0m
[1.250s] [34mcolcon.colcon_parallel_executor.executor.parallel[0m [1;30mDEBUG[0m [32mclosing loop[0m
[1.250s] [34mcolcon.colcon_parallel_executor.executor.parallel[0m [1;30mDEBUG[0m [32mloop closed[0m
[1.250s] [34mcolcon.colcon_parallel_executor.executor.parallel[0m [1;30mDEBUG[0m [32mrun_until_complete finished with '1'[0m
[1.250s] [34mcolcon.colcon_core.event_reactor[0m [1;30mDEBUG[0m [32mjoining thread[0m
[1.256s] [34mcolcon.colcon_core.plugin_system[0m [1;30mINFO[0m Skipping extension 'colcon_notification.desktop_notification.terminal_notifier': Not used on non-Darwin systems
[1.256s] [34mcolcon.colcon_core.plugin_system[0m [1;30mINFO[0m Skipping extension 'colcon_notification.desktop_notification.win32': Not used on non-Windows systems
[1.256s] [34mcolcon.colcon_notification.desktop_notification[0m [1;30mINFO[0m Sending desktop notification using 'notify2'
[1.266s] [34mcolcon.colcon_core.event_reactor[0m [1;30mDEBUG[0m [32mjoined thread[0m
[1.266s] [34mcolcon.colcon_core.shell[0m [1;30mINFO[0m Creating prefix script '/home/rupendra/Desktop/Tasks/Vision_project/install/local_setup.ps1'
[1.267s] [34mcolcon.colcon_core.shell[0m [1;30mINFO[0m Creating prefix util module '/home/rupendra/Desktop/Tasks/Vision_project/install/_local_setup_util_ps1.py'
[1.268s] [34mcolcon.colcon_core.shell[0m [1;30mINFO[0m Creating prefix chain script '/home/rupendra/Desktop/Tasks/Vision_project/install/setup.ps1'
[1.269s] [34mcolcon.colcon_core.shell[0m [1;30mINFO[0m Creating prefix script '/home/rupendra/Desktop/Tasks/Vision_project/install/local_setup.sh'
[1.269s] [34mcolcon.colcon_core.shell[0m [1;30mINFO[0m Creating prefix util module '/home/rupendra/Desktop/Tasks/Vision_project/install/_local_setup_util_sh.py'
[1.270s] [34mcolcon.colcon_core.shell[0m [1;30mINFO[0m Creating prefix chain script '/home/rupendra/Desktop/Tasks/Vision_project/install/setup.sh'
[1.270s] [34mcolcon.colcon_core.shell[0m [1;30mINFO[0m Creating prefix script '/home/rupendra/Desktop/Tasks/Vision_project/install/local_setup.bash'
[1.271s] [34mcolcon.colcon_core.shell[0m [1;30mINFO[0m Creating prefix chain script '/home/rupendra/Desktop/Tasks/Vision_project/install/setup.bash'
[1.272s] [34mcolcon.colcon_core.shell[0m [1;30mINFO[0m Creating prefix script '/home/rupendra/Desktop/Tasks/Vision_project/install/local_setup.zsh'
[1.272s] [34mcolcon.colcon_core.shell[0m [1;30mINFO[0m Creating prefix chain script '/home/rupendra/Desktop/Tasks/Vision_project/install/setup.zsh'
